[0.018s] Invoking command in '/home/lgq/go2_ws_toolbox/build/go2_driver': CMAKE_PREFIX_PATH=${CMAKE_PREFIX_PATH}:/opt/ros/humble /usr/bin/cmake --build /home/lgq/go2_ws_toolbox/build/go2_driver -- -j20 -l20
[0.064s] [ 33%] Built target driver
[0.064s] [ 66%] Built target lowstate_to_imu
[0.068s] [100%] Built target footprint_to_link
[0.088s] Invoked command in '/home/lgq/go2_ws_toolbox/build/go2_driver' returned '0': CMAKE_PREFIX_PATH=${CMAKE_PREFIX_PATH}:/opt/ros/humble /usr/bin/cmake --build /home/lgq/go2_ws_toolbox/build/go2_driver -- -j20 -l20
[0.089s] Invoking command in '/home/lgq/go2_ws_toolbox/build/go2_driver': CMAKE_PREFIX_PATH=${CMAKE_PREFIX_PATH}:/opt/ros/humble /usr/bin/cmake --install /home/lgq/go2_ws_toolbox/build/go2_driver
[0.117s] -- Install configuration: ""
[0.117s] -- Up-to-date: /home/lgq/go2_ws_toolbox/install/go2_driver/lib/go2_driver/driver
[0.117s] -- Up-to-date: /home/lgq/go2_ws_toolbox/install/go2_driver/lib/go2_driver/footprint_to_link
[0.117s] -- Up-to-date: /home/lgq/go2_ws_toolbox/install/go2_driver/lib/go2_driver/lowstate_to_imu
[0.117s] -- Up-to-date: /home/lgq/go2_ws_toolbox/install/go2_driver/share/go2_driver/launch
[0.117s] -- Up-to-date: /home/lgq/go2_ws_toolbox/install/go2_driver/share/go2_driver/launch/driver.launch.py
[0.117s] -- Up-to-date: /home/lgq/go2_ws_toolbox/install/go2_driver/share/go2_driver/params
[0.117s] -- Up-to-date: /home/lgq/go2_ws_toolbox/install/go2_driver/share/go2_driver/params/driver.yaml
[0.117s] -- Up-to-date: /home/lgq/go2_ws_toolbox/install/go2_driver/share/go2_driver/rviz
[0.117s] -- Up-to-date: /home/lgq/go2_ws_toolbox/install/go2_driver/share/go2_driver/rviz/display.rviz
[0.118s] -- Up-to-date: /home/lgq/go2_ws_toolbox/install/go2_driver/share/ament_index/resource_index/package_run_dependencies/go2_driver
[0.118s] -- Up-to-date: /home/lgq/go2_ws_toolbox/install/go2_driver/share/ament_index/resource_index/parent_prefix_path/go2_driver
[0.118s] -- Up-to-date: /home/lgq/go2_ws_toolbox/install/go2_driver/share/go2_driver/environment/ament_prefix_path.sh
[0.118s] -- Up-to-date: /home/lgq/go2_ws_toolbox/install/go2_driver/share/go2_driver/environment/ament_prefix_path.dsv
[0.118s] -- Up-to-date: /home/lgq/go2_ws_toolbox/install/go2_driver/share/go2_driver/environment/path.sh
[0.118s] -- Up-to-date: /home/lgq/go2_ws_toolbox/install/go2_driver/share/go2_driver/environment/path.dsv
[0.118s] -- Up-to-date: /home/lgq/go2_ws_toolbox/install/go2_driver/share/go2_driver/local_setup.bash
[0.118s] -- Up-to-date: /home/lgq/go2_ws_toolbox/install/go2_driver/share/go2_driver/local_setup.sh
[0.118s] -- Up-to-date: /home/lgq/go2_ws_toolbox/install/go2_driver/share/go2_driver/local_setup.zsh
[0.118s] -- Up-to-date: /home/lgq/go2_ws_toolbox/install/go2_driver/share/go2_driver/local_setup.dsv
[0.118s] -- Installing: /home/lgq/go2_ws_toolbox/install/go2_driver/share/go2_driver/package.dsv
[0.118s] -- Up-to-date: /home/lgq/go2_ws_toolbox/install/go2_driver/share/ament_index/resource_index/packages/go2_driver
[0.118s] -- Up-to-date: /home/lgq/go2_ws_toolbox/install/go2_driver/share/go2_driver/cmake/go2_driverConfig.cmake
[0.118s] -- Up-to-date: /home/lgq/go2_ws_toolbox/install/go2_driver/share/go2_driver/cmake/go2_driverConfig-version.cmake
[0.118s] -- Up-to-date: /home/lgq/go2_ws_toolbox/install/go2_driver/share/go2_driver/package.xml
[0.129s] Invoked command in '/home/lgq/go2_ws_toolbox/build/go2_driver' returned '0': CMAKE_PREFIX_PATH=${CMAKE_PREFIX_PATH}:/opt/ros/humble /usr/bin/cmake --install /home/lgq/go2_ws_toolbox/build/go2_driver
