[0.056s] DEBUG:colcon:Command line arguments: ['/usr/bin/colcon', 'build', '--symlink-install']
[0.056s] DEBUG:colcon:Parsed command line arguments: Namespace(log_base=None, log_level=None, verb_name='build', build_base='build', install_base='install', merge_install=False, symlink_install=True, test_result_base=None, continue_on_error=False, executor='parallel', parallel_workers=20, event_handlers=None, ignore_user_meta=False, metas=['./colcon.meta'], base_paths=['.'], packages_ignore=None, packages_ignore_regex=None, paths=None, packages_up_to=None, packages_up_to_regex=None, packages_above=None, packages_above_and_dependencies=None, packages_above_depth=None, packages_select_by_dep=None, packages_skip_by_dep=None, packages_skip_up_to=None, packages_select_build_failed=False, packages_skip_build_finished=False, packages_select_test_failures=False, packages_skip_test_passed=False, packages_select=None, packages_skip=None, packages_select_regex=None, packages_skip_regex=None, packages_start=None, packages_end=None, allow_overriding=[], cmake_args=None, cmake_target=None, cmake_target_skip_unavailable=False, cmake_clean_cache=False, cmake_clean_first=False, cmake_force_configure=False, ament_cmake_args=None, catkin_cmake_args=None, catkin_skip_building_tests=False, verb_parser=<colcon_defaults.argument_parser.defaults.DefaultArgumentsDecorator object at 0x7cc44f6217b0>, verb_extension=<colcon_core.verb.build.BuildVerb object at 0x7cc44f6212a0>, main=<bound method BuildVerb.main of <colcon_core.verb.build.BuildVerb object at 0x7cc44f6212a0>>)
[0.141s] Level 1:colcon.colcon_core.package_discovery:discover_packages(colcon_meta) check parameters
[0.141s] Level 1:colcon.colcon_core.package_discovery:discover_packages(recursive) check parameters
[0.141s] Level 1:colcon.colcon_core.package_discovery:discover_packages(ignore) check parameters
[0.141s] Level 1:colcon.colcon_core.package_discovery:discover_packages(path) check parameters
[0.141s] Level 1:colcon.colcon_core.package_discovery:discover_packages(colcon_meta) discover
[0.141s] Level 1:colcon.colcon_core.package_discovery:discover_packages(recursive) discover
[0.141s] INFO:colcon.colcon_core.package_discovery:Crawling recursively for packages in '/home/lgq/go2_ws_toolbox'
[0.141s] Level 1:colcon.colcon_core.package_identification:_identify(.) by extensions ['ignore', 'ignore_ament_install']
[0.141s] Level 1:colcon.colcon_core.package_identification:_identify(.) by extension 'ignore'
[0.141s] Level 1:colcon.colcon_core.package_identification:_identify(.) by extension 'ignore_ament_install'
[0.141s] Level 1:colcon.colcon_core.package_identification:_identify(.) by extensions ['colcon_pkg']
[0.141s] Level 1:colcon.colcon_core.package_identification:_identify(.) by extension 'colcon_pkg'
[0.141s] Level 1:colcon.colcon_core.package_identification:_identify(.) by extensions ['colcon_meta']
[0.141s] Level 1:colcon.colcon_core.package_identification:_identify(.) by extension 'colcon_meta'
[0.141s] Level 1:colcon.colcon_core.package_identification:_identify(.) by extensions ['ros']
[0.141s] Level 1:colcon.colcon_core.package_identification:_identify(.) by extension 'ros'
[0.148s] Level 1:colcon.colcon_core.package_identification:_identify(.) by extensions ['cmake', 'python']
[0.148s] Level 1:colcon.colcon_core.package_identification:_identify(.) by extension 'cmake'
[0.148s] Level 1:colcon.colcon_core.package_identification:_identify(.) by extension 'python'
[0.148s] Level 1:colcon.colcon_core.package_identification:_identify(.) by extensions ['python_setup_py']
[0.148s] Level 1:colcon.colcon_core.package_identification:_identify(.) by extension 'python_setup_py'
[0.148s] Level 1:colcon.colcon_core.package_identification:_identify(build) by extensions ['ignore', 'ignore_ament_install']
[0.148s] Level 1:colcon.colcon_core.package_identification:_identify(build) by extension 'ignore'
[0.148s] Level 1:colcon.colcon_core.package_identification:_identify(build) ignored
[0.148s] Level 1:colcon.colcon_core.package_identification:_identify(install) by extensions ['ignore', 'ignore_ament_install']
[0.148s] Level 1:colcon.colcon_core.package_identification:_identify(install) by extension 'ignore'
[0.148s] Level 1:colcon.colcon_core.package_identification:_identify(install) ignored
[0.148s] Level 1:colcon.colcon_core.package_identification:_identify(log) by extensions ['ignore', 'ignore_ament_install']
[0.148s] Level 1:colcon.colcon_core.package_identification:_identify(log) by extension 'ignore'
[0.148s] Level 1:colcon.colcon_core.package_identification:_identify(log) ignored
[0.148s] Level 1:colcon.colcon_core.package_identification:_identify(src) by extensions ['ignore', 'ignore_ament_install']
[0.148s] Level 1:colcon.colcon_core.package_identification:_identify(src) by extension 'ignore'
[0.148s] Level 1:colcon.colcon_core.package_identification:_identify(src) by extension 'ignore_ament_install'
[0.148s] Level 1:colcon.colcon_core.package_identification:_identify(src) by extensions ['colcon_pkg']
[0.148s] Level 1:colcon.colcon_core.package_identification:_identify(src) by extension 'colcon_pkg'
[0.148s] Level 1:colcon.colcon_core.package_identification:_identify(src) by extensions ['colcon_meta']
[0.148s] Level 1:colcon.colcon_core.package_identification:_identify(src) by extension 'colcon_meta'
[0.148s] Level 1:colcon.colcon_core.package_identification:_identify(src) by extensions ['ros']
[0.148s] Level 1:colcon.colcon_core.package_identification:_identify(src) by extension 'ros'
[0.149s] Level 1:colcon.colcon_core.package_identification:_identify(src) by extensions ['cmake', 'python']
[0.149s] Level 1:colcon.colcon_core.package_identification:_identify(src) by extension 'cmake'
[0.149s] Level 1:colcon.colcon_core.package_identification:_identify(src) by extension 'python'
[0.149s] Level 1:colcon.colcon_core.package_identification:_identify(src) by extensions ['python_setup_py']
[0.149s] Level 1:colcon.colcon_core.package_identification:_identify(src) by extension 'python_setup_py'
[0.149s] Level 1:colcon.colcon_core.package_identification:_identify(src/unitree-go2-slam-toolbox) by extensions ['ignore', 'ignore_ament_install']
[0.149s] Level 1:colcon.colcon_core.package_identification:_identify(src/unitree-go2-slam-toolbox) by extension 'ignore'
[0.149s] Level 1:colcon.colcon_core.package_identification:_identify(src/unitree-go2-slam-toolbox) by extension 'ignore_ament_install'
[0.149s] Level 1:colcon.colcon_core.package_identification:_identify(src/unitree-go2-slam-toolbox) by extensions ['colcon_pkg']
[0.149s] Level 1:colcon.colcon_core.package_identification:_identify(src/unitree-go2-slam-toolbox) by extension 'colcon_pkg'
[0.149s] Level 1:colcon.colcon_core.package_identification:_identify(src/unitree-go2-slam-toolbox) by extensions ['colcon_meta']
[0.149s] Level 1:colcon.colcon_core.package_identification:_identify(src/unitree-go2-slam-toolbox) by extension 'colcon_meta'
[0.149s] Level 1:colcon.colcon_core.package_identification:_identify(src/unitree-go2-slam-toolbox) by extensions ['ros']
[0.149s] Level 1:colcon.colcon_core.package_identification:_identify(src/unitree-go2-slam-toolbox) by extension 'ros'
[0.149s] Level 1:colcon.colcon_core.package_identification:_identify(src/unitree-go2-slam-toolbox) by extensions ['cmake', 'python']
[0.149s] Level 1:colcon.colcon_core.package_identification:_identify(src/unitree-go2-slam-toolbox) by extension 'cmake'
[0.149s] Level 1:colcon.colcon_core.package_identification:_identify(src/unitree-go2-slam-toolbox) by extension 'python'
[0.149s] Level 1:colcon.colcon_core.package_identification:_identify(src/unitree-go2-slam-toolbox) by extensions ['python_setup_py']
[0.149s] Level 1:colcon.colcon_core.package_identification:_identify(src/unitree-go2-slam-toolbox) by extension 'python_setup_py'
[0.149s] Level 1:colcon.colcon_core.package_identification:_identify(src/unitree-go2-slam-toolbox/build) by extensions ['ignore', 'ignore_ament_install']
[0.149s] Level 1:colcon.colcon_core.package_identification:_identify(src/unitree-go2-slam-toolbox/build) by extension 'ignore'
[0.149s] Level 1:colcon.colcon_core.package_identification:_identify(src/unitree-go2-slam-toolbox/build) ignored
[0.149s] Level 1:colcon.colcon_core.package_identification:_identify(src/unitree-go2-slam-toolbox/install) by extensions ['ignore', 'ignore_ament_install']
[0.149s] Level 1:colcon.colcon_core.package_identification:_identify(src/unitree-go2-slam-toolbox/install) by extension 'ignore'
[0.149s] Level 1:colcon.colcon_core.package_identification:_identify(src/unitree-go2-slam-toolbox/install) ignored
[0.150s] Level 1:colcon.colcon_core.package_identification:_identify(src/unitree-go2-slam-toolbox/log) by extensions ['ignore', 'ignore_ament_install']
[0.150s] Level 1:colcon.colcon_core.package_identification:_identify(src/unitree-go2-slam-toolbox/log) by extension 'ignore'
[0.150s] Level 1:colcon.colcon_core.package_identification:_identify(src/unitree-go2-slam-toolbox/log) ignored
[0.150s] Level 1:colcon.colcon_core.package_identification:_identify(src/unitree-go2-slam-toolbox/src) by extensions ['ignore', 'ignore_ament_install']
[0.150s] Level 1:colcon.colcon_core.package_identification:_identify(src/unitree-go2-slam-toolbox/src) by extension 'ignore'
[0.150s] Level 1:colcon.colcon_core.package_identification:_identify(src/unitree-go2-slam-toolbox/src) by extension 'ignore_ament_install'
[0.150s] Level 1:colcon.colcon_core.package_identification:_identify(src/unitree-go2-slam-toolbox/src) by extensions ['colcon_pkg']
[0.150s] Level 1:colcon.colcon_core.package_identification:_identify(src/unitree-go2-slam-toolbox/src) by extension 'colcon_pkg'
[0.150s] Level 1:colcon.colcon_core.package_identification:_identify(src/unitree-go2-slam-toolbox/src) by extensions ['colcon_meta']
[0.150s] Level 1:colcon.colcon_core.package_identification:_identify(src/unitree-go2-slam-toolbox/src) by extension 'colcon_meta'
[0.150s] Level 1:colcon.colcon_core.package_identification:_identify(src/unitree-go2-slam-toolbox/src) by extensions ['ros']
[0.150s] Level 1:colcon.colcon_core.package_identification:_identify(src/unitree-go2-slam-toolbox/src) by extension 'ros'
[0.150s] Level 1:colcon.colcon_core.package_identification:_identify(src/unitree-go2-slam-toolbox/src) by extensions ['cmake', 'python']
[0.150s] Level 1:colcon.colcon_core.package_identification:_identify(src/unitree-go2-slam-toolbox/src) by extension 'cmake'
[0.150s] Level 1:colcon.colcon_core.package_identification:_identify(src/unitree-go2-slam-toolbox/src) by extension 'python'
[0.150s] Level 1:colcon.colcon_core.package_identification:_identify(src/unitree-go2-slam-toolbox/src) by extensions ['python_setup_py']
[0.150s] Level 1:colcon.colcon_core.package_identification:_identify(src/unitree-go2-slam-toolbox/src) by extension 'python_setup_py'
[0.150s] Level 1:colcon.colcon_core.package_identification:_identify(src/unitree-go2-slam-toolbox/src/base) by extensions ['ignore', 'ignore_ament_install']
[0.150s] Level 1:colcon.colcon_core.package_identification:_identify(src/unitree-go2-slam-toolbox/src/base) by extension 'ignore'
[0.150s] Level 1:colcon.colcon_core.package_identification:_identify(src/unitree-go2-slam-toolbox/src/base) by extension 'ignore_ament_install'
[0.150s] Level 1:colcon.colcon_core.package_identification:_identify(src/unitree-go2-slam-toolbox/src/base) by extensions ['colcon_pkg']
[0.150s] Level 1:colcon.colcon_core.package_identification:_identify(src/unitree-go2-slam-toolbox/src/base) by extension 'colcon_pkg'
[0.150s] Level 1:colcon.colcon_core.package_identification:_identify(src/unitree-go2-slam-toolbox/src/base) by extensions ['colcon_meta']
[0.150s] Level 1:colcon.colcon_core.package_identification:_identify(src/unitree-go2-slam-toolbox/src/base) by extension 'colcon_meta'
[0.150s] Level 1:colcon.colcon_core.package_identification:_identify(src/unitree-go2-slam-toolbox/src/base) by extensions ['ros']
[0.150s] Level 1:colcon.colcon_core.package_identification:_identify(src/unitree-go2-slam-toolbox/src/base) by extension 'ros'
[0.150s] Level 1:colcon.colcon_core.package_identification:_identify(src/unitree-go2-slam-toolbox/src/base) by extensions ['cmake', 'python']
[0.150s] Level 1:colcon.colcon_core.package_identification:_identify(src/unitree-go2-slam-toolbox/src/base) by extension 'cmake'
[0.150s] Level 1:colcon.colcon_core.package_identification:_identify(src/unitree-go2-slam-toolbox/src/base) by extension 'python'
[0.150s] Level 1:colcon.colcon_core.package_identification:_identify(src/unitree-go2-slam-toolbox/src/base) by extensions ['python_setup_py']
[0.151s] Level 1:colcon.colcon_core.package_identification:_identify(src/unitree-go2-slam-toolbox/src/base) by extension 'python_setup_py'
[0.151s] Level 1:colcon.colcon_core.package_identification:_identify(src/unitree-go2-slam-toolbox/src/base/go2_core) by extensions ['ignore', 'ignore_ament_install']
[0.151s] Level 1:colcon.colcon_core.package_identification:_identify(src/unitree-go2-slam-toolbox/src/base/go2_core) by extension 'ignore'
[0.151s] Level 1:colcon.colcon_core.package_identification:_identify(src/unitree-go2-slam-toolbox/src/base/go2_core) by extension 'ignore_ament_install'
[0.151s] Level 1:colcon.colcon_core.package_identification:_identify(src/unitree-go2-slam-toolbox/src/base/go2_core) by extensions ['colcon_pkg']
[0.151s] Level 1:colcon.colcon_core.package_identification:_identify(src/unitree-go2-slam-toolbox/src/base/go2_core) by extension 'colcon_pkg'
[0.151s] Level 1:colcon.colcon_core.package_identification:_identify(src/unitree-go2-slam-toolbox/src/base/go2_core) by extensions ['colcon_meta']
[0.151s] Level 1:colcon.colcon_core.package_identification:_identify(src/unitree-go2-slam-toolbox/src/base/go2_core) by extension 'colcon_meta'
[0.151s] Level 1:colcon.colcon_core.package_identification:_identify(src/unitree-go2-slam-toolbox/src/base/go2_core) by extensions ['ros']
[0.151s] Level 1:colcon.colcon_core.package_identification:_identify(src/unitree-go2-slam-toolbox/src/base/go2_core) by extension 'ros'
[0.152s] DEBUG:colcon.colcon_core.package_identification:Package 'src/unitree-go2-slam-toolbox/src/base/go2_core' with type 'ros.ament_cmake' and name 'go2_core'
[0.153s] Level 1:colcon.colcon_core.package_identification:_identify(src/unitree-go2-slam-toolbox/src/base/go2_driver) by extensions ['ignore', 'ignore_ament_install']
[0.153s] Level 1:colcon.colcon_core.package_identification:_identify(src/unitree-go2-slam-toolbox/src/base/go2_driver) by extension 'ignore'
[0.153s] Level 1:colcon.colcon_core.package_identification:_identify(src/unitree-go2-slam-toolbox/src/base/go2_driver) by extension 'ignore_ament_install'
[0.153s] Level 1:colcon.colcon_core.package_identification:_identify(src/unitree-go2-slam-toolbox/src/base/go2_driver) by extensions ['colcon_pkg']
[0.153s] Level 1:colcon.colcon_core.package_identification:_identify(src/unitree-go2-slam-toolbox/src/base/go2_driver) by extension 'colcon_pkg'
[0.153s] Level 1:colcon.colcon_core.package_identification:_identify(src/unitree-go2-slam-toolbox/src/base/go2_driver) by extensions ['colcon_meta']
[0.153s] Level 1:colcon.colcon_core.package_identification:_identify(src/unitree-go2-slam-toolbox/src/base/go2_driver) by extension 'colcon_meta'
[0.153s] Level 1:colcon.colcon_core.package_identification:_identify(src/unitree-go2-slam-toolbox/src/base/go2_driver) by extensions ['ros']
[0.153s] Level 1:colcon.colcon_core.package_identification:_identify(src/unitree-go2-slam-toolbox/src/base/go2_driver) by extension 'ros'
[0.153s] DEBUG:colcon.colcon_core.package_identification:Package 'src/unitree-go2-slam-toolbox/src/base/go2_driver' with type 'ros.ament_cmake' and name 'go2_driver'
[0.153s] Level 1:colcon.colcon_core.package_identification:_identify(src/unitree-go2-slam-toolbox/src/base/go2_twist_bridge) by extensions ['ignore', 'ignore_ament_install']
[0.153s] Level 1:colcon.colcon_core.package_identification:_identify(src/unitree-go2-slam-toolbox/src/base/go2_twist_bridge) by extension 'ignore'
[0.154s] Level 1:colcon.colcon_core.package_identification:_identify(src/unitree-go2-slam-toolbox/src/base/go2_twist_bridge) by extension 'ignore_ament_install'
[0.154s] Level 1:colcon.colcon_core.package_identification:_identify(src/unitree-go2-slam-toolbox/src/base/go2_twist_bridge) by extensions ['colcon_pkg']
[0.154s] Level 1:colcon.colcon_core.package_identification:_identify(src/unitree-go2-slam-toolbox/src/base/go2_twist_bridge) by extension 'colcon_pkg'
[0.154s] Level 1:colcon.colcon_core.package_identification:_identify(src/unitree-go2-slam-toolbox/src/base/go2_twist_bridge) by extensions ['colcon_meta']
[0.154s] Level 1:colcon.colcon_core.package_identification:_identify(src/unitree-go2-slam-toolbox/src/base/go2_twist_bridge) by extension 'colcon_meta'
[0.154s] Level 1:colcon.colcon_core.package_identification:_identify(src/unitree-go2-slam-toolbox/src/base/go2_twist_bridge) by extensions ['ros']
[0.154s] Level 1:colcon.colcon_core.package_identification:_identify(src/unitree-go2-slam-toolbox/src/base/go2_twist_bridge) by extension 'ros'
[0.154s] DEBUG:colcon.colcon_core.package_identification:Package 'src/unitree-go2-slam-toolbox/src/base/go2_twist_bridge' with type 'ros.ament_cmake' and name 'go2_twist_bridge'
[0.154s] Level 1:colcon.colcon_core.package_identification:_identify(src/unitree-go2-slam-toolbox/src/go2_description) by extensions ['ignore', 'ignore_ament_install']
[0.154s] Level 1:colcon.colcon_core.package_identification:_identify(src/unitree-go2-slam-toolbox/src/go2_description) by extension 'ignore'
[0.154s] Level 1:colcon.colcon_core.package_identification:_identify(src/unitree-go2-slam-toolbox/src/go2_description) by extension 'ignore_ament_install'
[0.154s] Level 1:colcon.colcon_core.package_identification:_identify(src/unitree-go2-slam-toolbox/src/go2_description) by extensions ['colcon_pkg']
[0.154s] Level 1:colcon.colcon_core.package_identification:_identify(src/unitree-go2-slam-toolbox/src/go2_description) by extension 'colcon_pkg'
[0.154s] Level 1:colcon.colcon_core.package_identification:_identify(src/unitree-go2-slam-toolbox/src/go2_description) by extensions ['colcon_meta']
[0.154s] Level 1:colcon.colcon_core.package_identification:_identify(src/unitree-go2-slam-toolbox/src/go2_description) by extension 'colcon_meta'
[0.154s] Level 1:colcon.colcon_core.package_identification:_identify(src/unitree-go2-slam-toolbox/src/go2_description) by extensions ['ros']
[0.154s] Level 1:colcon.colcon_core.package_identification:_identify(src/unitree-go2-slam-toolbox/src/go2_description) by extension 'ros'
[0.155s] DEBUG:colcon.colcon_core.package_identification:Package 'src/unitree-go2-slam-toolbox/src/go2_description' with type 'ros.ament_cmake' and name 'go2_description'
[0.155s] Level 1:colcon.colcon_core.package_identification:_identify(src/unitree-go2-slam-toolbox/src/go2_navigation2) by extensions ['ignore', 'ignore_ament_install']
[0.155s] Level 1:colcon.colcon_core.package_identification:_identify(src/unitree-go2-slam-toolbox/src/go2_navigation2) by extension 'ignore'
[0.155s] Level 1:colcon.colcon_core.package_identification:_identify(src/unitree-go2-slam-toolbox/src/go2_navigation2) by extension 'ignore_ament_install'
[0.155s] Level 1:colcon.colcon_core.package_identification:_identify(src/unitree-go2-slam-toolbox/src/go2_navigation2) by extensions ['colcon_pkg']
[0.155s] Level 1:colcon.colcon_core.package_identification:_identify(src/unitree-go2-slam-toolbox/src/go2_navigation2) by extension 'colcon_pkg'
[0.155s] Level 1:colcon.colcon_core.package_identification:_identify(src/unitree-go2-slam-toolbox/src/go2_navigation2) by extensions ['colcon_meta']
[0.155s] Level 1:colcon.colcon_core.package_identification:_identify(src/unitree-go2-slam-toolbox/src/go2_navigation2) by extension 'colcon_meta'
[0.155s] Level 1:colcon.colcon_core.package_identification:_identify(src/unitree-go2-slam-toolbox/src/go2_navigation2) by extensions ['ros']
[0.155s] Level 1:colcon.colcon_core.package_identification:_identify(src/unitree-go2-slam-toolbox/src/go2_navigation2) by extension 'ros'
[0.156s] DEBUG:colcon.colcon_core.package_identification:Package 'src/unitree-go2-slam-toolbox/src/go2_navigation2' with type 'ros.ament_cmake' and name 'go2_navigation2'
[0.156s] Level 1:colcon.colcon_core.package_identification:_identify(src/unitree-go2-slam-toolbox/src/go2_perception) by extensions ['ignore', 'ignore_ament_install']
[0.156s] Level 1:colcon.colcon_core.package_identification:_identify(src/unitree-go2-slam-toolbox/src/go2_perception) by extension 'ignore'
[0.156s] Level 1:colcon.colcon_core.package_identification:_identify(src/unitree-go2-slam-toolbox/src/go2_perception) by extension 'ignore_ament_install'
[0.156s] Level 1:colcon.colcon_core.package_identification:_identify(src/unitree-go2-slam-toolbox/src/go2_perception) by extensions ['colcon_pkg']
[0.156s] Level 1:colcon.colcon_core.package_identification:_identify(src/unitree-go2-slam-toolbox/src/go2_perception) by extension 'colcon_pkg'
[0.156s] Level 1:colcon.colcon_core.package_identification:_identify(src/unitree-go2-slam-toolbox/src/go2_perception) by extensions ['colcon_meta']
[0.156s] Level 1:colcon.colcon_core.package_identification:_identify(src/unitree-go2-slam-toolbox/src/go2_perception) by extension 'colcon_meta'
[0.156s] Level 1:colcon.colcon_core.package_identification:_identify(src/unitree-go2-slam-toolbox/src/go2_perception) by extensions ['ros']
[0.156s] Level 1:colcon.colcon_core.package_identification:_identify(src/unitree-go2-slam-toolbox/src/go2_perception) by extension 'ros'
[0.157s] DEBUG:colcon.colcon_core.package_identification:Package 'src/unitree-go2-slam-toolbox/src/go2_perception' with type 'ros.ament_cmake' and name 'go2_perception'
[0.157s] Level 1:colcon.colcon_core.package_identification:_identify(src/unitree-go2-slam-toolbox/src/go2_slam) by extensions ['ignore', 'ignore_ament_install']
[0.157s] Level 1:colcon.colcon_core.package_identification:_identify(src/unitree-go2-slam-toolbox/src/go2_slam) by extension 'ignore'
[0.157s] Level 1:colcon.colcon_core.package_identification:_identify(src/unitree-go2-slam-toolbox/src/go2_slam) by extension 'ignore_ament_install'
[0.157s] Level 1:colcon.colcon_core.package_identification:_identify(src/unitree-go2-slam-toolbox/src/go2_slam) by extensions ['colcon_pkg']
[0.157s] Level 1:colcon.colcon_core.package_identification:_identify(src/unitree-go2-slam-toolbox/src/go2_slam) by extension 'colcon_pkg'
[0.157s] Level 1:colcon.colcon_core.package_identification:_identify(src/unitree-go2-slam-toolbox/src/go2_slam) by extensions ['colcon_meta']
[0.157s] Level 1:colcon.colcon_core.package_identification:_identify(src/unitree-go2-slam-toolbox/src/go2_slam) by extension 'colcon_meta'
[0.157s] Level 1:colcon.colcon_core.package_identification:_identify(src/unitree-go2-slam-toolbox/src/go2_slam) by extensions ['ros']
[0.157s] Level 1:colcon.colcon_core.package_identification:_identify(src/unitree-go2-slam-toolbox/src/go2_slam) by extension 'ros'
[0.158s] DEBUG:colcon.colcon_core.package_identification:Package 'src/unitree-go2-slam-toolbox/src/go2_slam' with type 'ros.ament_cmake' and name 'go2_slam'
[0.158s] Level 1:colcon.colcon_core.package_discovery:discover_packages(recursive) using defaults
[0.158s] Level 1:colcon.colcon_core.package_discovery:discover_packages(ignore) discover
[0.158s] Level 1:colcon.colcon_core.package_discovery:discover_packages(ignore) using defaults
[0.158s] Level 1:colcon.colcon_core.package_discovery:discover_packages(path) discover
[0.158s] Level 1:colcon.colcon_core.package_discovery:discover_packages(path) using defaults
[0.177s] Level 1:colcon.colcon_core.package_discovery:discover_packages(prefix_path) check parameters
[0.177s] Level 1:colcon.colcon_core.package_discovery:discover_packages(prefix_path) discover
[0.178s] DEBUG:colcon.colcon_installed_package_information.package_discovery:Found 7 installed packages in /home/lgq/go2_ws_toolbox/install
[0.178s] DEBUG:colcon.colcon_installed_package_information.package_discovery:Found 5 installed packages in /home/lgq/unitree_ros2/cyclonedds_ws/install
[0.179s] DEBUG:colcon.colcon_installed_package_information.package_discovery:Found 446 installed packages in /opt/ros/humble
[0.180s] Level 1:colcon.colcon_core.package_discovery:discover_packages(prefix_path) using defaults
[0.206s] Level 5:colcon.colcon_core.verb:set package 'go2_core' build argument 'cmake_args' from command line to 'None'
[0.206s] Level 5:colcon.colcon_core.verb:set package 'go2_core' build argument 'cmake_target' from command line to 'None'
[0.206s] Level 5:colcon.colcon_core.verb:set package 'go2_core' build argument 'cmake_target_skip_unavailable' from command line to 'False'
[0.206s] Level 5:colcon.colcon_core.verb:set package 'go2_core' build argument 'cmake_clean_cache' from command line to 'False'
[0.206s] Level 5:colcon.colcon_core.verb:set package 'go2_core' build argument 'cmake_clean_first' from command line to 'False'
[0.206s] Level 5:colcon.colcon_core.verb:set package 'go2_core' build argument 'cmake_force_configure' from command line to 'False'
[0.206s] Level 5:colcon.colcon_core.verb:set package 'go2_core' build argument 'ament_cmake_args' from command line to 'None'
[0.206s] Level 5:colcon.colcon_core.verb:set package 'go2_core' build argument 'catkin_cmake_args' from command line to 'None'
[0.207s] Level 5:colcon.colcon_core.verb:set package 'go2_core' build argument 'catkin_skip_building_tests' from command line to 'False'
[0.207s] DEBUG:colcon.colcon_core.verb:Building package 'go2_core' with the following arguments: {'ament_cmake_args': None, 'build_base': '/home/lgq/go2_ws_toolbox/build/go2_core', 'catkin_cmake_args': None, 'catkin_skip_building_tests': False, 'cmake_args': None, 'cmake_clean_cache': False, 'cmake_clean_first': False, 'cmake_force_configure': False, 'cmake_target': None, 'cmake_target_skip_unavailable': False, 'install_base': '/home/lgq/go2_ws_toolbox/install/go2_core', 'merge_install': False, 'path': '/home/lgq/go2_ws_toolbox/src/unitree-go2-slam-toolbox/src/base/go2_core', 'symlink_install': True, 'test_result_base': None}
[0.207s] Level 5:colcon.colcon_core.verb:set package 'go2_description' build argument 'cmake_args' from command line to 'None'
[0.207s] Level 5:colcon.colcon_core.verb:set package 'go2_description' build argument 'cmake_target' from command line to 'None'
[0.207s] Level 5:colcon.colcon_core.verb:set package 'go2_description' build argument 'cmake_target_skip_unavailable' from command line to 'False'
[0.207s] Level 5:colcon.colcon_core.verb:set package 'go2_description' build argument 'cmake_clean_cache' from command line to 'False'
[0.207s] Level 5:colcon.colcon_core.verb:set package 'go2_description' build argument 'cmake_clean_first' from command line to 'False'
[0.207s] Level 5:colcon.colcon_core.verb:set package 'go2_description' build argument 'cmake_force_configure' from command line to 'False'
[0.207s] Level 5:colcon.colcon_core.verb:set package 'go2_description' build argument 'ament_cmake_args' from command line to 'None'
[0.207s] Level 5:colcon.colcon_core.verb:set package 'go2_description' build argument 'catkin_cmake_args' from command line to 'None'
[0.207s] Level 5:colcon.colcon_core.verb:set package 'go2_description' build argument 'catkin_skip_building_tests' from command line to 'False'
[0.207s] DEBUG:colcon.colcon_core.verb:Building package 'go2_description' with the following arguments: {'ament_cmake_args': None, 'build_base': '/home/lgq/go2_ws_toolbox/build/go2_description', 'catkin_cmake_args': None, 'catkin_skip_building_tests': False, 'cmake_args': None, 'cmake_clean_cache': False, 'cmake_clean_first': False, 'cmake_force_configure': False, 'cmake_target': None, 'cmake_target_skip_unavailable': False, 'install_base': '/home/lgq/go2_ws_toolbox/install/go2_description', 'merge_install': False, 'path': '/home/lgq/go2_ws_toolbox/src/unitree-go2-slam-toolbox/src/go2_description', 'symlink_install': True, 'test_result_base': None}
[0.207s] Level 5:colcon.colcon_core.verb:set package 'go2_driver' build argument 'cmake_args' from command line to 'None'
[0.207s] Level 5:colcon.colcon_core.verb:set package 'go2_driver' build argument 'cmake_target' from command line to 'None'
[0.207s] Level 5:colcon.colcon_core.verb:set package 'go2_driver' build argument 'cmake_target_skip_unavailable' from command line to 'False'
[0.207s] Level 5:colcon.colcon_core.verb:set package 'go2_driver' build argument 'cmake_clean_cache' from command line to 'False'
[0.207s] Level 5:colcon.colcon_core.verb:set package 'go2_driver' build argument 'cmake_clean_first' from command line to 'False'
[0.207s] Level 5:colcon.colcon_core.verb:set package 'go2_driver' build argument 'cmake_force_configure' from command line to 'False'
[0.207s] Level 5:colcon.colcon_core.verb:set package 'go2_driver' build argument 'ament_cmake_args' from command line to 'None'
[0.207s] Level 5:colcon.colcon_core.verb:set package 'go2_driver' build argument 'catkin_cmake_args' from command line to 'None'
[0.207s] Level 5:colcon.colcon_core.verb:set package 'go2_driver' build argument 'catkin_skip_building_tests' from command line to 'False'
[0.207s] DEBUG:colcon.colcon_core.verb:Building package 'go2_driver' with the following arguments: {'ament_cmake_args': None, 'build_base': '/home/lgq/go2_ws_toolbox/build/go2_driver', 'catkin_cmake_args': None, 'catkin_skip_building_tests': False, 'cmake_args': None, 'cmake_clean_cache': False, 'cmake_clean_first': False, 'cmake_force_configure': False, 'cmake_target': None, 'cmake_target_skip_unavailable': False, 'install_base': '/home/lgq/go2_ws_toolbox/install/go2_driver', 'merge_install': False, 'path': '/home/lgq/go2_ws_toolbox/src/unitree-go2-slam-toolbox/src/base/go2_driver', 'symlink_install': True, 'test_result_base': None}
[0.207s] Level 5:colcon.colcon_core.verb:set package 'go2_navigation2' build argument 'cmake_args' from command line to 'None'
[0.207s] Level 5:colcon.colcon_core.verb:set package 'go2_navigation2' build argument 'cmake_target' from command line to 'None'
[0.207s] Level 5:colcon.colcon_core.verb:set package 'go2_navigation2' build argument 'cmake_target_skip_unavailable' from command line to 'False'
[0.207s] Level 5:colcon.colcon_core.verb:set package 'go2_navigation2' build argument 'cmake_clean_cache' from command line to 'False'
[0.207s] Level 5:colcon.colcon_core.verb:set package 'go2_navigation2' build argument 'cmake_clean_first' from command line to 'False'
[0.207s] Level 5:colcon.colcon_core.verb:set package 'go2_navigation2' build argument 'cmake_force_configure' from command line to 'False'
[0.207s] Level 5:colcon.colcon_core.verb:set package 'go2_navigation2' build argument 'ament_cmake_args' from command line to 'None'
[0.207s] Level 5:colcon.colcon_core.verb:set package 'go2_navigation2' build argument 'catkin_cmake_args' from command line to 'None'
[0.207s] Level 5:colcon.colcon_core.verb:set package 'go2_navigation2' build argument 'catkin_skip_building_tests' from command line to 'False'
[0.207s] DEBUG:colcon.colcon_core.verb:Building package 'go2_navigation2' with the following arguments: {'ament_cmake_args': None, 'build_base': '/home/lgq/go2_ws_toolbox/build/go2_navigation2', 'catkin_cmake_args': None, 'catkin_skip_building_tests': False, 'cmake_args': None, 'cmake_clean_cache': False, 'cmake_clean_first': False, 'cmake_force_configure': False, 'cmake_target': None, 'cmake_target_skip_unavailable': False, 'install_base': '/home/lgq/go2_ws_toolbox/install/go2_navigation2', 'merge_install': False, 'path': '/home/lgq/go2_ws_toolbox/src/unitree-go2-slam-toolbox/src/go2_navigation2', 'symlink_install': True, 'test_result_base': None}
[0.208s] Level 5:colcon.colcon_core.verb:set package 'go2_perception' build argument 'cmake_args' from command line to 'None'
[0.208s] Level 5:colcon.colcon_core.verb:set package 'go2_perception' build argument 'cmake_target' from command line to 'None'
[0.208s] Level 5:colcon.colcon_core.verb:set package 'go2_perception' build argument 'cmake_target_skip_unavailable' from command line to 'False'
[0.208s] Level 5:colcon.colcon_core.verb:set package 'go2_perception' build argument 'cmake_clean_cache' from command line to 'False'
[0.208s] Level 5:colcon.colcon_core.verb:set package 'go2_perception' build argument 'cmake_clean_first' from command line to 'False'
[0.208s] Level 5:colcon.colcon_core.verb:set package 'go2_perception' build argument 'cmake_force_configure' from command line to 'False'
[0.208s] Level 5:colcon.colcon_core.verb:set package 'go2_perception' build argument 'ament_cmake_args' from command line to 'None'
[0.208s] Level 5:colcon.colcon_core.verb:set package 'go2_perception' build argument 'catkin_cmake_args' from command line to 'None'
[0.208s] Level 5:colcon.colcon_core.verb:set package 'go2_perception' build argument 'catkin_skip_building_tests' from command line to 'False'
[0.208s] DEBUG:colcon.colcon_core.verb:Building package 'go2_perception' with the following arguments: {'ament_cmake_args': None, 'build_base': '/home/lgq/go2_ws_toolbox/build/go2_perception', 'catkin_cmake_args': None, 'catkin_skip_building_tests': False, 'cmake_args': None, 'cmake_clean_cache': False, 'cmake_clean_first': False, 'cmake_force_configure': False, 'cmake_target': None, 'cmake_target_skip_unavailable': False, 'install_base': '/home/lgq/go2_ws_toolbox/install/go2_perception', 'merge_install': False, 'path': '/home/lgq/go2_ws_toolbox/src/unitree-go2-slam-toolbox/src/go2_perception', 'symlink_install': True, 'test_result_base': None}
[0.208s] Level 5:colcon.colcon_core.verb:set package 'go2_slam' build argument 'cmake_args' from command line to 'None'
[0.208s] Level 5:colcon.colcon_core.verb:set package 'go2_slam' build argument 'cmake_target' from command line to 'None'
[0.208s] Level 5:colcon.colcon_core.verb:set package 'go2_slam' build argument 'cmake_target_skip_unavailable' from command line to 'False'
[0.208s] Level 5:colcon.colcon_core.verb:set package 'go2_slam' build argument 'cmake_clean_cache' from command line to 'False'
[0.208s] Level 5:colcon.colcon_core.verb:set package 'go2_slam' build argument 'cmake_clean_first' from command line to 'False'
[0.208s] Level 5:colcon.colcon_core.verb:set package 'go2_slam' build argument 'cmake_force_configure' from command line to 'False'
[0.208s] Level 5:colcon.colcon_core.verb:set package 'go2_slam' build argument 'ament_cmake_args' from command line to 'None'
[0.208s] Level 5:colcon.colcon_core.verb:set package 'go2_slam' build argument 'catkin_cmake_args' from command line to 'None'
[0.208s] Level 5:colcon.colcon_core.verb:set package 'go2_slam' build argument 'catkin_skip_building_tests' from command line to 'False'
[0.208s] DEBUG:colcon.colcon_core.verb:Building package 'go2_slam' with the following arguments: {'ament_cmake_args': None, 'build_base': '/home/lgq/go2_ws_toolbox/build/go2_slam', 'catkin_cmake_args': None, 'catkin_skip_building_tests': False, 'cmake_args': None, 'cmake_clean_cache': False, 'cmake_clean_first': False, 'cmake_force_configure': False, 'cmake_target': None, 'cmake_target_skip_unavailable': False, 'install_base': '/home/lgq/go2_ws_toolbox/install/go2_slam', 'merge_install': False, 'path': '/home/lgq/go2_ws_toolbox/src/unitree-go2-slam-toolbox/src/go2_slam', 'symlink_install': True, 'test_result_base': None}
[0.208s] Level 5:colcon.colcon_core.verb:set package 'go2_twist_bridge' build argument 'cmake_args' from command line to 'None'
[0.208s] Level 5:colcon.colcon_core.verb:set package 'go2_twist_bridge' build argument 'cmake_target' from command line to 'None'
[0.208s] Level 5:colcon.colcon_core.verb:set package 'go2_twist_bridge' build argument 'cmake_target_skip_unavailable' from command line to 'False'
[0.208s] Level 5:colcon.colcon_core.verb:set package 'go2_twist_bridge' build argument 'cmake_clean_cache' from command line to 'False'
[0.208s] Level 5:colcon.colcon_core.verb:set package 'go2_twist_bridge' build argument 'cmake_clean_first' from command line to 'False'
[0.208s] Level 5:colcon.colcon_core.verb:set package 'go2_twist_bridge' build argument 'cmake_force_configure' from command line to 'False'
[0.208s] Level 5:colcon.colcon_core.verb:set package 'go2_twist_bridge' build argument 'ament_cmake_args' from command line to 'None'
[0.208s] Level 5:colcon.colcon_core.verb:set package 'go2_twist_bridge' build argument 'catkin_cmake_args' from command line to 'None'
[0.208s] Level 5:colcon.colcon_core.verb:set package 'go2_twist_bridge' build argument 'catkin_skip_building_tests' from command line to 'False'
[0.208s] DEBUG:colcon.colcon_core.verb:Building package 'go2_twist_bridge' with the following arguments: {'ament_cmake_args': None, 'build_base': '/home/lgq/go2_ws_toolbox/build/go2_twist_bridge', 'catkin_cmake_args': None, 'catkin_skip_building_tests': False, 'cmake_args': None, 'cmake_clean_cache': False, 'cmake_clean_first': False, 'cmake_force_configure': False, 'cmake_target': None, 'cmake_target_skip_unavailable': False, 'install_base': '/home/lgq/go2_ws_toolbox/install/go2_twist_bridge', 'merge_install': False, 'path': '/home/lgq/go2_ws_toolbox/src/unitree-go2-slam-toolbox/src/base/go2_twist_bridge', 'symlink_install': True, 'test_result_base': None}
[0.208s] INFO:colcon.colcon_core.executor:Executing jobs using 'parallel' executor
[0.209s] DEBUG:colcon.colcon_parallel_executor.executor.parallel:run_until_complete
[0.209s] INFO:colcon.colcon_ros.task.ament_cmake.build:Building ROS package in '/home/lgq/go2_ws_toolbox/src/unitree-go2-slam-toolbox/src/base/go2_core' with build type 'ament_cmake'
[0.209s] INFO:colcon.colcon_cmake.task.cmake.build:Building CMake package in '/home/lgq/go2_ws_toolbox/src/unitree-go2-slam-toolbox/src/base/go2_core'
[0.210s] INFO:colcon.colcon_core.plugin_system:Skipping extension 'colcon_core.shell.bat': Not used on non-Windows systems
[0.210s] INFO:colcon.colcon_core.shell:Skip shell extension 'powershell' for command environment: Not usable outside of PowerShell
[0.210s] DEBUG:colcon.colcon_core.shell:Skip shell extension 'dsv' for command environment
[0.213s] INFO:colcon.colcon_ros.task.ament_cmake.build:Building ROS package in '/home/lgq/go2_ws_toolbox/src/unitree-go2-slam-toolbox/src/go2_description' with build type 'ament_cmake'
[0.213s] INFO:colcon.colcon_cmake.task.cmake.build:Building CMake package in '/home/lgq/go2_ws_toolbox/src/unitree-go2-slam-toolbox/src/go2_description'
[0.213s] INFO:colcon.colcon_core.shell:Skip shell extension 'powershell' for command environment: Not usable outside of PowerShell
[0.213s] DEBUG:colcon.colcon_core.shell:Skip shell extension 'dsv' for command environment
[0.215s] INFO:colcon.colcon_ros.task.ament_cmake.build:Building ROS package in '/home/lgq/go2_ws_toolbox/src/unitree-go2-slam-toolbox/src/base/go2_driver' with build type 'ament_cmake'
[0.215s] INFO:colcon.colcon_cmake.task.cmake.build:Building CMake package in '/home/lgq/go2_ws_toolbox/src/unitree-go2-slam-toolbox/src/base/go2_driver'
[0.215s] INFO:colcon.colcon_core.shell:Skip shell extension 'powershell' for command environment: Not usable outside of PowerShell
[0.215s] DEBUG:colcon.colcon_core.shell:Skip shell extension 'dsv' for command environment
[0.218s] INFO:colcon.colcon_ros.task.ament_cmake.build:Building ROS package in '/home/lgq/go2_ws_toolbox/src/unitree-go2-slam-toolbox/src/go2_navigation2' with build type 'ament_cmake'
[0.218s] INFO:colcon.colcon_cmake.task.cmake.build:Building CMake package in '/home/lgq/go2_ws_toolbox/src/unitree-go2-slam-toolbox/src/go2_navigation2'
[0.218s] INFO:colcon.colcon_core.shell:Skip shell extension 'powershell' for command environment: Not usable outside of PowerShell
[0.218s] DEBUG:colcon.colcon_core.shell:Skip shell extension 'dsv' for command environment
[0.220s] INFO:colcon.colcon_ros.task.ament_cmake.build:Building ROS package in '/home/lgq/go2_ws_toolbox/src/unitree-go2-slam-toolbox/src/go2_perception' with build type 'ament_cmake'
[0.220s] INFO:colcon.colcon_cmake.task.cmake.build:Building CMake package in '/home/lgq/go2_ws_toolbox/src/unitree-go2-slam-toolbox/src/go2_perception'
[0.220s] INFO:colcon.colcon_core.shell:Skip shell extension 'powershell' for command environment: Not usable outside of PowerShell
[0.220s] DEBUG:colcon.colcon_core.shell:Skip shell extension 'dsv' for command environment
[0.222s] INFO:colcon.colcon_ros.task.ament_cmake.build:Building ROS package in '/home/lgq/go2_ws_toolbox/src/unitree-go2-slam-toolbox/src/go2_slam' with build type 'ament_cmake'
[0.222s] INFO:colcon.colcon_cmake.task.cmake.build:Building CMake package in '/home/lgq/go2_ws_toolbox/src/unitree-go2-slam-toolbox/src/go2_slam'
[0.222s] INFO:colcon.colcon_core.shell:Skip shell extension 'powershell' for command environment: Not usable outside of PowerShell
[0.222s] DEBUG:colcon.colcon_core.shell:Skip shell extension 'dsv' for command environment
[0.224s] INFO:colcon.colcon_ros.task.ament_cmake.build:Building ROS package in '/home/lgq/go2_ws_toolbox/src/unitree-go2-slam-toolbox/src/base/go2_twist_bridge' with build type 'ament_cmake'
[0.225s] INFO:colcon.colcon_cmake.task.cmake.build:Building CMake package in '/home/lgq/go2_ws_toolbox/src/unitree-go2-slam-toolbox/src/base/go2_twist_bridge'
[0.225s] INFO:colcon.colcon_core.shell:Skip shell extension 'powershell' for command environment: Not usable outside of PowerShell
[0.225s] DEBUG:colcon.colcon_core.shell:Skip shell extension 'dsv' for command environment
[0.231s] DEBUG:colcon.colcon_core.event_handler.log_command:Invoking command in '/home/lgq/go2_ws_toolbox/build/go2_core': CMAKE_PREFIX_PATH=${CMAKE_PREFIX_PATH}:/opt/ros/humble /usr/bin/cmake /home/lgq/go2_ws_toolbox/src/unitree-go2-slam-toolbox/src/base/go2_core -DAMENT_CMAKE_SYMLINK_INSTALL=1 -DCMAKE_INSTALL_PREFIX=/home/lgq/go2_ws_toolbox/install/go2_core
[0.232s] DEBUG:colcon.colcon_core.event_handler.log_command:Invoking command in '/home/lgq/go2_ws_toolbox/build/go2_description': CMAKE_PREFIX_PATH=${CMAKE_PREFIX_PATH}:/opt/ros/humble /usr/bin/cmake /home/lgq/go2_ws_toolbox/src/unitree-go2-slam-toolbox/src/go2_description -DAMENT_CMAKE_SYMLINK_INSTALL=1 -DCMAKE_INSTALL_PREFIX=/home/lgq/go2_ws_toolbox/install/go2_description
[0.233s] DEBUG:colcon.colcon_core.event_handler.log_command:Invoking command in '/home/lgq/go2_ws_toolbox/build/go2_driver': CMAKE_PREFIX_PATH=${CMAKE_PREFIX_PATH}:/opt/ros/humble /usr/bin/cmake /home/lgq/go2_ws_toolbox/src/unitree-go2-slam-toolbox/src/base/go2_driver -DAMENT_CMAKE_SYMLINK_INSTALL=1 -DCMAKE_INSTALL_PREFIX=/home/lgq/go2_ws_toolbox/install/go2_driver
[0.234s] DEBUG:colcon.colcon_core.event_handler.log_command:Invoking command in '/home/lgq/go2_ws_toolbox/build/go2_navigation2': CMAKE_PREFIX_PATH=${CMAKE_PREFIX_PATH}:/opt/ros/humble /usr/bin/cmake /home/lgq/go2_ws_toolbox/src/unitree-go2-slam-toolbox/src/go2_navigation2 -DAMENT_CMAKE_SYMLINK_INSTALL=1 -DCMAKE_INSTALL_PREFIX=/home/lgq/go2_ws_toolbox/install/go2_navigation2
[0.236s] DEBUG:colcon.colcon_core.event_handler.log_command:Invoking command in '/home/lgq/go2_ws_toolbox/build/go2_perception': CMAKE_PREFIX_PATH=${CMAKE_PREFIX_PATH}:/opt/ros/humble /usr/bin/cmake /home/lgq/go2_ws_toolbox/src/unitree-go2-slam-toolbox/src/go2_perception -DAMENT_CMAKE_SYMLINK_INSTALL=1 -DCMAKE_INSTALL_PREFIX=/home/lgq/go2_ws_toolbox/install/go2_perception
[0.244s] DEBUG:colcon.colcon_core.event_handler.log_command:Invoking command in '/home/lgq/go2_ws_toolbox/build/go2_slam': CMAKE_PREFIX_PATH=${CMAKE_PREFIX_PATH}:/opt/ros/humble /usr/bin/cmake /home/lgq/go2_ws_toolbox/src/unitree-go2-slam-toolbox/src/go2_slam -DAMENT_CMAKE_SYMLINK_INSTALL=1 -DCMAKE_INSTALL_PREFIX=/home/lgq/go2_ws_toolbox/install/go2_slam
[0.257s] DEBUG:colcon.colcon_core.event_handler.log_command:Invoking command in '/home/lgq/go2_ws_toolbox/build/go2_twist_bridge': CMAKE_PREFIX_PATH=${CMAKE_PREFIX_PATH}:/opt/ros/humble /usr/bin/cmake /home/lgq/go2_ws_toolbox/src/unitree-go2-slam-toolbox/src/base/go2_twist_bridge -DAMENT_CMAKE_SYMLINK_INSTALL=1 -DCMAKE_INSTALL_PREFIX=/home/lgq/go2_ws_toolbox/install/go2_twist_bridge
[0.406s] DEBUG:colcon.colcon_core.event_handler.log_command:Invoked command in '/home/lgq/go2_ws_toolbox/build/go2_slam' returned '0': CMAKE_PREFIX_PATH=${CMAKE_PREFIX_PATH}:/opt/ros/humble /usr/bin/cmake /home/lgq/go2_ws_toolbox/src/unitree-go2-slam-toolbox/src/go2_slam -DAMENT_CMAKE_SYMLINK_INSTALL=1 -DCMAKE_INSTALL_PREFIX=/home/lgq/go2_ws_toolbox/install/go2_slam
[0.408s] DEBUG:colcon.colcon_core.event_handler.log_command:Invoking command in '/home/lgq/go2_ws_toolbox/build/go2_slam': CMAKE_PREFIX_PATH=${CMAKE_PREFIX_PATH}:/opt/ros/humble /usr/bin/cmake --build /home/lgq/go2_ws_toolbox/build/go2_slam -- -j20 -l20
[0.422s] DEBUG:colcon.colcon_core.event_handler.log_command:Invoked command in '/home/lgq/go2_ws_toolbox/build/go2_description' returned '0': CMAKE_PREFIX_PATH=${CMAKE_PREFIX_PATH}:/opt/ros/humble /usr/bin/cmake /home/lgq/go2_ws_toolbox/src/unitree-go2-slam-toolbox/src/go2_description -DAMENT_CMAKE_SYMLINK_INSTALL=1 -DCMAKE_INSTALL_PREFIX=/home/lgq/go2_ws_toolbox/install/go2_description
[0.424s] DEBUG:colcon.colcon_core.event_handler.log_command:Invoking command in '/home/lgq/go2_ws_toolbox/build/go2_description': CMAKE_PREFIX_PATH=${CMAKE_PREFIX_PATH}:/opt/ros/humble /usr/bin/cmake --build /home/lgq/go2_ws_toolbox/build/go2_description -- -j20 -l20
[0.438s] DEBUG:colcon.colcon_core.event_handler.log_command:Invoked command in '/home/lgq/go2_ws_toolbox/build/go2_slam' returned '0': CMAKE_PREFIX_PATH=${CMAKE_PREFIX_PATH}:/opt/ros/humble /usr/bin/cmake --build /home/lgq/go2_ws_toolbox/build/go2_slam -- -j20 -l20
[0.447s] DEBUG:colcon.colcon_core.event_handler.log_command:Invoking command in '/home/lgq/go2_ws_toolbox/build/go2_slam': CMAKE_PREFIX_PATH=${CMAKE_PREFIX_PATH}:/opt/ros/humble /usr/bin/cmake --install /home/lgq/go2_ws_toolbox/build/go2_slam
[0.455s] DEBUG:colcon.colcon_core.event_handler.log_command:Invoked command in '/home/lgq/go2_ws_toolbox/build/go2_description' returned '0': CMAKE_PREFIX_PATH=${CMAKE_PREFIX_PATH}:/opt/ros/humble /usr/bin/cmake --build /home/lgq/go2_ws_toolbox/build/go2_description -- -j20 -l20
[0.456s] DEBUG:colcon.colcon_core.event_handler.log_command:Invoking command in '/home/lgq/go2_ws_toolbox/build/go2_description': CMAKE_PREFIX_PATH=${CMAKE_PREFIX_PATH}:/opt/ros/humble /usr/bin/cmake --install /home/lgq/go2_ws_toolbox/build/go2_description
[0.560s] DEBUG:colcon.colcon_core.event_handler.log_command:Invoked command in '/home/lgq/go2_ws_toolbox/build/go2_navigation2' returned '0': CMAKE_PREFIX_PATH=${CMAKE_PREFIX_PATH}:/opt/ros/humble /usr/bin/cmake /home/lgq/go2_ws_toolbox/src/unitree-go2-slam-toolbox/src/go2_navigation2 -DAMENT_CMAKE_SYMLINK_INSTALL=1 -DCMAKE_INSTALL_PREFIX=/home/lgq/go2_ws_toolbox/install/go2_navigation2
[0.564s] DEBUG:colcon.colcon_core.event_handler.log_command:Invoking command in '/home/lgq/go2_ws_toolbox/build/go2_navigation2': CMAKE_PREFIX_PATH=${CMAKE_PREFIX_PATH}:/opt/ros/humble /usr/bin/cmake --build /home/lgq/go2_ws_toolbox/build/go2_navigation2 -- -j20 -l20
[0.568s] Level 1:colcon.colcon_core.environment:create_environment_scripts_only(go2_slam)
[0.568s] DEBUG:colcon.colcon_core.event_handler.log_command:Invoked command in '/home/lgq/go2_ws_toolbox/build/go2_slam' returned '0': CMAKE_PREFIX_PATH=${CMAKE_PREFIX_PATH}:/opt/ros/humble /usr/bin/cmake --install /home/lgq/go2_ws_toolbox/build/go2_slam
[0.570s] Level 1:colcon.colcon_core.environment:checking '/home/lgq/go2_ws_toolbox/install/go2_slam' for CMake module files
[0.571s] Level 1:colcon.colcon_core.environment:checking '/home/lgq/go2_ws_toolbox/install/go2_slam' for CMake config files
[0.571s] Level 1:colcon.colcon_core.shell:create_environment_hook('go2_slam', 'cmake_prefix_path')
[0.571s] INFO:colcon.colcon_core.shell:Creating environment hook '/home/lgq/go2_ws_toolbox/install/go2_slam/share/go2_slam/hook/cmake_prefix_path.ps1'
[0.572s] INFO:colcon.colcon_core.shell:Creating environment descriptor '/home/lgq/go2_ws_toolbox/install/go2_slam/share/go2_slam/hook/cmake_prefix_path.dsv'
[0.573s] INFO:colcon.colcon_core.shell:Creating environment hook '/home/lgq/go2_ws_toolbox/install/go2_slam/share/go2_slam/hook/cmake_prefix_path.sh'
[0.574s] Level 1:colcon.colcon_core.environment:checking '/home/lgq/go2_ws_toolbox/install/go2_slam/bin'
[0.574s] Level 1:colcon.colcon_core.environment:checking '/home/lgq/go2_ws_toolbox/install/go2_slam/lib/pkgconfig/go2_slam.pc'
[0.574s] Level 1:colcon.colcon_core.environment:checking '/home/lgq/go2_ws_toolbox/install/go2_slam/lib/python3.10/site-packages'
[0.574s] Level 1:colcon.colcon_core.environment:checking '/home/lgq/go2_ws_toolbox/install/go2_slam/bin'
[0.575s] INFO:colcon.colcon_core.shell:Creating package script '/home/lgq/go2_ws_toolbox/install/go2_slam/share/go2_slam/package.ps1'
[0.575s] INFO:colcon.colcon_core.shell:Creating package descriptor '/home/lgq/go2_ws_toolbox/install/go2_slam/share/go2_slam/package.dsv'
[0.576s] INFO:colcon.colcon_core.shell:Creating package script '/home/lgq/go2_ws_toolbox/install/go2_slam/share/go2_slam/package.sh'
[0.576s] INFO:colcon.colcon_core.shell:Creating package script '/home/lgq/go2_ws_toolbox/install/go2_slam/share/go2_slam/package.bash'
[0.577s] INFO:colcon.colcon_core.shell:Creating package script '/home/lgq/go2_ws_toolbox/install/go2_slam/share/go2_slam/package.zsh'
[0.577s] Level 1:colcon.colcon_core.environment:create_file_with_runtime_dependencies(/home/lgq/go2_ws_toolbox/install/go2_slam/share/colcon-core/packages/go2_slam)
[0.578s] Level 1:colcon.colcon_core.environment:create_environment_scripts_only(go2_slam)
[0.578s] Level 1:colcon.colcon_core.environment:checking '/home/lgq/go2_ws_toolbox/install/go2_slam' for CMake module files
[0.578s] Level 1:colcon.colcon_core.environment:checking '/home/lgq/go2_ws_toolbox/install/go2_slam' for CMake config files
[0.578s] Level 1:colcon.colcon_core.shell:create_environment_hook('go2_slam', 'cmake_prefix_path')
[0.578s] INFO:colcon.colcon_core.shell:Creating environment hook '/home/lgq/go2_ws_toolbox/install/go2_slam/share/go2_slam/hook/cmake_prefix_path.ps1'
[0.579s] INFO:colcon.colcon_core.shell:Creating environment descriptor '/home/lgq/go2_ws_toolbox/install/go2_slam/share/go2_slam/hook/cmake_prefix_path.dsv'
[0.579s] INFO:colcon.colcon_core.shell:Creating environment hook '/home/lgq/go2_ws_toolbox/install/go2_slam/share/go2_slam/hook/cmake_prefix_path.sh'
[0.579s] Level 1:colcon.colcon_core.environment:checking '/home/lgq/go2_ws_toolbox/install/go2_slam/bin'
[0.579s] Level 1:colcon.colcon_core.environment:checking '/home/lgq/go2_ws_toolbox/install/go2_slam/lib/pkgconfig/go2_slam.pc'
[0.580s] Level 1:colcon.colcon_core.environment:checking '/home/lgq/go2_ws_toolbox/install/go2_slam/lib/python3.10/site-packages'
[0.580s] Level 1:colcon.colcon_core.environment:checking '/home/lgq/go2_ws_toolbox/install/go2_slam/bin'
[0.580s] INFO:colcon.colcon_core.shell:Creating package script '/home/lgq/go2_ws_toolbox/install/go2_slam/share/go2_slam/package.ps1'
[0.581s] INFO:colcon.colcon_core.shell:Creating package descriptor '/home/lgq/go2_ws_toolbox/install/go2_slam/share/go2_slam/package.dsv'
[0.581s] INFO:colcon.colcon_core.shell:Creating package script '/home/lgq/go2_ws_toolbox/install/go2_slam/share/go2_slam/package.sh'
[0.581s] INFO:colcon.colcon_core.shell:Creating package script '/home/lgq/go2_ws_toolbox/install/go2_slam/share/go2_slam/package.bash'
[0.581s] INFO:colcon.colcon_core.shell:Creating package script '/home/lgq/go2_ws_toolbox/install/go2_slam/share/go2_slam/package.zsh'
[0.582s] Level 1:colcon.colcon_core.environment:create_file_with_runtime_dependencies(/home/lgq/go2_ws_toolbox/install/go2_slam/share/colcon-core/packages/go2_slam)
[0.585s] DEBUG:colcon.colcon_core.event_handler.log_command:Invoked command in '/home/lgq/go2_ws_toolbox/build/go2_twist_bridge' returned '0': CMAKE_PREFIX_PATH=${CMAKE_PREFIX_PATH}:/opt/ros/humble /usr/bin/cmake /home/lgq/go2_ws_toolbox/src/unitree-go2-slam-toolbox/src/base/go2_twist_bridge -DAMENT_CMAKE_SYMLINK_INSTALL=1 -DCMAKE_INSTALL_PREFIX=/home/lgq/go2_ws_toolbox/install/go2_twist_bridge
[0.586s] DEBUG:colcon.colcon_core.event_handler.log_command:Invoking command in '/home/lgq/go2_ws_toolbox/build/go2_twist_bridge': CMAKE_PREFIX_PATH=${CMAKE_PREFIX_PATH}:/opt/ros/humble /usr/bin/cmake --build /home/lgq/go2_ws_toolbox/build/go2_twist_bridge -- -j20 -l20
[0.626s] DEBUG:colcon.colcon_core.event_handler.log_command:Invoked command in '/home/lgq/go2_ws_toolbox/build/go2_driver' returned '0': CMAKE_PREFIX_PATH=${CMAKE_PREFIX_PATH}:/opt/ros/humble /usr/bin/cmake /home/lgq/go2_ws_toolbox/src/unitree-go2-slam-toolbox/src/base/go2_driver -DAMENT_CMAKE_SYMLINK_INSTALL=1 -DCMAKE_INSTALL_PREFIX=/home/lgq/go2_ws_toolbox/install/go2_driver
[0.627s] DEBUG:colcon.colcon_core.event_handler.log_command:Invoking command in '/home/lgq/go2_ws_toolbox/build/go2_driver': CMAKE_PREFIX_PATH=${CMAKE_PREFIX_PATH}:/opt/ros/humble /usr/bin/cmake --build /home/lgq/go2_ws_toolbox/build/go2_driver -- -j20 -l20
[0.628s] DEBUG:colcon.colcon_core.event_handler.log_command:Invoked command in '/home/lgq/go2_ws_toolbox/build/go2_core' returned '0': CMAKE_PREFIX_PATH=${CMAKE_PREFIX_PATH}:/opt/ros/humble /usr/bin/cmake /home/lgq/go2_ws_toolbox/src/unitree-go2-slam-toolbox/src/base/go2_core -DAMENT_CMAKE_SYMLINK_INSTALL=1 -DCMAKE_INSTALL_PREFIX=/home/lgq/go2_ws_toolbox/install/go2_core
[0.629s] DEBUG:colcon.colcon_core.event_handler.log_command:Invoking command in '/home/lgq/go2_ws_toolbox/build/go2_core': CMAKE_PREFIX_PATH=${CMAKE_PREFIX_PATH}:/opt/ros/humble /usr/bin/cmake --build /home/lgq/go2_ws_toolbox/build/go2_core -- -j20 -l20
[0.631s] DEBUG:colcon.colcon_core.event_handler.log_command:Invoked command in '/home/lgq/go2_ws_toolbox/build/go2_perception' returned '0': CMAKE_PREFIX_PATH=${CMAKE_PREFIX_PATH}:/opt/ros/humble /usr/bin/cmake /home/lgq/go2_ws_toolbox/src/unitree-go2-slam-toolbox/src/go2_perception -DAMENT_CMAKE_SYMLINK_INSTALL=1 -DCMAKE_INSTALL_PREFIX=/home/lgq/go2_ws_toolbox/install/go2_perception
[0.632s] DEBUG:colcon.colcon_core.event_handler.log_command:Invoking command in '/home/lgq/go2_ws_toolbox/build/go2_perception': CMAKE_PREFIX_PATH=${CMAKE_PREFIX_PATH}:/opt/ros/humble /usr/bin/cmake --build /home/lgq/go2_ws_toolbox/build/go2_perception -- -j20 -l20
[0.663s] DEBUG:colcon.colcon_core.event_handler.log_command:Invoked command in '/home/lgq/go2_ws_toolbox/build/go2_core' returned '0': CMAKE_PREFIX_PATH=${CMAKE_PREFIX_PATH}:/opt/ros/humble /usr/bin/cmake --build /home/lgq/go2_ws_toolbox/build/go2_core -- -j20 -l20
[0.666s] DEBUG:colcon.colcon_core.event_handler.log_command:Invoking command in '/home/lgq/go2_ws_toolbox/build/go2_core': CMAKE_PREFIX_PATH=${CMAKE_PREFIX_PATH}:/opt/ros/humble /usr/bin/cmake --install /home/lgq/go2_ws_toolbox/build/go2_core
[0.717s] DEBUG:colcon.colcon_core.event_handler.log_command:Invoked command in '/home/lgq/go2_ws_toolbox/build/go2_navigation2' returned '0': CMAKE_PREFIX_PATH=${CMAKE_PREFIX_PATH}:/opt/ros/humble /usr/bin/cmake --build /home/lgq/go2_ws_toolbox/build/go2_navigation2 -- -j20 -l20
[0.718s] DEBUG:colcon.colcon_core.event_handler.log_command:Invoking command in '/home/lgq/go2_ws_toolbox/build/go2_navigation2': CMAKE_PREFIX_PATH=${CMAKE_PREFIX_PATH}:/opt/ros/humble /usr/bin/cmake --install /home/lgq/go2_ws_toolbox/build/go2_navigation2
[0.910s] Level 1:colcon.colcon_core.environment:create_environment_scripts_only(go2_core)
[0.910s] Level 1:colcon.colcon_core.environment:checking '/home/lgq/go2_ws_toolbox/install/go2_core' for CMake module files
[0.911s] DEBUG:colcon.colcon_core.event_handler.log_command:Invoked command in '/home/lgq/go2_ws_toolbox/build/go2_core' returned '0': CMAKE_PREFIX_PATH=${CMAKE_PREFIX_PATH}:/opt/ros/humble /usr/bin/cmake --install /home/lgq/go2_ws_toolbox/build/go2_core
[0.912s] Level 1:colcon.colcon_core.environment:checking '/home/lgq/go2_ws_toolbox/install/go2_core' for CMake config files
[0.913s] Level 1:colcon.colcon_core.shell:create_environment_hook('go2_core', 'cmake_prefix_path')
[0.913s] INFO:colcon.colcon_core.shell:Creating environment hook '/home/lgq/go2_ws_toolbox/install/go2_core/share/go2_core/hook/cmake_prefix_path.ps1'
[0.914s] INFO:colcon.colcon_core.shell:Creating environment descriptor '/home/lgq/go2_ws_toolbox/install/go2_core/share/go2_core/hook/cmake_prefix_path.dsv'
[0.915s] INFO:colcon.colcon_core.shell:Creating environment hook '/home/lgq/go2_ws_toolbox/install/go2_core/share/go2_core/hook/cmake_prefix_path.sh'
[0.916s] Level 1:colcon.colcon_core.environment:checking '/home/lgq/go2_ws_toolbox/install/go2_core/bin'
[0.916s] Level 1:colcon.colcon_core.environment:checking '/home/lgq/go2_ws_toolbox/install/go2_core/lib/pkgconfig/go2_core.pc'
[0.917s] Level 1:colcon.colcon_core.environment:checking '/home/lgq/go2_ws_toolbox/install/go2_core/lib/python3.10/site-packages'
[0.917s] Level 1:colcon.colcon_core.environment:checking '/home/lgq/go2_ws_toolbox/install/go2_core/bin'
[0.918s] INFO:colcon.colcon_core.shell:Creating package script '/home/lgq/go2_ws_toolbox/install/go2_core/share/go2_core/package.ps1'
[0.919s] INFO:colcon.colcon_core.shell:Creating package descriptor '/home/lgq/go2_ws_toolbox/install/go2_core/share/go2_core/package.dsv'
[0.920s] INFO:colcon.colcon_core.shell:Creating package script '/home/lgq/go2_ws_toolbox/install/go2_core/share/go2_core/package.sh'
[0.921s] INFO:colcon.colcon_core.shell:Creating package script '/home/lgq/go2_ws_toolbox/install/go2_core/share/go2_core/package.bash'
[0.922s] INFO:colcon.colcon_core.shell:Creating package script '/home/lgq/go2_ws_toolbox/install/go2_core/share/go2_core/package.zsh'
[0.922s] Level 1:colcon.colcon_core.environment:create_file_with_runtime_dependencies(/home/lgq/go2_ws_toolbox/install/go2_core/share/colcon-core/packages/go2_core)
[0.923s] Level 1:colcon.colcon_core.environment:create_environment_scripts_only(go2_core)
[0.924s] Level 1:colcon.colcon_core.environment:checking '/home/lgq/go2_ws_toolbox/install/go2_core' for CMake module files
[0.924s] Level 1:colcon.colcon_core.environment:checking '/home/lgq/go2_ws_toolbox/install/go2_core' for CMake config files
[0.925s] Level 1:colcon.colcon_core.shell:create_environment_hook('go2_core', 'cmake_prefix_path')
[0.925s] INFO:colcon.colcon_core.shell:Creating environment hook '/home/lgq/go2_ws_toolbox/install/go2_core/share/go2_core/hook/cmake_prefix_path.ps1'
[0.926s] INFO:colcon.colcon_core.shell:Creating environment descriptor '/home/lgq/go2_ws_toolbox/install/go2_core/share/go2_core/hook/cmake_prefix_path.dsv'
[0.927s] INFO:colcon.colcon_core.shell:Creating environment hook '/home/lgq/go2_ws_toolbox/install/go2_core/share/go2_core/hook/cmake_prefix_path.sh'
[0.928s] Level 1:colcon.colcon_core.environment:checking '/home/lgq/go2_ws_toolbox/install/go2_core/bin'
[0.928s] Level 1:colcon.colcon_core.environment:checking '/home/lgq/go2_ws_toolbox/install/go2_core/lib/pkgconfig/go2_core.pc'
[0.928s] Level 1:colcon.colcon_core.environment:checking '/home/lgq/go2_ws_toolbox/install/go2_core/lib/python3.10/site-packages'
[0.929s] Level 1:colcon.colcon_core.environment:checking '/home/lgq/go2_ws_toolbox/install/go2_core/bin'
[0.929s] INFO:colcon.colcon_core.shell:Creating package script '/home/lgq/go2_ws_toolbox/install/go2_core/share/go2_core/package.ps1'
[0.931s] INFO:colcon.colcon_core.shell:Creating package descriptor '/home/lgq/go2_ws_toolbox/install/go2_core/share/go2_core/package.dsv'
[0.932s] INFO:colcon.colcon_core.shell:Creating package script '/home/lgq/go2_ws_toolbox/install/go2_core/share/go2_core/package.sh'
[0.933s] INFO:colcon.colcon_core.shell:Creating package script '/home/lgq/go2_ws_toolbox/install/go2_core/share/go2_core/package.bash'
[0.933s] INFO:colcon.colcon_core.shell:Creating package script '/home/lgq/go2_ws_toolbox/install/go2_core/share/go2_core/package.zsh'
[0.934s] Level 1:colcon.colcon_core.environment:create_file_with_runtime_dependencies(/home/lgq/go2_ws_toolbox/install/go2_core/share/colcon-core/packages/go2_core)
[0.967s] Level 1:colcon.colcon_core.environment:create_environment_scripts_only(go2_navigation2)
[0.967s] Level 1:colcon.colcon_core.environment:checking '/home/lgq/go2_ws_toolbox/install/go2_navigation2' for CMake module files
[0.968s] DEBUG:colcon.colcon_core.event_handler.log_command:Invoked command in '/home/lgq/go2_ws_toolbox/build/go2_navigation2' returned '0': CMAKE_PREFIX_PATH=${CMAKE_PREFIX_PATH}:/opt/ros/humble /usr/bin/cmake --install /home/lgq/go2_ws_toolbox/build/go2_navigation2
[0.969s] Level 1:colcon.colcon_core.environment:checking '/home/lgq/go2_ws_toolbox/install/go2_navigation2' for CMake config files
[0.969s] Level 1:colcon.colcon_core.shell:create_environment_hook('go2_navigation2', 'cmake_prefix_path')
[0.970s] INFO:colcon.colcon_core.shell:Creating environment hook '/home/lgq/go2_ws_toolbox/install/go2_navigation2/share/go2_navigation2/hook/cmake_prefix_path.ps1'
[0.971s] INFO:colcon.colcon_core.shell:Creating environment descriptor '/home/lgq/go2_ws_toolbox/install/go2_navigation2/share/go2_navigation2/hook/cmake_prefix_path.dsv'
[0.972s] INFO:colcon.colcon_core.shell:Creating environment hook '/home/lgq/go2_ws_toolbox/install/go2_navigation2/share/go2_navigation2/hook/cmake_prefix_path.sh'
[0.973s] Level 1:colcon.colcon_core.environment:checking '/home/lgq/go2_ws_toolbox/install/go2_navigation2/lib'
[0.974s] Level 1:colcon.colcon_core.environment:checking '/home/lgq/go2_ws_toolbox/install/go2_navigation2/bin'
[0.974s] Level 1:colcon.colcon_core.environment:checking '/home/lgq/go2_ws_toolbox/install/go2_navigation2/lib/pkgconfig/go2_navigation2.pc'
[0.975s] Level 1:colcon.colcon_core.environment:checking '/home/lgq/go2_ws_toolbox/install/go2_navigation2/lib/python3.10/site-packages'
[0.976s] Level 1:colcon.colcon_core.environment:checking '/home/lgq/go2_ws_toolbox/install/go2_navigation2/bin'
[0.977s] INFO:colcon.colcon_core.shell:Creating package script '/home/lgq/go2_ws_toolbox/install/go2_navigation2/share/go2_navigation2/package.ps1'
[0.978s] INFO:colcon.colcon_core.shell:Creating package descriptor '/home/lgq/go2_ws_toolbox/install/go2_navigation2/share/go2_navigation2/package.dsv'
[0.980s] INFO:colcon.colcon_core.shell:Creating package script '/home/lgq/go2_ws_toolbox/install/go2_navigation2/share/go2_navigation2/package.sh'
[0.981s] INFO:colcon.colcon_core.shell:Creating package script '/home/lgq/go2_ws_toolbox/install/go2_navigation2/share/go2_navigation2/package.bash'
[0.982s] INFO:colcon.colcon_core.shell:Creating package script '/home/lgq/go2_ws_toolbox/install/go2_navigation2/share/go2_navigation2/package.zsh'
[0.982s] Level 1:colcon.colcon_core.environment:create_file_with_runtime_dependencies(/home/lgq/go2_ws_toolbox/install/go2_navigation2/share/colcon-core/packages/go2_navigation2)
[0.983s] Level 1:colcon.colcon_core.environment:create_environment_scripts_only(go2_navigation2)
[0.983s] Level 1:colcon.colcon_core.environment:checking '/home/lgq/go2_ws_toolbox/install/go2_navigation2' for CMake module files
[0.984s] Level 1:colcon.colcon_core.environment:checking '/home/lgq/go2_ws_toolbox/install/go2_navigation2' for CMake config files
[0.984s] Level 1:colcon.colcon_core.shell:create_environment_hook('go2_navigation2', 'cmake_prefix_path')
[0.984s] INFO:colcon.colcon_core.shell:Creating environment hook '/home/lgq/go2_ws_toolbox/install/go2_navigation2/share/go2_navigation2/hook/cmake_prefix_path.ps1'
[0.985s] INFO:colcon.colcon_core.shell:Creating environment descriptor '/home/lgq/go2_ws_toolbox/install/go2_navigation2/share/go2_navigation2/hook/cmake_prefix_path.dsv'
[0.985s] INFO:colcon.colcon_core.shell:Creating environment hook '/home/lgq/go2_ws_toolbox/install/go2_navigation2/share/go2_navigation2/hook/cmake_prefix_path.sh'
[0.986s] Level 1:colcon.colcon_core.environment:checking '/home/lgq/go2_ws_toolbox/install/go2_navigation2/lib'
[0.986s] Level 1:colcon.colcon_core.environment:checking '/home/lgq/go2_ws_toolbox/install/go2_navigation2/bin'
[0.986s] Level 1:colcon.colcon_core.environment:checking '/home/lgq/go2_ws_toolbox/install/go2_navigation2/lib/pkgconfig/go2_navigation2.pc'
[0.986s] Level 1:colcon.colcon_core.environment:checking '/home/lgq/go2_ws_toolbox/install/go2_navigation2/lib/python3.10/site-packages'
[0.986s] Level 1:colcon.colcon_core.environment:checking '/home/lgq/go2_ws_toolbox/install/go2_navigation2/bin'
[0.987s] INFO:colcon.colcon_core.shell:Creating package script '/home/lgq/go2_ws_toolbox/install/go2_navigation2/share/go2_navigation2/package.ps1'
[0.987s] INFO:colcon.colcon_core.shell:Creating package descriptor '/home/lgq/go2_ws_toolbox/install/go2_navigation2/share/go2_navigation2/package.dsv'
[0.987s] INFO:colcon.colcon_core.shell:Creating package script '/home/lgq/go2_ws_toolbox/install/go2_navigation2/share/go2_navigation2/package.sh'
[0.988s] INFO:colcon.colcon_core.shell:Creating package script '/home/lgq/go2_ws_toolbox/install/go2_navigation2/share/go2_navigation2/package.bash'
[0.988s] INFO:colcon.colcon_core.shell:Creating package script '/home/lgq/go2_ws_toolbox/install/go2_navigation2/share/go2_navigation2/package.zsh'
[0.988s] Level 1:colcon.colcon_core.environment:create_file_with_runtime_dependencies(/home/lgq/go2_ws_toolbox/install/go2_navigation2/share/colcon-core/packages/go2_navigation2)
[1.068s] Level 1:colcon.colcon_core.environment:create_environment_scripts_only(go2_description)
[1.069s] Level 1:colcon.colcon_core.environment:checking '/home/lgq/go2_ws_toolbox/install/go2_description' for CMake module files
[1.069s] DEBUG:colcon.colcon_core.event_handler.log_command:Invoked command in '/home/lgq/go2_ws_toolbox/build/go2_description' returned '0': CMAKE_PREFIX_PATH=${CMAKE_PREFIX_PATH}:/opt/ros/humble /usr/bin/cmake --install /home/lgq/go2_ws_toolbox/build/go2_description
[1.070s] Level 1:colcon.colcon_core.environment:checking '/home/lgq/go2_ws_toolbox/install/go2_description' for CMake config files
[1.071s] Level 1:colcon.colcon_core.shell:create_environment_hook('go2_description', 'cmake_prefix_path')
[1.071s] INFO:colcon.colcon_core.shell:Creating environment hook '/home/lgq/go2_ws_toolbox/install/go2_description/share/go2_description/hook/cmake_prefix_path.ps1'
[1.072s] INFO:colcon.colcon_core.shell:Creating environment descriptor '/home/lgq/go2_ws_toolbox/install/go2_description/share/go2_description/hook/cmake_prefix_path.dsv'
[1.073s] INFO:colcon.colcon_core.shell:Creating environment hook '/home/lgq/go2_ws_toolbox/install/go2_description/share/go2_description/hook/cmake_prefix_path.sh'
[1.074s] Level 1:colcon.colcon_core.environment:checking '/home/lgq/go2_ws_toolbox/install/go2_description/bin'
[1.075s] Level 1:colcon.colcon_core.environment:checking '/home/lgq/go2_ws_toolbox/install/go2_description/lib/pkgconfig/go2_description.pc'
[1.075s] Level 1:colcon.colcon_core.environment:checking '/home/lgq/go2_ws_toolbox/install/go2_description/lib/python3.10/site-packages'
[1.075s] Level 1:colcon.colcon_core.environment:checking '/home/lgq/go2_ws_toolbox/install/go2_description/bin'
[1.076s] INFO:colcon.colcon_core.shell:Creating package script '/home/lgq/go2_ws_toolbox/install/go2_description/share/go2_description/package.ps1'
[1.077s] INFO:colcon.colcon_core.shell:Creating package descriptor '/home/lgq/go2_ws_toolbox/install/go2_description/share/go2_description/package.dsv'
[1.077s] INFO:colcon.colcon_core.shell:Creating package script '/home/lgq/go2_ws_toolbox/install/go2_description/share/go2_description/package.sh'
[1.078s] INFO:colcon.colcon_core.shell:Creating package script '/home/lgq/go2_ws_toolbox/install/go2_description/share/go2_description/package.bash'
[1.078s] INFO:colcon.colcon_core.shell:Creating package script '/home/lgq/go2_ws_toolbox/install/go2_description/share/go2_description/package.zsh'
[1.079s] Level 1:colcon.colcon_core.environment:create_file_with_runtime_dependencies(/home/lgq/go2_ws_toolbox/install/go2_description/share/colcon-core/packages/go2_description)
[1.079s] Level 1:colcon.colcon_core.environment:create_environment_scripts_only(go2_description)
[1.080s] Level 1:colcon.colcon_core.environment:checking '/home/lgq/go2_ws_toolbox/install/go2_description' for CMake module files
[1.080s] Level 1:colcon.colcon_core.environment:checking '/home/lgq/go2_ws_toolbox/install/go2_description' for CMake config files
[1.081s] Level 1:colcon.colcon_core.shell:create_environment_hook('go2_description', 'cmake_prefix_path')
[1.081s] INFO:colcon.colcon_core.shell:Creating environment hook '/home/lgq/go2_ws_toolbox/install/go2_description/share/go2_description/hook/cmake_prefix_path.ps1'
[1.082s] INFO:colcon.colcon_core.shell:Creating environment descriptor '/home/lgq/go2_ws_toolbox/install/go2_description/share/go2_description/hook/cmake_prefix_path.dsv'
[1.083s] INFO:colcon.colcon_core.shell:Creating environment hook '/home/lgq/go2_ws_toolbox/install/go2_description/share/go2_description/hook/cmake_prefix_path.sh'
[1.083s] Level 1:colcon.colcon_core.environment:checking '/home/lgq/go2_ws_toolbox/install/go2_description/bin'
[1.083s] Level 1:colcon.colcon_core.environment:checking '/home/lgq/go2_ws_toolbox/install/go2_description/lib/pkgconfig/go2_description.pc'
[1.084s] Level 1:colcon.colcon_core.environment:checking '/home/lgq/go2_ws_toolbox/install/go2_description/lib/python3.10/site-packages'
[1.084s] Level 1:colcon.colcon_core.environment:checking '/home/lgq/go2_ws_toolbox/install/go2_description/bin'
[1.084s] INFO:colcon.colcon_core.shell:Creating package script '/home/lgq/go2_ws_toolbox/install/go2_description/share/go2_description/package.ps1'
[1.085s] INFO:colcon.colcon_core.shell:Creating package descriptor '/home/lgq/go2_ws_toolbox/install/go2_description/share/go2_description/package.dsv'
[1.086s] INFO:colcon.colcon_core.shell:Creating package script '/home/lgq/go2_ws_toolbox/install/go2_description/share/go2_description/package.sh'
[1.086s] INFO:colcon.colcon_core.shell:Creating package script '/home/lgq/go2_ws_toolbox/install/go2_description/share/go2_description/package.bash'
[1.087s] INFO:colcon.colcon_core.shell:Creating package script '/home/lgq/go2_ws_toolbox/install/go2_description/share/go2_description/package.zsh'
[1.087s] Level 1:colcon.colcon_core.environment:create_file_with_runtime_dependencies(/home/lgq/go2_ws_toolbox/install/go2_description/share/colcon-core/packages/go2_description)
[1.300s] DEBUG:colcon.colcon_core.event_handler.log_command:Invoked command in '/home/lgq/go2_ws_toolbox/build/go2_twist_bridge' returned '0': CMAKE_PREFIX_PATH=${CMAKE_PREFIX_PATH}:/opt/ros/humble /usr/bin/cmake --build /home/lgq/go2_ws_toolbox/build/go2_twist_bridge -- -j20 -l20
[1.302s] DEBUG:colcon.colcon_core.event_handler.log_command:Invoking command in '/home/lgq/go2_ws_toolbox/build/go2_twist_bridge': CMAKE_PREFIX_PATH=${CMAKE_PREFIX_PATH}:/opt/ros/humble /usr/bin/cmake --install /home/lgq/go2_ws_toolbox/build/go2_twist_bridge
[1.396s] DEBUG:colcon.colcon_core.event_handler.log_command:Invoked command in '/home/lgq/go2_ws_toolbox/build/go2_perception' returned '0': CMAKE_PREFIX_PATH=${CMAKE_PREFIX_PATH}:/opt/ros/humble /usr/bin/cmake --build /home/lgq/go2_ws_toolbox/build/go2_perception -- -j20 -l20
[1.397s] DEBUG:colcon.colcon_core.event_handler.log_command:Invoking command in '/home/lgq/go2_ws_toolbox/build/go2_perception': CMAKE_PREFIX_PATH=${CMAKE_PREFIX_PATH}:/opt/ros/humble /usr/bin/cmake --install /home/lgq/go2_ws_toolbox/build/go2_perception
[1.418s] Level 1:colcon.colcon_core.environment:create_environment_scripts_only(go2_twist_bridge)
[1.419s] Level 1:colcon.colcon_core.environment:checking '/home/lgq/go2_ws_toolbox/install/go2_twist_bridge' for CMake module files
[1.419s] DEBUG:colcon.colcon_core.event_handler.log_command:Invoked command in '/home/lgq/go2_ws_toolbox/build/go2_twist_bridge' returned '0': CMAKE_PREFIX_PATH=${CMAKE_PREFIX_PATH}:/opt/ros/humble /usr/bin/cmake --install /home/lgq/go2_ws_toolbox/build/go2_twist_bridge
[1.419s] Level 1:colcon.colcon_core.environment:checking '/home/lgq/go2_ws_toolbox/install/go2_twist_bridge' for CMake config files
[1.420s] Level 1:colcon.colcon_core.shell:create_environment_hook('go2_twist_bridge', 'cmake_prefix_path')
[1.420s] INFO:colcon.colcon_core.shell:Creating environment hook '/home/lgq/go2_ws_toolbox/install/go2_twist_bridge/share/go2_twist_bridge/hook/cmake_prefix_path.ps1'
[1.420s] INFO:colcon.colcon_core.shell:Creating environment descriptor '/home/lgq/go2_ws_toolbox/install/go2_twist_bridge/share/go2_twist_bridge/hook/cmake_prefix_path.dsv'
[1.421s] INFO:colcon.colcon_core.shell:Creating environment hook '/home/lgq/go2_ws_toolbox/install/go2_twist_bridge/share/go2_twist_bridge/hook/cmake_prefix_path.sh'
[1.421s] Level 1:colcon.colcon_core.environment:checking '/home/lgq/go2_ws_toolbox/install/go2_twist_bridge/lib'
[1.421s] Level 1:colcon.colcon_core.environment:checking '/home/lgq/go2_ws_toolbox/install/go2_twist_bridge/bin'
[1.421s] Level 1:colcon.colcon_core.environment:checking '/home/lgq/go2_ws_toolbox/install/go2_twist_bridge/lib/pkgconfig/go2_twist_bridge.pc'
[1.422s] Level 1:colcon.colcon_core.environment:checking '/home/lgq/go2_ws_toolbox/install/go2_twist_bridge/lib/python3.10/site-packages'
[1.422s] Level 1:colcon.colcon_core.environment:checking '/home/lgq/go2_ws_toolbox/install/go2_twist_bridge/bin'
[1.422s] INFO:colcon.colcon_core.shell:Creating package script '/home/lgq/go2_ws_toolbox/install/go2_twist_bridge/share/go2_twist_bridge/package.ps1'
[1.423s] INFO:colcon.colcon_core.shell:Creating package descriptor '/home/lgq/go2_ws_toolbox/install/go2_twist_bridge/share/go2_twist_bridge/package.dsv'
[1.423s] INFO:colcon.colcon_core.shell:Creating package script '/home/lgq/go2_ws_toolbox/install/go2_twist_bridge/share/go2_twist_bridge/package.sh'
[1.423s] INFO:colcon.colcon_core.shell:Creating package script '/home/lgq/go2_ws_toolbox/install/go2_twist_bridge/share/go2_twist_bridge/package.bash'
[1.423s] INFO:colcon.colcon_core.shell:Creating package script '/home/lgq/go2_ws_toolbox/install/go2_twist_bridge/share/go2_twist_bridge/package.zsh'
[1.423s] Level 1:colcon.colcon_core.environment:create_file_with_runtime_dependencies(/home/lgq/go2_ws_toolbox/install/go2_twist_bridge/share/colcon-core/packages/go2_twist_bridge)
[1.424s] Level 1:colcon.colcon_core.environment:create_environment_scripts_only(go2_twist_bridge)
[1.424s] Level 1:colcon.colcon_core.environment:checking '/home/lgq/go2_ws_toolbox/install/go2_twist_bridge' for CMake module files
[1.424s] Level 1:colcon.colcon_core.environment:checking '/home/lgq/go2_ws_toolbox/install/go2_twist_bridge' for CMake config files
[1.424s] Level 1:colcon.colcon_core.shell:create_environment_hook('go2_twist_bridge', 'cmake_prefix_path')
[1.424s] INFO:colcon.colcon_core.shell:Creating environment hook '/home/lgq/go2_ws_toolbox/install/go2_twist_bridge/share/go2_twist_bridge/hook/cmake_prefix_path.ps1'
[1.424s] INFO:colcon.colcon_core.shell:Creating environment descriptor '/home/lgq/go2_ws_toolbox/install/go2_twist_bridge/share/go2_twist_bridge/hook/cmake_prefix_path.dsv'
[1.424s] INFO:colcon.colcon_core.shell:Creating environment hook '/home/lgq/go2_ws_toolbox/install/go2_twist_bridge/share/go2_twist_bridge/hook/cmake_prefix_path.sh'
[1.425s] Level 1:colcon.colcon_core.environment:checking '/home/lgq/go2_ws_toolbox/install/go2_twist_bridge/lib'
[1.425s] Level 1:colcon.colcon_core.environment:checking '/home/lgq/go2_ws_toolbox/install/go2_twist_bridge/bin'
[1.425s] Level 1:colcon.colcon_core.environment:checking '/home/lgq/go2_ws_toolbox/install/go2_twist_bridge/lib/pkgconfig/go2_twist_bridge.pc'
[1.425s] Level 1:colcon.colcon_core.environment:checking '/home/lgq/go2_ws_toolbox/install/go2_twist_bridge/lib/python3.10/site-packages'
[1.425s] Level 1:colcon.colcon_core.environment:checking '/home/lgq/go2_ws_toolbox/install/go2_twist_bridge/bin'
[1.425s] INFO:colcon.colcon_core.shell:Creating package script '/home/lgq/go2_ws_toolbox/install/go2_twist_bridge/share/go2_twist_bridge/package.ps1'
[1.426s] INFO:colcon.colcon_core.shell:Creating package descriptor '/home/lgq/go2_ws_toolbox/install/go2_twist_bridge/share/go2_twist_bridge/package.dsv'
[1.426s] INFO:colcon.colcon_core.shell:Creating package script '/home/lgq/go2_ws_toolbox/install/go2_twist_bridge/share/go2_twist_bridge/package.sh'
[1.426s] INFO:colcon.colcon_core.shell:Creating package script '/home/lgq/go2_ws_toolbox/install/go2_twist_bridge/share/go2_twist_bridge/package.bash'
[1.426s] INFO:colcon.colcon_core.shell:Creating package script '/home/lgq/go2_ws_toolbox/install/go2_twist_bridge/share/go2_twist_bridge/package.zsh'
[1.426s] Level 1:colcon.colcon_core.environment:create_file_with_runtime_dependencies(/home/lgq/go2_ws_toolbox/install/go2_twist_bridge/share/colcon-core/packages/go2_twist_bridge)
[1.522s] Level 1:colcon.colcon_core.environment:create_environment_scripts_only(go2_perception)
[1.523s] Level 1:colcon.colcon_core.environment:checking '/home/lgq/go2_ws_toolbox/install/go2_perception' for CMake module files
[1.523s] DEBUG:colcon.colcon_core.event_handler.log_command:Invoked command in '/home/lgq/go2_ws_toolbox/build/go2_perception' returned '0': CMAKE_PREFIX_PATH=${CMAKE_PREFIX_PATH}:/opt/ros/humble /usr/bin/cmake --install /home/lgq/go2_ws_toolbox/build/go2_perception
[1.523s] Level 1:colcon.colcon_core.environment:checking '/home/lgq/go2_ws_toolbox/install/go2_perception' for CMake config files
[1.523s] Level 1:colcon.colcon_core.shell:create_environment_hook('go2_perception', 'cmake_prefix_path')
[1.523s] INFO:colcon.colcon_core.shell:Creating environment hook '/home/lgq/go2_ws_toolbox/install/go2_perception/share/go2_perception/hook/cmake_prefix_path.ps1'
[1.524s] INFO:colcon.colcon_core.shell:Creating environment descriptor '/home/lgq/go2_ws_toolbox/install/go2_perception/share/go2_perception/hook/cmake_prefix_path.dsv'
[1.524s] INFO:colcon.colcon_core.shell:Creating environment hook '/home/lgq/go2_ws_toolbox/install/go2_perception/share/go2_perception/hook/cmake_prefix_path.sh'
[1.524s] Level 1:colcon.colcon_core.environment:checking '/home/lgq/go2_ws_toolbox/install/go2_perception/lib'
[1.524s] Level 1:colcon.colcon_core.shell:create_environment_hook('go2_perception', 'ld_library_path_lib')
[1.524s] INFO:colcon.colcon_core.shell:Creating environment hook '/home/lgq/go2_ws_toolbox/install/go2_perception/share/go2_perception/hook/ld_library_path_lib.ps1'
[1.525s] INFO:colcon.colcon_core.shell:Creating environment descriptor '/home/lgq/go2_ws_toolbox/install/go2_perception/share/go2_perception/hook/ld_library_path_lib.dsv'
[1.525s] INFO:colcon.colcon_core.shell:Creating environment hook '/home/lgq/go2_ws_toolbox/install/go2_perception/share/go2_perception/hook/ld_library_path_lib.sh'
[1.525s] Level 1:colcon.colcon_core.environment:checking '/home/lgq/go2_ws_toolbox/install/go2_perception/bin'
[1.525s] Level 1:colcon.colcon_core.environment:checking '/home/lgq/go2_ws_toolbox/install/go2_perception/lib/pkgconfig/go2_perception.pc'
[1.525s] Level 1:colcon.colcon_core.environment:checking '/home/lgq/go2_ws_toolbox/install/go2_perception/lib/python3.10/site-packages'
[1.525s] Level 1:colcon.colcon_core.environment:checking '/home/lgq/go2_ws_toolbox/install/go2_perception/bin'
[1.525s] INFO:colcon.colcon_core.shell:Creating package script '/home/lgq/go2_ws_toolbox/install/go2_perception/share/go2_perception/package.ps1'
[1.526s] INFO:colcon.colcon_core.shell:Creating package descriptor '/home/lgq/go2_ws_toolbox/install/go2_perception/share/go2_perception/package.dsv'
[1.526s] INFO:colcon.colcon_core.shell:Creating package script '/home/lgq/go2_ws_toolbox/install/go2_perception/share/go2_perception/package.sh'
[1.526s] INFO:colcon.colcon_core.shell:Creating package script '/home/lgq/go2_ws_toolbox/install/go2_perception/share/go2_perception/package.bash'
[1.526s] INFO:colcon.colcon_core.shell:Creating package script '/home/lgq/go2_ws_toolbox/install/go2_perception/share/go2_perception/package.zsh'
[1.526s] Level 1:colcon.colcon_core.environment:create_file_with_runtime_dependencies(/home/lgq/go2_ws_toolbox/install/go2_perception/share/colcon-core/packages/go2_perception)
[1.527s] Level 1:colcon.colcon_core.environment:create_environment_scripts_only(go2_perception)
[1.527s] Level 1:colcon.colcon_core.environment:checking '/home/lgq/go2_ws_toolbox/install/go2_perception' for CMake module files
[1.527s] Level 1:colcon.colcon_core.environment:checking '/home/lgq/go2_ws_toolbox/install/go2_perception' for CMake config files
[1.527s] Level 1:colcon.colcon_core.shell:create_environment_hook('go2_perception', 'cmake_prefix_path')
[1.527s] INFO:colcon.colcon_core.shell:Creating environment hook '/home/lgq/go2_ws_toolbox/install/go2_perception/share/go2_perception/hook/cmake_prefix_path.ps1'
[1.527s] INFO:colcon.colcon_core.shell:Creating environment descriptor '/home/lgq/go2_ws_toolbox/install/go2_perception/share/go2_perception/hook/cmake_prefix_path.dsv'
[1.528s] INFO:colcon.colcon_core.shell:Creating environment hook '/home/lgq/go2_ws_toolbox/install/go2_perception/share/go2_perception/hook/cmake_prefix_path.sh'
[1.528s] Level 1:colcon.colcon_core.environment:checking '/home/lgq/go2_ws_toolbox/install/go2_perception/lib'
[1.528s] Level 1:colcon.colcon_core.shell:create_environment_hook('go2_perception', 'ld_library_path_lib')
[1.528s] INFO:colcon.colcon_core.shell:Creating environment hook '/home/lgq/go2_ws_toolbox/install/go2_perception/share/go2_perception/hook/ld_library_path_lib.ps1'
[1.528s] INFO:colcon.colcon_core.shell:Creating environment descriptor '/home/lgq/go2_ws_toolbox/install/go2_perception/share/go2_perception/hook/ld_library_path_lib.dsv'
[1.529s] INFO:colcon.colcon_core.shell:Creating environment hook '/home/lgq/go2_ws_toolbox/install/go2_perception/share/go2_perception/hook/ld_library_path_lib.sh'
[1.529s] Level 1:colcon.colcon_core.environment:checking '/home/lgq/go2_ws_toolbox/install/go2_perception/bin'
[1.529s] Level 1:colcon.colcon_core.environment:checking '/home/lgq/go2_ws_toolbox/install/go2_perception/lib/pkgconfig/go2_perception.pc'
[1.529s] Level 1:colcon.colcon_core.environment:checking '/home/lgq/go2_ws_toolbox/install/go2_perception/lib/python3.10/site-packages'
[1.529s] Level 1:colcon.colcon_core.environment:checking '/home/lgq/go2_ws_toolbox/install/go2_perception/bin'
[1.529s] INFO:colcon.colcon_core.shell:Creating package script '/home/lgq/go2_ws_toolbox/install/go2_perception/share/go2_perception/package.ps1'
[1.530s] INFO:colcon.colcon_core.shell:Creating package descriptor '/home/lgq/go2_ws_toolbox/install/go2_perception/share/go2_perception/package.dsv'
[1.530s] INFO:colcon.colcon_core.shell:Creating package script '/home/lgq/go2_ws_toolbox/install/go2_perception/share/go2_perception/package.sh'
[1.530s] INFO:colcon.colcon_core.shell:Creating package script '/home/lgq/go2_ws_toolbox/install/go2_perception/share/go2_perception/package.bash'
[1.530s] INFO:colcon.colcon_core.shell:Creating package script '/home/lgq/go2_ws_toolbox/install/go2_perception/share/go2_perception/package.zsh'
[1.530s] Level 1:colcon.colcon_core.environment:create_file_with_runtime_dependencies(/home/lgq/go2_ws_toolbox/install/go2_perception/share/colcon-core/packages/go2_perception)
[1.559s] DEBUG:colcon.colcon_core.event_handler.log_command:Invoked command in '/home/lgq/go2_ws_toolbox/build/go2_driver' returned '0': CMAKE_PREFIX_PATH=${CMAKE_PREFIX_PATH}:/opt/ros/humble /usr/bin/cmake --build /home/lgq/go2_ws_toolbox/build/go2_driver -- -j20 -l20
[1.560s] DEBUG:colcon.colcon_core.event_handler.log_command:Invoking command in '/home/lgq/go2_ws_toolbox/build/go2_driver': CMAKE_PREFIX_PATH=${CMAKE_PREFIX_PATH}:/opt/ros/humble /usr/bin/cmake --install /home/lgq/go2_ws_toolbox/build/go2_driver
[1.809s] Level 1:colcon.colcon_core.environment:create_environment_scripts_only(go2_driver)
[1.809s] Level 1:colcon.colcon_core.environment:checking '/home/lgq/go2_ws_toolbox/install/go2_driver' for CMake module files
[1.811s] DEBUG:colcon.colcon_core.event_handler.log_command:Invoked command in '/home/lgq/go2_ws_toolbox/build/go2_driver' returned '0': CMAKE_PREFIX_PATH=${CMAKE_PREFIX_PATH}:/opt/ros/humble /usr/bin/cmake --install /home/lgq/go2_ws_toolbox/build/go2_driver
[1.812s] Level 1:colcon.colcon_core.environment:checking '/home/lgq/go2_ws_toolbox/install/go2_driver' for CMake config files
[1.812s] Level 1:colcon.colcon_core.shell:create_environment_hook('go2_driver', 'cmake_prefix_path')
[1.813s] INFO:colcon.colcon_core.shell:Creating environment hook '/home/lgq/go2_ws_toolbox/install/go2_driver/share/go2_driver/hook/cmake_prefix_path.ps1'
[1.814s] INFO:colcon.colcon_core.shell:Creating environment descriptor '/home/lgq/go2_ws_toolbox/install/go2_driver/share/go2_driver/hook/cmake_prefix_path.dsv'
[1.815s] INFO:colcon.colcon_core.shell:Creating environment hook '/home/lgq/go2_ws_toolbox/install/go2_driver/share/go2_driver/hook/cmake_prefix_path.sh'
[1.816s] Level 1:colcon.colcon_core.environment:checking '/home/lgq/go2_ws_toolbox/install/go2_driver/lib'
[1.816s] Level 1:colcon.colcon_core.environment:checking '/home/lgq/go2_ws_toolbox/install/go2_driver/bin'
[1.816s] Level 1:colcon.colcon_core.environment:checking '/home/lgq/go2_ws_toolbox/install/go2_driver/lib/pkgconfig/go2_driver.pc'
[1.817s] Level 1:colcon.colcon_core.environment:checking '/home/lgq/go2_ws_toolbox/install/go2_driver/lib/python3.10/site-packages'
[1.818s] Level 1:colcon.colcon_core.environment:checking '/home/lgq/go2_ws_toolbox/install/go2_driver/bin'
[1.818s] INFO:colcon.colcon_core.shell:Creating package script '/home/lgq/go2_ws_toolbox/install/go2_driver/share/go2_driver/package.ps1'
[1.820s] INFO:colcon.colcon_core.shell:Creating package descriptor '/home/lgq/go2_ws_toolbox/install/go2_driver/share/go2_driver/package.dsv'
[1.822s] INFO:colcon.colcon_core.shell:Creating package script '/home/lgq/go2_ws_toolbox/install/go2_driver/share/go2_driver/package.sh'
[1.822s] INFO:colcon.colcon_core.shell:Creating package script '/home/lgq/go2_ws_toolbox/install/go2_driver/share/go2_driver/package.bash'
[1.823s] INFO:colcon.colcon_core.shell:Creating package script '/home/lgq/go2_ws_toolbox/install/go2_driver/share/go2_driver/package.zsh'
[1.824s] Level 1:colcon.colcon_core.environment:create_file_with_runtime_dependencies(/home/lgq/go2_ws_toolbox/install/go2_driver/share/colcon-core/packages/go2_driver)
[1.825s] Level 1:colcon.colcon_core.environment:create_environment_scripts_only(go2_driver)
[1.825s] Level 1:colcon.colcon_core.environment:checking '/home/lgq/go2_ws_toolbox/install/go2_driver' for CMake module files
[1.826s] Level 1:colcon.colcon_core.environment:checking '/home/lgq/go2_ws_toolbox/install/go2_driver' for CMake config files
[1.827s] Level 1:colcon.colcon_core.shell:create_environment_hook('go2_driver', 'cmake_prefix_path')
[1.827s] INFO:colcon.colcon_core.shell:Creating environment hook '/home/lgq/go2_ws_toolbox/install/go2_driver/share/go2_driver/hook/cmake_prefix_path.ps1'
[1.828s] INFO:colcon.colcon_core.shell:Creating environment descriptor '/home/lgq/go2_ws_toolbox/install/go2_driver/share/go2_driver/hook/cmake_prefix_path.dsv'
[1.828s] INFO:colcon.colcon_core.shell:Creating environment hook '/home/lgq/go2_ws_toolbox/install/go2_driver/share/go2_driver/hook/cmake_prefix_path.sh'
[1.829s] Level 1:colcon.colcon_core.environment:checking '/home/lgq/go2_ws_toolbox/install/go2_driver/lib'
[1.829s] Level 1:colcon.colcon_core.environment:checking '/home/lgq/go2_ws_toolbox/install/go2_driver/bin'
[1.829s] Level 1:colcon.colcon_core.environment:checking '/home/lgq/go2_ws_toolbox/install/go2_driver/lib/pkgconfig/go2_driver.pc'
[1.830s] Level 1:colcon.colcon_core.environment:checking '/home/lgq/go2_ws_toolbox/install/go2_driver/lib/python3.10/site-packages'
[1.830s] Level 1:colcon.colcon_core.environment:checking '/home/lgq/go2_ws_toolbox/install/go2_driver/bin'
[1.830s] INFO:colcon.colcon_core.shell:Creating package script '/home/lgq/go2_ws_toolbox/install/go2_driver/share/go2_driver/package.ps1'
[1.831s] INFO:colcon.colcon_core.shell:Creating package descriptor '/home/lgq/go2_ws_toolbox/install/go2_driver/share/go2_driver/package.dsv'
[1.831s] INFO:colcon.colcon_core.shell:Creating package script '/home/lgq/go2_ws_toolbox/install/go2_driver/share/go2_driver/package.sh'
[1.832s] INFO:colcon.colcon_core.shell:Creating package script '/home/lgq/go2_ws_toolbox/install/go2_driver/share/go2_driver/package.bash'
[1.832s] INFO:colcon.colcon_core.shell:Creating package script '/home/lgq/go2_ws_toolbox/install/go2_driver/share/go2_driver/package.zsh'
[1.832s] Level 1:colcon.colcon_core.environment:create_file_with_runtime_dependencies(/home/lgq/go2_ws_toolbox/install/go2_driver/share/colcon-core/packages/go2_driver)
[1.833s] DEBUG:colcon.colcon_parallel_executor.executor.parallel:closing loop
[1.833s] DEBUG:colcon.colcon_parallel_executor.executor.parallel:loop closed
[1.833s] DEBUG:colcon.colcon_parallel_executor.executor.parallel:run_until_complete finished with '0'
[1.833s] DEBUG:colcon.colcon_core.event_reactor:joining thread
[1.838s] INFO:colcon.colcon_core.plugin_system:Skipping extension 'colcon_notification.desktop_notification.terminal_notifier': Not used on non-Darwin systems
[1.838s] INFO:colcon.colcon_core.plugin_system:Skipping extension 'colcon_notification.desktop_notification.win32': Not used on non-Windows systems
[1.838s] INFO:colcon.colcon_notification.desktop_notification:Sending desktop notification using 'notify2'
[1.855s] DEBUG:colcon.colcon_core.event_reactor:joined thread
[1.856s] INFO:colcon.colcon_core.shell:Creating prefix script '/home/lgq/go2_ws_toolbox/install/local_setup.ps1'
[1.857s] INFO:colcon.colcon_core.shell:Creating prefix util module '/home/lgq/go2_ws_toolbox/install/_local_setup_util_ps1.py'
[1.858s] INFO:colcon.colcon_core.shell:Creating prefix chain script '/home/lgq/go2_ws_toolbox/install/setup.ps1'
[1.859s] INFO:colcon.colcon_core.shell:Creating prefix script '/home/lgq/go2_ws_toolbox/install/local_setup.sh'
[1.859s] INFO:colcon.colcon_core.shell:Creating prefix util module '/home/lgq/go2_ws_toolbox/install/_local_setup_util_sh.py'
[1.860s] INFO:colcon.colcon_core.shell:Creating prefix chain script '/home/lgq/go2_ws_toolbox/install/setup.sh'
[1.861s] INFO:colcon.colcon_core.shell:Creating prefix script '/home/lgq/go2_ws_toolbox/install/local_setup.bash'
[1.862s] INFO:colcon.colcon_core.shell:Creating prefix chain script '/home/lgq/go2_ws_toolbox/install/setup.bash'
[1.863s] INFO:colcon.colcon_core.shell:Creating prefix script '/home/lgq/go2_ws_toolbox/install/local_setup.zsh'
[1.863s] INFO:colcon.colcon_core.shell:Creating prefix chain script '/home/lgq/go2_ws_toolbox/install/setup.zsh'
