-- Found ament_cmake: 1.3.12 (/opt/ros/humble/share/ament_cmake/cmake)
-- Override CMake install command with custom implementation using symlinks instead of copying resources
-- Found laser_geometry: 2.4.1 (/opt/ros/humble/share/laser_geometry/cmake)
-- Found rosidl_generator_c: 3.1.7 (/opt/ros/humble/share/rosidl_generator_c/cmake)
-- Found rosidl_adapter: 3.1.7 (/opt/ros/humble/share/rosidl_adapter/cmake)
-- Found rosidl_generator_cpp: 3.1.7 (/opt/ros/humble/share/rosidl_generator_cpp/cmake)
-- Using all available rosidl_typesupport_c: rosidl_typesupport_fastrtps_c;rosidl_typesupport_introspection_c
-- Using all available rosidl_typesupport_cpp: rosidl_typesupport_fastrtps_cpp;rosidl_typesupport_introspection_cpp
-- Found rmw_implementation_cmake: 6.1.2 (/opt/ros/humble/share/rmw_implementation_cmake/cmake)
-- Found rmw_cyclonedds_cpp: 1.3.4 (/home/lgq/unitree_ros2/cyclonedds_ws/install/rmw_cyclonedds_cpp/share/rmw_cyclonedds_cpp/cmake)
-- Using RMW implementation 'rmw_cyclonedds_cpp' as default
-- Found message_filters: 4.3.11 (/opt/ros/humble/share/message_filters/cmake)
-- Found rclcpp_components: 16.0.16 (/opt/ros/humble/share/rclcpp_components/cmake)
-- Found tf2_ros: 0.25.17 (/opt/ros/humble/share/tf2_ros/cmake)
-- Found tf2_sensor_msgs: 0.25.17 (/opt/ros/humble/share/tf2_sensor_msgs/cmake)
-- Found ament_lint_auto: 0.12.14 (/opt/ros/humble/share/ament_lint_auto/cmake)
-- Added test 'copyright' to check source files copyright and LICENSE
-- Added test 'cppcheck' to perform static code analysis on C / C++ code
-- Configured cppcheck include dirs: /home/lgq/go2_ws_toolbox/src/unitree-go2-slam-toolbox/src/go2_perception/include
-- Configured cppcheck exclude dirs and/or files: 
-- Added test 'cpplint' to check C / C++ code against the Google style
-- Configured cpplint exclude dirs and/or files: 
-- Added test 'flake8' to check Python code syntax and style conventions
-- Added test 'lint_cmake' to check CMake code style
-- Added test 'pep257' to check Python code against some of the docstring style conventions in PEP 257
-- Added test 'uncrustify' to check C / C++ code style
-- Configured uncrustify additional arguments: 
-- Added test 'xmllint' to check XML markup files
-- Configuring done
-- Generating done
-- Build files have been written to: /home/lgq/go2_ws_toolbox/build/go2_perception
[35m[1mConsolidate compiler generated dependencies of target pointcloud_to_laserscan[0m
[35m[1mConsolidate compiler generated dependencies of target pointcloud_to_laserscan_node[0m
[35m[1mConsolidate compiler generated dependencies of target cloud_accumulation[0m
[ 16%] [32m[1mLinking CXX executable cloud_accumulation[0m
[ 33%] [32m[1mLinking CXX shared library libpointcloud_to_laserscan.so[0m
[ 50%] [32m[1mLinking CXX executable pointcloud_to_laserscan_node[0m
[ 66%] Built target pointcloud_to_laserscan_node
[ 83%] Built target cloud_accumulation
[100%] Built target pointcloud_to_laserscan
-- Install configuration: ""
-- Execute custom install script
-- Symlinking: /home/lgq/go2_ws_toolbox/install/go2_perception/lib/go2_perception/pointcloud_to_laserscan_node
-- Symlinking: /home/lgq/go2_ws_toolbox/install/go2_perception/lib/libpointcloud_to_laserscan.so
-- Symlinking: /home/lgq/go2_ws_toolbox/install/go2_perception/lib/go2_perception/cloud_accumulation
-- Symlinking: /home/lgq/go2_ws_toolbox/install/go2_perception/share/go2_perception/launch/go2_pointcloud.launch.py
-- Symlinking: /home/lgq/go2_ws_toolbox/install/go2_perception/share/ament_index/resource_index/package_run_dependencies/go2_perception
-- Symlinking: /home/lgq/go2_ws_toolbox/install/go2_perception/share/ament_index/resource_index/parent_prefix_path/go2_perception
-- Symlinking: /home/lgq/go2_ws_toolbox/install/go2_perception/share/go2_perception/environment/ament_prefix_path.sh
-- Symlinking: /home/lgq/go2_ws_toolbox/install/go2_perception/share/go2_perception/environment/ament_prefix_path.dsv
-- Symlinking: /home/lgq/go2_ws_toolbox/install/go2_perception/share/go2_perception/environment/path.sh
-- Symlinking: /home/lgq/go2_ws_toolbox/install/go2_perception/share/go2_perception/environment/path.dsv
-- Symlinking: /home/lgq/go2_ws_toolbox/install/go2_perception/share/go2_perception/local_setup.bash
-- Symlinking: /home/lgq/go2_ws_toolbox/install/go2_perception/share/go2_perception/local_setup.sh
-- Symlinking: /home/lgq/go2_ws_toolbox/install/go2_perception/share/go2_perception/local_setup.zsh
-- Symlinking: /home/lgq/go2_ws_toolbox/install/go2_perception/share/go2_perception/local_setup.dsv
-- Symlinking: /home/lgq/go2_ws_toolbox/install/go2_perception/share/go2_perception/package.dsv
-- Symlinking: /home/lgq/go2_ws_toolbox/install/go2_perception/share/ament_index/resource_index/packages/go2_perception
-- Symlinking: /home/lgq/go2_ws_toolbox/install/go2_perception/share/ament_index/resource_index/rclcpp_components/go2_perception
-- Symlinking: /home/lgq/go2_ws_toolbox/install/go2_perception/share/go2_perception/cmake/go2_perceptionConfig.cmake
-- Symlinking: /home/lgq/go2_ws_toolbox/install/go2_perception/share/go2_perception/cmake/go2_perceptionConfig-version.cmake
-- Symlinking: /home/lgq/go2_ws_toolbox/install/go2_perception/share/go2_perception/package.xml
