[0.016s] Invoking command in '/home/lgq/go2_ws_toolbox/build/go2_perception': CMAKE_PREFIX_PATH=${CMAKE_PREFIX_PATH}:/opt/ros/humble /usr/bin/cmake /home/lgq/go2_ws_toolbox/src/unitree-go2-slam-toolbox/src/go2_perception -DAMENT_CMAKE_SYMLINK_INSTALL=1 -DCMAKE_INSTALL_PREFIX=/home/lgq/go2_ws_toolbox/install/go2_perception
[0.038s] -- Found ament_cmake: 1.3.12 (/opt/ros/humble/share/ament_cmake/cmake)
[0.135s] -- Override CMake install command with custom implementation using symlinks instead of copying resources
[0.142s] -- Found laser_geometry: 2.4.1 (/opt/ros/humble/share/laser_geometry/cmake)
[0.163s] -- Found rosidl_generator_c: 3.1.7 (/opt/ros/humble/share/rosidl_generator_c/cmake)
[0.164s] -- Found rosidl_adapter: 3.1.7 (/opt/ros/humble/share/rosidl_adapter/cmake)
[0.168s] -- Found rosidl_generator_cpp: 3.1.7 (/opt/ros/humble/share/rosidl_generator_cpp/cmake)
[0.173s] -- Using all available rosidl_typesupport_c: rosidl_typesupport_fastrtps_c;rosidl_typesupport_introspection_c
[0.180s] -- Using all available rosidl_typesupport_cpp: rosidl_typesupport_fastrtps_cpp;rosidl_typesupport_introspection_cpp
[0.199s] -- Found rmw_implementation_cmake: 6.1.2 (/opt/ros/humble/share/rmw_implementation_cmake/cmake)
[0.200s] -- Found rmw_cyclonedds_cpp: 1.3.4 (/home/lgq/unitree_ros2/cyclonedds_ws/install/rmw_cyclonedds_cpp/share/rmw_cyclonedds_cpp/cmake)
[0.209s] -- Using RMW implementation 'rmw_cyclonedds_cpp' as default
[0.263s] -- Found message_filters: 4.3.11 (/opt/ros/humble/share/message_filters/cmake)
[0.265s] -- Found rclcpp_components: 16.0.16 (/opt/ros/humble/share/rclcpp_components/cmake)
[0.277s] -- Found tf2_ros: 0.25.17 (/opt/ros/humble/share/tf2_ros/cmake)
[0.317s] -- Found tf2_sensor_msgs: 0.25.17 (/opt/ros/humble/share/tf2_sensor_msgs/cmake)
[0.331s] -- Found ament_lint_auto: 0.12.14 (/opt/ros/humble/share/ament_lint_auto/cmake)
[0.380s] -- Added test 'copyright' to check source files copyright and LICENSE
[0.381s] -- Added test 'cppcheck' to perform static code analysis on C / C++ code
[0.382s] -- Configured cppcheck include dirs: /home/lgq/go2_ws_toolbox/src/unitree-go2-slam-toolbox/src/go2_perception/include
[0.382s] -- Configured cppcheck exclude dirs and/or files: 
[0.382s] -- Added test 'cpplint' to check C / C++ code against the Google style
[0.382s] -- Configured cpplint exclude dirs and/or files: 
[0.383s] -- Added test 'flake8' to check Python code syntax and style conventions
[0.383s] -- Added test 'lint_cmake' to check CMake code style
[0.383s] -- Added test 'pep257' to check Python code against some of the docstring style conventions in PEP 257
[0.383s] -- Added test 'uncrustify' to check C / C++ code style
[0.383s] -- Configured uncrustify additional arguments: 
[0.383s] -- Added test 'xmllint' to check XML markup files
[0.384s] -- Configuring done
[0.401s] -- Generating done
[0.406s] -- Build files have been written to: /home/lgq/go2_ws_toolbox/build/go2_perception
[0.411s] Invoked command in '/home/lgq/go2_ws_toolbox/build/go2_perception' returned '0': CMAKE_PREFIX_PATH=${CMAKE_PREFIX_PATH}:/opt/ros/humble /usr/bin/cmake /home/lgq/go2_ws_toolbox/src/unitree-go2-slam-toolbox/src/go2_perception -DAMENT_CMAKE_SYMLINK_INSTALL=1 -DCMAKE_INSTALL_PREFIX=/home/lgq/go2_ws_toolbox/install/go2_perception
[0.412s] Invoking command in '/home/lgq/go2_ws_toolbox/build/go2_perception': CMAKE_PREFIX_PATH=${CMAKE_PREFIX_PATH}:/opt/ros/humble /usr/bin/cmake --build /home/lgq/go2_ws_toolbox/build/go2_perception -- -j20 -l20
[0.446s] [35m[1mConsolidate compiler generated dependencies of target pointcloud_to_laserscan[0m
[0.447s] [35m[1mConsolidate compiler generated dependencies of target pointcloud_to_laserscan_node[0m
[0.447s] [35m[1mConsolidate compiler generated dependencies of target cloud_accumulation[0m
[0.463s] [ 16%] [32m[1mLinking CXX executable cloud_accumulation[0m
[0.463s] [ 33%] [32m[1mLinking CXX shared library libpointcloud_to_laserscan.so[0m
[0.464s] [ 50%] [32m[1mLinking CXX executable pointcloud_to_laserscan_node[0m
[0.752s] [ 66%] Built target pointcloud_to_laserscan_node
[1.059s] [ 83%] Built target cloud_accumulation
[1.169s] [100%] Built target pointcloud_to_laserscan
[1.176s] Invoked command in '/home/lgq/go2_ws_toolbox/build/go2_perception' returned '0': CMAKE_PREFIX_PATH=${CMAKE_PREFIX_PATH}:/opt/ros/humble /usr/bin/cmake --build /home/lgq/go2_ws_toolbox/build/go2_perception -- -j20 -l20
[1.177s] Invoking command in '/home/lgq/go2_ws_toolbox/build/go2_perception': CMAKE_PREFIX_PATH=${CMAKE_PREFIX_PATH}:/opt/ros/humble /usr/bin/cmake --install /home/lgq/go2_ws_toolbox/build/go2_perception
[1.181s] -- Install configuration: ""
[1.181s] -- Execute custom install script
[1.181s] -- Symlinking: /home/lgq/go2_ws_toolbox/install/go2_perception/lib/go2_perception/pointcloud_to_laserscan_node
[1.189s] -- Symlinking: /home/lgq/go2_ws_toolbox/install/go2_perception/lib/libpointcloud_to_laserscan.so
[1.196s] -- Symlinking: /home/lgq/go2_ws_toolbox/install/go2_perception/lib/go2_perception/cloud_accumulation
[1.201s] -- Symlinking: /home/lgq/go2_ws_toolbox/install/go2_perception/share/go2_perception/launch/go2_pointcloud.launch.py
[1.206s] -- Symlinking: /home/lgq/go2_ws_toolbox/install/go2_perception/share/ament_index/resource_index/package_run_dependencies/go2_perception
[1.212s] -- Symlinking: /home/lgq/go2_ws_toolbox/install/go2_perception/share/ament_index/resource_index/parent_prefix_path/go2_perception
[1.219s] -- Symlinking: /home/lgq/go2_ws_toolbox/install/go2_perception/share/go2_perception/environment/ament_prefix_path.sh
[1.226s] -- Symlinking: /home/lgq/go2_ws_toolbox/install/go2_perception/share/go2_perception/environment/ament_prefix_path.dsv
[1.232s] -- Symlinking: /home/lgq/go2_ws_toolbox/install/go2_perception/share/go2_perception/environment/path.sh
[1.238s] -- Symlinking: /home/lgq/go2_ws_toolbox/install/go2_perception/share/go2_perception/environment/path.dsv
[1.244s] -- Symlinking: /home/lgq/go2_ws_toolbox/install/go2_perception/share/go2_perception/local_setup.bash
[1.248s] -- Symlinking: /home/lgq/go2_ws_toolbox/install/go2_perception/share/go2_perception/local_setup.sh
[1.254s] -- Symlinking: /home/lgq/go2_ws_toolbox/install/go2_perception/share/go2_perception/local_setup.zsh
[1.260s] -- Symlinking: /home/lgq/go2_ws_toolbox/install/go2_perception/share/go2_perception/local_setup.dsv
[1.266s] -- Symlinking: /home/lgq/go2_ws_toolbox/install/go2_perception/share/go2_perception/package.dsv
[1.272s] -- Symlinking: /home/lgq/go2_ws_toolbox/install/go2_perception/share/ament_index/resource_index/packages/go2_perception
[1.277s] -- Symlinking: /home/lgq/go2_ws_toolbox/install/go2_perception/share/ament_index/resource_index/rclcpp_components/go2_perception
[1.282s] -- Symlinking: /home/lgq/go2_ws_toolbox/install/go2_perception/share/go2_perception/cmake/go2_perceptionConfig.cmake
[1.289s] -- Symlinking: /home/lgq/go2_ws_toolbox/install/go2_perception/share/go2_perception/cmake/go2_perceptionConfig-version.cmake
[1.295s] -- Symlinking: /home/lgq/go2_ws_toolbox/install/go2_perception/share/go2_perception/package.xml
[1.303s] Invoked command in '/home/lgq/go2_ws_toolbox/build/go2_perception' returned '0': CMAKE_PREFIX_PATH=${CMAKE_PREFIX_PATH}:/opt/ros/humble /usr/bin/cmake --install /home/lgq/go2_ws_toolbox/build/go2_perception
