[0.020s] Invoking command in '/home/lgq/go2_ws_toolbox/build/go2_core': CMAKE_PREFIX_PATH=${CMAKE_PREFIX_PATH}:/home/lgq/ros2_ws/install/speech_processor:/home/lgq/ros2_ws/install/lidar_processor:/home/lgq/ros2_ws/install/go2_robot_sdk:/home/lgq/ros2_ws/install/coco_detector:/home/lgq/go2_ws/install/go2_robot_sdk:/home/lgq/go2_ws/install/coco_detector:/opt/ros/humble /usr/bin/cmake /home/lgq/go2_ws_toolbox/src/unitree-go2-slam-toolbox/src/base/go2_core -DCMAKE_INSTALL_PREFIX=/home/lgq/go2_ws_toolbox/install/go2_core
[0.075s] -- The C compiler identification is GNU 11.4.0
[0.133s] -- The CXX compiler identification is GNU 11.4.0
[0.137s] -- Detecting C compiler ABI info
[0.181s] -- Detecting C compiler ABI info - done
[0.185s] -- Check for working C compiler: /usr/bin/cc - skipped
[0.185s] -- Detecting C compile features
[0.185s] -- Detecting C compile features - done
[0.187s] -- Detecting CXX compiler ABI info
[0.243s] -- Detecting CXX compiler ABI info - done
[0.247s] -- Check for working CXX compiler: /usr/bin/c++ - skipped
[0.247s] -- Detecting CXX compile features
[0.248s] -- Detecting CXX compile features - done
[0.249s] -- Found ament_cmake: 1.3.12 (/opt/ros/humble/share/ament_cmake/cmake)
[0.365s] -- Found Python3: /usr/bin/python3 (found version "3.10.12") found components: Interpreter 
[0.431s] -- Found rclcpp: 16.0.16 (/opt/ros/humble/share/rclcpp/cmake)
[0.460s] -- Found rosidl_generator_c: 3.1.7 (/opt/ros/humble/share/rosidl_generator_c/cmake)
[0.464s] -- Found rosidl_adapter: 3.1.7 (/opt/ros/humble/share/rosidl_adapter/cmake)
[0.471s] -- Found rosidl_generator_cpp: 3.1.7 (/opt/ros/humble/share/rosidl_generator_cpp/cmake)
[0.479s] -- Using all available rosidl_typesupport_c: rosidl_typesupport_fastrtps_c;rosidl_typesupport_introspection_c
[0.490s] -- Using all available rosidl_typesupport_cpp: rosidl_typesupport_fastrtps_cpp;rosidl_typesupport_introspection_cpp
[0.521s] -- Found rmw_implementation_cmake: 6.1.2 (/opt/ros/humble/share/rmw_implementation_cmake/cmake)
[0.522s] -- Found rmw_cyclonedds_cpp: 1.3.4 (/home/lgq/unitree_ros2/cyclonedds_ws/install/rmw_cyclonedds_cpp/share/rmw_cyclonedds_cpp/cmake)
[0.534s] -- Using RMW implementation 'rmw_cyclonedds_cpp' as default
[0.541s] -- Looking for pthread.h
[0.587s] -- Looking for pthread.h - found
[0.587s] -- Performing Test CMAKE_HAVE_LIBC_PTHREAD
[0.637s] -- Performing Test CMAKE_HAVE_LIBC_PTHREAD - Success
[0.638s] -- Found Threads: TRUE  
[0.670s] -- Found unitree_go: 0.0.0 (/home/lgq/go2_ws/install/unitree_go/share/unitree_go/cmake)
[0.690s] -- Found unitree_api: 0.0.0 (/home/lgq/unitree_ros2/cyclonedds_ws/install/unitree_api/share/unitree_api/cmake)
[0.700s] -- Found nav_msgs: 4.9.0 (/opt/ros/humble/share/nav_msgs/cmake)
[0.711s] -- Found tf2: 0.25.17 (/opt/ros/humble/share/tf2/cmake)
[0.718s] -- Found tf2_ros: 0.25.17 (/opt/ros/humble/share/tf2_ros/cmake)
[0.779s] -- Found sensor_msgs: 4.9.0 (/opt/ros/humble/share/sensor_msgs/cmake)
[0.790s] -- Found ament_lint_auto: 0.12.14 (/opt/ros/humble/share/ament_lint_auto/cmake)
[0.862s] -- Added test 'cppcheck' to perform static code analysis on C / C++ code
[0.862s] -- Configured cppcheck include dirs: 
[0.862s] -- Configured cppcheck exclude dirs and/or files: 
[0.862s] -- Added test 'flake8' to check Python code syntax and style conventions
[0.863s] -- Added test 'lint_cmake' to check CMake code style
[0.863s] -- Added test 'pep257' to check Python code against some of the docstring style conventions in PEP 257
[0.864s] -- Added test 'uncrustify' to check C / C++ code style
[0.865s] -- Configured uncrustify additional arguments: 
[0.865s] -- Added test 'xmllint' to check XML markup files
[0.866s] -- Configuring done
[0.868s] -- Generating done
[0.870s] -- Build files have been written to: /home/lgq/go2_ws_toolbox/build/go2_core
[0.876s] Invoked command in '/home/lgq/go2_ws_toolbox/build/go2_core' returned '0': CMAKE_PREFIX_PATH=${CMAKE_PREFIX_PATH}:/home/lgq/ros2_ws/install/speech_processor:/home/lgq/ros2_ws/install/lidar_processor:/home/lgq/ros2_ws/install/go2_robot_sdk:/home/lgq/ros2_ws/install/coco_detector:/home/lgq/go2_ws/install/go2_robot_sdk:/home/lgq/go2_ws/install/coco_detector:/opt/ros/humble /usr/bin/cmake /home/lgq/go2_ws_toolbox/src/unitree-go2-slam-toolbox/src/base/go2_core -DCMAKE_INSTALL_PREFIX=/home/lgq/go2_ws_toolbox/install/go2_core
[0.877s] Invoking command in '/home/lgq/go2_ws_toolbox/build/go2_core': CMAKE_PREFIX_PATH=${CMAKE_PREFIX_PATH}:/home/lgq/ros2_ws/install/speech_processor:/home/lgq/ros2_ws/install/lidar_processor:/home/lgq/ros2_ws/install/go2_robot_sdk:/home/lgq/ros2_ws/install/coco_detector:/home/lgq/go2_ws/install/go2_robot_sdk:/home/lgq/go2_ws/install/coco_detector:/opt/ros/humble /usr/bin/cmake --build /home/lgq/go2_ws_toolbox/build/go2_core -- -j20 -l20
[0.904s] Invoked command in '/home/lgq/go2_ws_toolbox/build/go2_core' returned '0': CMAKE_PREFIX_PATH=${CMAKE_PREFIX_PATH}:/home/lgq/ros2_ws/install/speech_processor:/home/lgq/ros2_ws/install/lidar_processor:/home/lgq/ros2_ws/install/go2_robot_sdk:/home/lgq/ros2_ws/install/coco_detector:/home/lgq/go2_ws/install/go2_robot_sdk:/home/lgq/go2_ws/install/coco_detector:/opt/ros/humble /usr/bin/cmake --build /home/lgq/go2_ws_toolbox/build/go2_core -- -j20 -l20
[0.905s] Invoking command in '/home/lgq/go2_ws_toolbox/build/go2_core': CMAKE_PREFIX_PATH=${CMAKE_PREFIX_PATH}:/home/lgq/ros2_ws/install/speech_processor:/home/lgq/ros2_ws/install/lidar_processor:/home/lgq/ros2_ws/install/go2_robot_sdk:/home/lgq/ros2_ws/install/coco_detector:/home/lgq/go2_ws/install/go2_robot_sdk:/home/lgq/go2_ws/install/coco_detector:/opt/ros/humble /usr/bin/cmake --install /home/lgq/go2_ws_toolbox/build/go2_core
[0.911s] -- Install configuration: ""
[0.911s] -- Installing: /home/lgq/go2_ws_toolbox/install/go2_core/share/go2_core/launch
[0.911s] -- Installing: /home/lgq/go2_ws_toolbox/install/go2_core/share/go2_core/launch/go2_start.launch.py
[0.911s] -- Installing: /home/lgq/go2_ws_toolbox/install/go2_core/share/go2_core/launch/go2_robot_localization.launch.py
[0.911s] -- Installing: /home/lgq/go2_ws_toolbox/install/go2_core/share/go2_core/rviz2
[0.911s] -- Installing: /home/lgq/go2_ws_toolbox/install/go2_core/share/go2_core/rviz2/display.rviz
[0.911s] -- Installing: /home/lgq/go2_ws_toolbox/install/go2_core/share/go2_core/config
[0.911s] -- Installing: /home/lgq/go2_ws_toolbox/install/go2_core/share/go2_core/config/go2_ekf_params.yaml
[0.911s] -- Installing: /home/lgq/go2_ws_toolbox/install/go2_core/share/ament_index/resource_index/package_run_dependencies/go2_core
[0.912s] -- Installing: /home/lgq/go2_ws_toolbox/install/go2_core/share/ament_index/resource_index/parent_prefix_path/go2_core
[0.912s] -- Installing: /home/lgq/go2_ws_toolbox/install/go2_core/share/go2_core/environment/ament_prefix_path.sh
[0.912s] -- Installing: /home/lgq/go2_ws_toolbox/install/go2_core/share/go2_core/environment/ament_prefix_path.dsv
[0.912s] -- Installing: /home/lgq/go2_ws_toolbox/install/go2_core/share/go2_core/environment/path.sh
[0.912s] -- Installing: /home/lgq/go2_ws_toolbox/install/go2_core/share/go2_core/environment/path.dsv
[0.912s] -- Installing: /home/lgq/go2_ws_toolbox/install/go2_core/share/go2_core/local_setup.bash
[0.912s] -- Installing: /home/lgq/go2_ws_toolbox/install/go2_core/share/go2_core/local_setup.sh
[0.912s] -- Installing: /home/lgq/go2_ws_toolbox/install/go2_core/share/go2_core/local_setup.zsh
[0.912s] -- Installing: /home/lgq/go2_ws_toolbox/install/go2_core/share/go2_core/local_setup.dsv
[0.912s] -- Installing: /home/lgq/go2_ws_toolbox/install/go2_core/share/go2_core/package.dsv
[0.912s] -- Installing: /home/lgq/go2_ws_toolbox/install/go2_core/share/ament_index/resource_index/packages/go2_core
[0.912s] -- Installing: /home/lgq/go2_ws_toolbox/install/go2_core/share/go2_core/cmake/go2_coreConfig.cmake
[0.912s] -- Installing: /home/lgq/go2_ws_toolbox/install/go2_core/share/go2_core/cmake/go2_coreConfig-version.cmake
[0.912s] -- Installing: /home/lgq/go2_ws_toolbox/install/go2_core/share/go2_core/package.xml
[0.913s] Invoked command in '/home/lgq/go2_ws_toolbox/build/go2_core' returned '0': CMAKE_PREFIX_PATH=${CMAKE_PREFIX_PATH}:/home/lgq/ros2_ws/install/speech_processor:/home/lgq/ros2_ws/install/lidar_processor:/home/lgq/ros2_ws/install/go2_robot_sdk:/home/lgq/ros2_ws/install/coco_detector:/home/lgq/go2_ws/install/go2_robot_sdk:/home/lgq/go2_ws/install/coco_detector:/opt/ros/humble /usr/bin/cmake --install /home/lgq/go2_ws_toolbox/build/go2_core
