[0.020s] Invoking command in '/home/lgq/go2_ws_toolbox/build/go2_core': CMAKE_PREFIX_PATH=${CMAKE_PREFIX_PATH}:/opt/ros/humble /usr/bin/cmake --build /home/lgq/go2_ws_toolbox/build/go2_core -- -j20 -l20
[0.064s] Invoked command in '/home/lgq/go2_ws_toolbox/build/go2_core' returned '0': CMAKE_PREFIX_PATH=${CMAKE_PREFIX_PATH}:/opt/ros/humble /usr/bin/cmake --build /home/lgq/go2_ws_toolbox/build/go2_core -- -j20 -l20
[0.066s] Invoking command in '/home/lgq/go2_ws_toolbox/build/go2_core': CMAKE_PREFIX_PATH=${CMAKE_PREFIX_PATH}:/opt/ros/humble /usr/bin/cmake --install /home/lgq/go2_ws_toolbox/build/go2_core
[0.070s] -- Install configuration: ""
[0.070s] -- Up-to-date: /home/lgq/go2_ws_toolbox/install/go2_core/share/go2_core/launch
[0.070s] -- Up-to-date: /home/lgq/go2_ws_toolbox/install/go2_core/share/go2_core/launch/go2_start.launch.py
[0.073s] -- Up-to-date: /home/lgq/go2_ws_toolbox/install/go2_core/share/go2_core/launch/go2_robot_localization.launch.py
[0.073s] -- Up-to-date: /home/lgq/go2_ws_toolbox/install/go2_core/share/go2_core/rviz2
[0.073s] -- Up-to-date: /home/lgq/go2_ws_toolbox/install/go2_core/share/go2_core/rviz2/display.rviz
[0.073s] -- Up-to-date: /home/lgq/go2_ws_toolbox/install/go2_core/share/go2_core/config
[0.073s] -- Up-to-date: /home/lgq/go2_ws_toolbox/install/go2_core/share/go2_core/config/go2_ekf_params.yaml
[0.073s] -- Up-to-date: /home/lgq/go2_ws_toolbox/install/go2_core/share/ament_index/resource_index/package_run_dependencies/go2_core
[0.073s] -- Up-to-date: /home/lgq/go2_ws_toolbox/install/go2_core/share/ament_index/resource_index/parent_prefix_path/go2_core
[0.073s] -- Up-to-date: /home/lgq/go2_ws_toolbox/install/go2_core/share/go2_core/environment/ament_prefix_path.sh
[0.073s] -- Up-to-date: /home/lgq/go2_ws_toolbox/install/go2_core/share/go2_core/environment/ament_prefix_path.dsv
[0.073s] -- Up-to-date: /home/lgq/go2_ws_toolbox/install/go2_core/share/go2_core/environment/path.sh
[0.073s] -- Up-to-date: /home/lgq/go2_ws_toolbox/install/go2_core/share/go2_core/environment/path.dsv
[0.073s] -- Up-to-date: /home/lgq/go2_ws_toolbox/install/go2_core/share/go2_core/local_setup.bash
[0.073s] -- Up-to-date: /home/lgq/go2_ws_toolbox/install/go2_core/share/go2_core/local_setup.sh
[0.074s] -- Up-to-date: /home/lgq/go2_ws_toolbox/install/go2_core/share/go2_core/local_setup.zsh
[0.074s] -- Up-to-date: /home/lgq/go2_ws_toolbox/install/go2_core/share/go2_core/local_setup.dsv
[0.074s] -- Installing: /home/lgq/go2_ws_toolbox/install/go2_core/share/go2_core/package.dsv
[0.074s] -- Up-to-date: /home/lgq/go2_ws_toolbox/install/go2_core/share/ament_index/resource_index/packages/go2_core
[0.074s] -- Up-to-date: /home/lgq/go2_ws_toolbox/install/go2_core/share/go2_core/cmake/go2_coreConfig.cmake
[0.074s] -- Up-to-date: /home/lgq/go2_ws_toolbox/install/go2_core/share/go2_core/cmake/go2_coreConfig-version.cmake
[0.074s] -- Up-to-date: /home/lgq/go2_ws_toolbox/install/go2_core/share/go2_core/package.xml
[0.095s] Invoked command in '/home/lgq/go2_ws_toolbox/build/go2_core' returned '0': CMAKE_PREFIX_PATH=${CMAKE_PREFIX_PATH}:/opt/ros/humble /usr/bin/cmake --install /home/lgq/go2_ws_toolbox/build/go2_core
