[0.014s] Invoking command in '/home/lgq/go2_ws_toolbox/build/go2_slam': CMAKE_PREFIX_PATH=${CMAKE_PREFIX_PATH}:/home/lgq/ros2_ws/install/speech_processor:/home/lgq/ros2_ws/install/lidar_processor:/home/lgq/ros2_ws/install/go2_robot_sdk:/home/lgq/ros2_ws/install/coco_detector:/home/lgq/go2_ws/install/go2_robot_sdk:/home/lgq/go2_ws/install/coco_detector:/opt/ros/humble /usr/bin/cmake /home/lgq/go2_ws_toolbox/src/unitree-go2-slam-toolbox/src/go2_slam -DCMAKE_INSTALL_PREFIX=/home/lgq/go2_ws_toolbox/install/go2_slam
[0.066s] -- The C compiler identification is GNU 11.4.0
[0.114s] -- The CXX compiler identification is GNU 11.4.0
[0.118s] -- Detecting C compiler ABI info
[0.165s] -- Detecting C compiler ABI info - done
[0.169s] -- Check for working C compiler: /usr/bin/cc - skipped
[0.169s] -- Detecting C compile features
[0.169s] -- Detecting C compile features - done
[0.171s] -- Detecting CXX compiler ABI info
[0.225s] -- Detecting CXX compiler ABI info - done
[0.231s] -- Check for working CXX compiler: /usr/bin/c++ - skipped
[0.232s] -- Detecting CXX compile features
[0.232s] -- Detecting CXX compile features - done
[0.235s] -- Found ament_cmake: 1.3.12 (/opt/ros/humble/share/ament_cmake/cmake)
[0.369s] -- Found Python3: /usr/bin/python3 (found version "3.10.12") found components: Interpreter 
[0.475s] -- Found ament_lint_auto: 0.12.14 (/opt/ros/humble/share/ament_lint_auto/cmake)
[0.557s] -- Added test 'flake8' to check Python code syntax and style conventions
[0.557s] -- Added test 'lint_cmake' to check CMake code style
[0.557s] -- Added test 'pep257' to check Python code against some of the docstring style conventions in PEP 257
[0.558s] -- Added test 'xmllint' to check XML markup files
[0.559s] -- Configuring done
[0.560s] -- Generating done
[0.561s] -- Build files have been written to: /home/lgq/go2_ws_toolbox/build/go2_slam
[0.564s] Invoked command in '/home/lgq/go2_ws_toolbox/build/go2_slam' returned '0': CMAKE_PREFIX_PATH=${CMAKE_PREFIX_PATH}:/home/lgq/ros2_ws/install/speech_processor:/home/lgq/ros2_ws/install/lidar_processor:/home/lgq/ros2_ws/install/go2_robot_sdk:/home/lgq/ros2_ws/install/coco_detector:/home/lgq/go2_ws/install/go2_robot_sdk:/home/lgq/go2_ws/install/coco_detector:/opt/ros/humble /usr/bin/cmake /home/lgq/go2_ws_toolbox/src/unitree-go2-slam-toolbox/src/go2_slam -DCMAKE_INSTALL_PREFIX=/home/lgq/go2_ws_toolbox/install/go2_slam
[0.565s] Invoking command in '/home/lgq/go2_ws_toolbox/build/go2_slam': CMAKE_PREFIX_PATH=${CMAKE_PREFIX_PATH}:/home/lgq/ros2_ws/install/speech_processor:/home/lgq/ros2_ws/install/lidar_processor:/home/lgq/ros2_ws/install/go2_robot_sdk:/home/lgq/ros2_ws/install/coco_detector:/home/lgq/go2_ws/install/go2_robot_sdk:/home/lgq/go2_ws/install/coco_detector:/opt/ros/humble /usr/bin/cmake --build /home/lgq/go2_ws_toolbox/build/go2_slam -- -j20 -l20
[0.601s] Invoked command in '/home/lgq/go2_ws_toolbox/build/go2_slam' returned '0': CMAKE_PREFIX_PATH=${CMAKE_PREFIX_PATH}:/home/lgq/ros2_ws/install/speech_processor:/home/lgq/ros2_ws/install/lidar_processor:/home/lgq/ros2_ws/install/go2_robot_sdk:/home/lgq/ros2_ws/install/coco_detector:/home/lgq/go2_ws/install/go2_robot_sdk:/home/lgq/go2_ws/install/coco_detector:/opt/ros/humble /usr/bin/cmake --build /home/lgq/go2_ws_toolbox/build/go2_slam -- -j20 -l20
[0.602s] Invoking command in '/home/lgq/go2_ws_toolbox/build/go2_slam': CMAKE_PREFIX_PATH=${CMAKE_PREFIX_PATH}:/home/lgq/ros2_ws/install/speech_processor:/home/lgq/ros2_ws/install/lidar_processor:/home/lgq/ros2_ws/install/go2_robot_sdk:/home/lgq/ros2_ws/install/coco_detector:/home/lgq/go2_ws/install/go2_robot_sdk:/home/lgq/go2_ws/install/coco_detector:/opt/ros/humble /usr/bin/cmake --install /home/lgq/go2_ws_toolbox/build/go2_slam
[0.606s] -- Install configuration: ""
[0.606s] -- Installing: /home/lgq/go2_ws_toolbox/install/go2_slam/share/go2_slam/launch
[0.606s] -- Installing: /home/lgq/go2_ws_toolbox/install/go2_slam/share/go2_slam/launch/go2_slamtoolbox.launch.py
[0.606s] -- Installing: /home/lgq/go2_ws_toolbox/install/go2_slam/share/go2_slam/config
[0.606s] -- Installing: /home/lgq/go2_ws_toolbox/install/go2_slam/share/go2_slam/config/mapper_params_online_async.yaml
[0.607s] -- Installing: /home/lgq/go2_ws_toolbox/install/go2_slam/share/ament_index/resource_index/package_run_dependencies/go2_slam
[0.607s] -- Installing: /home/lgq/go2_ws_toolbox/install/go2_slam/share/ament_index/resource_index/parent_prefix_path/go2_slam
[0.607s] -- Installing: /home/lgq/go2_ws_toolbox/install/go2_slam/share/go2_slam/environment/ament_prefix_path.sh
[0.607s] -- Installing: /home/lgq/go2_ws_toolbox/install/go2_slam/share/go2_slam/environment/ament_prefix_path.dsv
[0.607s] -- Installing: /home/lgq/go2_ws_toolbox/install/go2_slam/share/go2_slam/environment/path.sh
[0.607s] -- Installing: /home/lgq/go2_ws_toolbox/install/go2_slam/share/go2_slam/environment/path.dsv
[0.607s] -- Installing: /home/lgq/go2_ws_toolbox/install/go2_slam/share/go2_slam/local_setup.bash
[0.607s] -- Installing: /home/lgq/go2_ws_toolbox/install/go2_slam/share/go2_slam/local_setup.sh
[0.607s] -- Installing: /home/lgq/go2_ws_toolbox/install/go2_slam/share/go2_slam/local_setup.zsh
[0.608s] -- Installing: /home/lgq/go2_ws_toolbox/install/go2_slam/share/go2_slam/local_setup.dsv
[0.608s] -- Installing: /home/lgq/go2_ws_toolbox/install/go2_slam/share/go2_slam/package.dsv
[0.608s] -- Installing: /home/lgq/go2_ws_toolbox/install/go2_slam/share/ament_index/resource_index/packages/go2_slam
[0.608s] -- Installing: /home/lgq/go2_ws_toolbox/install/go2_slam/share/go2_slam/cmake/go2_slamConfig.cmake
[0.608s] -- Installing: /home/lgq/go2_ws_toolbox/install/go2_slam/share/go2_slam/cmake/go2_slamConfig-version.cmake
[0.608s] -- Installing: /home/lgq/go2_ws_toolbox/install/go2_slam/share/go2_slam/package.xml
[0.610s] Invoked command in '/home/lgq/go2_ws_toolbox/build/go2_slam' returned '0': CMAKE_PREFIX_PATH=${CMAKE_PREFIX_PATH}:/home/lgq/ros2_ws/install/speech_processor:/home/lgq/ros2_ws/install/lidar_processor:/home/lgq/ros2_ws/install/go2_robot_sdk:/home/lgq/ros2_ws/install/coco_detector:/home/lgq/go2_ws/install/go2_robot_sdk:/home/lgq/go2_ws/install/coco_detector:/opt/ros/humble /usr/bin/cmake --install /home/lgq/go2_ws_toolbox/build/go2_slam
