[0.016s] Invoking command in '/home/lgq/go2_ws_toolbox/build/go2_driver': CMAKE_PREFIX_PATH=${CMAKE_PREFIX_PATH}:/home/lgq/ros2_ws/install/speech_processor:/home/lgq/ros2_ws/install/lidar_processor:/home/lgq/ros2_ws/install/go2_robot_sdk:/home/lgq/ros2_ws/install/coco_detector:/home/lgq/go2_ws/install/go2_robot_sdk:/home/lgq/go2_ws/install/coco_detector:/opt/ros/humble /usr/bin/cmake /home/lgq/go2_ws_toolbox/src/unitree-go2-slam-toolbox/src/base/go2_driver -DCMAKE_INSTALL_PREFIX=/home/lgq/go2_ws_toolbox/install/go2_driver
[0.069s] -- The C compiler identification is GNU 11.4.0
[0.142s] -- The CXX compiler identification is GNU 11.4.0
[0.148s] -- Detecting C compiler ABI info
[0.193s] -- Detecting C compiler ABI info - done
[0.200s] -- Check for working C compiler: /usr/bin/cc - skipped
[0.200s] -- Detecting C compile features
[0.201s] -- Detecting C compile features - done
[0.204s] -- Detecting CXX compiler ABI info
[0.255s] -- Detecting CXX compiler ABI info - done
[0.262s] -- Check for working CXX compiler: /usr/bin/c++ - skipped
[0.262s] -- Detecting CXX compile features
[0.263s] -- Detecting CXX compile features - done
[0.266s] -- Found ament_cmake: 1.3.12 (/opt/ros/humble/share/ament_cmake/cmake)
[0.388s] -- Found Python3: /usr/bin/python3 (found version "3.10.12") found components: Interpreter 
[0.455s] -- Found rclcpp: 16.0.16 (/opt/ros/humble/share/rclcpp/cmake)
[0.486s] -- Found rosidl_generator_c: 3.1.7 (/opt/ros/humble/share/rosidl_generator_c/cmake)
[0.490s] -- Found rosidl_adapter: 3.1.7 (/opt/ros/humble/share/rosidl_adapter/cmake)
[0.495s] -- Found rosidl_generator_cpp: 3.1.7 (/opt/ros/humble/share/rosidl_generator_cpp/cmake)
[0.504s] -- Using all available rosidl_typesupport_c: rosidl_typesupport_fastrtps_c;rosidl_typesupport_introspection_c
[0.515s] -- Using all available rosidl_typesupport_cpp: rosidl_typesupport_fastrtps_cpp;rosidl_typesupport_introspection_cpp
[0.547s] -- Found rmw_implementation_cmake: 6.1.2 (/opt/ros/humble/share/rmw_implementation_cmake/cmake)
[0.548s] -- Found rmw_cyclonedds_cpp: 1.3.4 (/home/lgq/unitree_ros2/cyclonedds_ws/install/rmw_cyclonedds_cpp/share/rmw_cyclonedds_cpp/cmake)
[0.560s] -- Using RMW implementation 'rmw_cyclonedds_cpp' as default
[0.566s] -- Looking for pthread.h
[0.612s] -- Looking for pthread.h - found
[0.612s] -- Performing Test CMAKE_HAVE_LIBC_PTHREAD
[0.661s] -- Performing Test CMAKE_HAVE_LIBC_PTHREAD - Success
[0.661s] -- Found Threads: TRUE  
[0.691s] -- Found unitree_go: 0.0.0 (/home/lgq/go2_ws/install/unitree_go/share/unitree_go/cmake)
[0.709s] -- Found nav_msgs: 4.9.0 (/opt/ros/humble/share/nav_msgs/cmake)
[0.719s] -- Found tf2: 0.25.17 (/opt/ros/humble/share/tf2/cmake)
[0.725s] -- Found tf2_ros: 0.25.17 (/opt/ros/humble/share/tf2_ros/cmake)
[0.782s] -- Found sensor_msgs: 4.9.0 (/opt/ros/humble/share/sensor_msgs/cmake)
[0.798s] -- Found ament_lint_auto: 0.12.14 (/opt/ros/humble/share/ament_lint_auto/cmake)
[0.861s] -- Added test 'cppcheck' to perform static code analysis on C / C++ code
[0.861s] -- Configured cppcheck include dirs: $<BUILD_INTERFACE:/home/lgq/go2_ws_toolbox/src/unitree-go2-slam-toolbox/src/base/go2_driver/include>
[0.861s] -- Configured cppcheck exclude dirs and/or files: 
[0.862s] -- Added test 'flake8' to check Python code syntax and style conventions
[0.863s] -- Added test 'lint_cmake' to check CMake code style
[0.863s] -- Added test 'pep257' to check Python code against some of the docstring style conventions in PEP 257
[0.864s] -- Added test 'uncrustify' to check C / C++ code style
[0.864s] -- Configured uncrustify additional arguments: 
[0.864s] -- Added test 'xmllint' to check XML markup files
[0.865s] -- Configuring done
[0.876s] -- Generating done
[0.880s] -- Build files have been written to: /home/lgq/go2_ws_toolbox/build/go2_driver
[0.886s] Invoked command in '/home/lgq/go2_ws_toolbox/build/go2_driver' returned '0': CMAKE_PREFIX_PATH=${CMAKE_PREFIX_PATH}:/home/lgq/ros2_ws/install/speech_processor:/home/lgq/ros2_ws/install/lidar_processor:/home/lgq/ros2_ws/install/go2_robot_sdk:/home/lgq/ros2_ws/install/coco_detector:/home/lgq/go2_ws/install/go2_robot_sdk:/home/lgq/go2_ws/install/coco_detector:/opt/ros/humble /usr/bin/cmake /home/lgq/go2_ws_toolbox/src/unitree-go2-slam-toolbox/src/base/go2_driver -DCMAKE_INSTALL_PREFIX=/home/lgq/go2_ws_toolbox/install/go2_driver
[0.887s] Invoking command in '/home/lgq/go2_ws_toolbox/build/go2_driver': CMAKE_PREFIX_PATH=${CMAKE_PREFIX_PATH}:/home/lgq/ros2_ws/install/speech_processor:/home/lgq/ros2_ws/install/lidar_processor:/home/lgq/ros2_ws/install/go2_robot_sdk:/home/lgq/ros2_ws/install/coco_detector:/home/lgq/go2_ws/install/go2_robot_sdk:/home/lgq/go2_ws/install/coco_detector:/opt/ros/humble /usr/bin/cmake --build /home/lgq/go2_ws_toolbox/build/go2_driver -- -j20 -l20
[0.921s] [ 16%] [32mBuilding CXX object CMakeFiles/footprint_to_link.dir/src/footprint_to_link.cpp.o[0m
[0.922s] [ 33%] [32mBuilding CXX object CMakeFiles/driver.dir/src/driver.cpp.o[0m
[0.922s] [ 50%] [32mBuilding CXX object CMakeFiles/lowstate_to_imu.dir/src/lowstate_to_imu.cpp.o[0m
[6.182s] [ 66%] [32m[1mLinking CXX executable footprint_to_link[0m
[6.515s] [ 83%] [32m[1mLinking CXX executable lowstate_to_imu[0m
[6.544s] [ 83%] Built target footprint_to_link
[6.790s] [ 83%] Built target lowstate_to_imu
[9.855s] [100%] [32m[1mLinking CXX executable driver[0m
[10.319s] [100%] Built target driver
[10.327s] Invoked command in '/home/lgq/go2_ws_toolbox/build/go2_driver' returned '0': CMAKE_PREFIX_PATH=${CMAKE_PREFIX_PATH}:/home/lgq/ros2_ws/install/speech_processor:/home/lgq/ros2_ws/install/lidar_processor:/home/lgq/ros2_ws/install/go2_robot_sdk:/home/lgq/ros2_ws/install/coco_detector:/home/lgq/go2_ws/install/go2_robot_sdk:/home/lgq/go2_ws/install/coco_detector:/opt/ros/humble /usr/bin/cmake --build /home/lgq/go2_ws_toolbox/build/go2_driver -- -j20 -l20
[10.328s] Invoking command in '/home/lgq/go2_ws_toolbox/build/go2_driver': CMAKE_PREFIX_PATH=${CMAKE_PREFIX_PATH}:/home/lgq/ros2_ws/install/speech_processor:/home/lgq/ros2_ws/install/lidar_processor:/home/lgq/ros2_ws/install/go2_robot_sdk:/home/lgq/ros2_ws/install/coco_detector:/home/lgq/go2_ws/install/go2_robot_sdk:/home/lgq/go2_ws/install/coco_detector:/opt/ros/humble /usr/bin/cmake --install /home/lgq/go2_ws_toolbox/build/go2_driver
[10.333s] -- Install configuration: ""
[10.333s] -- Installing: /home/lgq/go2_ws_toolbox/install/go2_driver/lib/go2_driver/driver
[10.337s] -- Set runtime path of "/home/lgq/go2_ws_toolbox/install/go2_driver/lib/go2_driver/driver" to ""
[10.337s] -- Installing: /home/lgq/go2_ws_toolbox/install/go2_driver/lib/go2_driver/footprint_to_link
[10.338s] -- Set runtime path of "/home/lgq/go2_ws_toolbox/install/go2_driver/lib/go2_driver/footprint_to_link" to ""
[10.338s] -- Installing: /home/lgq/go2_ws_toolbox/install/go2_driver/lib/go2_driver/lowstate_to_imu
[10.340s] -- Set runtime path of "/home/lgq/go2_ws_toolbox/install/go2_driver/lib/go2_driver/lowstate_to_imu" to ""
[10.340s] -- Installing: /home/lgq/go2_ws_toolbox/install/go2_driver/share/go2_driver/launch
[10.340s] -- Installing: /home/lgq/go2_ws_toolbox/install/go2_driver/share/go2_driver/launch/driver.launch.py
[10.340s] -- Installing: /home/lgq/go2_ws_toolbox/install/go2_driver/share/go2_driver/params
[10.340s] -- Installing: /home/lgq/go2_ws_toolbox/install/go2_driver/share/go2_driver/params/driver.yaml
[10.340s] -- Installing: /home/lgq/go2_ws_toolbox/install/go2_driver/share/go2_driver/rviz
[10.340s] -- Installing: /home/lgq/go2_ws_toolbox/install/go2_driver/share/go2_driver/rviz/display.rviz
[10.340s] -- Installing: /home/lgq/go2_ws_toolbox/install/go2_driver/share/ament_index/resource_index/package_run_dependencies/go2_driver
[10.340s] -- Installing: /home/lgq/go2_ws_toolbox/install/go2_driver/share/ament_index/resource_index/parent_prefix_path/go2_driver
[10.340s] -- Installing: /home/lgq/go2_ws_toolbox/install/go2_driver/share/go2_driver/environment/ament_prefix_path.sh
[10.340s] -- Installing: /home/lgq/go2_ws_toolbox/install/go2_driver/share/go2_driver/environment/ament_prefix_path.dsv
[10.340s] -- Installing: /home/lgq/go2_ws_toolbox/install/go2_driver/share/go2_driver/environment/path.sh
[10.340s] -- Installing: /home/lgq/go2_ws_toolbox/install/go2_driver/share/go2_driver/environment/path.dsv
[10.340s] -- Installing: /home/lgq/go2_ws_toolbox/install/go2_driver/share/go2_driver/local_setup.bash
[10.340s] -- Installing: /home/lgq/go2_ws_toolbox/install/go2_driver/share/go2_driver/local_setup.sh
[10.340s] -- Installing: /home/lgq/go2_ws_toolbox/install/go2_driver/share/go2_driver/local_setup.zsh
[10.340s] -- Installing: /home/lgq/go2_ws_toolbox/install/go2_driver/share/go2_driver/local_setup.dsv
[10.340s] -- Installing: /home/lgq/go2_ws_toolbox/install/go2_driver/share/go2_driver/package.dsv
[10.340s] -- Installing: /home/lgq/go2_ws_toolbox/install/go2_driver/share/ament_index/resource_index/packages/go2_driver
[10.340s] -- Installing: /home/lgq/go2_ws_toolbox/install/go2_driver/share/go2_driver/cmake/go2_driverConfig.cmake
[10.341s] -- Installing: /home/lgq/go2_ws_toolbox/install/go2_driver/share/go2_driver/cmake/go2_driverConfig-version.cmake
[10.341s] -- Installing: /home/lgq/go2_ws_toolbox/install/go2_driver/share/go2_driver/package.xml
[10.342s] Invoked command in '/home/lgq/go2_ws_toolbox/build/go2_driver' returned '0': CMAKE_PREFIX_PATH=${CMAKE_PREFIX_PATH}:/home/lgq/ros2_ws/install/speech_processor:/home/lgq/ros2_ws/install/lidar_processor:/home/lgq/ros2_ws/install/go2_robot_sdk:/home/lgq/ros2_ws/install/coco_detector:/home/lgq/go2_ws/install/go2_robot_sdk:/home/lgq/go2_ws/install/coco_detector:/opt/ros/humble /usr/bin/cmake --install /home/lgq/go2_ws_toolbox/build/go2_driver
