[0.014s] Invoking command in '/home/lgq/go2_ws_toolbox/build/go2_perception': CMAKE_PREFIX_PATH=${CMAKE_PREFIX_PATH}:/home/lgq/ros2_ws/install/speech_processor:/home/lgq/ros2_ws/install/lidar_processor:/home/lgq/ros2_ws/install/go2_robot_sdk:/home/lgq/ros2_ws/install/coco_detector:/home/lgq/go2_ws/install/go2_robot_sdk:/home/lgq/go2_ws/install/coco_detector:/opt/ros/humble /usr/bin/cmake /home/lgq/go2_ws_toolbox/src/unitree-go2-slam-toolbox/src/go2_perception -DCMAKE_INSTALL_PREFIX=/home/lgq/go2_ws_toolbox/install/go2_perception
[0.080s] -- The C compiler identification is GNU 11.4.0
[0.131s] -- The CXX compiler identification is GNU 11.4.0
[0.135s] -- Detecting C compiler ABI info
[0.180s] -- Detecting C compiler ABI info - done
[0.187s] -- Check for working C compiler: /usr/bin/cc - skipped
[0.187s] -- Detecting C compile features
[0.188s] -- Detecting C compile features - done
[0.190s] -- Detecting CXX compiler ABI info
[0.247s] -- Detecting CXX compiler ABI info - done
[0.252s] -- Check for working CXX compiler: /usr/bin/c++ - skipped
[0.252s] -- Detecting CXX compile features
[0.253s] -- Detecting CXX compile features - done
[0.255s] -- Found ament_cmake: 1.3.12 (/opt/ros/humble/share/ament_cmake/cmake)
[0.367s] -- Found Python3: /usr/bin/python3 (found version "3.10.12") found components: Interpreter 
[0.432s] -- Found laser_geometry: 2.4.1 (/opt/ros/humble/share/laser_geometry/cmake)
[0.471s] -- Found rosidl_generator_c: 3.1.7 (/opt/ros/humble/share/rosidl_generator_c/cmake)
[0.475s] -- Found rosidl_adapter: 3.1.7 (/opt/ros/humble/share/rosidl_adapter/cmake)
[0.481s] -- Found rosidl_generator_cpp: 3.1.7 (/opt/ros/humble/share/rosidl_generator_cpp/cmake)
[0.489s] -- Using all available rosidl_typesupport_c: rosidl_typesupport_fastrtps_c;rosidl_typesupport_introspection_c
[0.501s] -- Using all available rosidl_typesupport_cpp: rosidl_typesupport_fastrtps_cpp;rosidl_typesupport_introspection_cpp
[0.532s] -- Found rmw_implementation_cmake: 6.1.2 (/opt/ros/humble/share/rmw_implementation_cmake/cmake)
[0.534s] -- Found rmw_cyclonedds_cpp: 1.3.4 (/home/lgq/unitree_ros2/cyclonedds_ws/install/rmw_cyclonedds_cpp/share/rmw_cyclonedds_cpp/cmake)
[0.546s] -- Using RMW implementation 'rmw_cyclonedds_cpp' as default
[0.553s] -- Looking for pthread.h
[0.602s] -- Looking for pthread.h - found
[0.602s] -- Performing Test CMAKE_HAVE_LIBC_PTHREAD
[0.656s] -- Performing Test CMAKE_HAVE_LIBC_PTHREAD - Success
[0.657s] -- Found Threads: TRUE  
[0.716s] -- Found message_filters: 4.3.11 (/opt/ros/humble/share/message_filters/cmake)
[0.719s] -- Found rclcpp_components: 16.0.16 (/opt/ros/humble/share/rclcpp_components/cmake)
[0.733s] -- Found tf2_ros: 0.25.17 (/opt/ros/humble/share/tf2_ros/cmake)
[0.775s] -- Found tf2_sensor_msgs: 0.25.17 (/opt/ros/humble/share/tf2_sensor_msgs/cmake)
[0.789s] -- Found ament_lint_auto: 0.12.14 (/opt/ros/humble/share/ament_lint_auto/cmake)
[0.868s] -- Added test 'copyright' to check source files copyright and LICENSE
[0.869s] -- Added test 'cppcheck' to perform static code analysis on C / C++ code
[0.869s] -- Configured cppcheck include dirs: /home/lgq/go2_ws_toolbox/src/unitree-go2-slam-toolbox/src/go2_perception/include
[0.869s] -- Configured cppcheck exclude dirs and/or files: 
[0.870s] -- Added test 'cpplint' to check C / C++ code against the Google style
[0.870s] -- Configured cpplint exclude dirs and/or files: 
[0.870s] -- Added test 'flake8' to check Python code syntax and style conventions
[0.870s] -- Added test 'lint_cmake' to check CMake code style
[0.871s] -- Added test 'pep257' to check Python code against some of the docstring style conventions in PEP 257
[0.871s] -- Added test 'uncrustify' to check C / C++ code style
[0.871s] -- Configured uncrustify additional arguments: 
[0.871s] -- Added test 'xmllint' to check XML markup files
[0.872s] -- Configuring done
[0.885s] -- Generating done
[0.889s] -- Build files have been written to: /home/lgq/go2_ws_toolbox/build/go2_perception
[0.896s] Invoked command in '/home/lgq/go2_ws_toolbox/build/go2_perception' returned '0': CMAKE_PREFIX_PATH=${CMAKE_PREFIX_PATH}:/home/lgq/ros2_ws/install/speech_processor:/home/lgq/ros2_ws/install/lidar_processor:/home/lgq/ros2_ws/install/go2_robot_sdk:/home/lgq/ros2_ws/install/coco_detector:/home/lgq/go2_ws/install/go2_robot_sdk:/home/lgq/go2_ws/install/coco_detector:/opt/ros/humble /usr/bin/cmake /home/lgq/go2_ws_toolbox/src/unitree-go2-slam-toolbox/src/go2_perception -DCMAKE_INSTALL_PREFIX=/home/lgq/go2_ws_toolbox/install/go2_perception
[0.897s] Invoking command in '/home/lgq/go2_ws_toolbox/build/go2_perception': CMAKE_PREFIX_PATH=${CMAKE_PREFIX_PATH}:/home/lgq/ros2_ws/install/speech_processor:/home/lgq/ros2_ws/install/lidar_processor:/home/lgq/ros2_ws/install/go2_robot_sdk:/home/lgq/ros2_ws/install/coco_detector:/home/lgq/go2_ws/install/go2_robot_sdk:/home/lgq/go2_ws/install/coco_detector:/opt/ros/humble /usr/bin/cmake --build /home/lgq/go2_ws_toolbox/build/go2_perception -- -j20 -l20
[0.930s] [ 16%] [32mBuilding CXX object CMakeFiles/cloud_accumulation.dir/src/cloud_accumulation.cpp.o[0m
[0.931s] [ 33%] [32mBuilding CXX object CMakeFiles/pointcloud_to_laserscan_node.dir/rclcpp_components/node_main_pointcloud_to_laserscan_node.cpp.o[0m
[0.932s] [ 50%] [32mBuilding CXX object CMakeFiles/pointcloud_to_laserscan.dir/src/pointcloud_to_laserscan_node.cpp.o[0m
[3.111s] [ 66%] [32m[1mLinking CXX executable pointcloud_to_laserscan_node[0m
[3.218s] [ 66%] Built target pointcloud_to_laserscan_node
[6.413s] [ 83%] [32m[1mLinking CXX executable cloud_accumulation[0m
[6.698s] [ 83%] Built target cloud_accumulation
[7.944s] [100%] [32m[1mLinking CXX shared library libpointcloud_to_laserscan.so[0m
[8.277s] [100%] Built target pointcloud_to_laserscan
[8.284s] Invoked command in '/home/lgq/go2_ws_toolbox/build/go2_perception' returned '0': CMAKE_PREFIX_PATH=${CMAKE_PREFIX_PATH}:/home/lgq/ros2_ws/install/speech_processor:/home/lgq/ros2_ws/install/lidar_processor:/home/lgq/ros2_ws/install/go2_robot_sdk:/home/lgq/ros2_ws/install/coco_detector:/home/lgq/go2_ws/install/go2_robot_sdk:/home/lgq/go2_ws/install/coco_detector:/opt/ros/humble /usr/bin/cmake --build /home/lgq/go2_ws_toolbox/build/go2_perception -- -j20 -l20
[8.285s] Invoking command in '/home/lgq/go2_ws_toolbox/build/go2_perception': CMAKE_PREFIX_PATH=${CMAKE_PREFIX_PATH}:/home/lgq/ros2_ws/install/speech_processor:/home/lgq/ros2_ws/install/lidar_processor:/home/lgq/ros2_ws/install/go2_robot_sdk:/home/lgq/ros2_ws/install/coco_detector:/home/lgq/go2_ws/install/go2_robot_sdk:/home/lgq/go2_ws/install/coco_detector:/opt/ros/humble /usr/bin/cmake --install /home/lgq/go2_ws_toolbox/build/go2_perception
[8.292s] -- Install configuration: ""
[8.292s] -- Installing: /home/lgq/go2_ws_toolbox/install/go2_perception/lib/go2_perception/pointcloud_to_laserscan_node
[8.292s] -- Set runtime path of "/home/lgq/go2_ws_toolbox/install/go2_perception/lib/go2_perception/pointcloud_to_laserscan_node" to ""
[8.292s] -- Installing: /home/lgq/go2_ws_toolbox/install/go2_perception/lib/libpointcloud_to_laserscan.so
[8.298s] -- Set runtime path of "/home/lgq/go2_ws_toolbox/install/go2_perception/lib/libpointcloud_to_laserscan.so" to ""
[8.298s] -- Installing: /home/lgq/go2_ws_toolbox/install/go2_perception/lib/go2_perception/cloud_accumulation
[8.299s] -- Set runtime path of "/home/lgq/go2_ws_toolbox/install/go2_perception/lib/go2_perception/cloud_accumulation" to ""
[8.299s] -- Installing: /home/lgq/go2_ws_toolbox/install/go2_perception/share/go2_perception/launch
[8.299s] -- Installing: /home/lgq/go2_ws_toolbox/install/go2_perception/share/go2_perception/launch/go2_pointcloud.launch.py
[8.299s] -- Installing: /home/lgq/go2_ws_toolbox/install/go2_perception/share/ament_index/resource_index/package_run_dependencies/go2_perception
[8.300s] -- Installing: /home/lgq/go2_ws_toolbox/install/go2_perception/share/ament_index/resource_index/parent_prefix_path/go2_perception
[8.300s] -- Installing: /home/lgq/go2_ws_toolbox/install/go2_perception/share/go2_perception/environment/ament_prefix_path.sh
[8.300s] -- Installing: /home/lgq/go2_ws_toolbox/install/go2_perception/share/go2_perception/environment/ament_prefix_path.dsv
[8.300s] -- Installing: /home/lgq/go2_ws_toolbox/install/go2_perception/share/go2_perception/environment/path.sh
[8.300s] -- Installing: /home/lgq/go2_ws_toolbox/install/go2_perception/share/go2_perception/environment/path.dsv
[8.300s] -- Installing: /home/lgq/go2_ws_toolbox/install/go2_perception/share/go2_perception/local_setup.bash
[8.300s] -- Installing: /home/lgq/go2_ws_toolbox/install/go2_perception/share/go2_perception/local_setup.sh
[8.300s] -- Installing: /home/lgq/go2_ws_toolbox/install/go2_perception/share/go2_perception/local_setup.zsh
[8.300s] -- Installing: /home/lgq/go2_ws_toolbox/install/go2_perception/share/go2_perception/local_setup.dsv
[8.300s] -- Installing: /home/lgq/go2_ws_toolbox/install/go2_perception/share/go2_perception/package.dsv
[8.300s] -- Installing: /home/lgq/go2_ws_toolbox/install/go2_perception/share/ament_index/resource_index/packages/go2_perception
[8.300s] -- Installing: /home/lgq/go2_ws_toolbox/install/go2_perception/share/ament_index/resource_index/rclcpp_components/go2_perception
[8.300s] -- Installing: /home/lgq/go2_ws_toolbox/install/go2_perception/share/go2_perception/cmake/go2_perceptionConfig.cmake
[8.300s] -- Installing: /home/lgq/go2_ws_toolbox/install/go2_perception/share/go2_perception/cmake/go2_perceptionConfig-version.cmake
[8.300s] -- Installing: /home/lgq/go2_ws_toolbox/install/go2_perception/share/go2_perception/package.xml
[8.302s] Invoked command in '/home/lgq/go2_ws_toolbox/build/go2_perception' returned '0': CMAKE_PREFIX_PATH=${CMAKE_PREFIX_PATH}:/home/lgq/ros2_ws/install/speech_processor:/home/lgq/ros2_ws/install/lidar_processor:/home/lgq/ros2_ws/install/go2_robot_sdk:/home/lgq/ros2_ws/install/coco_detector:/home/lgq/go2_ws/install/go2_robot_sdk:/home/lgq/go2_ws/install/coco_detector:/opt/ros/humble /usr/bin/cmake --install /home/lgq/go2_ws_toolbox/build/go2_perception
