[0.056s] DEBUG:colcon:Command line arguments: ['/usr/bin/colcon', 'build']
[0.056s] DEBUG:colcon:Parsed command line arguments: Namespace(log_base=None, log_level=None, verb_name='build', build_base='build', install_base='install', merge_install=False, symlink_install=False, test_result_base=None, continue_on_error=False, executor='parallel', parallel_workers=20, event_handlers=None, ignore_user_meta=False, metas=['./colcon.meta'], base_paths=['.'], packages_ignore=None, packages_ignore_regex=None, paths=None, packages_up_to=None, packages_up_to_regex=None, packages_above=None, packages_above_and_dependencies=None, packages_above_depth=None, packages_select_by_dep=None, packages_skip_by_dep=None, packages_skip_up_to=None, packages_select_build_failed=False, packages_skip_build_finished=False, packages_select_test_failures=False, packages_skip_test_passed=False, packages_select=None, packages_skip=None, packages_select_regex=None, packages_skip_regex=None, packages_start=None, packages_end=None, allow_overriding=[], cmake_args=None, cmake_target=None, cmake_target_skip_unavailable=False, cmake_clean_cache=False, cmake_clean_first=False, cmake_force_configure=False, ament_cmake_args=None, catkin_cmake_args=None, catkin_skip_building_tests=False, verb_parser=<colcon_defaults.argument_parser.defaults.DefaultArgumentsDecorator object at 0x7392d08dd810>, verb_extension=<colcon_core.verb.build.BuildVerb object at 0x7392d08dd300>, main=<bound method BuildVerb.main of <colcon_core.verb.build.BuildVerb object at 0x7392d08dd300>>)
[0.143s] Level 1:colcon.colcon_core.package_discovery:discover_packages(colcon_meta) check parameters
[0.143s] Level 1:colcon.colcon_core.package_discovery:discover_packages(recursive) check parameters
[0.143s] Level 1:colcon.colcon_core.package_discovery:discover_packages(ignore) check parameters
[0.143s] Level 1:colcon.colcon_core.package_discovery:discover_packages(path) check parameters
[0.143s] Level 1:colcon.colcon_core.package_discovery:discover_packages(colcon_meta) discover
[0.143s] Level 1:colcon.colcon_core.package_discovery:discover_packages(recursive) discover
[0.143s] INFO:colcon.colcon_core.package_discovery:Crawling recursively for packages in '/home/lgq/go2_ws_toolbox'
[0.143s] Level 1:colcon.colcon_core.package_identification:_identify(.) by extensions ['ignore', 'ignore_ament_install']
[0.143s] Level 1:colcon.colcon_core.package_identification:_identify(.) by extension 'ignore'
[0.143s] Level 1:colcon.colcon_core.package_identification:_identify(.) by extension 'ignore_ament_install'
[0.143s] Level 1:colcon.colcon_core.package_identification:_identify(.) by extensions ['colcon_pkg']
[0.143s] Level 1:colcon.colcon_core.package_identification:_identify(.) by extension 'colcon_pkg'
[0.143s] Level 1:colcon.colcon_core.package_identification:_identify(.) by extensions ['colcon_meta']
[0.143s] Level 1:colcon.colcon_core.package_identification:_identify(.) by extension 'colcon_meta'
[0.143s] Level 1:colcon.colcon_core.package_identification:_identify(.) by extensions ['ros']
[0.143s] Level 1:colcon.colcon_core.package_identification:_identify(.) by extension 'ros'
[0.151s] Level 1:colcon.colcon_core.package_identification:_identify(.) by extensions ['cmake', 'python']
[0.151s] Level 1:colcon.colcon_core.package_identification:_identify(.) by extension 'cmake'
[0.151s] Level 1:colcon.colcon_core.package_identification:_identify(.) by extension 'python'
[0.151s] Level 1:colcon.colcon_core.package_identification:_identify(.) by extensions ['python_setup_py']
[0.151s] Level 1:colcon.colcon_core.package_identification:_identify(.) by extension 'python_setup_py'
[0.151s] Level 1:colcon.colcon_core.package_identification:_identify(build) by extensions ['ignore', 'ignore_ament_install']
[0.151s] Level 1:colcon.colcon_core.package_identification:_identify(build) by extension 'ignore'
[0.151s] Level 1:colcon.colcon_core.package_identification:_identify(build) ignored
[0.151s] Level 1:colcon.colcon_core.package_identification:_identify(install) by extensions ['ignore', 'ignore_ament_install']
[0.151s] Level 1:colcon.colcon_core.package_identification:_identify(install) by extension 'ignore'
[0.151s] Level 1:colcon.colcon_core.package_identification:_identify(install) ignored
[0.151s] Level 1:colcon.colcon_core.package_identification:_identify(log) by extensions ['ignore', 'ignore_ament_install']
[0.151s] Level 1:colcon.colcon_core.package_identification:_identify(log) by extension 'ignore'
[0.151s] Level 1:colcon.colcon_core.package_identification:_identify(log) ignored
[0.151s] Level 1:colcon.colcon_core.package_identification:_identify(src) by extensions ['ignore', 'ignore_ament_install']
[0.151s] Level 1:colcon.colcon_core.package_identification:_identify(src) by extension 'ignore'
[0.151s] Level 1:colcon.colcon_core.package_identification:_identify(src) by extension 'ignore_ament_install'
[0.151s] Level 1:colcon.colcon_core.package_identification:_identify(src) by extensions ['colcon_pkg']
[0.151s] Level 1:colcon.colcon_core.package_identification:_identify(src) by extension 'colcon_pkg'
[0.152s] Level 1:colcon.colcon_core.package_identification:_identify(src) by extensions ['colcon_meta']
[0.152s] Level 1:colcon.colcon_core.package_identification:_identify(src) by extension 'colcon_meta'
[0.152s] Level 1:colcon.colcon_core.package_identification:_identify(src) by extensions ['ros']
[0.152s] Level 1:colcon.colcon_core.package_identification:_identify(src) by extension 'ros'
[0.152s] Level 1:colcon.colcon_core.package_identification:_identify(src) by extensions ['cmake', 'python']
[0.152s] Level 1:colcon.colcon_core.package_identification:_identify(src) by extension 'cmake'
[0.152s] Level 1:colcon.colcon_core.package_identification:_identify(src) by extension 'python'
[0.152s] Level 1:colcon.colcon_core.package_identification:_identify(src) by extensions ['python_setup_py']
[0.152s] Level 1:colcon.colcon_core.package_identification:_identify(src) by extension 'python_setup_py'
[0.152s] Level 1:colcon.colcon_core.package_identification:_identify(src/unitree-go2-slam-toolbox) by extensions ['ignore', 'ignore_ament_install']
[0.152s] Level 1:colcon.colcon_core.package_identification:_identify(src/unitree-go2-slam-toolbox) by extension 'ignore'
[0.152s] Level 1:colcon.colcon_core.package_identification:_identify(src/unitree-go2-slam-toolbox) by extension 'ignore_ament_install'
[0.152s] Level 1:colcon.colcon_core.package_identification:_identify(src/unitree-go2-slam-toolbox) by extensions ['colcon_pkg']
[0.152s] Level 1:colcon.colcon_core.package_identification:_identify(src/unitree-go2-slam-toolbox) by extension 'colcon_pkg'
[0.152s] Level 1:colcon.colcon_core.package_identification:_identify(src/unitree-go2-slam-toolbox) by extensions ['colcon_meta']
[0.152s] Level 1:colcon.colcon_core.package_identification:_identify(src/unitree-go2-slam-toolbox) by extension 'colcon_meta'
[0.152s] Level 1:colcon.colcon_core.package_identification:_identify(src/unitree-go2-slam-toolbox) by extensions ['ros']
[0.152s] Level 1:colcon.colcon_core.package_identification:_identify(src/unitree-go2-slam-toolbox) by extension 'ros'
[0.152s] Level 1:colcon.colcon_core.package_identification:_identify(src/unitree-go2-slam-toolbox) by extensions ['cmake', 'python']
[0.152s] Level 1:colcon.colcon_core.package_identification:_identify(src/unitree-go2-slam-toolbox) by extension 'cmake'
[0.152s] Level 1:colcon.colcon_core.package_identification:_identify(src/unitree-go2-slam-toolbox) by extension 'python'
[0.152s] Level 1:colcon.colcon_core.package_identification:_identify(src/unitree-go2-slam-toolbox) by extensions ['python_setup_py']
[0.152s] Level 1:colcon.colcon_core.package_identification:_identify(src/unitree-go2-slam-toolbox) by extension 'python_setup_py'
[0.152s] Level 1:colcon.colcon_core.package_identification:_identify(src/unitree-go2-slam-toolbox/build) by extensions ['ignore', 'ignore_ament_install']
[0.152s] Level 1:colcon.colcon_core.package_identification:_identify(src/unitree-go2-slam-toolbox/build) by extension 'ignore'
[0.152s] Level 1:colcon.colcon_core.package_identification:_identify(src/unitree-go2-slam-toolbox/build) ignored
[0.152s] Level 1:colcon.colcon_core.package_identification:_identify(src/unitree-go2-slam-toolbox/install) by extensions ['ignore', 'ignore_ament_install']
[0.152s] Level 1:colcon.colcon_core.package_identification:_identify(src/unitree-go2-slam-toolbox/install) by extension 'ignore'
[0.152s] Level 1:colcon.colcon_core.package_identification:_identify(src/unitree-go2-slam-toolbox/install) ignored
[0.152s] Level 1:colcon.colcon_core.package_identification:_identify(src/unitree-go2-slam-toolbox/log) by extensions ['ignore', 'ignore_ament_install']
[0.152s] Level 1:colcon.colcon_core.package_identification:_identify(src/unitree-go2-slam-toolbox/log) by extension 'ignore'
[0.152s] Level 1:colcon.colcon_core.package_identification:_identify(src/unitree-go2-slam-toolbox/log) ignored
[0.152s] Level 1:colcon.colcon_core.package_identification:_identify(src/unitree-go2-slam-toolbox/src) by extensions ['ignore', 'ignore_ament_install']
[0.153s] Level 1:colcon.colcon_core.package_identification:_identify(src/unitree-go2-slam-toolbox/src) by extension 'ignore'
[0.153s] Level 1:colcon.colcon_core.package_identification:_identify(src/unitree-go2-slam-toolbox/src) by extension 'ignore_ament_install'
[0.153s] Level 1:colcon.colcon_core.package_identification:_identify(src/unitree-go2-slam-toolbox/src) by extensions ['colcon_pkg']
[0.153s] Level 1:colcon.colcon_core.package_identification:_identify(src/unitree-go2-slam-toolbox/src) by extension 'colcon_pkg'
[0.153s] Level 1:colcon.colcon_core.package_identification:_identify(src/unitree-go2-slam-toolbox/src) by extensions ['colcon_meta']
[0.153s] Level 1:colcon.colcon_core.package_identification:_identify(src/unitree-go2-slam-toolbox/src) by extension 'colcon_meta'
[0.153s] Level 1:colcon.colcon_core.package_identification:_identify(src/unitree-go2-slam-toolbox/src) by extensions ['ros']
[0.153s] Level 1:colcon.colcon_core.package_identification:_identify(src/unitree-go2-slam-toolbox/src) by extension 'ros'
[0.153s] Level 1:colcon.colcon_core.package_identification:_identify(src/unitree-go2-slam-toolbox/src) by extensions ['cmake', 'python']
[0.153s] Level 1:colcon.colcon_core.package_identification:_identify(src/unitree-go2-slam-toolbox/src) by extension 'cmake'
[0.153s] Level 1:colcon.colcon_core.package_identification:_identify(src/unitree-go2-slam-toolbox/src) by extension 'python'
[0.153s] Level 1:colcon.colcon_core.package_identification:_identify(src/unitree-go2-slam-toolbox/src) by extensions ['python_setup_py']
[0.153s] Level 1:colcon.colcon_core.package_identification:_identify(src/unitree-go2-slam-toolbox/src) by extension 'python_setup_py'
[0.153s] Level 1:colcon.colcon_core.package_identification:_identify(src/unitree-go2-slam-toolbox/src/base) by extensions ['ignore', 'ignore_ament_install']
[0.153s] Level 1:colcon.colcon_core.package_identification:_identify(src/unitree-go2-slam-toolbox/src/base) by extension 'ignore'
[0.153s] Level 1:colcon.colcon_core.package_identification:_identify(src/unitree-go2-slam-toolbox/src/base) by extension 'ignore_ament_install'
[0.153s] Level 1:colcon.colcon_core.package_identification:_identify(src/unitree-go2-slam-toolbox/src/base) by extensions ['colcon_pkg']
[0.153s] Level 1:colcon.colcon_core.package_identification:_identify(src/unitree-go2-slam-toolbox/src/base) by extension 'colcon_pkg'
[0.153s] Level 1:colcon.colcon_core.package_identification:_identify(src/unitree-go2-slam-toolbox/src/base) by extensions ['colcon_meta']
[0.153s] Level 1:colcon.colcon_core.package_identification:_identify(src/unitree-go2-slam-toolbox/src/base) by extension 'colcon_meta'
[0.153s] Level 1:colcon.colcon_core.package_identification:_identify(src/unitree-go2-slam-toolbox/src/base) by extensions ['ros']
[0.153s] Level 1:colcon.colcon_core.package_identification:_identify(src/unitree-go2-slam-toolbox/src/base) by extension 'ros'
[0.153s] Level 1:colcon.colcon_core.package_identification:_identify(src/unitree-go2-slam-toolbox/src/base) by extensions ['cmake', 'python']
[0.153s] Level 1:colcon.colcon_core.package_identification:_identify(src/unitree-go2-slam-toolbox/src/base) by extension 'cmake'
[0.153s] Level 1:colcon.colcon_core.package_identification:_identify(src/unitree-go2-slam-toolbox/src/base) by extension 'python'
[0.153s] Level 1:colcon.colcon_core.package_identification:_identify(src/unitree-go2-slam-toolbox/src/base) by extensions ['python_setup_py']
[0.153s] Level 1:colcon.colcon_core.package_identification:_identify(src/unitree-go2-slam-toolbox/src/base) by extension 'python_setup_py'
[0.153s] Level 1:colcon.colcon_core.package_identification:_identify(src/unitree-go2-slam-toolbox/src/base/go2_core) by extensions ['ignore', 'ignore_ament_install']
[0.153s] Level 1:colcon.colcon_core.package_identification:_identify(src/unitree-go2-slam-toolbox/src/base/go2_core) by extension 'ignore'
[0.153s] Level 1:colcon.colcon_core.package_identification:_identify(src/unitree-go2-slam-toolbox/src/base/go2_core) by extension 'ignore_ament_install'
[0.153s] Level 1:colcon.colcon_core.package_identification:_identify(src/unitree-go2-slam-toolbox/src/base/go2_core) by extensions ['colcon_pkg']
[0.153s] Level 1:colcon.colcon_core.package_identification:_identify(src/unitree-go2-slam-toolbox/src/base/go2_core) by extension 'colcon_pkg'
[0.153s] Level 1:colcon.colcon_core.package_identification:_identify(src/unitree-go2-slam-toolbox/src/base/go2_core) by extensions ['colcon_meta']
[0.153s] Level 1:colcon.colcon_core.package_identification:_identify(src/unitree-go2-slam-toolbox/src/base/go2_core) by extension 'colcon_meta'
[0.153s] Level 1:colcon.colcon_core.package_identification:_identify(src/unitree-go2-slam-toolbox/src/base/go2_core) by extensions ['ros']
[0.153s] Level 1:colcon.colcon_core.package_identification:_identify(src/unitree-go2-slam-toolbox/src/base/go2_core) by extension 'ros'
[0.156s] DEBUG:colcon.colcon_core.package_identification:Package 'src/unitree-go2-slam-toolbox/src/base/go2_core' with type 'ros.ament_cmake' and name 'go2_core'
[0.156s] Level 1:colcon.colcon_core.package_identification:_identify(src/unitree-go2-slam-toolbox/src/base/go2_driver) by extensions ['ignore', 'ignore_ament_install']
[0.157s] Level 1:colcon.colcon_core.package_identification:_identify(src/unitree-go2-slam-toolbox/src/base/go2_driver) by extension 'ignore'
[0.157s] Level 1:colcon.colcon_core.package_identification:_identify(src/unitree-go2-slam-toolbox/src/base/go2_driver) by extension 'ignore_ament_install'
[0.157s] Level 1:colcon.colcon_core.package_identification:_identify(src/unitree-go2-slam-toolbox/src/base/go2_driver) by extensions ['colcon_pkg']
[0.157s] Level 1:colcon.colcon_core.package_identification:_identify(src/unitree-go2-slam-toolbox/src/base/go2_driver) by extension 'colcon_pkg'
[0.157s] Level 1:colcon.colcon_core.package_identification:_identify(src/unitree-go2-slam-toolbox/src/base/go2_driver) by extensions ['colcon_meta']
[0.157s] Level 1:colcon.colcon_core.package_identification:_identify(src/unitree-go2-slam-toolbox/src/base/go2_driver) by extension 'colcon_meta'
[0.157s] Level 1:colcon.colcon_core.package_identification:_identify(src/unitree-go2-slam-toolbox/src/base/go2_driver) by extensions ['ros']
[0.157s] Level 1:colcon.colcon_core.package_identification:_identify(src/unitree-go2-slam-toolbox/src/base/go2_driver) by extension 'ros'
[0.157s] DEBUG:colcon.colcon_core.package_identification:Package 'src/unitree-go2-slam-toolbox/src/base/go2_driver' with type 'ros.ament_cmake' and name 'go2_driver'
[0.157s] Level 1:colcon.colcon_core.package_identification:_identify(src/unitree-go2-slam-toolbox/src/base/go2_twist_bridge) by extensions ['ignore', 'ignore_ament_install']
[0.157s] Level 1:colcon.colcon_core.package_identification:_identify(src/unitree-go2-slam-toolbox/src/base/go2_twist_bridge) by extension 'ignore'
[0.158s] Level 1:colcon.colcon_core.package_identification:_identify(src/unitree-go2-slam-toolbox/src/base/go2_twist_bridge) by extension 'ignore_ament_install'
[0.158s] Level 1:colcon.colcon_core.package_identification:_identify(src/unitree-go2-slam-toolbox/src/base/go2_twist_bridge) by extensions ['colcon_pkg']
[0.158s] Level 1:colcon.colcon_core.package_identification:_identify(src/unitree-go2-slam-toolbox/src/base/go2_twist_bridge) by extension 'colcon_pkg'
[0.158s] Level 1:colcon.colcon_core.package_identification:_identify(src/unitree-go2-slam-toolbox/src/base/go2_twist_bridge) by extensions ['colcon_meta']
[0.158s] Level 1:colcon.colcon_core.package_identification:_identify(src/unitree-go2-slam-toolbox/src/base/go2_twist_bridge) by extension 'colcon_meta'
[0.158s] Level 1:colcon.colcon_core.package_identification:_identify(src/unitree-go2-slam-toolbox/src/base/go2_twist_bridge) by extensions ['ros']
[0.158s] Level 1:colcon.colcon_core.package_identification:_identify(src/unitree-go2-slam-toolbox/src/base/go2_twist_bridge) by extension 'ros'
[0.158s] DEBUG:colcon.colcon_core.package_identification:Package 'src/unitree-go2-slam-toolbox/src/base/go2_twist_bridge' with type 'ros.ament_cmake' and name 'go2_twist_bridge'
[0.158s] Level 1:colcon.colcon_core.package_identification:_identify(src/unitree-go2-slam-toolbox/src/go2_description) by extensions ['ignore', 'ignore_ament_install']
[0.158s] Level 1:colcon.colcon_core.package_identification:_identify(src/unitree-go2-slam-toolbox/src/go2_description) by extension 'ignore'
[0.158s] Level 1:colcon.colcon_core.package_identification:_identify(src/unitree-go2-slam-toolbox/src/go2_description) by extension 'ignore_ament_install'
[0.158s] Level 1:colcon.colcon_core.package_identification:_identify(src/unitree-go2-slam-toolbox/src/go2_description) by extensions ['colcon_pkg']
[0.158s] Level 1:colcon.colcon_core.package_identification:_identify(src/unitree-go2-slam-toolbox/src/go2_description) by extension 'colcon_pkg'
[0.158s] Level 1:colcon.colcon_core.package_identification:_identify(src/unitree-go2-slam-toolbox/src/go2_description) by extensions ['colcon_meta']
[0.158s] Level 1:colcon.colcon_core.package_identification:_identify(src/unitree-go2-slam-toolbox/src/go2_description) by extension 'colcon_meta'
[0.158s] Level 1:colcon.colcon_core.package_identification:_identify(src/unitree-go2-slam-toolbox/src/go2_description) by extensions ['ros']
[0.159s] Level 1:colcon.colcon_core.package_identification:_identify(src/unitree-go2-slam-toolbox/src/go2_description) by extension 'ros'
[0.159s] DEBUG:colcon.colcon_core.package_identification:Package 'src/unitree-go2-slam-toolbox/src/go2_description' with type 'ros.ament_cmake' and name 'go2_description'
[0.159s] Level 1:colcon.colcon_core.package_identification:_identify(src/unitree-go2-slam-toolbox/src/go2_navigation2) by extensions ['ignore', 'ignore_ament_install']
[0.159s] Level 1:colcon.colcon_core.package_identification:_identify(src/unitree-go2-slam-toolbox/src/go2_navigation2) by extension 'ignore'
[0.159s] Level 1:colcon.colcon_core.package_identification:_identify(src/unitree-go2-slam-toolbox/src/go2_navigation2) by extension 'ignore_ament_install'
[0.159s] Level 1:colcon.colcon_core.package_identification:_identify(src/unitree-go2-slam-toolbox/src/go2_navigation2) by extensions ['colcon_pkg']
[0.159s] Level 1:colcon.colcon_core.package_identification:_identify(src/unitree-go2-slam-toolbox/src/go2_navigation2) by extension 'colcon_pkg'
[0.159s] Level 1:colcon.colcon_core.package_identification:_identify(src/unitree-go2-slam-toolbox/src/go2_navigation2) by extensions ['colcon_meta']
[0.159s] Level 1:colcon.colcon_core.package_identification:_identify(src/unitree-go2-slam-toolbox/src/go2_navigation2) by extension 'colcon_meta'
[0.159s] Level 1:colcon.colcon_core.package_identification:_identify(src/unitree-go2-slam-toolbox/src/go2_navigation2) by extensions ['ros']
[0.159s] Level 1:colcon.colcon_core.package_identification:_identify(src/unitree-go2-slam-toolbox/src/go2_navigation2) by extension 'ros'
[0.160s] DEBUG:colcon.colcon_core.package_identification:Package 'src/unitree-go2-slam-toolbox/src/go2_navigation2' with type 'ros.ament_cmake' and name 'go2_navigation2'
[0.160s] Level 1:colcon.colcon_core.package_identification:_identify(src/unitree-go2-slam-toolbox/src/go2_perception) by extensions ['ignore', 'ignore_ament_install']
[0.160s] Level 1:colcon.colcon_core.package_identification:_identify(src/unitree-go2-slam-toolbox/src/go2_perception) by extension 'ignore'
[0.160s] Level 1:colcon.colcon_core.package_identification:_identify(src/unitree-go2-slam-toolbox/src/go2_perception) by extension 'ignore_ament_install'
[0.160s] Level 1:colcon.colcon_core.package_identification:_identify(src/unitree-go2-slam-toolbox/src/go2_perception) by extensions ['colcon_pkg']
[0.160s] Level 1:colcon.colcon_core.package_identification:_identify(src/unitree-go2-slam-toolbox/src/go2_perception) by extension 'colcon_pkg'
[0.160s] Level 1:colcon.colcon_core.package_identification:_identify(src/unitree-go2-slam-toolbox/src/go2_perception) by extensions ['colcon_meta']
[0.160s] Level 1:colcon.colcon_core.package_identification:_identify(src/unitree-go2-slam-toolbox/src/go2_perception) by extension 'colcon_meta'
[0.160s] Level 1:colcon.colcon_core.package_identification:_identify(src/unitree-go2-slam-toolbox/src/go2_perception) by extensions ['ros']
[0.160s] Level 1:colcon.colcon_core.package_identification:_identify(src/unitree-go2-slam-toolbox/src/go2_perception) by extension 'ros'
[0.161s] DEBUG:colcon.colcon_core.package_identification:Package 'src/unitree-go2-slam-toolbox/src/go2_perception' with type 'ros.ament_cmake' and name 'go2_perception'
[0.161s] Level 1:colcon.colcon_core.package_identification:_identify(src/unitree-go2-slam-toolbox/src/go2_slam) by extensions ['ignore', 'ignore_ament_install']
[0.161s] Level 1:colcon.colcon_core.package_identification:_identify(src/unitree-go2-slam-toolbox/src/go2_slam) by extension 'ignore'
[0.161s] Level 1:colcon.colcon_core.package_identification:_identify(src/unitree-go2-slam-toolbox/src/go2_slam) by extension 'ignore_ament_install'
[0.161s] Level 1:colcon.colcon_core.package_identification:_identify(src/unitree-go2-slam-toolbox/src/go2_slam) by extensions ['colcon_pkg']
[0.161s] Level 1:colcon.colcon_core.package_identification:_identify(src/unitree-go2-slam-toolbox/src/go2_slam) by extension 'colcon_pkg'
[0.161s] Level 1:colcon.colcon_core.package_identification:_identify(src/unitree-go2-slam-toolbox/src/go2_slam) by extensions ['colcon_meta']
[0.161s] Level 1:colcon.colcon_core.package_identification:_identify(src/unitree-go2-slam-toolbox/src/go2_slam) by extension 'colcon_meta'
[0.161s] Level 1:colcon.colcon_core.package_identification:_identify(src/unitree-go2-slam-toolbox/src/go2_slam) by extensions ['ros']
[0.161s] Level 1:colcon.colcon_core.package_identification:_identify(src/unitree-go2-slam-toolbox/src/go2_slam) by extension 'ros'
[0.161s] DEBUG:colcon.colcon_core.package_identification:Package 'src/unitree-go2-slam-toolbox/src/go2_slam' with type 'ros.ament_cmake' and name 'go2_slam'
[0.162s] Level 1:colcon.colcon_core.package_discovery:discover_packages(recursive) using defaults
[0.162s] Level 1:colcon.colcon_core.package_discovery:discover_packages(ignore) discover
[0.162s] Level 1:colcon.colcon_core.package_discovery:discover_packages(ignore) using defaults
[0.162s] Level 1:colcon.colcon_core.package_discovery:discover_packages(path) discover
[0.162s] Level 1:colcon.colcon_core.package_discovery:discover_packages(path) using defaults
[0.179s] Level 1:colcon.colcon_core.package_discovery:discover_packages(prefix_path) check parameters
[0.179s] Level 1:colcon.colcon_core.package_discovery:discover_packages(prefix_path) discover
[0.180s] DEBUG:colcon.colcon_installed_package_information.package_discovery:Found 5 installed packages in /home/lgq/unitree_ros2/cyclonedds_ws/install
[0.180s] DEBUG:colcon.colcon_installed_package_information.package_discovery:Found 446 installed packages in /opt/ros/humble
[0.182s] Level 1:colcon.colcon_core.package_discovery:discover_packages(prefix_path) using defaults
[0.208s] Level 5:colcon.colcon_core.verb:set package 'go2_core' build argument 'cmake_args' from command line to 'None'
[0.208s] Level 5:colcon.colcon_core.verb:set package 'go2_core' build argument 'cmake_target' from command line to 'None'
[0.208s] Level 5:colcon.colcon_core.verb:set package 'go2_core' build argument 'cmake_target_skip_unavailable' from command line to 'False'
[0.208s] Level 5:colcon.colcon_core.verb:set package 'go2_core' build argument 'cmake_clean_cache' from command line to 'False'
[0.208s] Level 5:colcon.colcon_core.verb:set package 'go2_core' build argument 'cmake_clean_first' from command line to 'False'
[0.208s] Level 5:colcon.colcon_core.verb:set package 'go2_core' build argument 'cmake_force_configure' from command line to 'False'
[0.208s] Level 5:colcon.colcon_core.verb:set package 'go2_core' build argument 'ament_cmake_args' from command line to 'None'
[0.208s] Level 5:colcon.colcon_core.verb:set package 'go2_core' build argument 'catkin_cmake_args' from command line to 'None'
[0.208s] Level 5:colcon.colcon_core.verb:set package 'go2_core' build argument 'catkin_skip_building_tests' from command line to 'False'
[0.208s] DEBUG:colcon.colcon_core.verb:Building package 'go2_core' with the following arguments: {'ament_cmake_args': None, 'build_base': '/home/lgq/go2_ws_toolbox/build/go2_core', 'catkin_cmake_args': None, 'catkin_skip_building_tests': False, 'cmake_args': None, 'cmake_clean_cache': False, 'cmake_clean_first': False, 'cmake_force_configure': False, 'cmake_target': None, 'cmake_target_skip_unavailable': False, 'install_base': '/home/lgq/go2_ws_toolbox/install/go2_core', 'merge_install': False, 'path': '/home/lgq/go2_ws_toolbox/src/unitree-go2-slam-toolbox/src/base/go2_core', 'symlink_install': False, 'test_result_base': None}
[0.208s] Level 5:colcon.colcon_core.verb:set package 'go2_description' build argument 'cmake_args' from command line to 'None'
[0.208s] Level 5:colcon.colcon_core.verb:set package 'go2_description' build argument 'cmake_target' from command line to 'None'
[0.208s] Level 5:colcon.colcon_core.verb:set package 'go2_description' build argument 'cmake_target_skip_unavailable' from command line to 'False'
[0.208s] Level 5:colcon.colcon_core.verb:set package 'go2_description' build argument 'cmake_clean_cache' from command line to 'False'
[0.208s] Level 5:colcon.colcon_core.verb:set package 'go2_description' build argument 'cmake_clean_first' from command line to 'False'
[0.208s] Level 5:colcon.colcon_core.verb:set package 'go2_description' build argument 'cmake_force_configure' from command line to 'False'
[0.208s] Level 5:colcon.colcon_core.verb:set package 'go2_description' build argument 'ament_cmake_args' from command line to 'None'
[0.208s] Level 5:colcon.colcon_core.verb:set package 'go2_description' build argument 'catkin_cmake_args' from command line to 'None'
[0.208s] Level 5:colcon.colcon_core.verb:set package 'go2_description' build argument 'catkin_skip_building_tests' from command line to 'False'
[0.208s] DEBUG:colcon.colcon_core.verb:Building package 'go2_description' with the following arguments: {'ament_cmake_args': None, 'build_base': '/home/lgq/go2_ws_toolbox/build/go2_description', 'catkin_cmake_args': None, 'catkin_skip_building_tests': False, 'cmake_args': None, 'cmake_clean_cache': False, 'cmake_clean_first': False, 'cmake_force_configure': False, 'cmake_target': None, 'cmake_target_skip_unavailable': False, 'install_base': '/home/lgq/go2_ws_toolbox/install/go2_description', 'merge_install': False, 'path': '/home/lgq/go2_ws_toolbox/src/unitree-go2-slam-toolbox/src/go2_description', 'symlink_install': False, 'test_result_base': None}
[0.208s] Level 5:colcon.colcon_core.verb:set package 'go2_driver' build argument 'cmake_args' from command line to 'None'
[0.208s] Level 5:colcon.colcon_core.verb:set package 'go2_driver' build argument 'cmake_target' from command line to 'None'
[0.208s] Level 5:colcon.colcon_core.verb:set package 'go2_driver' build argument 'cmake_target_skip_unavailable' from command line to 'False'
[0.208s] Level 5:colcon.colcon_core.verb:set package 'go2_driver' build argument 'cmake_clean_cache' from command line to 'False'
[0.208s] Level 5:colcon.colcon_core.verb:set package 'go2_driver' build argument 'cmake_clean_first' from command line to 'False'
[0.208s] Level 5:colcon.colcon_core.verb:set package 'go2_driver' build argument 'cmake_force_configure' from command line to 'False'
[0.208s] Level 5:colcon.colcon_core.verb:set package 'go2_driver' build argument 'ament_cmake_args' from command line to 'None'
[0.208s] Level 5:colcon.colcon_core.verb:set package 'go2_driver' build argument 'catkin_cmake_args' from command line to 'None'
[0.208s] Level 5:colcon.colcon_core.verb:set package 'go2_driver' build argument 'catkin_skip_building_tests' from command line to 'False'
[0.208s] DEBUG:colcon.colcon_core.verb:Building package 'go2_driver' with the following arguments: {'ament_cmake_args': None, 'build_base': '/home/lgq/go2_ws_toolbox/build/go2_driver', 'catkin_cmake_args': None, 'catkin_skip_building_tests': False, 'cmake_args': None, 'cmake_clean_cache': False, 'cmake_clean_first': False, 'cmake_force_configure': False, 'cmake_target': None, 'cmake_target_skip_unavailable': False, 'install_base': '/home/lgq/go2_ws_toolbox/install/go2_driver', 'merge_install': False, 'path': '/home/lgq/go2_ws_toolbox/src/unitree-go2-slam-toolbox/src/base/go2_driver', 'symlink_install': False, 'test_result_base': None}
[0.208s] Level 5:colcon.colcon_core.verb:set package 'go2_navigation2' build argument 'cmake_args' from command line to 'None'
[0.208s] Level 5:colcon.colcon_core.verb:set package 'go2_navigation2' build argument 'cmake_target' from command line to 'None'
[0.208s] Level 5:colcon.colcon_core.verb:set package 'go2_navigation2' build argument 'cmake_target_skip_unavailable' from command line to 'False'
[0.209s] Level 5:colcon.colcon_core.verb:set package 'go2_navigation2' build argument 'cmake_clean_cache' from command line to 'False'
[0.209s] Level 5:colcon.colcon_core.verb:set package 'go2_navigation2' build argument 'cmake_clean_first' from command line to 'False'
[0.209s] Level 5:colcon.colcon_core.verb:set package 'go2_navigation2' build argument 'cmake_force_configure' from command line to 'False'
[0.209s] Level 5:colcon.colcon_core.verb:set package 'go2_navigation2' build argument 'ament_cmake_args' from command line to 'None'
[0.209s] Level 5:colcon.colcon_core.verb:set package 'go2_navigation2' build argument 'catkin_cmake_args' from command line to 'None'
[0.209s] Level 5:colcon.colcon_core.verb:set package 'go2_navigation2' build argument 'catkin_skip_building_tests' from command line to 'False'
[0.209s] DEBUG:colcon.colcon_core.verb:Building package 'go2_navigation2' with the following arguments: {'ament_cmake_args': None, 'build_base': '/home/lgq/go2_ws_toolbox/build/go2_navigation2', 'catkin_cmake_args': None, 'catkin_skip_building_tests': False, 'cmake_args': None, 'cmake_clean_cache': False, 'cmake_clean_first': False, 'cmake_force_configure': False, 'cmake_target': None, 'cmake_target_skip_unavailable': False, 'install_base': '/home/lgq/go2_ws_toolbox/install/go2_navigation2', 'merge_install': False, 'path': '/home/lgq/go2_ws_toolbox/src/unitree-go2-slam-toolbox/src/go2_navigation2', 'symlink_install': False, 'test_result_base': None}
[0.209s] Level 5:colcon.colcon_core.verb:set package 'go2_perception' build argument 'cmake_args' from command line to 'None'
[0.209s] Level 5:colcon.colcon_core.verb:set package 'go2_perception' build argument 'cmake_target' from command line to 'None'
[0.209s] Level 5:colcon.colcon_core.verb:set package 'go2_perception' build argument 'cmake_target_skip_unavailable' from command line to 'False'
[0.209s] Level 5:colcon.colcon_core.verb:set package 'go2_perception' build argument 'cmake_clean_cache' from command line to 'False'
[0.209s] Level 5:colcon.colcon_core.verb:set package 'go2_perception' build argument 'cmake_clean_first' from command line to 'False'
[0.209s] Level 5:colcon.colcon_core.verb:set package 'go2_perception' build argument 'cmake_force_configure' from command line to 'False'
[0.209s] Level 5:colcon.colcon_core.verb:set package 'go2_perception' build argument 'ament_cmake_args' from command line to 'None'
[0.209s] Level 5:colcon.colcon_core.verb:set package 'go2_perception' build argument 'catkin_cmake_args' from command line to 'None'
[0.209s] Level 5:colcon.colcon_core.verb:set package 'go2_perception' build argument 'catkin_skip_building_tests' from command line to 'False'
[0.209s] DEBUG:colcon.colcon_core.verb:Building package 'go2_perception' with the following arguments: {'ament_cmake_args': None, 'build_base': '/home/lgq/go2_ws_toolbox/build/go2_perception', 'catkin_cmake_args': None, 'catkin_skip_building_tests': False, 'cmake_args': None, 'cmake_clean_cache': False, 'cmake_clean_first': False, 'cmake_force_configure': False, 'cmake_target': None, 'cmake_target_skip_unavailable': False, 'install_base': '/home/lgq/go2_ws_toolbox/install/go2_perception', 'merge_install': False, 'path': '/home/lgq/go2_ws_toolbox/src/unitree-go2-slam-toolbox/src/go2_perception', 'symlink_install': False, 'test_result_base': None}
[0.209s] Level 5:colcon.colcon_core.verb:set package 'go2_slam' build argument 'cmake_args' from command line to 'None'
[0.209s] Level 5:colcon.colcon_core.verb:set package 'go2_slam' build argument 'cmake_target' from command line to 'None'
[0.209s] Level 5:colcon.colcon_core.verb:set package 'go2_slam' build argument 'cmake_target_skip_unavailable' from command line to 'False'
[0.209s] Level 5:colcon.colcon_core.verb:set package 'go2_slam' build argument 'cmake_clean_cache' from command line to 'False'
[0.209s] Level 5:colcon.colcon_core.verb:set package 'go2_slam' build argument 'cmake_clean_first' from command line to 'False'
[0.209s] Level 5:colcon.colcon_core.verb:set package 'go2_slam' build argument 'cmake_force_configure' from command line to 'False'
[0.209s] Level 5:colcon.colcon_core.verb:set package 'go2_slam' build argument 'ament_cmake_args' from command line to 'None'
[0.209s] Level 5:colcon.colcon_core.verb:set package 'go2_slam' build argument 'catkin_cmake_args' from command line to 'None'
[0.209s] Level 5:colcon.colcon_core.verb:set package 'go2_slam' build argument 'catkin_skip_building_tests' from command line to 'False'
[0.209s] DEBUG:colcon.colcon_core.verb:Building package 'go2_slam' with the following arguments: {'ament_cmake_args': None, 'build_base': '/home/lgq/go2_ws_toolbox/build/go2_slam', 'catkin_cmake_args': None, 'catkin_skip_building_tests': False, 'cmake_args': None, 'cmake_clean_cache': False, 'cmake_clean_first': False, 'cmake_force_configure': False, 'cmake_target': None, 'cmake_target_skip_unavailable': False, 'install_base': '/home/lgq/go2_ws_toolbox/install/go2_slam', 'merge_install': False, 'path': '/home/lgq/go2_ws_toolbox/src/unitree-go2-slam-toolbox/src/go2_slam', 'symlink_install': False, 'test_result_base': None}
[0.209s] Level 5:colcon.colcon_core.verb:set package 'go2_twist_bridge' build argument 'cmake_args' from command line to 'None'
[0.209s] Level 5:colcon.colcon_core.verb:set package 'go2_twist_bridge' build argument 'cmake_target' from command line to 'None'
[0.209s] Level 5:colcon.colcon_core.verb:set package 'go2_twist_bridge' build argument 'cmake_target_skip_unavailable' from command line to 'False'
[0.209s] Level 5:colcon.colcon_core.verb:set package 'go2_twist_bridge' build argument 'cmake_clean_cache' from command line to 'False'
[0.209s] Level 5:colcon.colcon_core.verb:set package 'go2_twist_bridge' build argument 'cmake_clean_first' from command line to 'False'
[0.209s] Level 5:colcon.colcon_core.verb:set package 'go2_twist_bridge' build argument 'cmake_force_configure' from command line to 'False'
[0.209s] Level 5:colcon.colcon_core.verb:set package 'go2_twist_bridge' build argument 'ament_cmake_args' from command line to 'None'
[0.209s] Level 5:colcon.colcon_core.verb:set package 'go2_twist_bridge' build argument 'catkin_cmake_args' from command line to 'None'
[0.209s] Level 5:colcon.colcon_core.verb:set package 'go2_twist_bridge' build argument 'catkin_skip_building_tests' from command line to 'False'
[0.209s] DEBUG:colcon.colcon_core.verb:Building package 'go2_twist_bridge' with the following arguments: {'ament_cmake_args': None, 'build_base': '/home/lgq/go2_ws_toolbox/build/go2_twist_bridge', 'catkin_cmake_args': None, 'catkin_skip_building_tests': False, 'cmake_args': None, 'cmake_clean_cache': False, 'cmake_clean_first': False, 'cmake_force_configure': False, 'cmake_target': None, 'cmake_target_skip_unavailable': False, 'install_base': '/home/lgq/go2_ws_toolbox/install/go2_twist_bridge', 'merge_install': False, 'path': '/home/lgq/go2_ws_toolbox/src/unitree-go2-slam-toolbox/src/base/go2_twist_bridge', 'symlink_install': False, 'test_result_base': None}
[0.209s] INFO:colcon.colcon_core.executor:Executing jobs using 'parallel' executor
[0.210s] DEBUG:colcon.colcon_parallel_executor.executor.parallel:run_until_complete
[0.210s] INFO:colcon.colcon_ros.task.ament_cmake.build:Building ROS package in '/home/lgq/go2_ws_toolbox/src/unitree-go2-slam-toolbox/src/base/go2_core' with build type 'ament_cmake'
[0.210s] INFO:colcon.colcon_cmake.task.cmake.build:Building CMake package in '/home/lgq/go2_ws_toolbox/src/unitree-go2-slam-toolbox/src/base/go2_core'
[0.212s] INFO:colcon.colcon_core.plugin_system:Skipping extension 'colcon_core.shell.bat': Not used on non-Windows systems
[0.212s] INFO:colcon.colcon_core.shell:Skip shell extension 'powershell' for command environment: Not usable outside of PowerShell
[0.212s] DEBUG:colcon.colcon_core.shell:Skip shell extension 'dsv' for command environment
[0.214s] INFO:colcon.colcon_ros.task.ament_cmake.build:Building ROS package in '/home/lgq/go2_ws_toolbox/src/unitree-go2-slam-toolbox/src/go2_description' with build type 'ament_cmake'
[0.214s] INFO:colcon.colcon_cmake.task.cmake.build:Building CMake package in '/home/lgq/go2_ws_toolbox/src/unitree-go2-slam-toolbox/src/go2_description'
[0.214s] INFO:colcon.colcon_core.shell:Skip shell extension 'powershell' for command environment: Not usable outside of PowerShell
[0.214s] DEBUG:colcon.colcon_core.shell:Skip shell extension 'dsv' for command environment
[0.216s] INFO:colcon.colcon_ros.task.ament_cmake.build:Building ROS package in '/home/lgq/go2_ws_toolbox/src/unitree-go2-slam-toolbox/src/base/go2_driver' with build type 'ament_cmake'
[0.216s] INFO:colcon.colcon_cmake.task.cmake.build:Building CMake package in '/home/lgq/go2_ws_toolbox/src/unitree-go2-slam-toolbox/src/base/go2_driver'
[0.216s] INFO:colcon.colcon_core.shell:Skip shell extension 'powershell' for command environment: Not usable outside of PowerShell
[0.216s] DEBUG:colcon.colcon_core.shell:Skip shell extension 'dsv' for command environment
[0.218s] INFO:colcon.colcon_ros.task.ament_cmake.build:Building ROS package in '/home/lgq/go2_ws_toolbox/src/unitree-go2-slam-toolbox/src/go2_navigation2' with build type 'ament_cmake'
[0.218s] INFO:colcon.colcon_cmake.task.cmake.build:Building CMake package in '/home/lgq/go2_ws_toolbox/src/unitree-go2-slam-toolbox/src/go2_navigation2'
[0.218s] INFO:colcon.colcon_core.shell:Skip shell extension 'powershell' for command environment: Not usable outside of PowerShell
[0.218s] DEBUG:colcon.colcon_core.shell:Skip shell extension 'dsv' for command environment
[0.220s] INFO:colcon.colcon_ros.task.ament_cmake.build:Building ROS package in '/home/lgq/go2_ws_toolbox/src/unitree-go2-slam-toolbox/src/go2_perception' with build type 'ament_cmake'
[0.220s] INFO:colcon.colcon_cmake.task.cmake.build:Building CMake package in '/home/lgq/go2_ws_toolbox/src/unitree-go2-slam-toolbox/src/go2_perception'
[0.220s] INFO:colcon.colcon_core.shell:Skip shell extension 'powershell' for command environment: Not usable outside of PowerShell
[0.220s] DEBUG:colcon.colcon_core.shell:Skip shell extension 'dsv' for command environment
[0.222s] INFO:colcon.colcon_ros.task.ament_cmake.build:Building ROS package in '/home/lgq/go2_ws_toolbox/src/unitree-go2-slam-toolbox/src/go2_slam' with build type 'ament_cmake'
[0.222s] INFO:colcon.colcon_cmake.task.cmake.build:Building CMake package in '/home/lgq/go2_ws_toolbox/src/unitree-go2-slam-toolbox/src/go2_slam'
[0.222s] INFO:colcon.colcon_core.shell:Skip shell extension 'powershell' for command environment: Not usable outside of PowerShell
[0.222s] DEBUG:colcon.colcon_core.shell:Skip shell extension 'dsv' for command environment
[0.224s] INFO:colcon.colcon_ros.task.ament_cmake.build:Building ROS package in '/home/lgq/go2_ws_toolbox/src/unitree-go2-slam-toolbox/src/base/go2_twist_bridge' with build type 'ament_cmake'
[0.224s] INFO:colcon.colcon_cmake.task.cmake.build:Building CMake package in '/home/lgq/go2_ws_toolbox/src/unitree-go2-slam-toolbox/src/base/go2_twist_bridge'
[0.224s] INFO:colcon.colcon_core.shell:Skip shell extension 'powershell' for command environment: Not usable outside of PowerShell
[0.224s] DEBUG:colcon.colcon_core.shell:Skip shell extension 'dsv' for command environment
[0.229s] DEBUG:colcon.colcon_core.event_handler.log_command:Invoking command in '/home/lgq/go2_ws_toolbox/build/go2_core': CMAKE_PREFIX_PATH=${CMAKE_PREFIX_PATH}:/opt/ros/humble /usr/bin/cmake --build /home/lgq/go2_ws_toolbox/build/go2_core -- -j20 -l20
[0.231s] DEBUG:colcon.colcon_core.event_handler.log_command:Invoking command in '/home/lgq/go2_ws_toolbox/build/go2_description': CMAKE_PREFIX_PATH=${CMAKE_PREFIX_PATH}:/opt/ros/humble /usr/bin/cmake --build /home/lgq/go2_ws_toolbox/build/go2_description -- -j20 -l20
[0.233s] DEBUG:colcon.colcon_core.event_handler.log_command:Invoking command in '/home/lgq/go2_ws_toolbox/build/go2_driver': CMAKE_PREFIX_PATH=${CMAKE_PREFIX_PATH}:/opt/ros/humble /usr/bin/cmake --build /home/lgq/go2_ws_toolbox/build/go2_driver -- -j20 -l20
[0.235s] DEBUG:colcon.colcon_core.event_handler.log_command:Invoking command in '/home/lgq/go2_ws_toolbox/build/go2_navigation2': CMAKE_PREFIX_PATH=${CMAKE_PREFIX_PATH}:/opt/ros/humble /usr/bin/cmake --build /home/lgq/go2_ws_toolbox/build/go2_navigation2 -- -j20 -l20
[0.236s] DEBUG:colcon.colcon_core.event_handler.log_command:Invoking command in '/home/lgq/go2_ws_toolbox/build/go2_perception': CMAKE_PREFIX_PATH=${CMAKE_PREFIX_PATH}:/opt/ros/humble /usr/bin/cmake --build /home/lgq/go2_ws_toolbox/build/go2_perception -- -j20 -l20
[0.238s] DEBUG:colcon.colcon_core.event_handler.log_command:Invoking command in '/home/lgq/go2_ws_toolbox/build/go2_slam': CMAKE_PREFIX_PATH=${CMAKE_PREFIX_PATH}:/opt/ros/humble /usr/bin/cmake --build /home/lgq/go2_ws_toolbox/build/go2_slam -- -j20 -l20
[0.242s] DEBUG:colcon.colcon_core.event_handler.log_command:Invoking command in '/home/lgq/go2_ws_toolbox/build/go2_twist_bridge': CMAKE_PREFIX_PATH=${CMAKE_PREFIX_PATH}:/opt/ros/humble /usr/bin/cmake --build /home/lgq/go2_ws_toolbox/build/go2_twist_bridge -- -j20 -l20
[0.258s] DEBUG:colcon.colcon_core.event_handler.log_command:Invoked command in '/home/lgq/go2_ws_toolbox/build/go2_description' returned '0': CMAKE_PREFIX_PATH=${CMAKE_PREFIX_PATH}:/opt/ros/humble /usr/bin/cmake --build /home/lgq/go2_ws_toolbox/build/go2_description -- -j20 -l20
[0.266s] DEBUG:colcon.colcon_core.event_handler.log_command:Invoking command in '/home/lgq/go2_ws_toolbox/build/go2_description': CMAKE_PREFIX_PATH=${CMAKE_PREFIX_PATH}:/opt/ros/humble /usr/bin/cmake --install /home/lgq/go2_ws_toolbox/build/go2_description
[0.280s] Level 1:colcon.colcon_core.environment:create_environment_scripts_only(go2_description)
[0.283s] DEBUG:colcon.colcon_core.event_handler.log_command:Invoked command in '/home/lgq/go2_ws_toolbox/build/go2_slam' returned '0': CMAKE_PREFIX_PATH=${CMAKE_PREFIX_PATH}:/opt/ros/humble /usr/bin/cmake --build /home/lgq/go2_ws_toolbox/build/go2_slam -- -j20 -l20
[0.283s] DEBUG:colcon.colcon_core.event_handler.log_command:Invoking command in '/home/lgq/go2_ws_toolbox/build/go2_slam': CMAKE_PREFIX_PATH=${CMAKE_PREFIX_PATH}:/opt/ros/humble /usr/bin/cmake --install /home/lgq/go2_ws_toolbox/build/go2_slam
[0.284s] DEBUG:colcon.colcon_core.event_handler.log_command:Invoked command in '/home/lgq/go2_ws_toolbox/build/go2_description' returned '0': CMAKE_PREFIX_PATH=${CMAKE_PREFIX_PATH}:/opt/ros/humble /usr/bin/cmake --install /home/lgq/go2_ws_toolbox/build/go2_description
[0.286s] Level 1:colcon.colcon_core.environment:checking '/home/lgq/go2_ws_toolbox/install/go2_description' for CMake module files
[0.286s] Level 1:colcon.colcon_core.environment:checking '/home/lgq/go2_ws_toolbox/install/go2_description' for CMake config files
[0.286s] Level 1:colcon.colcon_core.shell:create_environment_hook('go2_description', 'cmake_prefix_path')
[0.286s] INFO:colcon.colcon_core.shell:Creating environment hook '/home/lgq/go2_ws_toolbox/install/go2_description/share/go2_description/hook/cmake_prefix_path.ps1'
[0.287s] INFO:colcon.colcon_core.shell:Creating environment descriptor '/home/lgq/go2_ws_toolbox/install/go2_description/share/go2_description/hook/cmake_prefix_path.dsv'
[0.287s] INFO:colcon.colcon_core.shell:Creating environment hook '/home/lgq/go2_ws_toolbox/install/go2_description/share/go2_description/hook/cmake_prefix_path.sh'
[0.288s] Level 1:colcon.colcon_core.environment:checking '/home/lgq/go2_ws_toolbox/install/go2_description/bin'
[0.288s] Level 1:colcon.colcon_core.environment:checking '/home/lgq/go2_ws_toolbox/install/go2_description/lib/pkgconfig/go2_description.pc'
[0.288s] Level 1:colcon.colcon_core.environment:checking '/home/lgq/go2_ws_toolbox/install/go2_description/lib/python3.10/site-packages'
[0.288s] Level 1:colcon.colcon_core.environment:checking '/home/lgq/go2_ws_toolbox/install/go2_description/bin'
[0.289s] INFO:colcon.colcon_core.shell:Creating package script '/home/lgq/go2_ws_toolbox/install/go2_description/share/go2_description/package.ps1'
[0.290s] INFO:colcon.colcon_core.shell:Creating package descriptor '/home/lgq/go2_ws_toolbox/install/go2_description/share/go2_description/package.dsv'
[0.290s] INFO:colcon.colcon_core.shell:Creating package script '/home/lgq/go2_ws_toolbox/install/go2_description/share/go2_description/package.sh'
[0.291s] INFO:colcon.colcon_core.shell:Creating package script '/home/lgq/go2_ws_toolbox/install/go2_description/share/go2_description/package.bash'
[0.291s] INFO:colcon.colcon_core.shell:Creating package script '/home/lgq/go2_ws_toolbox/install/go2_description/share/go2_description/package.zsh'
[0.291s] Level 1:colcon.colcon_core.environment:create_file_with_runtime_dependencies(/home/lgq/go2_ws_toolbox/install/go2_description/share/colcon-core/packages/go2_description)
[0.292s] Level 1:colcon.colcon_core.environment:create_environment_scripts_only(go2_description)
[0.292s] Level 1:colcon.colcon_core.environment:checking '/home/lgq/go2_ws_toolbox/install/go2_description' for CMake module files
[0.292s] Level 1:colcon.colcon_core.environment:checking '/home/lgq/go2_ws_toolbox/install/go2_description' for CMake config files
[0.292s] Level 1:colcon.colcon_core.shell:create_environment_hook('go2_description', 'cmake_prefix_path')
[0.293s] INFO:colcon.colcon_core.shell:Creating environment hook '/home/lgq/go2_ws_toolbox/install/go2_description/share/go2_description/hook/cmake_prefix_path.ps1'
[0.293s] INFO:colcon.colcon_core.shell:Creating environment descriptor '/home/lgq/go2_ws_toolbox/install/go2_description/share/go2_description/hook/cmake_prefix_path.dsv'
[0.293s] INFO:colcon.colcon_core.shell:Creating environment hook '/home/lgq/go2_ws_toolbox/install/go2_description/share/go2_description/hook/cmake_prefix_path.sh'
[0.294s] Level 1:colcon.colcon_core.environment:checking '/home/lgq/go2_ws_toolbox/install/go2_description/bin'
[0.294s] Level 1:colcon.colcon_core.environment:checking '/home/lgq/go2_ws_toolbox/install/go2_description/lib/pkgconfig/go2_description.pc'
[0.294s] Level 1:colcon.colcon_core.environment:checking '/home/lgq/go2_ws_toolbox/install/go2_description/lib/python3.10/site-packages'
[0.294s] Level 1:colcon.colcon_core.environment:checking '/home/lgq/go2_ws_toolbox/install/go2_description/bin'
[0.294s] INFO:colcon.colcon_core.shell:Creating package script '/home/lgq/go2_ws_toolbox/install/go2_description/share/go2_description/package.ps1'
[0.295s] INFO:colcon.colcon_core.shell:Creating package descriptor '/home/lgq/go2_ws_toolbox/install/go2_description/share/go2_description/package.dsv'
[0.296s] INFO:colcon.colcon_core.shell:Creating package script '/home/lgq/go2_ws_toolbox/install/go2_description/share/go2_description/package.sh'
[0.296s] INFO:colcon.colcon_core.shell:Creating package script '/home/lgq/go2_ws_toolbox/install/go2_description/share/go2_description/package.bash'
[0.297s] INFO:colcon.colcon_core.shell:Creating package script '/home/lgq/go2_ws_toolbox/install/go2_description/share/go2_description/package.zsh'
[0.297s] Level 1:colcon.colcon_core.environment:create_file_with_runtime_dependencies(/home/lgq/go2_ws_toolbox/install/go2_description/share/colcon-core/packages/go2_description)
[0.299s] Level 1:colcon.colcon_core.environment:create_environment_scripts_only(go2_slam)
[0.300s] Level 1:colcon.colcon_core.environment:checking '/home/lgq/go2_ws_toolbox/install/go2_slam' for CMake module files
[0.300s] DEBUG:colcon.colcon_core.event_handler.log_command:Invoked command in '/home/lgq/go2_ws_toolbox/build/go2_slam' returned '0': CMAKE_PREFIX_PATH=${CMAKE_PREFIX_PATH}:/opt/ros/humble /usr/bin/cmake --install /home/lgq/go2_ws_toolbox/build/go2_slam
[0.300s] Level 1:colcon.colcon_core.environment:checking '/home/lgq/go2_ws_toolbox/install/go2_slam' for CMake config files
[0.301s] Level 1:colcon.colcon_core.shell:create_environment_hook('go2_slam', 'cmake_prefix_path')
[0.301s] INFO:colcon.colcon_core.shell:Creating environment hook '/home/lgq/go2_ws_toolbox/install/go2_slam/share/go2_slam/hook/cmake_prefix_path.ps1'
[0.301s] INFO:colcon.colcon_core.shell:Creating environment descriptor '/home/lgq/go2_ws_toolbox/install/go2_slam/share/go2_slam/hook/cmake_prefix_path.dsv'
[0.301s] INFO:colcon.colcon_core.shell:Creating environment hook '/home/lgq/go2_ws_toolbox/install/go2_slam/share/go2_slam/hook/cmake_prefix_path.sh'
[0.302s] Level 1:colcon.colcon_core.environment:checking '/home/lgq/go2_ws_toolbox/install/go2_slam/bin'
[0.302s] Level 1:colcon.colcon_core.environment:checking '/home/lgq/go2_ws_toolbox/install/go2_slam/lib/pkgconfig/go2_slam.pc'
[0.302s] Level 1:colcon.colcon_core.environment:checking '/home/lgq/go2_ws_toolbox/install/go2_slam/lib/python3.10/site-packages'
[0.302s] Level 1:colcon.colcon_core.environment:checking '/home/lgq/go2_ws_toolbox/install/go2_slam/bin'
[0.302s] INFO:colcon.colcon_core.shell:Creating package script '/home/lgq/go2_ws_toolbox/install/go2_slam/share/go2_slam/package.ps1'
[0.302s] INFO:colcon.colcon_core.shell:Creating package descriptor '/home/lgq/go2_ws_toolbox/install/go2_slam/share/go2_slam/package.dsv'
[0.303s] INFO:colcon.colcon_core.shell:Creating package script '/home/lgq/go2_ws_toolbox/install/go2_slam/share/go2_slam/package.sh'
[0.303s] INFO:colcon.colcon_core.shell:Creating package script '/home/lgq/go2_ws_toolbox/install/go2_slam/share/go2_slam/package.bash'
[0.303s] INFO:colcon.colcon_core.shell:Creating package script '/home/lgq/go2_ws_toolbox/install/go2_slam/share/go2_slam/package.zsh'
[0.303s] Level 1:colcon.colcon_core.environment:create_file_with_runtime_dependencies(/home/lgq/go2_ws_toolbox/install/go2_slam/share/colcon-core/packages/go2_slam)
[0.304s] Level 1:colcon.colcon_core.environment:create_environment_scripts_only(go2_slam)
[0.304s] Level 1:colcon.colcon_core.environment:checking '/home/lgq/go2_ws_toolbox/install/go2_slam' for CMake module files
[0.304s] Level 1:colcon.colcon_core.environment:checking '/home/lgq/go2_ws_toolbox/install/go2_slam' for CMake config files
[0.304s] Level 1:colcon.colcon_core.shell:create_environment_hook('go2_slam', 'cmake_prefix_path')
[0.304s] INFO:colcon.colcon_core.shell:Creating environment hook '/home/lgq/go2_ws_toolbox/install/go2_slam/share/go2_slam/hook/cmake_prefix_path.ps1'
[0.304s] INFO:colcon.colcon_core.shell:Creating environment descriptor '/home/lgq/go2_ws_toolbox/install/go2_slam/share/go2_slam/hook/cmake_prefix_path.dsv'
[0.304s] INFO:colcon.colcon_core.shell:Creating environment hook '/home/lgq/go2_ws_toolbox/install/go2_slam/share/go2_slam/hook/cmake_prefix_path.sh'
[0.305s] Level 1:colcon.colcon_core.environment:checking '/home/lgq/go2_ws_toolbox/install/go2_slam/bin'
[0.305s] Level 1:colcon.colcon_core.environment:checking '/home/lgq/go2_ws_toolbox/install/go2_slam/lib/pkgconfig/go2_slam.pc'
[0.305s] Level 1:colcon.colcon_core.environment:checking '/home/lgq/go2_ws_toolbox/install/go2_slam/lib/python3.10/site-packages'
[0.305s] Level 1:colcon.colcon_core.environment:checking '/home/lgq/go2_ws_toolbox/install/go2_slam/bin'
[0.305s] INFO:colcon.colcon_core.shell:Creating package script '/home/lgq/go2_ws_toolbox/install/go2_slam/share/go2_slam/package.ps1'
[0.305s] INFO:colcon.colcon_core.shell:Creating package descriptor '/home/lgq/go2_ws_toolbox/install/go2_slam/share/go2_slam/package.dsv'
[0.306s] INFO:colcon.colcon_core.shell:Creating package script '/home/lgq/go2_ws_toolbox/install/go2_slam/share/go2_slam/package.sh'
[0.306s] INFO:colcon.colcon_core.shell:Creating package script '/home/lgq/go2_ws_toolbox/install/go2_slam/share/go2_slam/package.bash'
[0.306s] INFO:colcon.colcon_core.shell:Creating package script '/home/lgq/go2_ws_toolbox/install/go2_slam/share/go2_slam/package.zsh'
[0.306s] Level 1:colcon.colcon_core.environment:create_file_with_runtime_dependencies(/home/lgq/go2_ws_toolbox/install/go2_slam/share/colcon-core/packages/go2_slam)
[0.308s] DEBUG:colcon.colcon_core.event_handler.log_command:Invoked command in '/home/lgq/go2_ws_toolbox/build/go2_perception' returned '0': CMAKE_PREFIX_PATH=${CMAKE_PREFIX_PATH}:/opt/ros/humble /usr/bin/cmake --build /home/lgq/go2_ws_toolbox/build/go2_perception -- -j20 -l20
[0.309s] DEBUG:colcon.colcon_core.event_handler.log_command:Invoking command in '/home/lgq/go2_ws_toolbox/build/go2_perception': CMAKE_PREFIX_PATH=${CMAKE_PREFIX_PATH}:/opt/ros/humble /usr/bin/cmake --install /home/lgq/go2_ws_toolbox/build/go2_perception
[0.310s] DEBUG:colcon.colcon_core.event_handler.log_command:Invoked command in '/home/lgq/go2_ws_toolbox/build/go2_twist_bridge' returned '0': CMAKE_PREFIX_PATH=${CMAKE_PREFIX_PATH}:/opt/ros/humble /usr/bin/cmake --build /home/lgq/go2_ws_toolbox/build/go2_twist_bridge -- -j20 -l20
[0.312s] DEBUG:colcon.colcon_core.event_handler.log_command:Invoking command in '/home/lgq/go2_ws_toolbox/build/go2_twist_bridge': CMAKE_PREFIX_PATH=${CMAKE_PREFIX_PATH}:/opt/ros/humble /usr/bin/cmake --install /home/lgq/go2_ws_toolbox/build/go2_twist_bridge
[0.320s] Level 1:colcon.colcon_core.environment:create_environment_scripts_only(go2_twist_bridge)
[0.320s] Level 1:colcon.colcon_core.environment:checking '/home/lgq/go2_ws_toolbox/install/go2_twist_bridge' for CMake module files
[0.321s] Level 1:colcon.colcon_core.environment:checking '/home/lgq/go2_ws_toolbox/install/go2_twist_bridge' for CMake config files
[0.321s] Level 1:colcon.colcon_core.shell:create_environment_hook('go2_twist_bridge', 'cmake_prefix_path')
[0.322s] INFO:colcon.colcon_core.shell:Creating environment hook '/home/lgq/go2_ws_toolbox/install/go2_twist_bridge/share/go2_twist_bridge/hook/cmake_prefix_path.ps1'
[0.322s] INFO:colcon.colcon_core.shell:Creating environment descriptor '/home/lgq/go2_ws_toolbox/install/go2_twist_bridge/share/go2_twist_bridge/hook/cmake_prefix_path.dsv'
[0.322s] INFO:colcon.colcon_core.shell:Creating environment hook '/home/lgq/go2_ws_toolbox/install/go2_twist_bridge/share/go2_twist_bridge/hook/cmake_prefix_path.sh'
[0.323s] Level 1:colcon.colcon_core.environment:checking '/home/lgq/go2_ws_toolbox/install/go2_twist_bridge/lib'
[0.323s] Level 1:colcon.colcon_core.environment:checking '/home/lgq/go2_ws_toolbox/install/go2_twist_bridge/bin'
[0.323s] Level 1:colcon.colcon_core.environment:checking '/home/lgq/go2_ws_toolbox/install/go2_twist_bridge/lib/pkgconfig/go2_twist_bridge.pc'
[0.323s] DEBUG:colcon.colcon_core.event_handler.log_command:Invoked command in '/home/lgq/go2_ws_toolbox/build/go2_twist_bridge' returned '0': CMAKE_PREFIX_PATH=${CMAKE_PREFIX_PATH}:/opt/ros/humble /usr/bin/cmake --install /home/lgq/go2_ws_toolbox/build/go2_twist_bridge
[0.324s] Level 1:colcon.colcon_core.environment:checking '/home/lgq/go2_ws_toolbox/install/go2_twist_bridge/lib/python3.10/site-packages'
[0.324s] Level 1:colcon.colcon_core.environment:checking '/home/lgq/go2_ws_toolbox/install/go2_twist_bridge/bin'
[0.324s] INFO:colcon.colcon_core.shell:Creating package script '/home/lgq/go2_ws_toolbox/install/go2_twist_bridge/share/go2_twist_bridge/package.ps1'
[0.325s] INFO:colcon.colcon_core.shell:Creating package descriptor '/home/lgq/go2_ws_toolbox/install/go2_twist_bridge/share/go2_twist_bridge/package.dsv'
[0.325s] INFO:colcon.colcon_core.shell:Creating package script '/home/lgq/go2_ws_toolbox/install/go2_twist_bridge/share/go2_twist_bridge/package.sh'
[0.326s] INFO:colcon.colcon_core.shell:Creating package script '/home/lgq/go2_ws_toolbox/install/go2_twist_bridge/share/go2_twist_bridge/package.bash'
[0.326s] INFO:colcon.colcon_core.shell:Creating package script '/home/lgq/go2_ws_toolbox/install/go2_twist_bridge/share/go2_twist_bridge/package.zsh'
[0.326s] Level 1:colcon.colcon_core.environment:create_file_with_runtime_dependencies(/home/lgq/go2_ws_toolbox/install/go2_twist_bridge/share/colcon-core/packages/go2_twist_bridge)
[0.327s] Level 1:colcon.colcon_core.environment:create_environment_scripts_only(go2_twist_bridge)
[0.327s] Level 1:colcon.colcon_core.environment:checking '/home/lgq/go2_ws_toolbox/install/go2_twist_bridge' for CMake module files
[0.327s] Level 1:colcon.colcon_core.environment:checking '/home/lgq/go2_ws_toolbox/install/go2_twist_bridge' for CMake config files
[0.328s] Level 1:colcon.colcon_core.shell:create_environment_hook('go2_twist_bridge', 'cmake_prefix_path')
[0.328s] INFO:colcon.colcon_core.shell:Creating environment hook '/home/lgq/go2_ws_toolbox/install/go2_twist_bridge/share/go2_twist_bridge/hook/cmake_prefix_path.ps1'
[0.328s] INFO:colcon.colcon_core.shell:Creating environment descriptor '/home/lgq/go2_ws_toolbox/install/go2_twist_bridge/share/go2_twist_bridge/hook/cmake_prefix_path.dsv'
[0.329s] INFO:colcon.colcon_core.shell:Creating environment hook '/home/lgq/go2_ws_toolbox/install/go2_twist_bridge/share/go2_twist_bridge/hook/cmake_prefix_path.sh'
[0.329s] Level 1:colcon.colcon_core.environment:checking '/home/lgq/go2_ws_toolbox/install/go2_twist_bridge/lib'
[0.329s] Level 1:colcon.colcon_core.environment:checking '/home/lgq/go2_ws_toolbox/install/go2_twist_bridge/bin'
[0.329s] Level 1:colcon.colcon_core.environment:checking '/home/lgq/go2_ws_toolbox/install/go2_twist_bridge/lib/pkgconfig/go2_twist_bridge.pc'
[0.330s] Level 1:colcon.colcon_core.environment:checking '/home/lgq/go2_ws_toolbox/install/go2_twist_bridge/lib/python3.10/site-packages'
[0.330s] Level 1:colcon.colcon_core.environment:checking '/home/lgq/go2_ws_toolbox/install/go2_twist_bridge/bin'
[0.330s] INFO:colcon.colcon_core.shell:Creating package script '/home/lgq/go2_ws_toolbox/install/go2_twist_bridge/share/go2_twist_bridge/package.ps1'
[0.331s] INFO:colcon.colcon_core.shell:Creating package descriptor '/home/lgq/go2_ws_toolbox/install/go2_twist_bridge/share/go2_twist_bridge/package.dsv'
[0.331s] INFO:colcon.colcon_core.shell:Creating package script '/home/lgq/go2_ws_toolbox/install/go2_twist_bridge/share/go2_twist_bridge/package.sh'
[0.332s] INFO:colcon.colcon_core.shell:Creating package script '/home/lgq/go2_ws_toolbox/install/go2_twist_bridge/share/go2_twist_bridge/package.bash'
[0.332s] INFO:colcon.colcon_core.shell:Creating package script '/home/lgq/go2_ws_toolbox/install/go2_twist_bridge/share/go2_twist_bridge/package.zsh'
[0.332s] Level 1:colcon.colcon_core.environment:create_file_with_runtime_dependencies(/home/lgq/go2_ws_toolbox/install/go2_twist_bridge/share/colcon-core/packages/go2_twist_bridge)
[0.333s] Level 1:colcon.colcon_core.environment:create_environment_scripts_only(go2_perception)
[0.333s] Level 1:colcon.colcon_core.environment:checking '/home/lgq/go2_ws_toolbox/install/go2_perception' for CMake module files
[0.333s] DEBUG:colcon.colcon_core.event_handler.log_command:Invoked command in '/home/lgq/go2_ws_toolbox/build/go2_perception' returned '0': CMAKE_PREFIX_PATH=${CMAKE_PREFIX_PATH}:/opt/ros/humble /usr/bin/cmake --install /home/lgq/go2_ws_toolbox/build/go2_perception
[0.334s] Level 1:colcon.colcon_core.environment:checking '/home/lgq/go2_ws_toolbox/install/go2_perception' for CMake config files
[0.334s] Level 1:colcon.colcon_core.shell:create_environment_hook('go2_perception', 'cmake_prefix_path')
[0.334s] INFO:colcon.colcon_core.shell:Creating environment hook '/home/lgq/go2_ws_toolbox/install/go2_perception/share/go2_perception/hook/cmake_prefix_path.ps1'
[0.335s] INFO:colcon.colcon_core.shell:Creating environment descriptor '/home/lgq/go2_ws_toolbox/install/go2_perception/share/go2_perception/hook/cmake_prefix_path.dsv'
[0.335s] INFO:colcon.colcon_core.shell:Creating environment hook '/home/lgq/go2_ws_toolbox/install/go2_perception/share/go2_perception/hook/cmake_prefix_path.sh'
[0.336s] Level 1:colcon.colcon_core.environment:checking '/home/lgq/go2_ws_toolbox/install/go2_perception/lib'
[0.336s] Level 1:colcon.colcon_core.shell:create_environment_hook('go2_perception', 'ld_library_path_lib')
[0.336s] INFO:colcon.colcon_core.shell:Creating environment hook '/home/lgq/go2_ws_toolbox/install/go2_perception/share/go2_perception/hook/ld_library_path_lib.ps1'
[0.336s] INFO:colcon.colcon_core.shell:Creating environment descriptor '/home/lgq/go2_ws_toolbox/install/go2_perception/share/go2_perception/hook/ld_library_path_lib.dsv'
[0.336s] INFO:colcon.colcon_core.shell:Creating environment hook '/home/lgq/go2_ws_toolbox/install/go2_perception/share/go2_perception/hook/ld_library_path_lib.sh'
[0.336s] Level 1:colcon.colcon_core.environment:checking '/home/lgq/go2_ws_toolbox/install/go2_perception/bin'
[0.336s] Level 1:colcon.colcon_core.environment:checking '/home/lgq/go2_ws_toolbox/install/go2_perception/lib/pkgconfig/go2_perception.pc'
[0.337s] Level 1:colcon.colcon_core.environment:checking '/home/lgq/go2_ws_toolbox/install/go2_perception/lib/python3.10/site-packages'
[0.337s] Level 1:colcon.colcon_core.environment:checking '/home/lgq/go2_ws_toolbox/install/go2_perception/bin'
[0.337s] INFO:colcon.colcon_core.shell:Creating package script '/home/lgq/go2_ws_toolbox/install/go2_perception/share/go2_perception/package.ps1'
[0.337s] INFO:colcon.colcon_core.shell:Creating package descriptor '/home/lgq/go2_ws_toolbox/install/go2_perception/share/go2_perception/package.dsv'
[0.337s] INFO:colcon.colcon_core.shell:Creating package script '/home/lgq/go2_ws_toolbox/install/go2_perception/share/go2_perception/package.sh'
[0.338s] INFO:colcon.colcon_core.shell:Creating package script '/home/lgq/go2_ws_toolbox/install/go2_perception/share/go2_perception/package.bash'
[0.338s] INFO:colcon.colcon_core.shell:Creating package script '/home/lgq/go2_ws_toolbox/install/go2_perception/share/go2_perception/package.zsh'
[0.338s] Level 1:colcon.colcon_core.environment:create_file_with_runtime_dependencies(/home/lgq/go2_ws_toolbox/install/go2_perception/share/colcon-core/packages/go2_perception)
[0.338s] Level 1:colcon.colcon_core.environment:create_environment_scripts_only(go2_perception)
[0.338s] Level 1:colcon.colcon_core.environment:checking '/home/lgq/go2_ws_toolbox/install/go2_perception' for CMake module files
[0.339s] Level 1:colcon.colcon_core.environment:checking '/home/lgq/go2_ws_toolbox/install/go2_perception' for CMake config files
[0.339s] Level 1:colcon.colcon_core.shell:create_environment_hook('go2_perception', 'cmake_prefix_path')
[0.339s] INFO:colcon.colcon_core.shell:Creating environment hook '/home/lgq/go2_ws_toolbox/install/go2_perception/share/go2_perception/hook/cmake_prefix_path.ps1'
[0.339s] INFO:colcon.colcon_core.shell:Creating environment descriptor '/home/lgq/go2_ws_toolbox/install/go2_perception/share/go2_perception/hook/cmake_prefix_path.dsv'
[0.339s] INFO:colcon.colcon_core.shell:Creating environment hook '/home/lgq/go2_ws_toolbox/install/go2_perception/share/go2_perception/hook/cmake_prefix_path.sh'
[0.340s] Level 1:colcon.colcon_core.environment:checking '/home/lgq/go2_ws_toolbox/install/go2_perception/lib'
[0.340s] Level 1:colcon.colcon_core.shell:create_environment_hook('go2_perception', 'ld_library_path_lib')
[0.340s] INFO:colcon.colcon_core.shell:Creating environment hook '/home/lgq/go2_ws_toolbox/install/go2_perception/share/go2_perception/hook/ld_library_path_lib.ps1'
[0.340s] INFO:colcon.colcon_core.shell:Creating environment descriptor '/home/lgq/go2_ws_toolbox/install/go2_perception/share/go2_perception/hook/ld_library_path_lib.dsv'
[0.340s] INFO:colcon.colcon_core.shell:Creating environment hook '/home/lgq/go2_ws_toolbox/install/go2_perception/share/go2_perception/hook/ld_library_path_lib.sh'
[0.340s] Level 1:colcon.colcon_core.environment:checking '/home/lgq/go2_ws_toolbox/install/go2_perception/bin'
[0.340s] Level 1:colcon.colcon_core.environment:checking '/home/lgq/go2_ws_toolbox/install/go2_perception/lib/pkgconfig/go2_perception.pc'
[0.340s] Level 1:colcon.colcon_core.environment:checking '/home/lgq/go2_ws_toolbox/install/go2_perception/lib/python3.10/site-packages'
[0.341s] Level 1:colcon.colcon_core.environment:checking '/home/lgq/go2_ws_toolbox/install/go2_perception/bin'
[0.341s] INFO:colcon.colcon_core.shell:Creating package script '/home/lgq/go2_ws_toolbox/install/go2_perception/share/go2_perception/package.ps1'
[0.341s] INFO:colcon.colcon_core.shell:Creating package descriptor '/home/lgq/go2_ws_toolbox/install/go2_perception/share/go2_perception/package.dsv'
[0.341s] INFO:colcon.colcon_core.shell:Creating package script '/home/lgq/go2_ws_toolbox/install/go2_perception/share/go2_perception/package.sh'
[0.342s] INFO:colcon.colcon_core.shell:Creating package script '/home/lgq/go2_ws_toolbox/install/go2_perception/share/go2_perception/package.bash'
[0.342s] INFO:colcon.colcon_core.shell:Creating package script '/home/lgq/go2_ws_toolbox/install/go2_perception/share/go2_perception/package.zsh'
[0.342s] Level 1:colcon.colcon_core.environment:create_file_with_runtime_dependencies(/home/lgq/go2_ws_toolbox/install/go2_perception/share/colcon-core/packages/go2_perception)
[0.631s] DEBUG:colcon.colcon_core.event_handler.log_command:Invoked command in '/home/lgq/go2_ws_toolbox/build/go2_core' returned '0': CMAKE_PREFIX_PATH=${CMAKE_PREFIX_PATH}:/opt/ros/humble /usr/bin/cmake --build /home/lgq/go2_ws_toolbox/build/go2_core -- -j20 -l20
[0.632s] DEBUG:colcon.colcon_core.event_handler.log_command:Invoking command in '/home/lgq/go2_ws_toolbox/build/go2_core': CMAKE_PREFIX_PATH=${CMAKE_PREFIX_PATH}:/opt/ros/humble /usr/bin/cmake --install /home/lgq/go2_ws_toolbox/build/go2_core
[0.638s] Level 1:colcon.colcon_core.environment:create_environment_scripts_only(go2_core)
[0.639s] Level 1:colcon.colcon_core.environment:checking '/home/lgq/go2_ws_toolbox/install/go2_core' for CMake module files
[0.639s] DEBUG:colcon.colcon_core.event_handler.log_command:Invoked command in '/home/lgq/go2_ws_toolbox/build/go2_core' returned '0': CMAKE_PREFIX_PATH=${CMAKE_PREFIX_PATH}:/opt/ros/humble /usr/bin/cmake --install /home/lgq/go2_ws_toolbox/build/go2_core
[0.639s] Level 1:colcon.colcon_core.environment:checking '/home/lgq/go2_ws_toolbox/install/go2_core' for CMake config files
[0.639s] Level 1:colcon.colcon_core.shell:create_environment_hook('go2_core', 'cmake_prefix_path')
[0.639s] INFO:colcon.colcon_core.shell:Creating environment hook '/home/lgq/go2_ws_toolbox/install/go2_core/share/go2_core/hook/cmake_prefix_path.ps1'
[0.640s] INFO:colcon.colcon_core.shell:Creating environment descriptor '/home/lgq/go2_ws_toolbox/install/go2_core/share/go2_core/hook/cmake_prefix_path.dsv'
[0.640s] INFO:colcon.colcon_core.shell:Creating environment hook '/home/lgq/go2_ws_toolbox/install/go2_core/share/go2_core/hook/cmake_prefix_path.sh'
[0.640s] Level 1:colcon.colcon_core.environment:checking '/home/lgq/go2_ws_toolbox/install/go2_core/bin'
[0.640s] Level 1:colcon.colcon_core.environment:checking '/home/lgq/go2_ws_toolbox/install/go2_core/lib/pkgconfig/go2_core.pc'
[0.640s] Level 1:colcon.colcon_core.environment:checking '/home/lgq/go2_ws_toolbox/install/go2_core/lib/python3.10/site-packages'
[0.640s] Level 1:colcon.colcon_core.environment:checking '/home/lgq/go2_ws_toolbox/install/go2_core/bin'
[0.641s] INFO:colcon.colcon_core.shell:Creating package script '/home/lgq/go2_ws_toolbox/install/go2_core/share/go2_core/package.ps1'
[0.641s] INFO:colcon.colcon_core.shell:Creating package descriptor '/home/lgq/go2_ws_toolbox/install/go2_core/share/go2_core/package.dsv'
[0.641s] INFO:colcon.colcon_core.shell:Creating package script '/home/lgq/go2_ws_toolbox/install/go2_core/share/go2_core/package.sh'
[0.641s] INFO:colcon.colcon_core.shell:Creating package script '/home/lgq/go2_ws_toolbox/install/go2_core/share/go2_core/package.bash'
[0.641s] INFO:colcon.colcon_core.shell:Creating package script '/home/lgq/go2_ws_toolbox/install/go2_core/share/go2_core/package.zsh'
[0.642s] Level 1:colcon.colcon_core.environment:create_file_with_runtime_dependencies(/home/lgq/go2_ws_toolbox/install/go2_core/share/colcon-core/packages/go2_core)
[0.642s] Level 1:colcon.colcon_core.environment:create_environment_scripts_only(go2_core)
[0.642s] Level 1:colcon.colcon_core.environment:checking '/home/lgq/go2_ws_toolbox/install/go2_core' for CMake module files
[0.642s] Level 1:colcon.colcon_core.environment:checking '/home/lgq/go2_ws_toolbox/install/go2_core' for CMake config files
[0.642s] Level 1:colcon.colcon_core.shell:create_environment_hook('go2_core', 'cmake_prefix_path')
[0.642s] INFO:colcon.colcon_core.shell:Creating environment hook '/home/lgq/go2_ws_toolbox/install/go2_core/share/go2_core/hook/cmake_prefix_path.ps1'
[0.643s] INFO:colcon.colcon_core.shell:Creating environment descriptor '/home/lgq/go2_ws_toolbox/install/go2_core/share/go2_core/hook/cmake_prefix_path.dsv'
[0.643s] INFO:colcon.colcon_core.shell:Creating environment hook '/home/lgq/go2_ws_toolbox/install/go2_core/share/go2_core/hook/cmake_prefix_path.sh'
[0.643s] Level 1:colcon.colcon_core.environment:checking '/home/lgq/go2_ws_toolbox/install/go2_core/bin'
[0.643s] Level 1:colcon.colcon_core.environment:checking '/home/lgq/go2_ws_toolbox/install/go2_core/lib/pkgconfig/go2_core.pc'
[0.643s] Level 1:colcon.colcon_core.environment:checking '/home/lgq/go2_ws_toolbox/install/go2_core/lib/python3.10/site-packages'
[0.643s] Level 1:colcon.colcon_core.environment:checking '/home/lgq/go2_ws_toolbox/install/go2_core/bin'
[0.643s] INFO:colcon.colcon_core.shell:Creating package script '/home/lgq/go2_ws_toolbox/install/go2_core/share/go2_core/package.ps1'
[0.644s] INFO:colcon.colcon_core.shell:Creating package descriptor '/home/lgq/go2_ws_toolbox/install/go2_core/share/go2_core/package.dsv'
[0.644s] INFO:colcon.colcon_core.shell:Creating package script '/home/lgq/go2_ws_toolbox/install/go2_core/share/go2_core/package.sh'
[0.644s] INFO:colcon.colcon_core.shell:Creating package script '/home/lgq/go2_ws_toolbox/install/go2_core/share/go2_core/package.bash'
[0.644s] INFO:colcon.colcon_core.shell:Creating package script '/home/lgq/go2_ws_toolbox/install/go2_core/share/go2_core/package.zsh'
[0.644s] Level 1:colcon.colcon_core.environment:create_file_with_runtime_dependencies(/home/lgq/go2_ws_toolbox/install/go2_core/share/colcon-core/packages/go2_core)
[0.691s] DEBUG:colcon.colcon_core.event_handler.log_command:Invoked command in '/home/lgq/go2_ws_toolbox/build/go2_navigation2' returned '0': CMAKE_PREFIX_PATH=${CMAKE_PREFIX_PATH}:/opt/ros/humble /usr/bin/cmake --build /home/lgq/go2_ws_toolbox/build/go2_navigation2 -- -j20 -l20
[0.692s] DEBUG:colcon.colcon_core.event_handler.log_command:Invoking command in '/home/lgq/go2_ws_toolbox/build/go2_navigation2': CMAKE_PREFIX_PATH=${CMAKE_PREFIX_PATH}:/opt/ros/humble /usr/bin/cmake --install /home/lgq/go2_ws_toolbox/build/go2_navigation2
[0.700s] Level 1:colcon.colcon_core.environment:create_environment_scripts_only(go2_navigation2)
[0.700s] DEBUG:colcon.colcon_core.event_handler.log_command:Invoked command in '/home/lgq/go2_ws_toolbox/build/go2_navigation2' returned '0': CMAKE_PREFIX_PATH=${CMAKE_PREFIX_PATH}:/opt/ros/humble /usr/bin/cmake --install /home/lgq/go2_ws_toolbox/build/go2_navigation2
[0.700s] Level 1:colcon.colcon_core.environment:checking '/home/lgq/go2_ws_toolbox/install/go2_navigation2' for CMake module files
[0.701s] Level 1:colcon.colcon_core.environment:checking '/home/lgq/go2_ws_toolbox/install/go2_navigation2' for CMake config files
[0.701s] Level 1:colcon.colcon_core.shell:create_environment_hook('go2_navigation2', 'cmake_prefix_path')
[0.701s] INFO:colcon.colcon_core.shell:Creating environment hook '/home/lgq/go2_ws_toolbox/install/go2_navigation2/share/go2_navigation2/hook/cmake_prefix_path.ps1'
[0.702s] INFO:colcon.colcon_core.shell:Creating environment descriptor '/home/lgq/go2_ws_toolbox/install/go2_navigation2/share/go2_navigation2/hook/cmake_prefix_path.dsv'
[0.702s] INFO:colcon.colcon_core.shell:Creating environment hook '/home/lgq/go2_ws_toolbox/install/go2_navigation2/share/go2_navigation2/hook/cmake_prefix_path.sh'
[0.703s] Level 1:colcon.colcon_core.environment:checking '/home/lgq/go2_ws_toolbox/install/go2_navigation2/lib'
[0.703s] Level 1:colcon.colcon_core.environment:checking '/home/lgq/go2_ws_toolbox/install/go2_navigation2/bin'
[0.703s] Level 1:colcon.colcon_core.environment:checking '/home/lgq/go2_ws_toolbox/install/go2_navigation2/lib/pkgconfig/go2_navigation2.pc'
[0.703s] Level 1:colcon.colcon_core.environment:checking '/home/lgq/go2_ws_toolbox/install/go2_navigation2/lib/python3.10/site-packages'
[0.703s] Level 1:colcon.colcon_core.environment:checking '/home/lgq/go2_ws_toolbox/install/go2_navigation2/bin'
[0.703s] INFO:colcon.colcon_core.shell:Creating package script '/home/lgq/go2_ws_toolbox/install/go2_navigation2/share/go2_navigation2/package.ps1'
[0.703s] INFO:colcon.colcon_core.shell:Creating package descriptor '/home/lgq/go2_ws_toolbox/install/go2_navigation2/share/go2_navigation2/package.dsv'
[0.704s] INFO:colcon.colcon_core.shell:Creating package script '/home/lgq/go2_ws_toolbox/install/go2_navigation2/share/go2_navigation2/package.sh'
[0.704s] INFO:colcon.colcon_core.shell:Creating package script '/home/lgq/go2_ws_toolbox/install/go2_navigation2/share/go2_navigation2/package.bash'
[0.704s] INFO:colcon.colcon_core.shell:Creating package script '/home/lgq/go2_ws_toolbox/install/go2_navigation2/share/go2_navigation2/package.zsh'
[0.704s] Level 1:colcon.colcon_core.environment:create_file_with_runtime_dependencies(/home/lgq/go2_ws_toolbox/install/go2_navigation2/share/colcon-core/packages/go2_navigation2)
[0.704s] Level 1:colcon.colcon_core.environment:create_environment_scripts_only(go2_navigation2)
[0.704s] Level 1:colcon.colcon_core.environment:checking '/home/lgq/go2_ws_toolbox/install/go2_navigation2' for CMake module files
[0.705s] Level 1:colcon.colcon_core.environment:checking '/home/lgq/go2_ws_toolbox/install/go2_navigation2' for CMake config files
[0.705s] Level 1:colcon.colcon_core.shell:create_environment_hook('go2_navigation2', 'cmake_prefix_path')
[0.705s] INFO:colcon.colcon_core.shell:Creating environment hook '/home/lgq/go2_ws_toolbox/install/go2_navigation2/share/go2_navigation2/hook/cmake_prefix_path.ps1'
[0.705s] INFO:colcon.colcon_core.shell:Creating environment descriptor '/home/lgq/go2_ws_toolbox/install/go2_navigation2/share/go2_navigation2/hook/cmake_prefix_path.dsv'
[0.705s] INFO:colcon.colcon_core.shell:Creating environment hook '/home/lgq/go2_ws_toolbox/install/go2_navigation2/share/go2_navigation2/hook/cmake_prefix_path.sh'
[0.705s] Level 1:colcon.colcon_core.environment:checking '/home/lgq/go2_ws_toolbox/install/go2_navigation2/lib'
[0.705s] Level 1:colcon.colcon_core.environment:checking '/home/lgq/go2_ws_toolbox/install/go2_navigation2/bin'
[0.706s] Level 1:colcon.colcon_core.environment:checking '/home/lgq/go2_ws_toolbox/install/go2_navigation2/lib/pkgconfig/go2_navigation2.pc'
[0.706s] Level 1:colcon.colcon_core.environment:checking '/home/lgq/go2_ws_toolbox/install/go2_navigation2/lib/python3.10/site-packages'
[0.706s] Level 1:colcon.colcon_core.environment:checking '/home/lgq/go2_ws_toolbox/install/go2_navigation2/bin'
[0.706s] INFO:colcon.colcon_core.shell:Creating package script '/home/lgq/go2_ws_toolbox/install/go2_navigation2/share/go2_navigation2/package.ps1'
[0.707s] INFO:colcon.colcon_core.shell:Creating package descriptor '/home/lgq/go2_ws_toolbox/install/go2_navigation2/share/go2_navigation2/package.dsv'
[0.707s] INFO:colcon.colcon_core.shell:Creating package script '/home/lgq/go2_ws_toolbox/install/go2_navigation2/share/go2_navigation2/package.sh'
[0.707s] INFO:colcon.colcon_core.shell:Creating package script '/home/lgq/go2_ws_toolbox/install/go2_navigation2/share/go2_navigation2/package.bash'
[0.707s] INFO:colcon.colcon_core.shell:Creating package script '/home/lgq/go2_ws_toolbox/install/go2_navigation2/share/go2_navigation2/package.zsh'
[0.707s] Level 1:colcon.colcon_core.environment:create_file_with_runtime_dependencies(/home/lgq/go2_ws_toolbox/install/go2_navigation2/share/colcon-core/packages/go2_navigation2)
[9.114s] DEBUG:colcon.colcon_core.event_handler.log_command:Invoked command in '/home/lgq/go2_ws_toolbox/build/go2_driver' returned '0': CMAKE_PREFIX_PATH=${CMAKE_PREFIX_PATH}:/opt/ros/humble /usr/bin/cmake --build /home/lgq/go2_ws_toolbox/build/go2_driver -- -j20 -l20
[9.115s] DEBUG:colcon.colcon_core.event_handler.log_command:Invoking command in '/home/lgq/go2_ws_toolbox/build/go2_driver': CMAKE_PREFIX_PATH=${CMAKE_PREFIX_PATH}:/opt/ros/humble /usr/bin/cmake --install /home/lgq/go2_ws_toolbox/build/go2_driver
[9.140s] Level 1:colcon.colcon_core.environment:create_environment_scripts_only(go2_driver)
[9.141s] Level 1:colcon.colcon_core.environment:checking '/home/lgq/go2_ws_toolbox/install/go2_driver' for CMake module files
[9.141s] DEBUG:colcon.colcon_core.event_handler.log_command:Invoked command in '/home/lgq/go2_ws_toolbox/build/go2_driver' returned '0': CMAKE_PREFIX_PATH=${CMAKE_PREFIX_PATH}:/opt/ros/humble /usr/bin/cmake --install /home/lgq/go2_ws_toolbox/build/go2_driver
[9.141s] Level 1:colcon.colcon_core.environment:checking '/home/lgq/go2_ws_toolbox/install/go2_driver' for CMake config files
[9.141s] Level 1:colcon.colcon_core.shell:create_environment_hook('go2_driver', 'cmake_prefix_path')
[9.142s] INFO:colcon.colcon_core.shell:Creating environment hook '/home/lgq/go2_ws_toolbox/install/go2_driver/share/go2_driver/hook/cmake_prefix_path.ps1'
[9.142s] INFO:colcon.colcon_core.shell:Creating environment descriptor '/home/lgq/go2_ws_toolbox/install/go2_driver/share/go2_driver/hook/cmake_prefix_path.dsv'
[9.142s] INFO:colcon.colcon_core.shell:Creating environment hook '/home/lgq/go2_ws_toolbox/install/go2_driver/share/go2_driver/hook/cmake_prefix_path.sh'
[9.142s] Level 1:colcon.colcon_core.environment:checking '/home/lgq/go2_ws_toolbox/install/go2_driver/lib'
[9.142s] Level 1:colcon.colcon_core.environment:checking '/home/lgq/go2_ws_toolbox/install/go2_driver/bin'
[9.142s] Level 1:colcon.colcon_core.environment:checking '/home/lgq/go2_ws_toolbox/install/go2_driver/lib/pkgconfig/go2_driver.pc'
[9.142s] Level 1:colcon.colcon_core.environment:checking '/home/lgq/go2_ws_toolbox/install/go2_driver/lib/python3.10/site-packages'
[9.143s] Level 1:colcon.colcon_core.environment:checking '/home/lgq/go2_ws_toolbox/install/go2_driver/bin'
[9.143s] INFO:colcon.colcon_core.shell:Creating package script '/home/lgq/go2_ws_toolbox/install/go2_driver/share/go2_driver/package.ps1'
[9.143s] INFO:colcon.colcon_core.shell:Creating package descriptor '/home/lgq/go2_ws_toolbox/install/go2_driver/share/go2_driver/package.dsv'
[9.143s] INFO:colcon.colcon_core.shell:Creating package script '/home/lgq/go2_ws_toolbox/install/go2_driver/share/go2_driver/package.sh'
[9.143s] INFO:colcon.colcon_core.shell:Creating package script '/home/lgq/go2_ws_toolbox/install/go2_driver/share/go2_driver/package.bash'
[9.144s] INFO:colcon.colcon_core.shell:Creating package script '/home/lgq/go2_ws_toolbox/install/go2_driver/share/go2_driver/package.zsh'
[9.144s] Level 1:colcon.colcon_core.environment:create_file_with_runtime_dependencies(/home/lgq/go2_ws_toolbox/install/go2_driver/share/colcon-core/packages/go2_driver)
[9.144s] Level 1:colcon.colcon_core.environment:create_environment_scripts_only(go2_driver)
[9.144s] Level 1:colcon.colcon_core.environment:checking '/home/lgq/go2_ws_toolbox/install/go2_driver' for CMake module files
[9.144s] Level 1:colcon.colcon_core.environment:checking '/home/lgq/go2_ws_toolbox/install/go2_driver' for CMake config files
[9.145s] Level 1:colcon.colcon_core.shell:create_environment_hook('go2_driver', 'cmake_prefix_path')
[9.145s] INFO:colcon.colcon_core.shell:Creating environment hook '/home/lgq/go2_ws_toolbox/install/go2_driver/share/go2_driver/hook/cmake_prefix_path.ps1'
[9.145s] INFO:colcon.colcon_core.shell:Creating environment descriptor '/home/lgq/go2_ws_toolbox/install/go2_driver/share/go2_driver/hook/cmake_prefix_path.dsv'
[9.145s] INFO:colcon.colcon_core.shell:Creating environment hook '/home/lgq/go2_ws_toolbox/install/go2_driver/share/go2_driver/hook/cmake_prefix_path.sh'
[9.145s] Level 1:colcon.colcon_core.environment:checking '/home/lgq/go2_ws_toolbox/install/go2_driver/lib'
[9.145s] Level 1:colcon.colcon_core.environment:checking '/home/lgq/go2_ws_toolbox/install/go2_driver/bin'
[9.146s] Level 1:colcon.colcon_core.environment:checking '/home/lgq/go2_ws_toolbox/install/go2_driver/lib/pkgconfig/go2_driver.pc'
[9.146s] Level 1:colcon.colcon_core.environment:checking '/home/lgq/go2_ws_toolbox/install/go2_driver/lib/python3.10/site-packages'
[9.146s] Level 1:colcon.colcon_core.environment:checking '/home/lgq/go2_ws_toolbox/install/go2_driver/bin'
[9.146s] INFO:colcon.colcon_core.shell:Creating package script '/home/lgq/go2_ws_toolbox/install/go2_driver/share/go2_driver/package.ps1'
[9.146s] INFO:colcon.colcon_core.shell:Creating package descriptor '/home/lgq/go2_ws_toolbox/install/go2_driver/share/go2_driver/package.dsv'
[9.147s] INFO:colcon.colcon_core.shell:Creating package script '/home/lgq/go2_ws_toolbox/install/go2_driver/share/go2_driver/package.sh'
[9.147s] INFO:colcon.colcon_core.shell:Creating package script '/home/lgq/go2_ws_toolbox/install/go2_driver/share/go2_driver/package.bash'
[9.147s] INFO:colcon.colcon_core.shell:Creating package script '/home/lgq/go2_ws_toolbox/install/go2_driver/share/go2_driver/package.zsh'
[9.147s] Level 1:colcon.colcon_core.environment:create_file_with_runtime_dependencies(/home/lgq/go2_ws_toolbox/install/go2_driver/share/colcon-core/packages/go2_driver)
[9.147s] DEBUG:colcon.colcon_parallel_executor.executor.parallel:closing loop
[9.148s] DEBUG:colcon.colcon_parallel_executor.executor.parallel:loop closed
[9.148s] DEBUG:colcon.colcon_parallel_executor.executor.parallel:run_until_complete finished with '0'
[9.148s] DEBUG:colcon.colcon_core.event_reactor:joining thread
[9.152s] INFO:colcon.colcon_core.plugin_system:Skipping extension 'colcon_notification.desktop_notification.terminal_notifier': Not used on non-Darwin systems
[9.152s] INFO:colcon.colcon_core.plugin_system:Skipping extension 'colcon_notification.desktop_notification.win32': Not used on non-Windows systems
[9.152s] INFO:colcon.colcon_notification.desktop_notification:Sending desktop notification using 'notify2'
[9.166s] DEBUG:colcon.colcon_core.event_reactor:joined thread
[9.166s] INFO:colcon.colcon_core.shell:Creating prefix script '/home/lgq/go2_ws_toolbox/install/local_setup.ps1'
[9.167s] INFO:colcon.colcon_core.shell:Creating prefix util module '/home/lgq/go2_ws_toolbox/install/_local_setup_util_ps1.py'
[9.169s] INFO:colcon.colcon_core.shell:Creating prefix chain script '/home/lgq/go2_ws_toolbox/install/setup.ps1'
[9.169s] INFO:colcon.colcon_core.shell:Creating prefix script '/home/lgq/go2_ws_toolbox/install/local_setup.sh'
[9.170s] INFO:colcon.colcon_core.shell:Creating prefix util module '/home/lgq/go2_ws_toolbox/install/_local_setup_util_sh.py'
[9.170s] INFO:colcon.colcon_core.shell:Creating prefix chain script '/home/lgq/go2_ws_toolbox/install/setup.sh'
[9.171s] INFO:colcon.colcon_core.shell:Creating prefix script '/home/lgq/go2_ws_toolbox/install/local_setup.bash'
[9.172s] INFO:colcon.colcon_core.shell:Creating prefix chain script '/home/lgq/go2_ws_toolbox/install/setup.bash'
[9.172s] INFO:colcon.colcon_core.shell:Creating prefix script '/home/lgq/go2_ws_toolbox/install/local_setup.zsh'
[9.173s] INFO:colcon.colcon_core.shell:Creating prefix chain script '/home/lgq/go2_ws_toolbox/install/setup.zsh'
