[0.016s] Invoking command in '/home/lgq/go2_ws_toolbox/build/go2_navigation2': CMAKE_PREFIX_PATH=${CMAKE_PREFIX_PATH}:/opt/ros/humble /usr/bin/cmake --build /home/lgq/go2_ws_toolbox/build/go2_navigation2 -- -j20 -l20
[0.067s] [100%] Built target navigation
[0.107s] Invoked command in '/home/lgq/go2_ws_toolbox/build/go2_navigation2' returned '0': CMAKE_PREFIX_PATH=${CMAKE_PREFIX_PATH}:/opt/ros/humble /usr/bin/cmake --build /home/lgq/go2_ws_toolbox/build/go2_navigation2 -- -j20 -l20
[0.109s] Invoking command in '/home/lgq/go2_ws_toolbox/build/go2_navigation2': CMAKE_PREFIX_PATH=${CMAKE_PREFIX_PATH}:/opt/ros/humble /usr/bin/cmake --install /home/lgq/go2_ws_toolbox/build/go2_navigation2
[0.121s] -- Install configuration: ""
[0.121s] -- Up-to-date: /home/lgq/go2_ws_toolbox/install/go2_navigation2/lib/go2_navigation2/navigation
[0.121s] -- Up-to-date: /home/lgq/go2_ws_toolbox/install/go2_navigation2/share/go2_navigation2/launch
[0.122s] -- Up-to-date: /home/lgq/go2_ws_toolbox/install/go2_navigation2/share/go2_navigation2/launch/go2_navigation_bringup.launch.py
[0.122s] -- Up-to-date: /home/lgq/go2_ws_toolbox/install/go2_navigation2/share/go2_navigation2/launch/go2_save_map.launch.py
[0.123s] -- Up-to-date: /home/lgq/go2_ws_toolbox/install/go2_navigation2/share/go2_navigation2/launch/go2_nav2.launch.py
[0.123s] -- Up-to-date: /home/lgq/go2_ws_toolbox/install/go2_navigation2/share/go2_navigation2/config
[0.124s] -- Up-to-date: /home/lgq/go2_ws_toolbox/install/go2_navigation2/share/go2_navigation2/config/nav2_params.yaml
[0.124s] -- Up-to-date: /home/lgq/go2_ws_toolbox/install/go2_navigation2/share/go2_navigation2/maps
[0.124s] -- Up-to-date: /home/lgq/go2_ws_toolbox/install/go2_navigation2/share/ament_index/resource_index/package_run_dependencies/go2_navigation2
[0.124s] -- Up-to-date: /home/lgq/go2_ws_toolbox/install/go2_navigation2/share/ament_index/resource_index/parent_prefix_path/go2_navigation2
[0.124s] -- Up-to-date: /home/lgq/go2_ws_toolbox/install/go2_navigation2/share/go2_navigation2/environment/ament_prefix_path.sh
[0.124s] -- Up-to-date: /home/lgq/go2_ws_toolbox/install/go2_navigation2/share/go2_navigation2/environment/ament_prefix_path.dsv
[0.124s] -- Up-to-date: /home/lgq/go2_ws_toolbox/install/go2_navigation2/share/go2_navigation2/environment/path.sh
[0.125s] -- Up-to-date: /home/lgq/go2_ws_toolbox/install/go2_navigation2/share/go2_navigation2/environment/path.dsv
[0.125s] -- Up-to-date: /home/lgq/go2_ws_toolbox/install/go2_navigation2/share/go2_navigation2/local_setup.bash
[0.125s] -- Up-to-date: /home/lgq/go2_ws_toolbox/install/go2_navigation2/share/go2_navigation2/local_setup.sh
[0.125s] -- Up-to-date: /home/lgq/go2_ws_toolbox/install/go2_navigation2/share/go2_navigation2/local_setup.zsh
[0.125s] -- Up-to-date: /home/lgq/go2_ws_toolbox/install/go2_navigation2/share/go2_navigation2/local_setup.dsv
[0.125s] -- Installing: /home/lgq/go2_ws_toolbox/install/go2_navigation2/share/go2_navigation2/package.dsv
[0.125s] -- Up-to-date: /home/lgq/go2_ws_toolbox/install/go2_navigation2/share/ament_index/resource_index/packages/go2_navigation2
[0.125s] -- Up-to-date: /home/lgq/go2_ws_toolbox/install/go2_navigation2/share/go2_navigation2/cmake/go2_navigation2Config.cmake
[0.125s] -- Up-to-date: /home/lgq/go2_ws_toolbox/install/go2_navigation2/share/go2_navigation2/cmake/go2_navigation2Config-version.cmake
[0.125s] -- Up-to-date: /home/lgq/go2_ws_toolbox/install/go2_navigation2/share/go2_navigation2/package.xml
[0.128s] Invoked command in '/home/lgq/go2_ws_toolbox/build/go2_navigation2' returned '0': CMAKE_PREFIX_PATH=${CMAKE_PREFIX_PATH}:/opt/ros/humble /usr/bin/cmake --install /home/lgq/go2_ws_toolbox/build/go2_navigation2
