[0.016s] Invoking command in '/home/lgq/go2_ws_toolbox/build/go2_perception': CMAKE_PREFIX_PATH=${CMAKE_PREFIX_PATH}:/opt/ros/humble /usr/bin/cmake --build /home/lgq/go2_ws_toolbox/build/go2_perception -- -j20 -l20
[0.063s] [35m[1mConsolidate compiler generated dependencies of target pointcloud_to_laserscan_node[0m
[0.063s] [35m[1mConsolidate compiler generated dependencies of target cloud_accumulation[0m
[0.063s] [35m[1mConsolidate compiler generated dependencies of target pointcloud_to_laserscan[0m
[0.069s] [ 33%] Built target pointcloud_to_laserscan_node
[0.073s] [ 66%] Built target cloud_accumulation
[0.074s] [100%] Built target pointcloud_to_laserscan
[0.087s] Invoked command in '/home/lgq/go2_ws_toolbox/build/go2_perception' returned '0': CMAKE_PREFIX_PATH=${CMAKE_PREFIX_PATH}:/opt/ros/humble /usr/bin/cmake --build /home/lgq/go2_ws_toolbox/build/go2_perception -- -j20 -l20
[0.089s] Invoking command in '/home/lgq/go2_ws_toolbox/build/go2_perception': CMAKE_PREFIX_PATH=${CMAKE_PREFIX_PATH}:/opt/ros/humble /usr/bin/cmake --install /home/lgq/go2_ws_toolbox/build/go2_perception
[0.096s] -- Install configuration: ""
[0.097s] -- Up-to-date: /home/lgq/go2_ws_toolbox/install/go2_perception/lib/go2_perception/pointcloud_to_laserscan_node
[0.097s] -- Up-to-date: /home/lgq/go2_ws_toolbox/install/go2_perception/lib/libpointcloud_to_laserscan.so
[0.099s] -- Up-to-date: /home/lgq/go2_ws_toolbox/install/go2_perception/lib/go2_perception/cloud_accumulation
[0.099s] -- Up-to-date: /home/lgq/go2_ws_toolbox/install/go2_perception/share/go2_perception/launch
[0.099s] -- Up-to-date: /home/lgq/go2_ws_toolbox/install/go2_perception/share/go2_perception/launch/go2_pointcloud.launch.py
[0.099s] -- Up-to-date: /home/lgq/go2_ws_toolbox/install/go2_perception/share/ament_index/resource_index/package_run_dependencies/go2_perception
[0.099s] -- Up-to-date: /home/lgq/go2_ws_toolbox/install/go2_perception/share/ament_index/resource_index/parent_prefix_path/go2_perception
[0.099s] -- Up-to-date: /home/lgq/go2_ws_toolbox/install/go2_perception/share/go2_perception/environment/ament_prefix_path.sh
[0.100s] -- Up-to-date: /home/lgq/go2_ws_toolbox/install/go2_perception/share/go2_perception/environment/ament_prefix_path.dsv
[0.100s] -- Up-to-date: /home/lgq/go2_ws_toolbox/install/go2_perception/share/go2_perception/environment/path.sh
[0.101s] -- Up-to-date: /home/lgq/go2_ws_toolbox/install/go2_perception/share/go2_perception/environment/path.dsv
[0.101s] -- Up-to-date: /home/lgq/go2_ws_toolbox/install/go2_perception/share/go2_perception/local_setup.bash
[0.101s] -- Up-to-date: /home/lgq/go2_ws_toolbox/install/go2_perception/share/go2_perception/local_setup.sh
[0.101s] -- Up-to-date: /home/lgq/go2_ws_toolbox/install/go2_perception/share/go2_perception/local_setup.zsh
[0.101s] -- Up-to-date: /home/lgq/go2_ws_toolbox/install/go2_perception/share/go2_perception/local_setup.dsv
[0.102s] -- Installing: /home/lgq/go2_ws_toolbox/install/go2_perception/share/go2_perception/package.dsv
[0.102s] -- Up-to-date: /home/lgq/go2_ws_toolbox/install/go2_perception/share/ament_index/resource_index/packages/go2_perception
[0.102s] -- Up-to-date: /home/lgq/go2_ws_toolbox/install/go2_perception/share/ament_index/resource_index/rclcpp_components/go2_perception
[0.102s] -- Up-to-date: /home/lgq/go2_ws_toolbox/install/go2_perception/share/go2_perception/cmake/go2_perceptionConfig.cmake
[0.102s] -- Up-to-date: /home/lgq/go2_ws_toolbox/install/go2_perception/share/go2_perception/cmake/go2_perceptionConfig-version.cmake
[0.103s] -- Up-to-date: /home/lgq/go2_ws_toolbox/install/go2_perception/share/go2_perception/package.xml
[0.113s] Invoked command in '/home/lgq/go2_ws_toolbox/build/go2_perception' returned '0': CMAKE_PREFIX_PATH=${CMAKE_PREFIX_PATH}:/opt/ros/humble /usr/bin/cmake --install /home/lgq/go2_ws_toolbox/build/go2_perception
