[0.015s] Invoking command in '/home/lgq/go2_ws_toolbox/build/go2_perception': CMAKE_PREFIX_PATH=${CMAKE_PREFIX_PATH}:/opt/ros/humble /usr/bin/cmake --build /home/lgq/go2_ws_toolbox/build/go2_perception -- -j20 -l20
[0.076s] [ 33%] Built target cloud_accumulation
[0.076s] [ 66%] Built target pointcloud_to_laserscan_node
[0.076s] [100%] Built target pointcloud_to_laserscan
[0.118s] Invoked command in '/home/lgq/go2_ws_toolbox/build/go2_perception' returned '0': CMAKE_PREFIX_PATH=${CMAKE_PREFIX_PATH}:/opt/ros/humble /usr/bin/cmake --build /home/lgq/go2_ws_toolbox/build/go2_perception -- -j20 -l20
[0.123s] Invoking command in '/home/lgq/go2_ws_toolbox/build/go2_perception': CMAKE_PREFIX_PATH=${CMAKE_PREFIX_PATH}:/opt/ros/humble /usr/bin/cmake --install /home/lgq/go2_ws_toolbox/build/go2_perception
[0.127s] -- Install configuration: ""
[0.127s] -- Up-to-date: /home/lgq/go2_ws_toolbox/install/go2_perception/lib/go2_perception/pointcloud_to_laserscan_node
[0.127s] -- Up-to-date: /home/lgq/go2_ws_toolbox/install/go2_perception/lib/libpointcloud_to_laserscan.so
[0.127s] -- Up-to-date: /home/lgq/go2_ws_toolbox/install/go2_perception/lib/go2_perception/cloud_accumulation
[0.127s] -- Up-to-date: /home/lgq/go2_ws_toolbox/install/go2_perception/share/go2_perception/launch
[0.127s] -- Up-to-date: /home/lgq/go2_ws_toolbox/install/go2_perception/share/go2_perception/launch/go2_pointcloud.launch.py
[0.127s] -- Up-to-date: /home/lgq/go2_ws_toolbox/install/go2_perception/share/ament_index/resource_index/package_run_dependencies/go2_perception
[0.128s] -- Up-to-date: /home/lgq/go2_ws_toolbox/install/go2_perception/share/ament_index/resource_index/parent_prefix_path/go2_perception
[0.128s] -- Up-to-date: /home/lgq/go2_ws_toolbox/install/go2_perception/share/go2_perception/environment/ament_prefix_path.sh
[0.128s] -- Up-to-date: /home/lgq/go2_ws_toolbox/install/go2_perception/share/go2_perception/environment/ament_prefix_path.dsv
[0.129s] -- Up-to-date: /home/lgq/go2_ws_toolbox/install/go2_perception/share/go2_perception/environment/path.sh
[0.129s] -- Up-to-date: /home/lgq/go2_ws_toolbox/install/go2_perception/share/go2_perception/environment/path.dsv
[0.129s] -- Up-to-date: /home/lgq/go2_ws_toolbox/install/go2_perception/share/go2_perception/local_setup.bash
[0.129s] -- Up-to-date: /home/lgq/go2_ws_toolbox/install/go2_perception/share/go2_perception/local_setup.sh
[0.130s] -- Up-to-date: /home/lgq/go2_ws_toolbox/install/go2_perception/share/go2_perception/local_setup.zsh
[0.130s] -- Up-to-date: /home/lgq/go2_ws_toolbox/install/go2_perception/share/go2_perception/local_setup.dsv
[0.130s] -- Installing: /home/lgq/go2_ws_toolbox/install/go2_perception/share/go2_perception/package.dsv
[0.130s] -- Up-to-date: /home/lgq/go2_ws_toolbox/install/go2_perception/share/ament_index/resource_index/packages/go2_perception
[0.130s] -- Up-to-date: /home/lgq/go2_ws_toolbox/install/go2_perception/share/ament_index/resource_index/rclcpp_components/go2_perception
[0.131s] -- Up-to-date: /home/lgq/go2_ws_toolbox/install/go2_perception/share/go2_perception/cmake/go2_perceptionConfig.cmake
[0.131s] -- Up-to-date: /home/lgq/go2_ws_toolbox/install/go2_perception/share/go2_perception/cmake/go2_perceptionConfig-version.cmake
[0.131s] -- Up-to-date: /home/lgq/go2_ws_toolbox/install/go2_perception/share/go2_perception/package.xml
[0.150s] Invoked command in '/home/lgq/go2_ws_toolbox/build/go2_perception' returned '0': CMAKE_PREFIX_PATH=${CMAKE_PREFIX_PATH}:/opt/ros/humble /usr/bin/cmake --install /home/lgq/go2_ws_toolbox/build/go2_perception
