[0.015s] Invoking command in '/home/lgq/go2_ws_toolbox/build/go2_slam': CMAKE_PREFIX_PATH=${CMAKE_PREFIX_PATH}:/opt/ros/humble /usr/bin/cmake --build /home/lgq/go2_ws_toolbox/build/go2_slam -- -j20 -l20
[0.044s] Invoked command in '/home/lgq/go2_ws_toolbox/build/go2_slam' returned '0': CMAKE_PREFIX_PATH=${CMAKE_PREFIX_PATH}:/opt/ros/humble /usr/bin/cmake --build /home/lgq/go2_ws_toolbox/build/go2_slam -- -j20 -l20
[0.049s] Invoking command in '/home/lgq/go2_ws_toolbox/build/go2_slam': CMAKE_PREFIX_PATH=${CMAKE_PREFIX_PATH}:/opt/ros/humble /usr/bin/cmake --install /home/lgq/go2_ws_toolbox/build/go2_slam
[0.052s] -- Install configuration: ""
[0.053s] -- Execute custom install script
[0.054s] -- Up-to-date symlink: /home/lgq/go2_ws_toolbox/install/go2_slam/share/go2_slam/launch/go2_slamtoolbox.launch.py
[0.055s] -- Up-to-date symlink: /home/lgq/go2_ws_toolbox/install/go2_slam/share/go2_slam/config/mapper_params_online_async.yaml
[0.055s] -- Up-to-date symlink: /home/lgq/go2_ws_toolbox/install/go2_slam/share/ament_index/resource_index/package_run_dependencies/go2_slam
[0.055s] -- Up-to-date symlink: /home/lgq/go2_ws_toolbox/install/go2_slam/share/ament_index/resource_index/parent_prefix_path/go2_slam
[0.055s] -- Up-to-date symlink: /home/lgq/go2_ws_toolbox/install/go2_slam/share/go2_slam/environment/ament_prefix_path.sh
[0.055s] -- Up-to-date symlink: /home/lgq/go2_ws_toolbox/install/go2_slam/share/go2_slam/environment/ament_prefix_path.dsv
[0.055s] -- Up-to-date symlink: /home/lgq/go2_ws_toolbox/install/go2_slam/share/go2_slam/environment/path.sh
[0.055s] -- Up-to-date symlink: /home/lgq/go2_ws_toolbox/install/go2_slam/share/go2_slam/environment/path.dsv
[0.055s] -- Up-to-date symlink: /home/lgq/go2_ws_toolbox/install/go2_slam/share/go2_slam/local_setup.bash
[0.055s] -- Up-to-date symlink: /home/lgq/go2_ws_toolbox/install/go2_slam/share/go2_slam/local_setup.sh
[0.055s] -- Up-to-date symlink: /home/lgq/go2_ws_toolbox/install/go2_slam/share/go2_slam/local_setup.zsh
[0.055s] -- Up-to-date symlink: /home/lgq/go2_ws_toolbox/install/go2_slam/share/go2_slam/local_setup.dsv
[0.056s] -- Symlinking: /home/lgq/go2_ws_toolbox/install/go2_slam/share/go2_slam/package.dsv
[0.059s] -- Up-to-date symlink: /home/lgq/go2_ws_toolbox/install/go2_slam/share/ament_index/resource_index/packages/go2_slam
[0.059s] -- Up-to-date symlink: /home/lgq/go2_ws_toolbox/install/go2_slam/share/go2_slam/cmake/go2_slamConfig.cmake
[0.059s] -- Up-to-date symlink: /home/lgq/go2_ws_toolbox/install/go2_slam/share/go2_slam/cmake/go2_slamConfig-version.cmake
[0.059s] -- Up-to-date symlink: /home/lgq/go2_ws_toolbox/install/go2_slam/share/go2_slam/package.xml
[0.071s] Invoked command in '/home/lgq/go2_ws_toolbox/build/go2_slam' returned '0': CMAKE_PREFIX_PATH=${CMAKE_PREFIX_PATH}:/opt/ros/humble /usr/bin/cmake --install /home/lgq/go2_ws_toolbox/build/go2_slam
