[0.021s] Invoking command in '/home/lgq/go2_ws_toolbox/build/go2_slam': CMAKE_PREFIX_PATH=${CMAKE_PREFIX_PATH}:/opt/ros/humble /usr/bin/cmake /home/lgq/go2_ws_toolbox/src/unitree-go2-slam-toolbox/src/go2_slam -DAMENT_CMAKE_SYMLINK_INSTALL=1 -DCMAKE_INSTALL_PREFIX=/home/lgq/go2_ws_toolbox/install/go2_slam
[0.036s] -- Found ament_cmake: 1.3.12 (/opt/ros/humble/share/ament_cmake/cmake)
[0.133s] -- Override CMake install command with custom implementation using symlinks instead of copying resources
[0.138s] -- Found ament_lint_auto: 0.12.14 (/opt/ros/humble/share/ament_lint_auto/cmake)
[0.179s] -- Added test 'flake8' to check Python code syntax and style conventions
[0.179s] -- Added test 'lint_cmake' to check CMake code style
[0.179s] -- Added test 'pep257' to check Python code against some of the docstring style conventions in PEP 257
[0.179s] -- Added test 'xmllint' to check XML markup files
[0.180s] -- Configuring done
[0.181s] -- Generating done
[0.182s] -- Build files have been written to: /home/lgq/go2_ws_toolbox/build/go2_slam
[0.184s] Invoked command in '/home/lgq/go2_ws_toolbox/build/go2_slam' returned '0': CMAKE_PREFIX_PATH=${CMAKE_PREFIX_PATH}:/opt/ros/humble /usr/bin/cmake /home/lgq/go2_ws_toolbox/src/unitree-go2-slam-toolbox/src/go2_slam -DAMENT_CMAKE_SYMLINK_INSTALL=1 -DCMAKE_INSTALL_PREFIX=/home/lgq/go2_ws_toolbox/install/go2_slam
[0.186s] Invoking command in '/home/lgq/go2_ws_toolbox/build/go2_slam': CMAKE_PREFIX_PATH=${CMAKE_PREFIX_PATH}:/opt/ros/humble /usr/bin/cmake --build /home/lgq/go2_ws_toolbox/build/go2_slam -- -j20 -l20
[0.216s] Invoked command in '/home/lgq/go2_ws_toolbox/build/go2_slam' returned '0': CMAKE_PREFIX_PATH=${CMAKE_PREFIX_PATH}:/opt/ros/humble /usr/bin/cmake --build /home/lgq/go2_ws_toolbox/build/go2_slam -- -j20 -l20
[0.225s] Invoking command in '/home/lgq/go2_ws_toolbox/build/go2_slam': CMAKE_PREFIX_PATH=${CMAKE_PREFIX_PATH}:/opt/ros/humble /usr/bin/cmake --install /home/lgq/go2_ws_toolbox/build/go2_slam
[0.229s] -- Install configuration: ""
[0.229s] -- Execute custom install script
[0.229s] -- Symlinking: /home/lgq/go2_ws_toolbox/install/go2_slam/share/go2_slam/launch/go2_slamtoolbox.launch.py
[0.236s] -- Symlinking: /home/lgq/go2_ws_toolbox/install/go2_slam/share/go2_slam/config/mapper_params_online_async.yaml
[0.243s] -- Symlinking: /home/lgq/go2_ws_toolbox/install/go2_slam/share/ament_index/resource_index/package_run_dependencies/go2_slam
[0.252s] -- Symlinking: /home/lgq/go2_ws_toolbox/install/go2_slam/share/ament_index/resource_index/parent_prefix_path/go2_slam
[0.259s] -- Symlinking: /home/lgq/go2_ws_toolbox/install/go2_slam/share/go2_slam/environment/ament_prefix_path.sh
[0.266s] -- Symlinking: /home/lgq/go2_ws_toolbox/install/go2_slam/share/go2_slam/environment/ament_prefix_path.dsv
[0.272s] -- Symlinking: /home/lgq/go2_ws_toolbox/install/go2_slam/share/go2_slam/environment/path.sh
[0.279s] -- Symlinking: /home/lgq/go2_ws_toolbox/install/go2_slam/share/go2_slam/environment/path.dsv
[0.285s] -- Symlinking: /home/lgq/go2_ws_toolbox/install/go2_slam/share/go2_slam/local_setup.bash
[0.293s] -- Symlinking: /home/lgq/go2_ws_toolbox/install/go2_slam/share/go2_slam/local_setup.sh
[0.298s] -- Symlinking: /home/lgq/go2_ws_toolbox/install/go2_slam/share/go2_slam/local_setup.zsh
[0.303s] -- Symlinking: /home/lgq/go2_ws_toolbox/install/go2_slam/share/go2_slam/local_setup.dsv
[0.311s] -- Symlinking: /home/lgq/go2_ws_toolbox/install/go2_slam/share/go2_slam/package.dsv
[0.318s] -- Symlinking: /home/lgq/go2_ws_toolbox/install/go2_slam/share/ament_index/resource_index/packages/go2_slam
[0.326s] -- Symlinking: /home/lgq/go2_ws_toolbox/install/go2_slam/share/go2_slam/cmake/go2_slamConfig.cmake
[0.332s] -- Symlinking: /home/lgq/go2_ws_toolbox/install/go2_slam/share/go2_slam/cmake/go2_slamConfig-version.cmake
[0.341s] -- Symlinking: /home/lgq/go2_ws_toolbox/install/go2_slam/share/go2_slam/package.xml
[0.346s] Invoked command in '/home/lgq/go2_ws_toolbox/build/go2_slam' returned '0': CMAKE_PREFIX_PATH=${CMAKE_PREFIX_PATH}:/opt/ros/humble /usr/bin/cmake --install /home/lgq/go2_ws_toolbox/build/go2_slam
