-- Found ament_cmake: 1.3.12 (/opt/ros/humble/share/ament_cmake/cmake)
-- Override CMake install command with custom implementation using symlinks instead of copying resources
-- Found rclcpp: 16.0.16 (/opt/ros/humble/share/rclcpp/cmake)
-- Found rosidl_generator_c: 3.1.7 (/opt/ros/humble/share/rosidl_generator_c/cmake)
-- Found rosidl_adapter: 3.1.7 (/opt/ros/humble/share/rosidl_adapter/cmake)
-- Found rosidl_generator_cpp: 3.1.7 (/opt/ros/humble/share/rosidl_generator_cpp/cmake)
-- Using all available rosidl_typesupport_c: rosidl_typesupport_fastrtps_c;rosidl_typesupport_introspection_c
-- Using all available rosidl_typesupport_cpp: rosidl_typesupport_fastrtps_cpp;rosidl_typesupport_introspection_cpp
-- Found rmw_implementation_cmake: 6.1.2 (/opt/ros/humble/share/rmw_implementation_cmake/cmake)
-- Found rmw_cyclonedds_cpp: 1.3.4 (/home/lgq/unitree_ros2/cyclonedds_ws/install/rmw_cyclonedds_cpp/share/rmw_cyclonedds_cpp/cmake)
-- Using RMW implementation 'rmw_cyclonedds_cpp' as default
-- Found unitree_go: 0.0.0 (/home/lgq/unitree_ros2/cyclonedds_ws/install/unitree_go/share/unitree_go/cmake)
-- Found nav_msgs: 4.9.0 (/opt/ros/humble/share/nav_msgs/cmake)
-- Found tf2: 0.25.17 (/opt/ros/humble/share/tf2/cmake)
-- Found tf2_ros: 0.25.17 (/opt/ros/humble/share/tf2_ros/cmake)
-- Found sensor_msgs: 4.9.0 (/opt/ros/humble/share/sensor_msgs/cmake)
-- Found ament_lint_auto: 0.12.14 (/opt/ros/humble/share/ament_lint_auto/cmake)
-- Added test 'cppcheck' to perform static code analysis on C / C++ code
-- Configured cppcheck include dirs: $<BUILD_INTERFACE:/home/lgq/go2_ws_toolbox/src/unitree-go2-slam-toolbox/src/base/go2_driver/include>
-- Configured cppcheck exclude dirs and/or files: 
-- Added test 'flake8' to check Python code syntax and style conventions
-- Added test 'lint_cmake' to check CMake code style
-- Added test 'pep257' to check Python code against some of the docstring style conventions in PEP 257
-- Added test 'uncrustify' to check C / C++ code style
-- Configured uncrustify additional arguments: 
-- Added test 'xmllint' to check XML markup files
-- Configuring done
-- Generating done
-- Build files have been written to: /home/lgq/go2_ws_toolbox/build/go2_driver
[35m[1mConsolidate compiler generated dependencies of target footprint_to_link[0m
[35m[1mConsolidate compiler generated dependencies of target driver[0m
[35m[1mConsolidate compiler generated dependencies of target lowstate_to_imu[0m
[ 16%] [32m[1mLinking CXX executable footprint_to_link[0m
[ 33%] [32m[1mLinking CXX executable driver[0m
[ 50%] [32m[1mLinking CXX executable lowstate_to_imu[0m
[ 66%] Built target lowstate_to_imu
[ 83%] Built target footprint_to_link
[100%] Built target driver
-- Install configuration: ""
-- Execute custom install script
-- Symlinking: /home/lgq/go2_ws_toolbox/install/go2_driver/lib/go2_driver/driver
-- Symlinking: /home/lgq/go2_ws_toolbox/install/go2_driver/lib/go2_driver/footprint_to_link
-- Symlinking: /home/lgq/go2_ws_toolbox/install/go2_driver/lib/go2_driver/lowstate_to_imu
-- Symlinking: /home/lgq/go2_ws_toolbox/install/go2_driver/share/go2_driver/launch/driver.launch.py
-- Symlinking: /home/lgq/go2_ws_toolbox/install/go2_driver/share/go2_driver/params/driver.yaml
-- Symlinking: /home/lgq/go2_ws_toolbox/install/go2_driver/share/go2_driver/rviz/display.rviz
-- Symlinking: /home/lgq/go2_ws_toolbox/install/go2_driver/share/ament_index/resource_index/package_run_dependencies/go2_driver
-- Symlinking: /home/lgq/go2_ws_toolbox/install/go2_driver/share/ament_index/resource_index/parent_prefix_path/go2_driver
-- Symlinking: /home/lgq/go2_ws_toolbox/install/go2_driver/share/go2_driver/environment/ament_prefix_path.sh
-- Symlinking: /home/lgq/go2_ws_toolbox/install/go2_driver/share/go2_driver/environment/ament_prefix_path.dsv
-- Symlinking: /home/lgq/go2_ws_toolbox/install/go2_driver/share/go2_driver/environment/path.sh
-- Symlinking: /home/lgq/go2_ws_toolbox/install/go2_driver/share/go2_driver/environment/path.dsv
-- Symlinking: /home/lgq/go2_ws_toolbox/install/go2_driver/share/go2_driver/local_setup.bash
-- Symlinking: /home/lgq/go2_ws_toolbox/install/go2_driver/share/go2_driver/local_setup.sh
-- Symlinking: /home/lgq/go2_ws_toolbox/install/go2_driver/share/go2_driver/local_setup.zsh
-- Symlinking: /home/lgq/go2_ws_toolbox/install/go2_driver/share/go2_driver/local_setup.dsv
-- Symlinking: /home/lgq/go2_ws_toolbox/install/go2_driver/share/go2_driver/package.dsv
-- Symlinking: /home/lgq/go2_ws_toolbox/install/go2_driver/share/ament_index/resource_index/packages/go2_driver
-- Symlinking: /home/lgq/go2_ws_toolbox/install/go2_driver/share/go2_driver/cmake/go2_driverConfig.cmake
-- Symlinking: /home/lgq/go2_ws_toolbox/install/go2_driver/share/go2_driver/cmake/go2_driverConfig-version.cmake
-- Symlinking: /home/lgq/go2_ws_toolbox/install/go2_driver/share/go2_driver/package.xml
