[0.018s] Invoking command in '/home/lgq/go2_ws_toolbox/build/go2_driver': CMAKE_PREFIX_PATH=${CMAKE_PREFIX_PATH}:/opt/ros/humble /usr/bin/cmake /home/lgq/go2_ws_toolbox/src/unitree-go2-slam-toolbox/src/base/go2_driver -DAMENT_CMAKE_SYMLINK_INSTALL=1 -DCMAKE_INSTALL_PREFIX=/home/lgq/go2_ws_toolbox/install/go2_driver
[0.043s] -- Found ament_cmake: 1.3.12 (/opt/ros/humble/share/ament_cmake/cmake)
[0.141s] -- Override CMake install command with custom implementation using symlinks instead of copying resources
[0.146s] -- Found rclcpp: 16.0.16 (/opt/ros/humble/share/rclcpp/cmake)
[0.163s] -- Found rosidl_generator_c: 3.1.7 (/opt/ros/humble/share/rosidl_generator_c/cmake)
[0.164s] -- Found rosidl_adapter: 3.1.7 (/opt/ros/humble/share/rosidl_adapter/cmake)
[0.167s] -- Found rosidl_generator_cpp: 3.1.7 (/opt/ros/humble/share/rosidl_generator_cpp/cmake)
[0.173s] -- Using all available rosidl_typesupport_c: rosidl_typesupport_fastrtps_c;rosidl_typesupport_introspection_c
[0.179s] -- Using all available rosidl_typesupport_cpp: rosidl_typesupport_fastrtps_cpp;rosidl_typesupport_introspection_cpp
[0.198s] -- Found rmw_implementation_cmake: 6.1.2 (/opt/ros/humble/share/rmw_implementation_cmake/cmake)
[0.199s] -- Found rmw_cyclonedds_cpp: 1.3.4 (/home/lgq/unitree_ros2/cyclonedds_ws/install/rmw_cyclonedds_cpp/share/rmw_cyclonedds_cpp/cmake)
[0.209s] -- Using RMW implementation 'rmw_cyclonedds_cpp' as default
[0.238s] -- Found unitree_go: 0.0.0 (/home/lgq/unitree_ros2/cyclonedds_ws/install/unitree_go/share/unitree_go/cmake)
[0.253s] -- Found nav_msgs: 4.9.0 (/opt/ros/humble/share/nav_msgs/cmake)
[0.263s] -- Found tf2: 0.25.17 (/opt/ros/humble/share/tf2/cmake)
[0.266s] -- Found tf2_ros: 0.25.17 (/opt/ros/humble/share/tf2_ros/cmake)
[0.323s] -- Found sensor_msgs: 4.9.0 (/opt/ros/humble/share/sensor_msgs/cmake)
[0.339s] -- Found ament_lint_auto: 0.12.14 (/opt/ros/humble/share/ament_lint_auto/cmake)
[0.385s] -- Added test 'cppcheck' to perform static code analysis on C / C++ code
[0.385s] -- Configured cppcheck include dirs: $<BUILD_INTERFACE:/home/lgq/go2_ws_toolbox/src/unitree-go2-slam-toolbox/src/base/go2_driver/include>
[0.385s] -- Configured cppcheck exclude dirs and/or files: 
[0.385s] -- Added test 'flake8' to check Python code syntax and style conventions
[0.386s] -- Added test 'lint_cmake' to check CMake code style
[0.386s] -- Added test 'pep257' to check Python code against some of the docstring style conventions in PEP 257
[0.386s] -- Added test 'uncrustify' to check C / C++ code style
[0.386s] -- Configured uncrustify additional arguments: 
[0.386s] -- Added test 'xmllint' to check XML markup files
[0.387s] -- Configuring done
[0.400s] -- Generating done
[0.405s] -- Build files have been written to: /home/lgq/go2_ws_toolbox/build/go2_driver
[0.410s] Invoked command in '/home/lgq/go2_ws_toolbox/build/go2_driver' returned '0': CMAKE_PREFIX_PATH=${CMAKE_PREFIX_PATH}:/opt/ros/humble /usr/bin/cmake /home/lgq/go2_ws_toolbox/src/unitree-go2-slam-toolbox/src/base/go2_driver -DAMENT_CMAKE_SYMLINK_INSTALL=1 -DCMAKE_INSTALL_PREFIX=/home/lgq/go2_ws_toolbox/install/go2_driver
[0.411s] Invoking command in '/home/lgq/go2_ws_toolbox/build/go2_driver': CMAKE_PREFIX_PATH=${CMAKE_PREFIX_PATH}:/opt/ros/humble /usr/bin/cmake --build /home/lgq/go2_ws_toolbox/build/go2_driver -- -j20 -l20
[0.450s] [35m[1mConsolidate compiler generated dependencies of target footprint_to_link[0m
[0.452s] [35m[1mConsolidate compiler generated dependencies of target driver[0m
[0.457s] [35m[1mConsolidate compiler generated dependencies of target lowstate_to_imu[0m
[0.467s] [ 16%] [32m[1mLinking CXX executable footprint_to_link[0m
[0.474s] [ 33%] [32m[1mLinking CXX executable driver[0m
[0.475s] [ 50%] [32m[1mLinking CXX executable lowstate_to_imu[0m
[1.116s] [ 66%] Built target lowstate_to_imu
[1.132s] [ 83%] Built target footprint_to_link
[1.337s] [100%] Built target driver
[1.343s] Invoked command in '/home/lgq/go2_ws_toolbox/build/go2_driver' returned '0': CMAKE_PREFIX_PATH=${CMAKE_PREFIX_PATH}:/opt/ros/humble /usr/bin/cmake --build /home/lgq/go2_ws_toolbox/build/go2_driver -- -j20 -l20
[1.344s] Invoking command in '/home/lgq/go2_ws_toolbox/build/go2_driver': CMAKE_PREFIX_PATH=${CMAKE_PREFIX_PATH}:/opt/ros/humble /usr/bin/cmake --install /home/lgq/go2_ws_toolbox/build/go2_driver
[1.349s] -- Install configuration: ""
[1.349s] -- Execute custom install script
[1.349s] -- Symlinking: /home/lgq/go2_ws_toolbox/install/go2_driver/lib/go2_driver/driver
[1.356s] -- Symlinking: /home/lgq/go2_ws_toolbox/install/go2_driver/lib/go2_driver/footprint_to_link
[1.363s] -- Symlinking: /home/lgq/go2_ws_toolbox/install/go2_driver/lib/go2_driver/lowstate_to_imu
[1.371s] -- Symlinking: /home/lgq/go2_ws_toolbox/install/go2_driver/share/go2_driver/launch/driver.launch.py
[1.382s] -- Symlinking: /home/lgq/go2_ws_toolbox/install/go2_driver/share/go2_driver/params/driver.yaml
[1.392s] -- Symlinking: /home/lgq/go2_ws_toolbox/install/go2_driver/share/go2_driver/rviz/display.rviz
[1.403s] -- Symlinking: /home/lgq/go2_ws_toolbox/install/go2_driver/share/ament_index/resource_index/package_run_dependencies/go2_driver
[1.420s] -- Symlinking: /home/lgq/go2_ws_toolbox/install/go2_driver/share/ament_index/resource_index/parent_prefix_path/go2_driver
[1.435s] -- Symlinking: /home/lgq/go2_ws_toolbox/install/go2_driver/share/go2_driver/environment/ament_prefix_path.sh
[1.447s] -- Symlinking: /home/lgq/go2_ws_toolbox/install/go2_driver/share/go2_driver/environment/ament_prefix_path.dsv
[1.456s] -- Symlinking: /home/lgq/go2_ws_toolbox/install/go2_driver/share/go2_driver/environment/path.sh
[1.464s] -- Symlinking: /home/lgq/go2_ws_toolbox/install/go2_driver/share/go2_driver/environment/path.dsv
[1.477s] -- Symlinking: /home/lgq/go2_ws_toolbox/install/go2_driver/share/go2_driver/local_setup.bash
[1.487s] -- Symlinking: /home/lgq/go2_ws_toolbox/install/go2_driver/share/go2_driver/local_setup.sh
[1.500s] -- Symlinking: /home/lgq/go2_ws_toolbox/install/go2_driver/share/go2_driver/local_setup.zsh
[1.514s] -- Symlinking: /home/lgq/go2_ws_toolbox/install/go2_driver/share/go2_driver/local_setup.dsv
[1.531s] -- Symlinking: /home/lgq/go2_ws_toolbox/install/go2_driver/share/go2_driver/package.dsv
[1.544s] -- Symlinking: /home/lgq/go2_ws_toolbox/install/go2_driver/share/ament_index/resource_index/packages/go2_driver
[1.551s] -- Symlinking: /home/lgq/go2_ws_toolbox/install/go2_driver/share/go2_driver/cmake/go2_driverConfig.cmake
[1.564s] -- Symlinking: /home/lgq/go2_ws_toolbox/install/go2_driver/share/go2_driver/cmake/go2_driverConfig-version.cmake
[1.577s] -- Symlinking: /home/lgq/go2_ws_toolbox/install/go2_driver/share/go2_driver/package.xml
[1.595s] Invoked command in '/home/lgq/go2_ws_toolbox/build/go2_driver' returned '0': CMAKE_PREFIX_PATH=${CMAKE_PREFIX_PATH}:/opt/ros/humble /usr/bin/cmake --install /home/lgq/go2_ws_toolbox/build/go2_driver
