[0.015s] Invoking command in '/home/lgq/go2_ws_toolbox/build/go2_navigation2': CMAKE_PREFIX_PATH=${CMAKE_PREFIX_PATH}:/home/lgq/ros2_ws/install/speech_processor:/home/lgq/ros2_ws/install/lidar_processor:/home/lgq/ros2_ws/install/go2_robot_sdk:/home/lgq/ros2_ws/install/coco_detector:/home/lgq/go2_ws/install/go2_robot_sdk:/home/lgq/go2_ws/install/coco_detector:/opt/ros/humble /usr/bin/cmake /home/lgq/go2_ws_toolbox/src/unitree-go2-slam-toolbox/src/go2_navigation2 -DCMAKE_INSTALL_PREFIX=/home/lgq/go2_ws_toolbox/install/go2_navigation2
[0.067s] -- The C compiler identification is GNU 11.4.0
[0.118s] -- The CXX compiler identification is GNU 11.4.0
[0.123s] -- Detecting C compiler ABI info
[0.166s] -- Detecting C compiler ABI info - done
[0.170s] -- Check for working C compiler: /usr/bin/cc - skipped
[0.170s] -- Detecting C compile features
[0.170s] -- Detecting C compile features - done
[0.172s] -- Detecting CXX compiler ABI info
[0.225s] -- Detecting CXX compiler ABI info - done
[0.232s] -- Check for working CXX compiler: /usr/bin/c++ - skipped
[0.232s] -- Detecting CXX compile features
[0.233s] -- Detecting CXX compile features - done
[0.236s] -- Found ament_cmake: 1.3.12 (/opt/ros/humble/share/ament_cmake/cmake)
[0.342s] -- Found Python3: /usr/bin/python3 (found version "3.10.12") found components: Interpreter 
[0.416s] -- Found rclcpp: 16.0.16 (/opt/ros/humble/share/rclcpp/cmake)
[0.446s] -- Found rosidl_generator_c: 3.1.7 (/opt/ros/humble/share/rosidl_generator_c/cmake)
[0.450s] -- Found rosidl_adapter: 3.1.7 (/opt/ros/humble/share/rosidl_adapter/cmake)
[0.456s] -- Found rosidl_generator_cpp: 3.1.7 (/opt/ros/humble/share/rosidl_generator_cpp/cmake)
[0.464s] -- Using all available rosidl_typesupport_c: rosidl_typesupport_fastrtps_c;rosidl_typesupport_introspection_c
[0.475s] -- Using all available rosidl_typesupport_cpp: rosidl_typesupport_fastrtps_cpp;rosidl_typesupport_introspection_cpp
[0.507s] -- Found rmw_implementation_cmake: 6.1.2 (/opt/ros/humble/share/rmw_implementation_cmake/cmake)
[0.508s] -- Found rmw_cyclonedds_cpp: 1.3.4 (/home/lgq/unitree_ros2/cyclonedds_ws/install/rmw_cyclonedds_cpp/share/rmw_cyclonedds_cpp/cmake)
[0.520s] -- Using RMW implementation 'rmw_cyclonedds_cpp' as default
[0.526s] -- Looking for pthread.h
[0.578s] -- Looking for pthread.h - found
[0.578s] -- Performing Test CMAKE_HAVE_LIBC_PTHREAD
[0.626s] -- Performing Test CMAKE_HAVE_LIBC_PTHREAD - Success
[0.627s] -- Found Threads: TRUE  
[0.661s] -- Found unitree_go: 0.0.0 (/home/lgq/go2_ws/install/unitree_go/share/unitree_go/cmake)
[0.681s] -- Found unitree_api: 0.0.0 (/home/lgq/unitree_ros2/cyclonedds_ws/install/unitree_api/share/unitree_api/cmake)
[0.691s] -- Found nav_msgs: 4.9.0 (/opt/ros/humble/share/nav_msgs/cmake)
[0.703s] -- Found ament_lint_auto: 0.12.14 (/opt/ros/humble/share/ament_lint_auto/cmake)
[0.756s] -- Added test 'cppcheck' to perform static code analysis on C / C++ code
[0.757s] -- Configured cppcheck include dirs: $<BUILD_INTERFACE:/home/lgq/go2_ws_toolbox/src/unitree-go2-slam-toolbox/src/go2_navigation2/include>
[0.757s] -- Configured cppcheck exclude dirs and/or files: 
[0.757s] -- Added test 'flake8' to check Python code syntax and style conventions
[0.757s] -- Added test 'lint_cmake' to check CMake code style
[0.758s] -- Added test 'pep257' to check Python code against some of the docstring style conventions in PEP 257
[0.758s] -- Added test 'uncrustify' to check C / C++ code style
[0.758s] -- Configured uncrustify additional arguments: 
[0.758s] -- Added test 'xmllint' to check XML markup files
[0.759s] -- Configuring done
[0.764s] -- Generating done
[0.766s] -- Build files have been written to: /home/lgq/go2_ws_toolbox/build/go2_navigation2
[0.771s] Invoked command in '/home/lgq/go2_ws_toolbox/build/go2_navigation2' returned '0': CMAKE_PREFIX_PATH=${CMAKE_PREFIX_PATH}:/home/lgq/ros2_ws/install/speech_processor:/home/lgq/ros2_ws/install/lidar_processor:/home/lgq/ros2_ws/install/go2_robot_sdk:/home/lgq/ros2_ws/install/coco_detector:/home/lgq/go2_ws/install/go2_robot_sdk:/home/lgq/go2_ws/install/coco_detector:/opt/ros/humble /usr/bin/cmake /home/lgq/go2_ws_toolbox/src/unitree-go2-slam-toolbox/src/go2_navigation2 -DCMAKE_INSTALL_PREFIX=/home/lgq/go2_ws_toolbox/install/go2_navigation2
[0.773s] Invoking command in '/home/lgq/go2_ws_toolbox/build/go2_navigation2': CMAKE_PREFIX_PATH=${CMAKE_PREFIX_PATH}:/home/lgq/ros2_ws/install/speech_processor:/home/lgq/ros2_ws/install/lidar_processor:/home/lgq/ros2_ws/install/go2_robot_sdk:/home/lgq/ros2_ws/install/coco_detector:/home/lgq/go2_ws/install/go2_robot_sdk:/home/lgq/go2_ws/install/coco_detector:/opt/ros/humble /usr/bin/cmake --build /home/lgq/go2_ws_toolbox/build/go2_navigation2 -- -j20 -l20
[0.807s] [ 50%] [32mBuilding CXX object CMakeFiles/navigation.dir/src/navigation.cpp.o[0m
[0.832s] [100%] [32m[1mLinking CXX executable navigation[0m
[0.899s] [100%] Built target navigation
[0.911s] Invoked command in '/home/lgq/go2_ws_toolbox/build/go2_navigation2' returned '0': CMAKE_PREFIX_PATH=${CMAKE_PREFIX_PATH}:/home/lgq/ros2_ws/install/speech_processor:/home/lgq/ros2_ws/install/lidar_processor:/home/lgq/ros2_ws/install/go2_robot_sdk:/home/lgq/ros2_ws/install/coco_detector:/home/lgq/go2_ws/install/go2_robot_sdk:/home/lgq/go2_ws/install/coco_detector:/opt/ros/humble /usr/bin/cmake --build /home/lgq/go2_ws_toolbox/build/go2_navigation2 -- -j20 -l20
[0.912s] Invoking command in '/home/lgq/go2_ws_toolbox/build/go2_navigation2': CMAKE_PREFIX_PATH=${CMAKE_PREFIX_PATH}:/home/lgq/ros2_ws/install/speech_processor:/home/lgq/ros2_ws/install/lidar_processor:/home/lgq/ros2_ws/install/go2_robot_sdk:/home/lgq/ros2_ws/install/coco_detector:/home/lgq/go2_ws/install/go2_robot_sdk:/home/lgq/go2_ws/install/coco_detector:/opt/ros/humble /usr/bin/cmake --install /home/lgq/go2_ws_toolbox/build/go2_navigation2
[0.917s] -- Install configuration: ""
[0.917s] -- Installing: /home/lgq/go2_ws_toolbox/install/go2_navigation2/lib/go2_navigation2/navigation
[0.917s] -- Set runtime path of "/home/lgq/go2_ws_toolbox/install/go2_navigation2/lib/go2_navigation2/navigation" to ""
[0.917s] -- Installing: /home/lgq/go2_ws_toolbox/install/go2_navigation2/share/go2_navigation2/launch
[0.917s] -- Installing: /home/lgq/go2_ws_toolbox/install/go2_navigation2/share/go2_navigation2/launch/go2_nav2.launch.py
[0.917s] -- Installing: /home/lgq/go2_ws_toolbox/install/go2_navigation2/share/go2_navigation2/config
[0.917s] -- Installing: /home/lgq/go2_ws_toolbox/install/go2_navigation2/share/go2_navigation2/config/nav2_params.yaml
[0.917s] -- Installing: /home/lgq/go2_ws_toolbox/install/go2_navigation2/share/ament_index/resource_index/package_run_dependencies/go2_navigation2
[0.917s] -- Installing: /home/lgq/go2_ws_toolbox/install/go2_navigation2/share/ament_index/resource_index/parent_prefix_path/go2_navigation2
[0.917s] -- Installing: /home/lgq/go2_ws_toolbox/install/go2_navigation2/share/go2_navigation2/environment/ament_prefix_path.sh
[0.917s] -- Installing: /home/lgq/go2_ws_toolbox/install/go2_navigation2/share/go2_navigation2/environment/ament_prefix_path.dsv
[0.917s] -- Installing: /home/lgq/go2_ws_toolbox/install/go2_navigation2/share/go2_navigation2/environment/path.sh
[0.917s] -- Installing: /home/lgq/go2_ws_toolbox/install/go2_navigation2/share/go2_navigation2/environment/path.dsv
[0.917s] -- Installing: /home/lgq/go2_ws_toolbox/install/go2_navigation2/share/go2_navigation2/local_setup.bash
[0.918s] -- Installing: /home/lgq/go2_ws_toolbox/install/go2_navigation2/share/go2_navigation2/local_setup.sh
[0.918s] -- Installing: /home/lgq/go2_ws_toolbox/install/go2_navigation2/share/go2_navigation2/local_setup.zsh
[0.918s] -- Installing: /home/lgq/go2_ws_toolbox/install/go2_navigation2/share/go2_navigation2/local_setup.dsv
[0.918s] -- Installing: /home/lgq/go2_ws_toolbox/install/go2_navigation2/share/go2_navigation2/package.dsv
[0.918s] -- Installing: /home/lgq/go2_ws_toolbox/install/go2_navigation2/share/ament_index/resource_index/packages/go2_navigation2
[0.918s] -- Installing: /home/lgq/go2_ws_toolbox/install/go2_navigation2/share/go2_navigation2/cmake/go2_navigation2Config.cmake
[0.918s] -- Installing: /home/lgq/go2_ws_toolbox/install/go2_navigation2/share/go2_navigation2/cmake/go2_navigation2Config-version.cmake
[0.918s] -- Installing: /home/lgq/go2_ws_toolbox/install/go2_navigation2/share/go2_navigation2/package.xml
[0.919s] Invoked command in '/home/lgq/go2_ws_toolbox/build/go2_navigation2' returned '0': CMAKE_PREFIX_PATH=${CMAKE_PREFIX_PATH}:/home/lgq/ros2_ws/install/speech_processor:/home/lgq/ros2_ws/install/lidar_processor:/home/lgq/ros2_ws/install/go2_robot_sdk:/home/lgq/ros2_ws/install/coco_detector:/home/lgq/go2_ws/install/go2_robot_sdk:/home/lgq/go2_ws/install/coco_detector:/opt/ros/humble /usr/bin/cmake --install /home/lgq/go2_ws_toolbox/build/go2_navigation2
