[0.055s] DEBUG:colcon:Command line arguments: ['/usr/bin/colcon', 'build']
[0.055s] DEBUG:colcon:Parsed command line arguments: Namespace(log_base=None, log_level=None, verb_name='build', build_base='build', install_base='install', merge_install=False, symlink_install=False, test_result_base=None, continue_on_error=False, executor='parallel', parallel_workers=20, event_handlers=None, ignore_user_meta=False, metas=['./colcon.meta'], base_paths=['.'], packages_ignore=None, packages_ignore_regex=None, paths=None, packages_up_to=None, packages_up_to_regex=None, packages_above=None, packages_above_and_dependencies=None, packages_above_depth=None, packages_select_by_dep=None, packages_skip_by_dep=None, packages_skip_up_to=None, packages_select_build_failed=False, packages_skip_build_finished=False, packages_select_test_failures=False, packages_skip_test_passed=False, packages_select=None, packages_skip=None, packages_select_regex=None, packages_skip_regex=None, packages_start=None, packages_end=None, allow_overriding=[], cmake_args=None, cmake_target=None, cmake_target_skip_unavailable=False, cmake_clean_cache=False, cmake_clean_first=False, cmake_force_configure=False, ament_cmake_args=None, catkin_cmake_args=None, catkin_skip_building_tests=False, verb_parser=<colcon_defaults.argument_parser.defaults.DefaultArgumentsDecorator object at 0x79020a84d870>, verb_extension=<colcon_core.verb.build.BuildVerb object at 0x79020a84d360>, main=<bound method BuildVerb.main of <colcon_core.verb.build.BuildVerb object at 0x79020a84d360>>)
[0.141s] Level 1:colcon.colcon_core.package_discovery:discover_packages(colcon_meta) check parameters
[0.141s] Level 1:colcon.colcon_core.package_discovery:discover_packages(recursive) check parameters
[0.141s] Level 1:colcon.colcon_core.package_discovery:discover_packages(ignore) check parameters
[0.141s] Level 1:colcon.colcon_core.package_discovery:discover_packages(path) check parameters
[0.141s] Level 1:colcon.colcon_core.package_discovery:discover_packages(colcon_meta) discover
[0.141s] Level 1:colcon.colcon_core.package_discovery:discover_packages(recursive) discover
[0.141s] INFO:colcon.colcon_core.package_discovery:Crawling recursively for packages in '/home/lgq/go2_ws_toolbox'
[0.141s] Level 1:colcon.colcon_core.package_identification:_identify(.) by extensions ['ignore', 'ignore_ament_install']
[0.141s] Level 1:colcon.colcon_core.package_identification:_identify(.) by extension 'ignore'
[0.141s] Level 1:colcon.colcon_core.package_identification:_identify(.) by extension 'ignore_ament_install'
[0.141s] Level 1:colcon.colcon_core.package_identification:_identify(.) by extensions ['colcon_pkg']
[0.141s] Level 1:colcon.colcon_core.package_identification:_identify(.) by extension 'colcon_pkg'
[0.141s] Level 1:colcon.colcon_core.package_identification:_identify(.) by extensions ['colcon_meta']
[0.141s] Level 1:colcon.colcon_core.package_identification:_identify(.) by extension 'colcon_meta'
[0.141s] Level 1:colcon.colcon_core.package_identification:_identify(.) by extensions ['ros']
[0.141s] Level 1:colcon.colcon_core.package_identification:_identify(.) by extension 'ros'
[0.147s] Level 1:colcon.colcon_core.package_identification:_identify(.) by extensions ['cmake', 'python']
[0.147s] Level 1:colcon.colcon_core.package_identification:_identify(.) by extension 'cmake'
[0.147s] Level 1:colcon.colcon_core.package_identification:_identify(.) by extension 'python'
[0.147s] Level 1:colcon.colcon_core.package_identification:_identify(.) by extensions ['python_setup_py']
[0.147s] Level 1:colcon.colcon_core.package_identification:_identify(.) by extension 'python_setup_py'
[0.147s] Level 1:colcon.colcon_core.package_identification:_identify(build) by extensions ['ignore', 'ignore_ament_install']
[0.147s] Level 1:colcon.colcon_core.package_identification:_identify(build) by extension 'ignore'
[0.147s] Level 1:colcon.colcon_core.package_identification:_identify(build) ignored
[0.147s] Level 1:colcon.colcon_core.package_identification:_identify(install) by extensions ['ignore', 'ignore_ament_install']
[0.147s] Level 1:colcon.colcon_core.package_identification:_identify(install) by extension 'ignore'
[0.148s] Level 1:colcon.colcon_core.package_identification:_identify(install) ignored
[0.148s] Level 1:colcon.colcon_core.package_identification:_identify(log) by extensions ['ignore', 'ignore_ament_install']
[0.148s] Level 1:colcon.colcon_core.package_identification:_identify(log) by extension 'ignore'
[0.148s] Level 1:colcon.colcon_core.package_identification:_identify(log) ignored
[0.148s] Level 1:colcon.colcon_core.package_identification:_identify(src) by extensions ['ignore', 'ignore_ament_install']
[0.148s] Level 1:colcon.colcon_core.package_identification:_identify(src) by extension 'ignore'
[0.148s] Level 1:colcon.colcon_core.package_identification:_identify(src) by extension 'ignore_ament_install'
[0.148s] Level 1:colcon.colcon_core.package_identification:_identify(src) by extensions ['colcon_pkg']
[0.148s] Level 1:colcon.colcon_core.package_identification:_identify(src) by extension 'colcon_pkg'
[0.148s] Level 1:colcon.colcon_core.package_identification:_identify(src) by extensions ['colcon_meta']
[0.148s] Level 1:colcon.colcon_core.package_identification:_identify(src) by extension 'colcon_meta'
[0.148s] Level 1:colcon.colcon_core.package_identification:_identify(src) by extensions ['ros']
[0.148s] Level 1:colcon.colcon_core.package_identification:_identify(src) by extension 'ros'
[0.148s] Level 1:colcon.colcon_core.package_identification:_identify(src) by extensions ['cmake', 'python']
[0.148s] Level 1:colcon.colcon_core.package_identification:_identify(src) by extension 'cmake'
[0.148s] Level 1:colcon.colcon_core.package_identification:_identify(src) by extension 'python'
[0.148s] Level 1:colcon.colcon_core.package_identification:_identify(src) by extensions ['python_setup_py']
[0.148s] Level 1:colcon.colcon_core.package_identification:_identify(src) by extension 'python_setup_py'
[0.148s] Level 1:colcon.colcon_core.package_identification:_identify(src/unitree-go2-slam-toolbox) by extensions ['ignore', 'ignore_ament_install']
[0.148s] Level 1:colcon.colcon_core.package_identification:_identify(src/unitree-go2-slam-toolbox) by extension 'ignore'
[0.148s] Level 1:colcon.colcon_core.package_identification:_identify(src/unitree-go2-slam-toolbox) by extension 'ignore_ament_install'
[0.148s] Level 1:colcon.colcon_core.package_identification:_identify(src/unitree-go2-slam-toolbox) by extensions ['colcon_pkg']
[0.148s] Level 1:colcon.colcon_core.package_identification:_identify(src/unitree-go2-slam-toolbox) by extension 'colcon_pkg'
[0.148s] Level 1:colcon.colcon_core.package_identification:_identify(src/unitree-go2-slam-toolbox) by extensions ['colcon_meta']
[0.148s] Level 1:colcon.colcon_core.package_identification:_identify(src/unitree-go2-slam-toolbox) by extension 'colcon_meta'
[0.148s] Level 1:colcon.colcon_core.package_identification:_identify(src/unitree-go2-slam-toolbox) by extensions ['ros']
[0.148s] Level 1:colcon.colcon_core.package_identification:_identify(src/unitree-go2-slam-toolbox) by extension 'ros'
[0.148s] Level 1:colcon.colcon_core.package_identification:_identify(src/unitree-go2-slam-toolbox) by extensions ['cmake', 'python']
[0.148s] Level 1:colcon.colcon_core.package_identification:_identify(src/unitree-go2-slam-toolbox) by extension 'cmake'
[0.148s] Level 1:colcon.colcon_core.package_identification:_identify(src/unitree-go2-slam-toolbox) by extension 'python'
[0.148s] Level 1:colcon.colcon_core.package_identification:_identify(src/unitree-go2-slam-toolbox) by extensions ['python_setup_py']
[0.148s] Level 1:colcon.colcon_core.package_identification:_identify(src/unitree-go2-slam-toolbox) by extension 'python_setup_py'
[0.148s] Level 1:colcon.colcon_core.package_identification:_identify(src/unitree-go2-slam-toolbox/build) by extensions ['ignore', 'ignore_ament_install']
[0.148s] Level 1:colcon.colcon_core.package_identification:_identify(src/unitree-go2-slam-toolbox/build) by extension 'ignore'
[0.148s] Level 1:colcon.colcon_core.package_identification:_identify(src/unitree-go2-slam-toolbox/build) ignored
[0.148s] Level 1:colcon.colcon_core.package_identification:_identify(src/unitree-go2-slam-toolbox/install) by extensions ['ignore', 'ignore_ament_install']
[0.148s] Level 1:colcon.colcon_core.package_identification:_identify(src/unitree-go2-slam-toolbox/install) by extension 'ignore'
[0.148s] Level 1:colcon.colcon_core.package_identification:_identify(src/unitree-go2-slam-toolbox/install) ignored
[0.149s] Level 1:colcon.colcon_core.package_identification:_identify(src/unitree-go2-slam-toolbox/log) by extensions ['ignore', 'ignore_ament_install']
[0.149s] Level 1:colcon.colcon_core.package_identification:_identify(src/unitree-go2-slam-toolbox/log) by extension 'ignore'
[0.149s] Level 1:colcon.colcon_core.package_identification:_identify(src/unitree-go2-slam-toolbox/log) ignored
[0.149s] Level 1:colcon.colcon_core.package_identification:_identify(src/unitree-go2-slam-toolbox/src) by extensions ['ignore', 'ignore_ament_install']
[0.149s] Level 1:colcon.colcon_core.package_identification:_identify(src/unitree-go2-slam-toolbox/src) by extension 'ignore'
[0.149s] Level 1:colcon.colcon_core.package_identification:_identify(src/unitree-go2-slam-toolbox/src) by extension 'ignore_ament_install'
[0.149s] Level 1:colcon.colcon_core.package_identification:_identify(src/unitree-go2-slam-toolbox/src) by extensions ['colcon_pkg']
[0.149s] Level 1:colcon.colcon_core.package_identification:_identify(src/unitree-go2-slam-toolbox/src) by extension 'colcon_pkg'
[0.149s] Level 1:colcon.colcon_core.package_identification:_identify(src/unitree-go2-slam-toolbox/src) by extensions ['colcon_meta']
[0.149s] Level 1:colcon.colcon_core.package_identification:_identify(src/unitree-go2-slam-toolbox/src) by extension 'colcon_meta'
[0.149s] Level 1:colcon.colcon_core.package_identification:_identify(src/unitree-go2-slam-toolbox/src) by extensions ['ros']
[0.149s] Level 1:colcon.colcon_core.package_identification:_identify(src/unitree-go2-slam-toolbox/src) by extension 'ros'
[0.149s] Level 1:colcon.colcon_core.package_identification:_identify(src/unitree-go2-slam-toolbox/src) by extensions ['cmake', 'python']
[0.149s] Level 1:colcon.colcon_core.package_identification:_identify(src/unitree-go2-slam-toolbox/src) by extension 'cmake'
[0.149s] Level 1:colcon.colcon_core.package_identification:_identify(src/unitree-go2-slam-toolbox/src) by extension 'python'
[0.149s] Level 1:colcon.colcon_core.package_identification:_identify(src/unitree-go2-slam-toolbox/src) by extensions ['python_setup_py']
[0.149s] Level 1:colcon.colcon_core.package_identification:_identify(src/unitree-go2-slam-toolbox/src) by extension 'python_setup_py'
[0.149s] Level 1:colcon.colcon_core.package_identification:_identify(src/unitree-go2-slam-toolbox/src/base) by extensions ['ignore', 'ignore_ament_install']
[0.149s] Level 1:colcon.colcon_core.package_identification:_identify(src/unitree-go2-slam-toolbox/src/base) by extension 'ignore'
[0.149s] Level 1:colcon.colcon_core.package_identification:_identify(src/unitree-go2-slam-toolbox/src/base) by extension 'ignore_ament_install'
[0.149s] Level 1:colcon.colcon_core.package_identification:_identify(src/unitree-go2-slam-toolbox/src/base) by extensions ['colcon_pkg']
[0.149s] Level 1:colcon.colcon_core.package_identification:_identify(src/unitree-go2-slam-toolbox/src/base) by extension 'colcon_pkg'
[0.149s] Level 1:colcon.colcon_core.package_identification:_identify(src/unitree-go2-slam-toolbox/src/base) by extensions ['colcon_meta']
[0.149s] Level 1:colcon.colcon_core.package_identification:_identify(src/unitree-go2-slam-toolbox/src/base) by extension 'colcon_meta'
[0.149s] Level 1:colcon.colcon_core.package_identification:_identify(src/unitree-go2-slam-toolbox/src/base) by extensions ['ros']
[0.149s] Level 1:colcon.colcon_core.package_identification:_identify(src/unitree-go2-slam-toolbox/src/base) by extension 'ros'
[0.149s] Level 1:colcon.colcon_core.package_identification:_identify(src/unitree-go2-slam-toolbox/src/base) by extensions ['cmake', 'python']
[0.149s] Level 1:colcon.colcon_core.package_identification:_identify(src/unitree-go2-slam-toolbox/src/base) by extension 'cmake'
[0.149s] Level 1:colcon.colcon_core.package_identification:_identify(src/unitree-go2-slam-toolbox/src/base) by extension 'python'
[0.149s] Level 1:colcon.colcon_core.package_identification:_identify(src/unitree-go2-slam-toolbox/src/base) by extensions ['python_setup_py']
[0.149s] Level 1:colcon.colcon_core.package_identification:_identify(src/unitree-go2-slam-toolbox/src/base) by extension 'python_setup_py'
[0.149s] Level 1:colcon.colcon_core.package_identification:_identify(src/unitree-go2-slam-toolbox/src/base/go2_core) by extensions ['ignore', 'ignore_ament_install']
[0.149s] Level 1:colcon.colcon_core.package_identification:_identify(src/unitree-go2-slam-toolbox/src/base/go2_core) by extension 'ignore'
[0.149s] Level 1:colcon.colcon_core.package_identification:_identify(src/unitree-go2-slam-toolbox/src/base/go2_core) by extension 'ignore_ament_install'
[0.149s] Level 1:colcon.colcon_core.package_identification:_identify(src/unitree-go2-slam-toolbox/src/base/go2_core) by extensions ['colcon_pkg']
[0.149s] Level 1:colcon.colcon_core.package_identification:_identify(src/unitree-go2-slam-toolbox/src/base/go2_core) by extension 'colcon_pkg'
[0.149s] Level 1:colcon.colcon_core.package_identification:_identify(src/unitree-go2-slam-toolbox/src/base/go2_core) by extensions ['colcon_meta']
[0.149s] Level 1:colcon.colcon_core.package_identification:_identify(src/unitree-go2-slam-toolbox/src/base/go2_core) by extension 'colcon_meta'
[0.149s] Level 1:colcon.colcon_core.package_identification:_identify(src/unitree-go2-slam-toolbox/src/base/go2_core) by extensions ['ros']
[0.149s] Level 1:colcon.colcon_core.package_identification:_identify(src/unitree-go2-slam-toolbox/src/base/go2_core) by extension 'ros'
[0.151s] DEBUG:colcon.colcon_core.package_identification:Package 'src/unitree-go2-slam-toolbox/src/base/go2_core' with type 'ros.ament_cmake' and name 'go2_core'
[0.151s] Level 1:colcon.colcon_core.package_identification:_identify(src/unitree-go2-slam-toolbox/src/base/go2_driver) by extensions ['ignore', 'ignore_ament_install']
[0.151s] Level 1:colcon.colcon_core.package_identification:_identify(src/unitree-go2-slam-toolbox/src/base/go2_driver) by extension 'ignore'
[0.151s] Level 1:colcon.colcon_core.package_identification:_identify(src/unitree-go2-slam-toolbox/src/base/go2_driver) by extension 'ignore_ament_install'
[0.151s] Level 1:colcon.colcon_core.package_identification:_identify(src/unitree-go2-slam-toolbox/src/base/go2_driver) by extensions ['colcon_pkg']
[0.151s] Level 1:colcon.colcon_core.package_identification:_identify(src/unitree-go2-slam-toolbox/src/base/go2_driver) by extension 'colcon_pkg'
[0.151s] Level 1:colcon.colcon_core.package_identification:_identify(src/unitree-go2-slam-toolbox/src/base/go2_driver) by extensions ['colcon_meta']
[0.151s] Level 1:colcon.colcon_core.package_identification:_identify(src/unitree-go2-slam-toolbox/src/base/go2_driver) by extension 'colcon_meta'
[0.151s] Level 1:colcon.colcon_core.package_identification:_identify(src/unitree-go2-slam-toolbox/src/base/go2_driver) by extensions ['ros']
[0.151s] Level 1:colcon.colcon_core.package_identification:_identify(src/unitree-go2-slam-toolbox/src/base/go2_driver) by extension 'ros'
[0.152s] DEBUG:colcon.colcon_core.package_identification:Package 'src/unitree-go2-slam-toolbox/src/base/go2_driver' with type 'ros.ament_cmake' and name 'go2_driver'
[0.152s] Level 1:colcon.colcon_core.package_identification:_identify(src/unitree-go2-slam-toolbox/src/base/go2_twist_bridge) by extensions ['ignore', 'ignore_ament_install']
[0.152s] Level 1:colcon.colcon_core.package_identification:_identify(src/unitree-go2-slam-toolbox/src/base/go2_twist_bridge) by extension 'ignore'
[0.152s] Level 1:colcon.colcon_core.package_identification:_identify(src/unitree-go2-slam-toolbox/src/base/go2_twist_bridge) by extension 'ignore_ament_install'
[0.152s] Level 1:colcon.colcon_core.package_identification:_identify(src/unitree-go2-slam-toolbox/src/base/go2_twist_bridge) by extensions ['colcon_pkg']
[0.152s] Level 1:colcon.colcon_core.package_identification:_identify(src/unitree-go2-slam-toolbox/src/base/go2_twist_bridge) by extension 'colcon_pkg'
[0.152s] Level 1:colcon.colcon_core.package_identification:_identify(src/unitree-go2-slam-toolbox/src/base/go2_twist_bridge) by extensions ['colcon_meta']
[0.152s] Level 1:colcon.colcon_core.package_identification:_identify(src/unitree-go2-slam-toolbox/src/base/go2_twist_bridge) by extension 'colcon_meta'
[0.152s] Level 1:colcon.colcon_core.package_identification:_identify(src/unitree-go2-slam-toolbox/src/base/go2_twist_bridge) by extensions ['ros']
[0.152s] Level 1:colcon.colcon_core.package_identification:_identify(src/unitree-go2-slam-toolbox/src/base/go2_twist_bridge) by extension 'ros'
[0.152s] DEBUG:colcon.colcon_core.package_identification:Package 'src/unitree-go2-slam-toolbox/src/base/go2_twist_bridge' with type 'ros.ament_cmake' and name 'go2_twist_bridge'
[0.153s] Level 1:colcon.colcon_core.package_identification:_identify(src/unitree-go2-slam-toolbox/src/go2_description) by extensions ['ignore', 'ignore_ament_install']
[0.153s] Level 1:colcon.colcon_core.package_identification:_identify(src/unitree-go2-slam-toolbox/src/go2_description) by extension 'ignore'
[0.153s] Level 1:colcon.colcon_core.package_identification:_identify(src/unitree-go2-slam-toolbox/src/go2_description) by extension 'ignore_ament_install'
[0.153s] Level 1:colcon.colcon_core.package_identification:_identify(src/unitree-go2-slam-toolbox/src/go2_description) by extensions ['colcon_pkg']
[0.153s] Level 1:colcon.colcon_core.package_identification:_identify(src/unitree-go2-slam-toolbox/src/go2_description) by extension 'colcon_pkg'
[0.153s] Level 1:colcon.colcon_core.package_identification:_identify(src/unitree-go2-slam-toolbox/src/go2_description) by extensions ['colcon_meta']
[0.153s] Level 1:colcon.colcon_core.package_identification:_identify(src/unitree-go2-slam-toolbox/src/go2_description) by extension 'colcon_meta'
[0.153s] Level 1:colcon.colcon_core.package_identification:_identify(src/unitree-go2-slam-toolbox/src/go2_description) by extensions ['ros']
[0.153s] Level 1:colcon.colcon_core.package_identification:_identify(src/unitree-go2-slam-toolbox/src/go2_description) by extension 'ros'
[0.153s] DEBUG:colcon.colcon_core.package_identification:Package 'src/unitree-go2-slam-toolbox/src/go2_description' with type 'ros.ament_cmake' and name 'go2_description'
[0.153s] Level 1:colcon.colcon_core.package_identification:_identify(src/unitree-go2-slam-toolbox/src/go2_navigation2) by extensions ['ignore', 'ignore_ament_install']
[0.153s] Level 1:colcon.colcon_core.package_identification:_identify(src/unitree-go2-slam-toolbox/src/go2_navigation2) by extension 'ignore'
[0.153s] Level 1:colcon.colcon_core.package_identification:_identify(src/unitree-go2-slam-toolbox/src/go2_navigation2) by extension 'ignore_ament_install'
[0.153s] Level 1:colcon.colcon_core.package_identification:_identify(src/unitree-go2-slam-toolbox/src/go2_navigation2) by extensions ['colcon_pkg']
[0.153s] Level 1:colcon.colcon_core.package_identification:_identify(src/unitree-go2-slam-toolbox/src/go2_navigation2) by extension 'colcon_pkg'
[0.153s] Level 1:colcon.colcon_core.package_identification:_identify(src/unitree-go2-slam-toolbox/src/go2_navigation2) by extensions ['colcon_meta']
[0.153s] Level 1:colcon.colcon_core.package_identification:_identify(src/unitree-go2-slam-toolbox/src/go2_navigation2) by extension 'colcon_meta'
[0.153s] Level 1:colcon.colcon_core.package_identification:_identify(src/unitree-go2-slam-toolbox/src/go2_navigation2) by extensions ['ros']
[0.153s] Level 1:colcon.colcon_core.package_identification:_identify(src/unitree-go2-slam-toolbox/src/go2_navigation2) by extension 'ros'
[0.154s] DEBUG:colcon.colcon_core.package_identification:Package 'src/unitree-go2-slam-toolbox/src/go2_navigation2' with type 'ros.ament_cmake' and name 'go2_navigation2'
[0.154s] Level 1:colcon.colcon_core.package_identification:_identify(src/unitree-go2-slam-toolbox/src/go2_perception) by extensions ['ignore', 'ignore_ament_install']
[0.154s] Level 1:colcon.colcon_core.package_identification:_identify(src/unitree-go2-slam-toolbox/src/go2_perception) by extension 'ignore'
[0.154s] Level 1:colcon.colcon_core.package_identification:_identify(src/unitree-go2-slam-toolbox/src/go2_perception) by extension 'ignore_ament_install'
[0.154s] Level 1:colcon.colcon_core.package_identification:_identify(src/unitree-go2-slam-toolbox/src/go2_perception) by extensions ['colcon_pkg']
[0.154s] Level 1:colcon.colcon_core.package_identification:_identify(src/unitree-go2-slam-toolbox/src/go2_perception) by extension 'colcon_pkg'
[0.154s] Level 1:colcon.colcon_core.package_identification:_identify(src/unitree-go2-slam-toolbox/src/go2_perception) by extensions ['colcon_meta']
[0.154s] Level 1:colcon.colcon_core.package_identification:_identify(src/unitree-go2-slam-toolbox/src/go2_perception) by extension 'colcon_meta'
[0.154s] Level 1:colcon.colcon_core.package_identification:_identify(src/unitree-go2-slam-toolbox/src/go2_perception) by extensions ['ros']
[0.154s] Level 1:colcon.colcon_core.package_identification:_identify(src/unitree-go2-slam-toolbox/src/go2_perception) by extension 'ros'
[0.154s] DEBUG:colcon.colcon_core.package_identification:Package 'src/unitree-go2-slam-toolbox/src/go2_perception' with type 'ros.ament_cmake' and name 'go2_perception'
[0.154s] Level 1:colcon.colcon_core.package_identification:_identify(src/unitree-go2-slam-toolbox/src/go2_slam) by extensions ['ignore', 'ignore_ament_install']
[0.154s] Level 1:colcon.colcon_core.package_identification:_identify(src/unitree-go2-slam-toolbox/src/go2_slam) by extension 'ignore'
[0.154s] Level 1:colcon.colcon_core.package_identification:_identify(src/unitree-go2-slam-toolbox/src/go2_slam) by extension 'ignore_ament_install'
[0.154s] Level 1:colcon.colcon_core.package_identification:_identify(src/unitree-go2-slam-toolbox/src/go2_slam) by extensions ['colcon_pkg']
[0.154s] Level 1:colcon.colcon_core.package_identification:_identify(src/unitree-go2-slam-toolbox/src/go2_slam) by extension 'colcon_pkg'
[0.154s] Level 1:colcon.colcon_core.package_identification:_identify(src/unitree-go2-slam-toolbox/src/go2_slam) by extensions ['colcon_meta']
[0.154s] Level 1:colcon.colcon_core.package_identification:_identify(src/unitree-go2-slam-toolbox/src/go2_slam) by extension 'colcon_meta'
[0.154s] Level 1:colcon.colcon_core.package_identification:_identify(src/unitree-go2-slam-toolbox/src/go2_slam) by extensions ['ros']
[0.154s] Level 1:colcon.colcon_core.package_identification:_identify(src/unitree-go2-slam-toolbox/src/go2_slam) by extension 'ros'
[0.155s] DEBUG:colcon.colcon_core.package_identification:Package 'src/unitree-go2-slam-toolbox/src/go2_slam' with type 'ros.ament_cmake' and name 'go2_slam'
[0.155s] Level 1:colcon.colcon_core.package_discovery:discover_packages(recursive) using defaults
[0.155s] Level 1:colcon.colcon_core.package_discovery:discover_packages(ignore) discover
[0.155s] Level 1:colcon.colcon_core.package_discovery:discover_packages(ignore) using defaults
[0.155s] Level 1:colcon.colcon_core.package_discovery:discover_packages(path) discover
[0.155s] Level 1:colcon.colcon_core.package_discovery:discover_packages(path) using defaults
[0.172s] Level 1:colcon.colcon_core.package_discovery:discover_packages(prefix_path) check parameters
[0.172s] Level 1:colcon.colcon_core.package_discovery:discover_packages(prefix_path) discover
[0.173s] DEBUG:colcon.colcon_installed_package_information.package_discovery:Found 5 installed packages in /home/lgq/unitree_ros2/cyclonedds_ws/install
[0.174s] DEBUG:colcon.colcon_installed_package_information.package_discovery:Found 446 installed packages in /opt/ros/humble
[0.175s] Level 1:colcon.colcon_core.package_discovery:discover_packages(prefix_path) using defaults
[0.201s] Level 5:colcon.colcon_core.verb:set package 'go2_core' build argument 'cmake_args' from command line to 'None'
[0.201s] Level 5:colcon.colcon_core.verb:set package 'go2_core' build argument 'cmake_target' from command line to 'None'
[0.201s] Level 5:colcon.colcon_core.verb:set package 'go2_core' build argument 'cmake_target_skip_unavailable' from command line to 'False'
[0.201s] Level 5:colcon.colcon_core.verb:set package 'go2_core' build argument 'cmake_clean_cache' from command line to 'False'
[0.201s] Level 5:colcon.colcon_core.verb:set package 'go2_core' build argument 'cmake_clean_first' from command line to 'False'
[0.201s] Level 5:colcon.colcon_core.verb:set package 'go2_core' build argument 'cmake_force_configure' from command line to 'False'
[0.201s] Level 5:colcon.colcon_core.verb:set package 'go2_core' build argument 'ament_cmake_args' from command line to 'None'
[0.201s] Level 5:colcon.colcon_core.verb:set package 'go2_core' build argument 'catkin_cmake_args' from command line to 'None'
[0.201s] Level 5:colcon.colcon_core.verb:set package 'go2_core' build argument 'catkin_skip_building_tests' from command line to 'False'
[0.201s] DEBUG:colcon.colcon_core.verb:Building package 'go2_core' with the following arguments: {'ament_cmake_args': None, 'build_base': '/home/lgq/go2_ws_toolbox/build/go2_core', 'catkin_cmake_args': None, 'catkin_skip_building_tests': False, 'cmake_args': None, 'cmake_clean_cache': False, 'cmake_clean_first': False, 'cmake_force_configure': False, 'cmake_target': None, 'cmake_target_skip_unavailable': False, 'install_base': '/home/lgq/go2_ws_toolbox/install/go2_core', 'merge_install': False, 'path': '/home/lgq/go2_ws_toolbox/src/unitree-go2-slam-toolbox/src/base/go2_core', 'symlink_install': False, 'test_result_base': None}
[0.201s] Level 5:colcon.colcon_core.verb:set package 'go2_description' build argument 'cmake_args' from command line to 'None'
[0.201s] Level 5:colcon.colcon_core.verb:set package 'go2_description' build argument 'cmake_target' from command line to 'None'
[0.201s] Level 5:colcon.colcon_core.verb:set package 'go2_description' build argument 'cmake_target_skip_unavailable' from command line to 'False'
[0.201s] Level 5:colcon.colcon_core.verb:set package 'go2_description' build argument 'cmake_clean_cache' from command line to 'False'
[0.201s] Level 5:colcon.colcon_core.verb:set package 'go2_description' build argument 'cmake_clean_first' from command line to 'False'
[0.201s] Level 5:colcon.colcon_core.verb:set package 'go2_description' build argument 'cmake_force_configure' from command line to 'False'
[0.201s] Level 5:colcon.colcon_core.verb:set package 'go2_description' build argument 'ament_cmake_args' from command line to 'None'
[0.201s] Level 5:colcon.colcon_core.verb:set package 'go2_description' build argument 'catkin_cmake_args' from command line to 'None'
[0.201s] Level 5:colcon.colcon_core.verb:set package 'go2_description' build argument 'catkin_skip_building_tests' from command line to 'False'
[0.201s] DEBUG:colcon.colcon_core.verb:Building package 'go2_description' with the following arguments: {'ament_cmake_args': None, 'build_base': '/home/lgq/go2_ws_toolbox/build/go2_description', 'catkin_cmake_args': None, 'catkin_skip_building_tests': False, 'cmake_args': None, 'cmake_clean_cache': False, 'cmake_clean_first': False, 'cmake_force_configure': False, 'cmake_target': None, 'cmake_target_skip_unavailable': False, 'install_base': '/home/lgq/go2_ws_toolbox/install/go2_description', 'merge_install': False, 'path': '/home/lgq/go2_ws_toolbox/src/unitree-go2-slam-toolbox/src/go2_description', 'symlink_install': False, 'test_result_base': None}
[0.201s] Level 5:colcon.colcon_core.verb:set package 'go2_driver' build argument 'cmake_args' from command line to 'None'
[0.201s] Level 5:colcon.colcon_core.verb:set package 'go2_driver' build argument 'cmake_target' from command line to 'None'
[0.201s] Level 5:colcon.colcon_core.verb:set package 'go2_driver' build argument 'cmake_target_skip_unavailable' from command line to 'False'
[0.201s] Level 5:colcon.colcon_core.verb:set package 'go2_driver' build argument 'cmake_clean_cache' from command line to 'False'
[0.201s] Level 5:colcon.colcon_core.verb:set package 'go2_driver' build argument 'cmake_clean_first' from command line to 'False'
[0.201s] Level 5:colcon.colcon_core.verb:set package 'go2_driver' build argument 'cmake_force_configure' from command line to 'False'
[0.201s] Level 5:colcon.colcon_core.verb:set package 'go2_driver' build argument 'ament_cmake_args' from command line to 'None'
[0.201s] Level 5:colcon.colcon_core.verb:set package 'go2_driver' build argument 'catkin_cmake_args' from command line to 'None'
[0.201s] Level 5:colcon.colcon_core.verb:set package 'go2_driver' build argument 'catkin_skip_building_tests' from command line to 'False'
[0.201s] DEBUG:colcon.colcon_core.verb:Building package 'go2_driver' with the following arguments: {'ament_cmake_args': None, 'build_base': '/home/lgq/go2_ws_toolbox/build/go2_driver', 'catkin_cmake_args': None, 'catkin_skip_building_tests': False, 'cmake_args': None, 'cmake_clean_cache': False, 'cmake_clean_first': False, 'cmake_force_configure': False, 'cmake_target': None, 'cmake_target_skip_unavailable': False, 'install_base': '/home/lgq/go2_ws_toolbox/install/go2_driver', 'merge_install': False, 'path': '/home/lgq/go2_ws_toolbox/src/unitree-go2-slam-toolbox/src/base/go2_driver', 'symlink_install': False, 'test_result_base': None}
[0.201s] Level 5:colcon.colcon_core.verb:set package 'go2_navigation2' build argument 'cmake_args' from command line to 'None'
[0.201s] Level 5:colcon.colcon_core.verb:set package 'go2_navigation2' build argument 'cmake_target' from command line to 'None'
[0.201s] Level 5:colcon.colcon_core.verb:set package 'go2_navigation2' build argument 'cmake_target_skip_unavailable' from command line to 'False'
[0.201s] Level 5:colcon.colcon_core.verb:set package 'go2_navigation2' build argument 'cmake_clean_cache' from command line to 'False'
[0.201s] Level 5:colcon.colcon_core.verb:set package 'go2_navigation2' build argument 'cmake_clean_first' from command line to 'False'
[0.201s] Level 5:colcon.colcon_core.verb:set package 'go2_navigation2' build argument 'cmake_force_configure' from command line to 'False'
[0.201s] Level 5:colcon.colcon_core.verb:set package 'go2_navigation2' build argument 'ament_cmake_args' from command line to 'None'
[0.202s] Level 5:colcon.colcon_core.verb:set package 'go2_navigation2' build argument 'catkin_cmake_args' from command line to 'None'
[0.202s] Level 5:colcon.colcon_core.verb:set package 'go2_navigation2' build argument 'catkin_skip_building_tests' from command line to 'False'
[0.202s] DEBUG:colcon.colcon_core.verb:Building package 'go2_navigation2' with the following arguments: {'ament_cmake_args': None, 'build_base': '/home/lgq/go2_ws_toolbox/build/go2_navigation2', 'catkin_cmake_args': None, 'catkin_skip_building_tests': False, 'cmake_args': None, 'cmake_clean_cache': False, 'cmake_clean_first': False, 'cmake_force_configure': False, 'cmake_target': None, 'cmake_target_skip_unavailable': False, 'install_base': '/home/lgq/go2_ws_toolbox/install/go2_navigation2', 'merge_install': False, 'path': '/home/lgq/go2_ws_toolbox/src/unitree-go2-slam-toolbox/src/go2_navigation2', 'symlink_install': False, 'test_result_base': None}
[0.202s] Level 5:colcon.colcon_core.verb:set package 'go2_perception' build argument 'cmake_args' from command line to 'None'
[0.202s] Level 5:colcon.colcon_core.verb:set package 'go2_perception' build argument 'cmake_target' from command line to 'None'
[0.202s] Level 5:colcon.colcon_core.verb:set package 'go2_perception' build argument 'cmake_target_skip_unavailable' from command line to 'False'
[0.202s] Level 5:colcon.colcon_core.verb:set package 'go2_perception' build argument 'cmake_clean_cache' from command line to 'False'
[0.202s] Level 5:colcon.colcon_core.verb:set package 'go2_perception' build argument 'cmake_clean_first' from command line to 'False'
[0.202s] Level 5:colcon.colcon_core.verb:set package 'go2_perception' build argument 'cmake_force_configure' from command line to 'False'
[0.202s] Level 5:colcon.colcon_core.verb:set package 'go2_perception' build argument 'ament_cmake_args' from command line to 'None'
[0.202s] Level 5:colcon.colcon_core.verb:set package 'go2_perception' build argument 'catkin_cmake_args' from command line to 'None'
[0.202s] Level 5:colcon.colcon_core.verb:set package 'go2_perception' build argument 'catkin_skip_building_tests' from command line to 'False'
[0.202s] DEBUG:colcon.colcon_core.verb:Building package 'go2_perception' with the following arguments: {'ament_cmake_args': None, 'build_base': '/home/lgq/go2_ws_toolbox/build/go2_perception', 'catkin_cmake_args': None, 'catkin_skip_building_tests': False, 'cmake_args': None, 'cmake_clean_cache': False, 'cmake_clean_first': False, 'cmake_force_configure': False, 'cmake_target': None, 'cmake_target_skip_unavailable': False, 'install_base': '/home/lgq/go2_ws_toolbox/install/go2_perception', 'merge_install': False, 'path': '/home/lgq/go2_ws_toolbox/src/unitree-go2-slam-toolbox/src/go2_perception', 'symlink_install': False, 'test_result_base': None}
[0.202s] Level 5:colcon.colcon_core.verb:set package 'go2_slam' build argument 'cmake_args' from command line to 'None'
[0.202s] Level 5:colcon.colcon_core.verb:set package 'go2_slam' build argument 'cmake_target' from command line to 'None'
[0.202s] Level 5:colcon.colcon_core.verb:set package 'go2_slam' build argument 'cmake_target_skip_unavailable' from command line to 'False'
[0.202s] Level 5:colcon.colcon_core.verb:set package 'go2_slam' build argument 'cmake_clean_cache' from command line to 'False'
[0.202s] Level 5:colcon.colcon_core.verb:set package 'go2_slam' build argument 'cmake_clean_first' from command line to 'False'
[0.202s] Level 5:colcon.colcon_core.verb:set package 'go2_slam' build argument 'cmake_force_configure' from command line to 'False'
[0.202s] Level 5:colcon.colcon_core.verb:set package 'go2_slam' build argument 'ament_cmake_args' from command line to 'None'
[0.202s] Level 5:colcon.colcon_core.verb:set package 'go2_slam' build argument 'catkin_cmake_args' from command line to 'None'
[0.202s] Level 5:colcon.colcon_core.verb:set package 'go2_slam' build argument 'catkin_skip_building_tests' from command line to 'False'
[0.202s] DEBUG:colcon.colcon_core.verb:Building package 'go2_slam' with the following arguments: {'ament_cmake_args': None, 'build_base': '/home/lgq/go2_ws_toolbox/build/go2_slam', 'catkin_cmake_args': None, 'catkin_skip_building_tests': False, 'cmake_args': None, 'cmake_clean_cache': False, 'cmake_clean_first': False, 'cmake_force_configure': False, 'cmake_target': None, 'cmake_target_skip_unavailable': False, 'install_base': '/home/lgq/go2_ws_toolbox/install/go2_slam', 'merge_install': False, 'path': '/home/lgq/go2_ws_toolbox/src/unitree-go2-slam-toolbox/src/go2_slam', 'symlink_install': False, 'test_result_base': None}
[0.202s] Level 5:colcon.colcon_core.verb:set package 'go2_twist_bridge' build argument 'cmake_args' from command line to 'None'
[0.202s] Level 5:colcon.colcon_core.verb:set package 'go2_twist_bridge' build argument 'cmake_target' from command line to 'None'
[0.202s] Level 5:colcon.colcon_core.verb:set package 'go2_twist_bridge' build argument 'cmake_target_skip_unavailable' from command line to 'False'
[0.202s] Level 5:colcon.colcon_core.verb:set package 'go2_twist_bridge' build argument 'cmake_clean_cache' from command line to 'False'
[0.202s] Level 5:colcon.colcon_core.verb:set package 'go2_twist_bridge' build argument 'cmake_clean_first' from command line to 'False'
[0.202s] Level 5:colcon.colcon_core.verb:set package 'go2_twist_bridge' build argument 'cmake_force_configure' from command line to 'False'
[0.202s] Level 5:colcon.colcon_core.verb:set package 'go2_twist_bridge' build argument 'ament_cmake_args' from command line to 'None'
[0.202s] Level 5:colcon.colcon_core.verb:set package 'go2_twist_bridge' build argument 'catkin_cmake_args' from command line to 'None'
[0.202s] Level 5:colcon.colcon_core.verb:set package 'go2_twist_bridge' build argument 'catkin_skip_building_tests' from command line to 'False'
[0.202s] DEBUG:colcon.colcon_core.verb:Building package 'go2_twist_bridge' with the following arguments: {'ament_cmake_args': None, 'build_base': '/home/lgq/go2_ws_toolbox/build/go2_twist_bridge', 'catkin_cmake_args': None, 'catkin_skip_building_tests': False, 'cmake_args': None, 'cmake_clean_cache': False, 'cmake_clean_first': False, 'cmake_force_configure': False, 'cmake_target': None, 'cmake_target_skip_unavailable': False, 'install_base': '/home/lgq/go2_ws_toolbox/install/go2_twist_bridge', 'merge_install': False, 'path': '/home/lgq/go2_ws_toolbox/src/unitree-go2-slam-toolbox/src/base/go2_twist_bridge', 'symlink_install': False, 'test_result_base': None}
[0.202s] INFO:colcon.colcon_core.executor:Executing jobs using 'parallel' executor
[0.203s] DEBUG:colcon.colcon_parallel_executor.executor.parallel:run_until_complete
[0.203s] INFO:colcon.colcon_ros.task.ament_cmake.build:Building ROS package in '/home/lgq/go2_ws_toolbox/src/unitree-go2-slam-toolbox/src/base/go2_core' with build type 'ament_cmake'
[0.203s] INFO:colcon.colcon_cmake.task.cmake.build:Building CMake package in '/home/lgq/go2_ws_toolbox/src/unitree-go2-slam-toolbox/src/base/go2_core'
[0.204s] INFO:colcon.colcon_core.plugin_system:Skipping extension 'colcon_core.shell.bat': Not used on non-Windows systems
[0.205s] INFO:colcon.colcon_core.shell:Skip shell extension 'powershell' for command environment: Not usable outside of PowerShell
[0.205s] DEBUG:colcon.colcon_core.shell:Skip shell extension 'dsv' for command environment
[0.207s] INFO:colcon.colcon_ros.task.ament_cmake.build:Building ROS package in '/home/lgq/go2_ws_toolbox/src/unitree-go2-slam-toolbox/src/go2_description' with build type 'ament_cmake'
[0.207s] INFO:colcon.colcon_cmake.task.cmake.build:Building CMake package in '/home/lgq/go2_ws_toolbox/src/unitree-go2-slam-toolbox/src/go2_description'
[0.207s] INFO:colcon.colcon_core.shell:Skip shell extension 'powershell' for command environment: Not usable outside of PowerShell
[0.207s] DEBUG:colcon.colcon_core.shell:Skip shell extension 'dsv' for command environment
[0.209s] INFO:colcon.colcon_ros.task.ament_cmake.build:Building ROS package in '/home/lgq/go2_ws_toolbox/src/unitree-go2-slam-toolbox/src/base/go2_driver' with build type 'ament_cmake'
[0.209s] INFO:colcon.colcon_cmake.task.cmake.build:Building CMake package in '/home/lgq/go2_ws_toolbox/src/unitree-go2-slam-toolbox/src/base/go2_driver'
[0.209s] INFO:colcon.colcon_core.shell:Skip shell extension 'powershell' for command environment: Not usable outside of PowerShell
[0.209s] DEBUG:colcon.colcon_core.shell:Skip shell extension 'dsv' for command environment
[0.211s] INFO:colcon.colcon_ros.task.ament_cmake.build:Building ROS package in '/home/lgq/go2_ws_toolbox/src/unitree-go2-slam-toolbox/src/go2_navigation2' with build type 'ament_cmake'
[0.211s] INFO:colcon.colcon_cmake.task.cmake.build:Building CMake package in '/home/lgq/go2_ws_toolbox/src/unitree-go2-slam-toolbox/src/go2_navigation2'
[0.211s] INFO:colcon.colcon_core.shell:Skip shell extension 'powershell' for command environment: Not usable outside of PowerShell
[0.211s] DEBUG:colcon.colcon_core.shell:Skip shell extension 'dsv' for command environment
[0.213s] INFO:colcon.colcon_ros.task.ament_cmake.build:Building ROS package in '/home/lgq/go2_ws_toolbox/src/unitree-go2-slam-toolbox/src/go2_perception' with build type 'ament_cmake'
[0.213s] INFO:colcon.colcon_cmake.task.cmake.build:Building CMake package in '/home/lgq/go2_ws_toolbox/src/unitree-go2-slam-toolbox/src/go2_perception'
[0.213s] INFO:colcon.colcon_core.shell:Skip shell extension 'powershell' for command environment: Not usable outside of PowerShell
[0.213s] DEBUG:colcon.colcon_core.shell:Skip shell extension 'dsv' for command environment
[0.215s] INFO:colcon.colcon_ros.task.ament_cmake.build:Building ROS package in '/home/lgq/go2_ws_toolbox/src/unitree-go2-slam-toolbox/src/go2_slam' with build type 'ament_cmake'
[0.215s] INFO:colcon.colcon_cmake.task.cmake.build:Building CMake package in '/home/lgq/go2_ws_toolbox/src/unitree-go2-slam-toolbox/src/go2_slam'
[0.215s] INFO:colcon.colcon_core.shell:Skip shell extension 'powershell' for command environment: Not usable outside of PowerShell
[0.215s] DEBUG:colcon.colcon_core.shell:Skip shell extension 'dsv' for command environment
[0.217s] INFO:colcon.colcon_ros.task.ament_cmake.build:Building ROS package in '/home/lgq/go2_ws_toolbox/src/unitree-go2-slam-toolbox/src/base/go2_twist_bridge' with build type 'ament_cmake'
[0.217s] INFO:colcon.colcon_cmake.task.cmake.build:Building CMake package in '/home/lgq/go2_ws_toolbox/src/unitree-go2-slam-toolbox/src/base/go2_twist_bridge'
[0.217s] INFO:colcon.colcon_core.shell:Skip shell extension 'powershell' for command environment: Not usable outside of PowerShell
[0.217s] DEBUG:colcon.colcon_core.shell:Skip shell extension 'dsv' for command environment
[0.222s] DEBUG:colcon.colcon_core.event_handler.log_command:Invoking command in '/home/lgq/go2_ws_toolbox/build/go2_core': CMAKE_PREFIX_PATH=${CMAKE_PREFIX_PATH}:/opt/ros/humble /usr/bin/cmake --build /home/lgq/go2_ws_toolbox/build/go2_core -- -j20 -l20
[0.224s] DEBUG:colcon.colcon_core.event_handler.log_command:Invoking command in '/home/lgq/go2_ws_toolbox/build/go2_description': CMAKE_PREFIX_PATH=${CMAKE_PREFIX_PATH}:/opt/ros/humble /usr/bin/cmake --build /home/lgq/go2_ws_toolbox/build/go2_description -- -j20 -l20
[0.225s] DEBUG:colcon.colcon_core.event_handler.log_command:Invoking command in '/home/lgq/go2_ws_toolbox/build/go2_driver': CMAKE_PREFIX_PATH=${CMAKE_PREFIX_PATH}:/opt/ros/humble /usr/bin/cmake --build /home/lgq/go2_ws_toolbox/build/go2_driver -- -j20 -l20
[0.226s] DEBUG:colcon.colcon_core.event_handler.log_command:Invoking command in '/home/lgq/go2_ws_toolbox/build/go2_navigation2': CMAKE_PREFIX_PATH=${CMAKE_PREFIX_PATH}:/opt/ros/humble /usr/bin/cmake --build /home/lgq/go2_ws_toolbox/build/go2_navigation2 -- -j20 -l20
[0.228s] DEBUG:colcon.colcon_core.event_handler.log_command:Invoking command in '/home/lgq/go2_ws_toolbox/build/go2_perception': CMAKE_PREFIX_PATH=${CMAKE_PREFIX_PATH}:/opt/ros/humble /usr/bin/cmake --build /home/lgq/go2_ws_toolbox/build/go2_perception -- -j20 -l20
[0.230s] DEBUG:colcon.colcon_core.event_handler.log_command:Invoking command in '/home/lgq/go2_ws_toolbox/build/go2_slam': CMAKE_PREFIX_PATH=${CMAKE_PREFIX_PATH}:/opt/ros/humble /usr/bin/cmake --build /home/lgq/go2_ws_toolbox/build/go2_slam -- -j20 -l20
[0.233s] DEBUG:colcon.colcon_core.event_handler.log_command:Invoking command in '/home/lgq/go2_ws_toolbox/build/go2_twist_bridge': CMAKE_PREFIX_PATH=${CMAKE_PREFIX_PATH}:/opt/ros/humble /usr/bin/cmake --build /home/lgq/go2_ws_toolbox/build/go2_twist_bridge -- -j20 -l20
[0.247s] DEBUG:colcon.colcon_core.event_handler.log_command:Invoked command in '/home/lgq/go2_ws_toolbox/build/go2_description' returned '0': CMAKE_PREFIX_PATH=${CMAKE_PREFIX_PATH}:/opt/ros/humble /usr/bin/cmake --build /home/lgq/go2_ws_toolbox/build/go2_description -- -j20 -l20
[0.257s] DEBUG:colcon.colcon_core.event_handler.log_command:Invoking command in '/home/lgq/go2_ws_toolbox/build/go2_description': CMAKE_PREFIX_PATH=${CMAKE_PREFIX_PATH}:/opt/ros/humble /usr/bin/cmake --install /home/lgq/go2_ws_toolbox/build/go2_description
[0.259s] DEBUG:colcon.colcon_core.event_handler.log_command:Invoked command in '/home/lgq/go2_ws_toolbox/build/go2_core' returned '0': CMAKE_PREFIX_PATH=${CMAKE_PREFIX_PATH}:/opt/ros/humble /usr/bin/cmake --build /home/lgq/go2_ws_toolbox/build/go2_core -- -j20 -l20
[0.260s] DEBUG:colcon.colcon_core.event_handler.log_command:Invoking command in '/home/lgq/go2_ws_toolbox/build/go2_core': CMAKE_PREFIX_PATH=${CMAKE_PREFIX_PATH}:/opt/ros/humble /usr/bin/cmake --install /home/lgq/go2_ws_toolbox/build/go2_core
[0.260s] DEBUG:colcon.colcon_core.event_handler.log_command:Invoked command in '/home/lgq/go2_ws_toolbox/build/go2_slam' returned '0': CMAKE_PREFIX_PATH=${CMAKE_PREFIX_PATH}:/opt/ros/humble /usr/bin/cmake --build /home/lgq/go2_ws_toolbox/build/go2_slam -- -j20 -l20
[0.262s] DEBUG:colcon.colcon_core.event_handler.log_command:Invoking command in '/home/lgq/go2_ws_toolbox/build/go2_slam': CMAKE_PREFIX_PATH=${CMAKE_PREFIX_PATH}:/opt/ros/humble /usr/bin/cmake --install /home/lgq/go2_ws_toolbox/build/go2_slam
[0.267s] Level 1:colcon.colcon_core.environment:create_environment_scripts_only(go2_core)
[0.269s] DEBUG:colcon.colcon_core.event_handler.log_command:Invoked command in '/home/lgq/go2_ws_toolbox/build/go2_core' returned '0': CMAKE_PREFIX_PATH=${CMAKE_PREFIX_PATH}:/opt/ros/humble /usr/bin/cmake --install /home/lgq/go2_ws_toolbox/build/go2_core
[0.271s] Level 1:colcon.colcon_core.environment:checking '/home/lgq/go2_ws_toolbox/install/go2_core' for CMake module files
[0.271s] Level 1:colcon.colcon_core.environment:checking '/home/lgq/go2_ws_toolbox/install/go2_core' for CMake config files
[0.271s] Level 1:colcon.colcon_core.shell:create_environment_hook('go2_core', 'cmake_prefix_path')
[0.272s] INFO:colcon.colcon_core.shell:Creating environment hook '/home/lgq/go2_ws_toolbox/install/go2_core/share/go2_core/hook/cmake_prefix_path.ps1'
[0.272s] INFO:colcon.colcon_core.shell:Creating environment descriptor '/home/lgq/go2_ws_toolbox/install/go2_core/share/go2_core/hook/cmake_prefix_path.dsv'
[0.272s] INFO:colcon.colcon_core.shell:Creating environment hook '/home/lgq/go2_ws_toolbox/install/go2_core/share/go2_core/hook/cmake_prefix_path.sh'
[0.273s] Level 1:colcon.colcon_core.environment:checking '/home/lgq/go2_ws_toolbox/install/go2_core/bin'
[0.273s] Level 1:colcon.colcon_core.environment:checking '/home/lgq/go2_ws_toolbox/install/go2_core/lib/pkgconfig/go2_core.pc'
[0.273s] Level 1:colcon.colcon_core.environment:checking '/home/lgq/go2_ws_toolbox/install/go2_core/lib/python3.10/site-packages'
[0.273s] Level 1:colcon.colcon_core.environment:checking '/home/lgq/go2_ws_toolbox/install/go2_core/bin'
[0.273s] INFO:colcon.colcon_core.shell:Creating package script '/home/lgq/go2_ws_toolbox/install/go2_core/share/go2_core/package.ps1'
[0.274s] INFO:colcon.colcon_core.shell:Creating package descriptor '/home/lgq/go2_ws_toolbox/install/go2_core/share/go2_core/package.dsv'
[0.274s] INFO:colcon.colcon_core.shell:Creating package script '/home/lgq/go2_ws_toolbox/install/go2_core/share/go2_core/package.sh'
[0.274s] INFO:colcon.colcon_core.shell:Creating package script '/home/lgq/go2_ws_toolbox/install/go2_core/share/go2_core/package.bash'
[0.275s] INFO:colcon.colcon_core.shell:Creating package script '/home/lgq/go2_ws_toolbox/install/go2_core/share/go2_core/package.zsh'
[0.275s] Level 1:colcon.colcon_core.environment:create_file_with_runtime_dependencies(/home/lgq/go2_ws_toolbox/install/go2_core/share/colcon-core/packages/go2_core)
[0.275s] Level 1:colcon.colcon_core.environment:create_environment_scripts_only(go2_core)
[0.276s] Level 1:colcon.colcon_core.environment:checking '/home/lgq/go2_ws_toolbox/install/go2_core' for CMake module files
[0.276s] Level 1:colcon.colcon_core.environment:checking '/home/lgq/go2_ws_toolbox/install/go2_core' for CMake config files
[0.276s] Level 1:colcon.colcon_core.shell:create_environment_hook('go2_core', 'cmake_prefix_path')
[0.276s] INFO:colcon.colcon_core.shell:Creating environment hook '/home/lgq/go2_ws_toolbox/install/go2_core/share/go2_core/hook/cmake_prefix_path.ps1'
[0.276s] INFO:colcon.colcon_core.shell:Creating environment descriptor '/home/lgq/go2_ws_toolbox/install/go2_core/share/go2_core/hook/cmake_prefix_path.dsv'
[0.276s] INFO:colcon.colcon_core.shell:Creating environment hook '/home/lgq/go2_ws_toolbox/install/go2_core/share/go2_core/hook/cmake_prefix_path.sh'
[0.277s] Level 1:colcon.colcon_core.environment:checking '/home/lgq/go2_ws_toolbox/install/go2_core/bin'
[0.277s] Level 1:colcon.colcon_core.environment:checking '/home/lgq/go2_ws_toolbox/install/go2_core/lib/pkgconfig/go2_core.pc'
[0.277s] Level 1:colcon.colcon_core.environment:checking '/home/lgq/go2_ws_toolbox/install/go2_core/lib/python3.10/site-packages'
[0.277s] Level 1:colcon.colcon_core.environment:checking '/home/lgq/go2_ws_toolbox/install/go2_core/bin'
[0.277s] INFO:colcon.colcon_core.shell:Creating package script '/home/lgq/go2_ws_toolbox/install/go2_core/share/go2_core/package.ps1'
[0.277s] INFO:colcon.colcon_core.shell:Creating package descriptor '/home/lgq/go2_ws_toolbox/install/go2_core/share/go2_core/package.dsv'
[0.278s] INFO:colcon.colcon_core.shell:Creating package script '/home/lgq/go2_ws_toolbox/install/go2_core/share/go2_core/package.sh'
[0.278s] INFO:colcon.colcon_core.shell:Creating package script '/home/lgq/go2_ws_toolbox/install/go2_core/share/go2_core/package.bash'
[0.278s] INFO:colcon.colcon_core.shell:Creating package script '/home/lgq/go2_ws_toolbox/install/go2_core/share/go2_core/package.zsh'
[0.278s] Level 1:colcon.colcon_core.environment:create_file_with_runtime_dependencies(/home/lgq/go2_ws_toolbox/install/go2_core/share/colcon-core/packages/go2_core)
[0.279s] Level 1:colcon.colcon_core.environment:create_environment_scripts_only(go2_description)
[0.279s] DEBUG:colcon.colcon_core.event_handler.log_command:Invoked command in '/home/lgq/go2_ws_toolbox/build/go2_description' returned '0': CMAKE_PREFIX_PATH=${CMAKE_PREFIX_PATH}:/opt/ros/humble /usr/bin/cmake --install /home/lgq/go2_ws_toolbox/build/go2_description
[0.280s] Level 1:colcon.colcon_core.environment:checking '/home/lgq/go2_ws_toolbox/install/go2_description' for CMake module files
[0.280s] Level 1:colcon.colcon_core.environment:checking '/home/lgq/go2_ws_toolbox/install/go2_description' for CMake config files
[0.280s] Level 1:colcon.colcon_core.shell:create_environment_hook('go2_description', 'cmake_prefix_path')
[0.280s] INFO:colcon.colcon_core.shell:Creating environment hook '/home/lgq/go2_ws_toolbox/install/go2_description/share/go2_description/hook/cmake_prefix_path.ps1'
[0.281s] INFO:colcon.colcon_core.shell:Creating environment descriptor '/home/lgq/go2_ws_toolbox/install/go2_description/share/go2_description/hook/cmake_prefix_path.dsv'
[0.281s] INFO:colcon.colcon_core.shell:Creating environment hook '/home/lgq/go2_ws_toolbox/install/go2_description/share/go2_description/hook/cmake_prefix_path.sh'
[0.281s] Level 1:colcon.colcon_core.environment:checking '/home/lgq/go2_ws_toolbox/install/go2_description/bin'
[0.281s] Level 1:colcon.colcon_core.environment:checking '/home/lgq/go2_ws_toolbox/install/go2_description/lib/pkgconfig/go2_description.pc'
[0.281s] Level 1:colcon.colcon_core.environment:checking '/home/lgq/go2_ws_toolbox/install/go2_description/lib/python3.10/site-packages'
[0.281s] Level 1:colcon.colcon_core.environment:checking '/home/lgq/go2_ws_toolbox/install/go2_description/bin'
[0.282s] INFO:colcon.colcon_core.shell:Creating package script '/home/lgq/go2_ws_toolbox/install/go2_description/share/go2_description/package.ps1'
[0.282s] INFO:colcon.colcon_core.shell:Creating package descriptor '/home/lgq/go2_ws_toolbox/install/go2_description/share/go2_description/package.dsv'
[0.282s] INFO:colcon.colcon_core.shell:Creating package script '/home/lgq/go2_ws_toolbox/install/go2_description/share/go2_description/package.sh'
[0.282s] INFO:colcon.colcon_core.shell:Creating package script '/home/lgq/go2_ws_toolbox/install/go2_description/share/go2_description/package.bash'
[0.282s] INFO:colcon.colcon_core.shell:Creating package script '/home/lgq/go2_ws_toolbox/install/go2_description/share/go2_description/package.zsh'
[0.282s] Level 1:colcon.colcon_core.environment:create_file_with_runtime_dependencies(/home/lgq/go2_ws_toolbox/install/go2_description/share/colcon-core/packages/go2_description)
[0.283s] Level 1:colcon.colcon_core.environment:create_environment_scripts_only(go2_description)
[0.283s] Level 1:colcon.colcon_core.environment:checking '/home/lgq/go2_ws_toolbox/install/go2_description' for CMake module files
[0.283s] Level 1:colcon.colcon_core.environment:checking '/home/lgq/go2_ws_toolbox/install/go2_description' for CMake config files
[0.283s] Level 1:colcon.colcon_core.shell:create_environment_hook('go2_description', 'cmake_prefix_path')
[0.283s] INFO:colcon.colcon_core.shell:Creating environment hook '/home/lgq/go2_ws_toolbox/install/go2_description/share/go2_description/hook/cmake_prefix_path.ps1'
[0.283s] INFO:colcon.colcon_core.shell:Creating environment descriptor '/home/lgq/go2_ws_toolbox/install/go2_description/share/go2_description/hook/cmake_prefix_path.dsv'
[0.284s] INFO:colcon.colcon_core.shell:Creating environment hook '/home/lgq/go2_ws_toolbox/install/go2_description/share/go2_description/hook/cmake_prefix_path.sh'
[0.284s] Level 1:colcon.colcon_core.environment:checking '/home/lgq/go2_ws_toolbox/install/go2_description/bin'
[0.284s] Level 1:colcon.colcon_core.environment:checking '/home/lgq/go2_ws_toolbox/install/go2_description/lib/pkgconfig/go2_description.pc'
[0.284s] Level 1:colcon.colcon_core.environment:checking '/home/lgq/go2_ws_toolbox/install/go2_description/lib/python3.10/site-packages'
[0.284s] Level 1:colcon.colcon_core.environment:checking '/home/lgq/go2_ws_toolbox/install/go2_description/bin'
[0.285s] INFO:colcon.colcon_core.shell:Creating package script '/home/lgq/go2_ws_toolbox/install/go2_description/share/go2_description/package.ps1'
[0.285s] INFO:colcon.colcon_core.shell:Creating package descriptor '/home/lgq/go2_ws_toolbox/install/go2_description/share/go2_description/package.dsv'
[0.285s] INFO:colcon.colcon_core.shell:Creating package script '/home/lgq/go2_ws_toolbox/install/go2_description/share/go2_description/package.sh'
[0.285s] INFO:colcon.colcon_core.shell:Creating package script '/home/lgq/go2_ws_toolbox/install/go2_description/share/go2_description/package.bash'
[0.286s] INFO:colcon.colcon_core.shell:Creating package script '/home/lgq/go2_ws_toolbox/install/go2_description/share/go2_description/package.zsh'
[0.286s] Level 1:colcon.colcon_core.environment:create_file_with_runtime_dependencies(/home/lgq/go2_ws_toolbox/install/go2_description/share/colcon-core/packages/go2_description)
[0.286s] Level 1:colcon.colcon_core.environment:create_environment_scripts_only(go2_slam)
[0.286s] Level 1:colcon.colcon_core.environment:checking '/home/lgq/go2_ws_toolbox/install/go2_slam' for CMake module files
[0.287s] DEBUG:colcon.colcon_core.event_handler.log_command:Invoked command in '/home/lgq/go2_ws_toolbox/build/go2_slam' returned '0': CMAKE_PREFIX_PATH=${CMAKE_PREFIX_PATH}:/opt/ros/humble /usr/bin/cmake --install /home/lgq/go2_ws_toolbox/build/go2_slam
[0.287s] Level 1:colcon.colcon_core.environment:checking '/home/lgq/go2_ws_toolbox/install/go2_slam' for CMake config files
[0.287s] Level 1:colcon.colcon_core.shell:create_environment_hook('go2_slam', 'cmake_prefix_path')
[0.287s] INFO:colcon.colcon_core.shell:Creating environment hook '/home/lgq/go2_ws_toolbox/install/go2_slam/share/go2_slam/hook/cmake_prefix_path.ps1'
[0.287s] INFO:colcon.colcon_core.shell:Creating environment descriptor '/home/lgq/go2_ws_toolbox/install/go2_slam/share/go2_slam/hook/cmake_prefix_path.dsv'
[0.288s] INFO:colcon.colcon_core.shell:Creating environment hook '/home/lgq/go2_ws_toolbox/install/go2_slam/share/go2_slam/hook/cmake_prefix_path.sh'
[0.288s] Level 1:colcon.colcon_core.environment:checking '/home/lgq/go2_ws_toolbox/install/go2_slam/bin'
[0.288s] Level 1:colcon.colcon_core.environment:checking '/home/lgq/go2_ws_toolbox/install/go2_slam/lib/pkgconfig/go2_slam.pc'
[0.288s] Level 1:colcon.colcon_core.environment:checking '/home/lgq/go2_ws_toolbox/install/go2_slam/lib/python3.10/site-packages'
[0.288s] Level 1:colcon.colcon_core.environment:checking '/home/lgq/go2_ws_toolbox/install/go2_slam/bin'
[0.288s] INFO:colcon.colcon_core.shell:Creating package script '/home/lgq/go2_ws_toolbox/install/go2_slam/share/go2_slam/package.ps1'
[0.289s] INFO:colcon.colcon_core.shell:Creating package descriptor '/home/lgq/go2_ws_toolbox/install/go2_slam/share/go2_slam/package.dsv'
[0.289s] INFO:colcon.colcon_core.shell:Creating package script '/home/lgq/go2_ws_toolbox/install/go2_slam/share/go2_slam/package.sh'
[0.289s] INFO:colcon.colcon_core.shell:Creating package script '/home/lgq/go2_ws_toolbox/install/go2_slam/share/go2_slam/package.bash'
[0.289s] INFO:colcon.colcon_core.shell:Creating package script '/home/lgq/go2_ws_toolbox/install/go2_slam/share/go2_slam/package.zsh'
[0.289s] Level 1:colcon.colcon_core.environment:create_file_with_runtime_dependencies(/home/lgq/go2_ws_toolbox/install/go2_slam/share/colcon-core/packages/go2_slam)
[0.289s] Level 1:colcon.colcon_core.environment:create_environment_scripts_only(go2_slam)
[0.290s] Level 1:colcon.colcon_core.environment:checking '/home/lgq/go2_ws_toolbox/install/go2_slam' for CMake module files
[0.290s] Level 1:colcon.colcon_core.environment:checking '/home/lgq/go2_ws_toolbox/install/go2_slam' for CMake config files
[0.290s] Level 1:colcon.colcon_core.shell:create_environment_hook('go2_slam', 'cmake_prefix_path')
[0.290s] INFO:colcon.colcon_core.shell:Creating environment hook '/home/lgq/go2_ws_toolbox/install/go2_slam/share/go2_slam/hook/cmake_prefix_path.ps1'
[0.290s] INFO:colcon.colcon_core.shell:Creating environment descriptor '/home/lgq/go2_ws_toolbox/install/go2_slam/share/go2_slam/hook/cmake_prefix_path.dsv'
[0.290s] INFO:colcon.colcon_core.shell:Creating environment hook '/home/lgq/go2_ws_toolbox/install/go2_slam/share/go2_slam/hook/cmake_prefix_path.sh'
[0.291s] Level 1:colcon.colcon_core.environment:checking '/home/lgq/go2_ws_toolbox/install/go2_slam/bin'
[0.291s] Level 1:colcon.colcon_core.environment:checking '/home/lgq/go2_ws_toolbox/install/go2_slam/lib/pkgconfig/go2_slam.pc'
[0.291s] Level 1:colcon.colcon_core.environment:checking '/home/lgq/go2_ws_toolbox/install/go2_slam/lib/python3.10/site-packages'
[0.291s] Level 1:colcon.colcon_core.environment:checking '/home/lgq/go2_ws_toolbox/install/go2_slam/bin'
[0.291s] INFO:colcon.colcon_core.shell:Creating package script '/home/lgq/go2_ws_toolbox/install/go2_slam/share/go2_slam/package.ps1'
[0.291s] INFO:colcon.colcon_core.shell:Creating package descriptor '/home/lgq/go2_ws_toolbox/install/go2_slam/share/go2_slam/package.dsv'
[0.292s] INFO:colcon.colcon_core.shell:Creating package script '/home/lgq/go2_ws_toolbox/install/go2_slam/share/go2_slam/package.sh'
[0.292s] INFO:colcon.colcon_core.shell:Creating package script '/home/lgq/go2_ws_toolbox/install/go2_slam/share/go2_slam/package.bash'
[0.292s] INFO:colcon.colcon_core.shell:Creating package script '/home/lgq/go2_ws_toolbox/install/go2_slam/share/go2_slam/package.zsh'
[0.292s] Level 1:colcon.colcon_core.environment:create_file_with_runtime_dependencies(/home/lgq/go2_ws_toolbox/install/go2_slam/share/colcon-core/packages/go2_slam)
[0.293s] DEBUG:colcon.colcon_core.event_handler.log_command:Invoked command in '/home/lgq/go2_ws_toolbox/build/go2_driver' returned '0': CMAKE_PREFIX_PATH=${CMAKE_PREFIX_PATH}:/opt/ros/humble /usr/bin/cmake --build /home/lgq/go2_ws_toolbox/build/go2_driver -- -j20 -l20
[0.294s] DEBUG:colcon.colcon_core.event_handler.log_command:Invoking command in '/home/lgq/go2_ws_toolbox/build/go2_driver': CMAKE_PREFIX_PATH=${CMAKE_PREFIX_PATH}:/opt/ros/humble /usr/bin/cmake --install /home/lgq/go2_ws_toolbox/build/go2_driver
[0.294s] DEBUG:colcon.colcon_core.event_handler.log_command:Invoked command in '/home/lgq/go2_ws_toolbox/build/go2_navigation2' returned '0': CMAKE_PREFIX_PATH=${CMAKE_PREFIX_PATH}:/opt/ros/humble /usr/bin/cmake --build /home/lgq/go2_ws_toolbox/build/go2_navigation2 -- -j20 -l20
[0.295s] DEBUG:colcon.colcon_core.event_handler.log_command:Invoking command in '/home/lgq/go2_ws_toolbox/build/go2_navigation2': CMAKE_PREFIX_PATH=${CMAKE_PREFIX_PATH}:/opt/ros/humble /usr/bin/cmake --install /home/lgq/go2_ws_toolbox/build/go2_navigation2
[0.295s] DEBUG:colcon.colcon_core.event_handler.log_command:Invoked command in '/home/lgq/go2_ws_toolbox/build/go2_perception' returned '0': CMAKE_PREFIX_PATH=${CMAKE_PREFIX_PATH}:/opt/ros/humble /usr/bin/cmake --build /home/lgq/go2_ws_toolbox/build/go2_perception -- -j20 -l20
[0.296s] DEBUG:colcon.colcon_core.event_handler.log_command:Invoking command in '/home/lgq/go2_ws_toolbox/build/go2_perception': CMAKE_PREFIX_PATH=${CMAKE_PREFIX_PATH}:/opt/ros/humble /usr/bin/cmake --install /home/lgq/go2_ws_toolbox/build/go2_perception
[0.296s] DEBUG:colcon.colcon_core.event_handler.log_command:Invoked command in '/home/lgq/go2_ws_toolbox/build/go2_twist_bridge' returned '0': CMAKE_PREFIX_PATH=${CMAKE_PREFIX_PATH}:/opt/ros/humble /usr/bin/cmake --build /home/lgq/go2_ws_toolbox/build/go2_twist_bridge -- -j20 -l20
[0.297s] DEBUG:colcon.colcon_core.event_handler.log_command:Invoking command in '/home/lgq/go2_ws_toolbox/build/go2_twist_bridge': CMAKE_PREFIX_PATH=${CMAKE_PREFIX_PATH}:/opt/ros/humble /usr/bin/cmake --install /home/lgq/go2_ws_toolbox/build/go2_twist_bridge
[0.303s] Level 1:colcon.colcon_core.environment:create_environment_scripts_only(go2_navigation2)
[0.303s] Level 1:colcon.colcon_core.environment:checking '/home/lgq/go2_ws_toolbox/install/go2_navigation2' for CMake module files
[0.303s] DEBUG:colcon.colcon_core.event_handler.log_command:Invoked command in '/home/lgq/go2_ws_toolbox/build/go2_navigation2' returned '0': CMAKE_PREFIX_PATH=${CMAKE_PREFIX_PATH}:/opt/ros/humble /usr/bin/cmake --install /home/lgq/go2_ws_toolbox/build/go2_navigation2
[0.304s] Level 1:colcon.colcon_core.environment:checking '/home/lgq/go2_ws_toolbox/install/go2_navigation2' for CMake config files
[0.304s] Level 1:colcon.colcon_core.shell:create_environment_hook('go2_navigation2', 'cmake_prefix_path')
[0.304s] INFO:colcon.colcon_core.shell:Creating environment hook '/home/lgq/go2_ws_toolbox/install/go2_navigation2/share/go2_navigation2/hook/cmake_prefix_path.ps1'
[0.304s] INFO:colcon.colcon_core.shell:Creating environment descriptor '/home/lgq/go2_ws_toolbox/install/go2_navigation2/share/go2_navigation2/hook/cmake_prefix_path.dsv'
[0.304s] INFO:colcon.colcon_core.shell:Creating environment hook '/home/lgq/go2_ws_toolbox/install/go2_navigation2/share/go2_navigation2/hook/cmake_prefix_path.sh'
[0.305s] Level 1:colcon.colcon_core.environment:checking '/home/lgq/go2_ws_toolbox/install/go2_navigation2/lib'
[0.305s] Level 1:colcon.colcon_core.environment:checking '/home/lgq/go2_ws_toolbox/install/go2_navigation2/bin'
[0.305s] Level 1:colcon.colcon_core.environment:checking '/home/lgq/go2_ws_toolbox/install/go2_navigation2/lib/pkgconfig/go2_navigation2.pc'
[0.305s] Level 1:colcon.colcon_core.environment:checking '/home/lgq/go2_ws_toolbox/install/go2_navigation2/lib/python3.10/site-packages'
[0.305s] Level 1:colcon.colcon_core.environment:checking '/home/lgq/go2_ws_toolbox/install/go2_navigation2/bin'
[0.305s] INFO:colcon.colcon_core.shell:Creating package script '/home/lgq/go2_ws_toolbox/install/go2_navigation2/share/go2_navigation2/package.ps1'
[0.305s] INFO:colcon.colcon_core.shell:Creating package descriptor '/home/lgq/go2_ws_toolbox/install/go2_navigation2/share/go2_navigation2/package.dsv'
[0.306s] INFO:colcon.colcon_core.shell:Creating package script '/home/lgq/go2_ws_toolbox/install/go2_navigation2/share/go2_navigation2/package.sh'
[0.306s] INFO:colcon.colcon_core.shell:Creating package script '/home/lgq/go2_ws_toolbox/install/go2_navigation2/share/go2_navigation2/package.bash'
[0.306s] INFO:colcon.colcon_core.shell:Creating package script '/home/lgq/go2_ws_toolbox/install/go2_navigation2/share/go2_navigation2/package.zsh'
[0.306s] Level 1:colcon.colcon_core.environment:create_file_with_runtime_dependencies(/home/lgq/go2_ws_toolbox/install/go2_navigation2/share/colcon-core/packages/go2_navigation2)
[0.306s] Level 1:colcon.colcon_core.environment:create_environment_scripts_only(go2_navigation2)
[0.307s] Level 1:colcon.colcon_core.environment:checking '/home/lgq/go2_ws_toolbox/install/go2_navigation2' for CMake module files
[0.307s] Level 1:colcon.colcon_core.environment:checking '/home/lgq/go2_ws_toolbox/install/go2_navigation2' for CMake config files
[0.307s] Level 1:colcon.colcon_core.shell:create_environment_hook('go2_navigation2', 'cmake_prefix_path')
[0.307s] INFO:colcon.colcon_core.shell:Creating environment hook '/home/lgq/go2_ws_toolbox/install/go2_navigation2/share/go2_navigation2/hook/cmake_prefix_path.ps1'
[0.307s] INFO:colcon.colcon_core.shell:Creating environment descriptor '/home/lgq/go2_ws_toolbox/install/go2_navigation2/share/go2_navigation2/hook/cmake_prefix_path.dsv'
[0.307s] INFO:colcon.colcon_core.shell:Creating environment hook '/home/lgq/go2_ws_toolbox/install/go2_navigation2/share/go2_navigation2/hook/cmake_prefix_path.sh'
[0.308s] Level 1:colcon.colcon_core.environment:checking '/home/lgq/go2_ws_toolbox/install/go2_navigation2/lib'
[0.308s] Level 1:colcon.colcon_core.environment:checking '/home/lgq/go2_ws_toolbox/install/go2_navigation2/bin'
[0.308s] Level 1:colcon.colcon_core.environment:checking '/home/lgq/go2_ws_toolbox/install/go2_navigation2/lib/pkgconfig/go2_navigation2.pc'
[0.308s] Level 1:colcon.colcon_core.environment:checking '/home/lgq/go2_ws_toolbox/install/go2_navigation2/lib/python3.10/site-packages'
[0.308s] Level 1:colcon.colcon_core.environment:checking '/home/lgq/go2_ws_toolbox/install/go2_navigation2/bin'
[0.308s] INFO:colcon.colcon_core.shell:Creating package script '/home/lgq/go2_ws_toolbox/install/go2_navigation2/share/go2_navigation2/package.ps1'
[0.308s] INFO:colcon.colcon_core.shell:Creating package descriptor '/home/lgq/go2_ws_toolbox/install/go2_navigation2/share/go2_navigation2/package.dsv'
[0.309s] INFO:colcon.colcon_core.shell:Creating package script '/home/lgq/go2_ws_toolbox/install/go2_navigation2/share/go2_navigation2/package.sh'
[0.309s] INFO:colcon.colcon_core.shell:Creating package script '/home/lgq/go2_ws_toolbox/install/go2_navigation2/share/go2_navigation2/package.bash'
[0.309s] INFO:colcon.colcon_core.shell:Creating package script '/home/lgq/go2_ws_toolbox/install/go2_navigation2/share/go2_navigation2/package.zsh'
[0.309s] Level 1:colcon.colcon_core.environment:create_file_with_runtime_dependencies(/home/lgq/go2_ws_toolbox/install/go2_navigation2/share/colcon-core/packages/go2_navigation2)
[0.309s] Level 1:colcon.colcon_core.environment:create_environment_scripts_only(go2_perception)
[0.309s] Level 1:colcon.colcon_core.environment:checking '/home/lgq/go2_ws_toolbox/install/go2_perception' for CMake module files
[0.310s] Level 1:colcon.colcon_core.environment:checking '/home/lgq/go2_ws_toolbox/install/go2_perception' for CMake config files
[0.310s] DEBUG:colcon.colcon_core.event_handler.log_command:Invoked command in '/home/lgq/go2_ws_toolbox/build/go2_perception' returned '0': CMAKE_PREFIX_PATH=${CMAKE_PREFIX_PATH}:/opt/ros/humble /usr/bin/cmake --install /home/lgq/go2_ws_toolbox/build/go2_perception
[0.310s] Level 1:colcon.colcon_core.shell:create_environment_hook('go2_perception', 'cmake_prefix_path')
[0.310s] INFO:colcon.colcon_core.shell:Creating environment hook '/home/lgq/go2_ws_toolbox/install/go2_perception/share/go2_perception/hook/cmake_prefix_path.ps1'
[0.310s] INFO:colcon.colcon_core.shell:Creating environment descriptor '/home/lgq/go2_ws_toolbox/install/go2_perception/share/go2_perception/hook/cmake_prefix_path.dsv'
[0.311s] INFO:colcon.colcon_core.shell:Creating environment hook '/home/lgq/go2_ws_toolbox/install/go2_perception/share/go2_perception/hook/cmake_prefix_path.sh'
[0.311s] Level 1:colcon.colcon_core.environment:checking '/home/lgq/go2_ws_toolbox/install/go2_perception/lib'
[0.311s] Level 1:colcon.colcon_core.shell:create_environment_hook('go2_perception', 'ld_library_path_lib')
[0.311s] INFO:colcon.colcon_core.shell:Creating environment hook '/home/lgq/go2_ws_toolbox/install/go2_perception/share/go2_perception/hook/ld_library_path_lib.ps1'
[0.311s] INFO:colcon.colcon_core.shell:Creating environment descriptor '/home/lgq/go2_ws_toolbox/install/go2_perception/share/go2_perception/hook/ld_library_path_lib.dsv'
[0.311s] INFO:colcon.colcon_core.shell:Creating environment hook '/home/lgq/go2_ws_toolbox/install/go2_perception/share/go2_perception/hook/ld_library_path_lib.sh'
[0.311s] Level 1:colcon.colcon_core.environment:checking '/home/lgq/go2_ws_toolbox/install/go2_perception/bin'
[0.311s] Level 1:colcon.colcon_core.environment:checking '/home/lgq/go2_ws_toolbox/install/go2_perception/lib/pkgconfig/go2_perception.pc'
[0.312s] Level 1:colcon.colcon_core.environment:checking '/home/lgq/go2_ws_toolbox/install/go2_perception/lib/python3.10/site-packages'
[0.312s] Level 1:colcon.colcon_core.environment:checking '/home/lgq/go2_ws_toolbox/install/go2_perception/bin'
[0.312s] INFO:colcon.colcon_core.shell:Creating package script '/home/lgq/go2_ws_toolbox/install/go2_perception/share/go2_perception/package.ps1'
[0.312s] INFO:colcon.colcon_core.shell:Creating package descriptor '/home/lgq/go2_ws_toolbox/install/go2_perception/share/go2_perception/package.dsv'
[0.312s] INFO:colcon.colcon_core.shell:Creating package script '/home/lgq/go2_ws_toolbox/install/go2_perception/share/go2_perception/package.sh'
[0.313s] INFO:colcon.colcon_core.shell:Creating package script '/home/lgq/go2_ws_toolbox/install/go2_perception/share/go2_perception/package.bash'
[0.313s] INFO:colcon.colcon_core.shell:Creating package script '/home/lgq/go2_ws_toolbox/install/go2_perception/share/go2_perception/package.zsh'
[0.313s] Level 1:colcon.colcon_core.environment:create_file_with_runtime_dependencies(/home/lgq/go2_ws_toolbox/install/go2_perception/share/colcon-core/packages/go2_perception)
[0.313s] Level 1:colcon.colcon_core.environment:create_environment_scripts_only(go2_perception)
[0.313s] Level 1:colcon.colcon_core.environment:checking '/home/lgq/go2_ws_toolbox/install/go2_perception' for CMake module files
[0.313s] Level 1:colcon.colcon_core.environment:checking '/home/lgq/go2_ws_toolbox/install/go2_perception' for CMake config files
[0.314s] Level 1:colcon.colcon_core.shell:create_environment_hook('go2_perception', 'cmake_prefix_path')
[0.314s] INFO:colcon.colcon_core.shell:Creating environment hook '/home/lgq/go2_ws_toolbox/install/go2_perception/share/go2_perception/hook/cmake_prefix_path.ps1'
[0.314s] INFO:colcon.colcon_core.shell:Creating environment descriptor '/home/lgq/go2_ws_toolbox/install/go2_perception/share/go2_perception/hook/cmake_prefix_path.dsv'
[0.314s] INFO:colcon.colcon_core.shell:Creating environment hook '/home/lgq/go2_ws_toolbox/install/go2_perception/share/go2_perception/hook/cmake_prefix_path.sh'
[0.314s] Level 1:colcon.colcon_core.environment:checking '/home/lgq/go2_ws_toolbox/install/go2_perception/lib'
[0.314s] Level 1:colcon.colcon_core.shell:create_environment_hook('go2_perception', 'ld_library_path_lib')
[0.314s] INFO:colcon.colcon_core.shell:Creating environment hook '/home/lgq/go2_ws_toolbox/install/go2_perception/share/go2_perception/hook/ld_library_path_lib.ps1'
[0.315s] INFO:colcon.colcon_core.shell:Creating environment descriptor '/home/lgq/go2_ws_toolbox/install/go2_perception/share/go2_perception/hook/ld_library_path_lib.dsv'
[0.315s] INFO:colcon.colcon_core.shell:Creating environment hook '/home/lgq/go2_ws_toolbox/install/go2_perception/share/go2_perception/hook/ld_library_path_lib.sh'
[0.315s] Level 1:colcon.colcon_core.environment:checking '/home/lgq/go2_ws_toolbox/install/go2_perception/bin'
[0.315s] Level 1:colcon.colcon_core.environment:checking '/home/lgq/go2_ws_toolbox/install/go2_perception/lib/pkgconfig/go2_perception.pc'
[0.315s] Level 1:colcon.colcon_core.environment:checking '/home/lgq/go2_ws_toolbox/install/go2_perception/lib/python3.10/site-packages'
[0.315s] Level 1:colcon.colcon_core.environment:checking '/home/lgq/go2_ws_toolbox/install/go2_perception/bin'
[0.315s] INFO:colcon.colcon_core.shell:Creating package script '/home/lgq/go2_ws_toolbox/install/go2_perception/share/go2_perception/package.ps1'
[0.316s] INFO:colcon.colcon_core.shell:Creating package descriptor '/home/lgq/go2_ws_toolbox/install/go2_perception/share/go2_perception/package.dsv'
[0.316s] INFO:colcon.colcon_core.shell:Creating package script '/home/lgq/go2_ws_toolbox/install/go2_perception/share/go2_perception/package.sh'
[0.316s] INFO:colcon.colcon_core.shell:Creating package script '/home/lgq/go2_ws_toolbox/install/go2_perception/share/go2_perception/package.bash'
[0.316s] INFO:colcon.colcon_core.shell:Creating package script '/home/lgq/go2_ws_toolbox/install/go2_perception/share/go2_perception/package.zsh'
[0.316s] Level 1:colcon.colcon_core.environment:create_file_with_runtime_dependencies(/home/lgq/go2_ws_toolbox/install/go2_perception/share/colcon-core/packages/go2_perception)
[0.317s] Level 1:colcon.colcon_core.environment:create_environment_scripts_only(go2_driver)
[0.317s] Level 1:colcon.colcon_core.environment:checking '/home/lgq/go2_ws_toolbox/install/go2_driver' for CMake module files
[0.317s] DEBUG:colcon.colcon_core.event_handler.log_command:Invoked command in '/home/lgq/go2_ws_toolbox/build/go2_driver' returned '0': CMAKE_PREFIX_PATH=${CMAKE_PREFIX_PATH}:/opt/ros/humble /usr/bin/cmake --install /home/lgq/go2_ws_toolbox/build/go2_driver
[0.317s] Level 1:colcon.colcon_core.environment:checking '/home/lgq/go2_ws_toolbox/install/go2_driver' for CMake config files
[0.318s] Level 1:colcon.colcon_core.shell:create_environment_hook('go2_driver', 'cmake_prefix_path')
[0.318s] INFO:colcon.colcon_core.shell:Creating environment hook '/home/lgq/go2_ws_toolbox/install/go2_driver/share/go2_driver/hook/cmake_prefix_path.ps1'
[0.318s] INFO:colcon.colcon_core.shell:Creating environment descriptor '/home/lgq/go2_ws_toolbox/install/go2_driver/share/go2_driver/hook/cmake_prefix_path.dsv'
[0.318s] INFO:colcon.colcon_core.shell:Creating environment hook '/home/lgq/go2_ws_toolbox/install/go2_driver/share/go2_driver/hook/cmake_prefix_path.sh'
[0.318s] Level 1:colcon.colcon_core.environment:checking '/home/lgq/go2_ws_toolbox/install/go2_driver/lib'
[0.318s] Level 1:colcon.colcon_core.environment:checking '/home/lgq/go2_ws_toolbox/install/go2_driver/bin'
[0.318s] Level 1:colcon.colcon_core.environment:checking '/home/lgq/go2_ws_toolbox/install/go2_driver/lib/pkgconfig/go2_driver.pc'
[0.319s] Level 1:colcon.colcon_core.environment:checking '/home/lgq/go2_ws_toolbox/install/go2_driver/lib/python3.10/site-packages'
[0.319s] Level 1:colcon.colcon_core.environment:checking '/home/lgq/go2_ws_toolbox/install/go2_driver/bin'
[0.319s] INFO:colcon.colcon_core.shell:Creating package script '/home/lgq/go2_ws_toolbox/install/go2_driver/share/go2_driver/package.ps1'
[0.319s] INFO:colcon.colcon_core.shell:Creating package descriptor '/home/lgq/go2_ws_toolbox/install/go2_driver/share/go2_driver/package.dsv'
[0.319s] INFO:colcon.colcon_core.shell:Creating package script '/home/lgq/go2_ws_toolbox/install/go2_driver/share/go2_driver/package.sh'
[0.320s] INFO:colcon.colcon_core.shell:Creating package script '/home/lgq/go2_ws_toolbox/install/go2_driver/share/go2_driver/package.bash'
[0.320s] INFO:colcon.colcon_core.shell:Creating package script '/home/lgq/go2_ws_toolbox/install/go2_driver/share/go2_driver/package.zsh'
[0.320s] Level 1:colcon.colcon_core.environment:create_file_with_runtime_dependencies(/home/lgq/go2_ws_toolbox/install/go2_driver/share/colcon-core/packages/go2_driver)
[0.320s] Level 1:colcon.colcon_core.environment:create_environment_scripts_only(go2_driver)
[0.320s] Level 1:colcon.colcon_core.environment:checking '/home/lgq/go2_ws_toolbox/install/go2_driver' for CMake module files
[0.321s] Level 1:colcon.colcon_core.environment:checking '/home/lgq/go2_ws_toolbox/install/go2_driver' for CMake config files
[0.321s] Level 1:colcon.colcon_core.shell:create_environment_hook('go2_driver', 'cmake_prefix_path')
[0.321s] INFO:colcon.colcon_core.shell:Creating environment hook '/home/lgq/go2_ws_toolbox/install/go2_driver/share/go2_driver/hook/cmake_prefix_path.ps1'
[0.321s] INFO:colcon.colcon_core.shell:Creating environment descriptor '/home/lgq/go2_ws_toolbox/install/go2_driver/share/go2_driver/hook/cmake_prefix_path.dsv'
[0.321s] INFO:colcon.colcon_core.shell:Creating environment hook '/home/lgq/go2_ws_toolbox/install/go2_driver/share/go2_driver/hook/cmake_prefix_path.sh'
[0.322s] Level 1:colcon.colcon_core.environment:checking '/home/lgq/go2_ws_toolbox/install/go2_driver/lib'
[0.322s] Level 1:colcon.colcon_core.environment:checking '/home/lgq/go2_ws_toolbox/install/go2_driver/bin'
[0.322s] Level 1:colcon.colcon_core.environment:checking '/home/lgq/go2_ws_toolbox/install/go2_driver/lib/pkgconfig/go2_driver.pc'
[0.322s] Level 1:colcon.colcon_core.environment:checking '/home/lgq/go2_ws_toolbox/install/go2_driver/lib/python3.10/site-packages'
[0.322s] Level 1:colcon.colcon_core.environment:checking '/home/lgq/go2_ws_toolbox/install/go2_driver/bin'
[0.322s] INFO:colcon.colcon_core.shell:Creating package script '/home/lgq/go2_ws_toolbox/install/go2_driver/share/go2_driver/package.ps1'
[0.322s] INFO:colcon.colcon_core.shell:Creating package descriptor '/home/lgq/go2_ws_toolbox/install/go2_driver/share/go2_driver/package.dsv'
[0.323s] INFO:colcon.colcon_core.shell:Creating package script '/home/lgq/go2_ws_toolbox/install/go2_driver/share/go2_driver/package.sh'
[0.323s] INFO:colcon.colcon_core.shell:Creating package script '/home/lgq/go2_ws_toolbox/install/go2_driver/share/go2_driver/package.bash'
[0.324s] INFO:colcon.colcon_core.shell:Creating package script '/home/lgq/go2_ws_toolbox/install/go2_driver/share/go2_driver/package.zsh'
[0.324s] Level 1:colcon.colcon_core.environment:create_file_with_runtime_dependencies(/home/lgq/go2_ws_toolbox/install/go2_driver/share/colcon-core/packages/go2_driver)
[0.324s] Level 1:colcon.colcon_core.environment:create_environment_scripts_only(go2_twist_bridge)
[0.324s] Level 1:colcon.colcon_core.environment:checking '/home/lgq/go2_ws_toolbox/install/go2_twist_bridge' for CMake module files
[0.325s] Level 1:colcon.colcon_core.environment:checking '/home/lgq/go2_ws_toolbox/install/go2_twist_bridge' for CMake config files
[0.325s] DEBUG:colcon.colcon_core.event_handler.log_command:Invoked command in '/home/lgq/go2_ws_toolbox/build/go2_twist_bridge' returned '0': CMAKE_PREFIX_PATH=${CMAKE_PREFIX_PATH}:/opt/ros/humble /usr/bin/cmake --install /home/lgq/go2_ws_toolbox/build/go2_twist_bridge
[0.325s] Level 1:colcon.colcon_core.shell:create_environment_hook('go2_twist_bridge', 'cmake_prefix_path')
[0.325s] INFO:colcon.colcon_core.shell:Creating environment hook '/home/lgq/go2_ws_toolbox/install/go2_twist_bridge/share/go2_twist_bridge/hook/cmake_prefix_path.ps1'
[0.325s] INFO:colcon.colcon_core.shell:Creating environment descriptor '/home/lgq/go2_ws_toolbox/install/go2_twist_bridge/share/go2_twist_bridge/hook/cmake_prefix_path.dsv'
[0.326s] INFO:colcon.colcon_core.shell:Creating environment hook '/home/lgq/go2_ws_toolbox/install/go2_twist_bridge/share/go2_twist_bridge/hook/cmake_prefix_path.sh'
[0.326s] Level 1:colcon.colcon_core.environment:checking '/home/lgq/go2_ws_toolbox/install/go2_twist_bridge/lib'
[0.326s] Level 1:colcon.colcon_core.environment:checking '/home/lgq/go2_ws_toolbox/install/go2_twist_bridge/bin'
[0.326s] Level 1:colcon.colcon_core.environment:checking '/home/lgq/go2_ws_toolbox/install/go2_twist_bridge/lib/pkgconfig/go2_twist_bridge.pc'
[0.326s] Level 1:colcon.colcon_core.environment:checking '/home/lgq/go2_ws_toolbox/install/go2_twist_bridge/lib/python3.10/site-packages'
[0.326s] Level 1:colcon.colcon_core.environment:checking '/home/lgq/go2_ws_toolbox/install/go2_twist_bridge/bin'
[0.326s] INFO:colcon.colcon_core.shell:Creating package script '/home/lgq/go2_ws_toolbox/install/go2_twist_bridge/share/go2_twist_bridge/package.ps1'
[0.327s] INFO:colcon.colcon_core.shell:Creating package descriptor '/home/lgq/go2_ws_toolbox/install/go2_twist_bridge/share/go2_twist_bridge/package.dsv'
[0.327s] INFO:colcon.colcon_core.shell:Creating package script '/home/lgq/go2_ws_toolbox/install/go2_twist_bridge/share/go2_twist_bridge/package.sh'
[0.327s] INFO:colcon.colcon_core.shell:Creating package script '/home/lgq/go2_ws_toolbox/install/go2_twist_bridge/share/go2_twist_bridge/package.bash'
[0.327s] INFO:colcon.colcon_core.shell:Creating package script '/home/lgq/go2_ws_toolbox/install/go2_twist_bridge/share/go2_twist_bridge/package.zsh'
[0.327s] Level 1:colcon.colcon_core.environment:create_file_with_runtime_dependencies(/home/lgq/go2_ws_toolbox/install/go2_twist_bridge/share/colcon-core/packages/go2_twist_bridge)
[0.328s] Level 1:colcon.colcon_core.environment:create_environment_scripts_only(go2_twist_bridge)
[0.328s] Level 1:colcon.colcon_core.environment:checking '/home/lgq/go2_ws_toolbox/install/go2_twist_bridge' for CMake module files
[0.328s] Level 1:colcon.colcon_core.environment:checking '/home/lgq/go2_ws_toolbox/install/go2_twist_bridge' for CMake config files
[0.328s] Level 1:colcon.colcon_core.shell:create_environment_hook('go2_twist_bridge', 'cmake_prefix_path')
[0.328s] INFO:colcon.colcon_core.shell:Creating environment hook '/home/lgq/go2_ws_toolbox/install/go2_twist_bridge/share/go2_twist_bridge/hook/cmake_prefix_path.ps1'
[0.328s] INFO:colcon.colcon_core.shell:Creating environment descriptor '/home/lgq/go2_ws_toolbox/install/go2_twist_bridge/share/go2_twist_bridge/hook/cmake_prefix_path.dsv'
[0.328s] INFO:colcon.colcon_core.shell:Creating environment hook '/home/lgq/go2_ws_toolbox/install/go2_twist_bridge/share/go2_twist_bridge/hook/cmake_prefix_path.sh'
[0.329s] Level 1:colcon.colcon_core.environment:checking '/home/lgq/go2_ws_toolbox/install/go2_twist_bridge/lib'
[0.329s] Level 1:colcon.colcon_core.environment:checking '/home/lgq/go2_ws_toolbox/install/go2_twist_bridge/bin'
[0.329s] Level 1:colcon.colcon_core.environment:checking '/home/lgq/go2_ws_toolbox/install/go2_twist_bridge/lib/pkgconfig/go2_twist_bridge.pc'
[0.329s] Level 1:colcon.colcon_core.environment:checking '/home/lgq/go2_ws_toolbox/install/go2_twist_bridge/lib/python3.10/site-packages'
[0.329s] Level 1:colcon.colcon_core.environment:checking '/home/lgq/go2_ws_toolbox/install/go2_twist_bridge/bin'
[0.329s] INFO:colcon.colcon_core.shell:Creating package script '/home/lgq/go2_ws_toolbox/install/go2_twist_bridge/share/go2_twist_bridge/package.ps1'
[0.329s] INFO:colcon.colcon_core.shell:Creating package descriptor '/home/lgq/go2_ws_toolbox/install/go2_twist_bridge/share/go2_twist_bridge/package.dsv'
[0.330s] INFO:colcon.colcon_core.shell:Creating package script '/home/lgq/go2_ws_toolbox/install/go2_twist_bridge/share/go2_twist_bridge/package.sh'
[0.330s] INFO:colcon.colcon_core.shell:Creating package script '/home/lgq/go2_ws_toolbox/install/go2_twist_bridge/share/go2_twist_bridge/package.bash'
[0.330s] INFO:colcon.colcon_core.shell:Creating package script '/home/lgq/go2_ws_toolbox/install/go2_twist_bridge/share/go2_twist_bridge/package.zsh'
[0.330s] Level 1:colcon.colcon_core.environment:create_file_with_runtime_dependencies(/home/lgq/go2_ws_toolbox/install/go2_twist_bridge/share/colcon-core/packages/go2_twist_bridge)
[0.330s] DEBUG:colcon.colcon_parallel_executor.executor.parallel:closing loop
[0.331s] DEBUG:colcon.colcon_parallel_executor.executor.parallel:loop closed
[0.331s] DEBUG:colcon.colcon_parallel_executor.executor.parallel:run_until_complete finished with '0'
[0.331s] DEBUG:colcon.colcon_core.event_reactor:joining thread
[0.334s] INFO:colcon.colcon_core.plugin_system:Skipping extension 'colcon_notification.desktop_notification.terminal_notifier': Not used on non-Darwin systems
[0.334s] INFO:colcon.colcon_core.plugin_system:Skipping extension 'colcon_notification.desktop_notification.win32': Not used on non-Windows systems
[0.334s] INFO:colcon.colcon_notification.desktop_notification:Sending desktop notification using 'notify2'
[0.340s] DEBUG:colcon.colcon_core.event_reactor:joined thread
[0.340s] INFO:colcon.colcon_core.shell:Creating prefix script '/home/lgq/go2_ws_toolbox/install/local_setup.ps1'
[0.341s] INFO:colcon.colcon_core.shell:Creating prefix util module '/home/lgq/go2_ws_toolbox/install/_local_setup_util_ps1.py'
[0.342s] INFO:colcon.colcon_core.shell:Creating prefix chain script '/home/lgq/go2_ws_toolbox/install/setup.ps1'
[0.342s] INFO:colcon.colcon_core.shell:Creating prefix script '/home/lgq/go2_ws_toolbox/install/local_setup.sh'
[0.342s] INFO:colcon.colcon_core.shell:Creating prefix util module '/home/lgq/go2_ws_toolbox/install/_local_setup_util_sh.py'
[0.343s] INFO:colcon.colcon_core.shell:Creating prefix chain script '/home/lgq/go2_ws_toolbox/install/setup.sh'
[0.343s] INFO:colcon.colcon_core.shell:Creating prefix script '/home/lgq/go2_ws_toolbox/install/local_setup.bash'
[0.344s] INFO:colcon.colcon_core.shell:Creating prefix chain script '/home/lgq/go2_ws_toolbox/install/setup.bash'
[0.344s] INFO:colcon.colcon_core.shell:Creating prefix script '/home/lgq/go2_ws_toolbox/install/local_setup.zsh'
[0.344s] INFO:colcon.colcon_core.shell:Creating prefix chain script '/home/lgq/go2_ws_toolbox/install/setup.zsh'
