[0.017s] Invoking command in '/home/lgq/go2_ws_toolbox/build/go2_driver': CMAKE_PREFIX_PATH=${CMAKE_PREFIX_PATH}:/opt/ros/humble /usr/bin/cmake --build /home/lgq/go2_ws_toolbox/build/go2_driver -- -j20 -l20
[0.036s] -- Found ament_cmake: 1.3.12 (/opt/ros/humble/share/ament_cmake/cmake)
[0.139s] -- Found rclcpp: 16.0.16 (/opt/ros/humble/share/rclcpp/cmake)
[0.161s] -- Found rosidl_generator_c: 3.1.7 (/opt/ros/humble/share/rosidl_generator_c/cmake)
[0.163s] -- Found rosidl_adapter: 3.1.7 (/opt/ros/humble/share/rosidl_adapter/cmake)
[0.167s] -- Found rosidl_generator_cpp: 3.1.7 (/opt/ros/humble/share/rosidl_generator_cpp/cmake)
[0.174s] -- Using all available rosidl_typesupport_c: rosidl_typesupport_fastrtps_c;rosidl_typesupport_introspection_c
[0.183s] -- Using all available rosidl_typesupport_cpp: rosidl_typesupport_fastrtps_cpp;rosidl_typesupport_introspection_cpp
[0.206s] -- Found rmw_implementation_cmake: 6.1.2 (/opt/ros/humble/share/rmw_implementation_cmake/cmake)
[0.208s] -- Found rmw_cyclonedds_cpp: 1.3.4 (/home/lgq/unitree_ros2/cyclonedds_ws/install/rmw_cyclonedds_cpp/share/rmw_cyclonedds_cpp/cmake)
[0.220s] -- Using RMW implementation 'rmw_cyclonedds_cpp' as default
[0.255s] -- Found unitree_go: 0.0.0 (/home/lgq/unitree_ros2/cyclonedds_ws/install/unitree_go/share/unitree_go/cmake)
[0.273s] -- Found nav_msgs: 4.9.0 (/opt/ros/humble/share/nav_msgs/cmake)
[0.284s] -- Found tf2: 0.25.17 (/opt/ros/humble/share/tf2/cmake)
[0.287s] -- Found tf2_ros: 0.25.17 (/opt/ros/humble/share/tf2_ros/cmake)
[0.339s] -- Found sensor_msgs: 4.9.0 (/opt/ros/humble/share/sensor_msgs/cmake)
[0.353s] -- Found ament_lint_auto: 0.12.14 (/opt/ros/humble/share/ament_lint_auto/cmake)
[0.397s] -- Added test 'cppcheck' to perform static code analysis on C / C++ code
[0.397s] -- Configured cppcheck include dirs: $<BUILD_INTERFACE:/home/lgq/go2_ws_toolbox/src/unitree-go2-slam-toolbox/src/base/go2_driver/include>
[0.397s] -- Configured cppcheck exclude dirs and/or files: 
[0.398s] -- Added test 'flake8' to check Python code syntax and style conventions
[0.398s] -- Added test 'lint_cmake' to check CMake code style
[0.398s] -- Added test 'pep257' to check Python code against some of the docstring style conventions in PEP 257
[0.398s] -- Added test 'uncrustify' to check C / C++ code style
[0.398s] -- Configured uncrustify additional arguments: 
[0.398s] -- Added test 'xmllint' to check XML markup files
[0.399s] -- Configuring done
[0.412s] -- Generating done
[0.417s] -- Build files have been written to: /home/lgq/go2_ws_toolbox/build/go2_driver
[0.435s] [35m[1mConsolidate compiler generated dependencies of target footprint_to_link[0m
[0.436s] [35m[1mConsolidate compiler generated dependencies of target driver[0m
[0.436s] [35m[1mConsolidate compiler generated dependencies of target lowstate_to_imu[0m
[0.446s] [ 16%] [32mBuilding CXX object CMakeFiles/footprint_to_link.dir/src/footprint_to_link.cpp.o[0m
[0.448s] [ 33%] [32mBuilding CXX object CMakeFiles/driver.dir/src/driver.cpp.o[0m
[0.449s] [ 50%] [32mBuilding CXX object CMakeFiles/lowstate_to_imu.dir/src/lowstate_to_imu.cpp.o[0m
[5.176s] [ 66%] [32m[1mLinking CXX executable footprint_to_link[0m
[5.356s] [ 83%] [32m[1mLinking CXX executable lowstate_to_imu[0m
[5.458s] [ 83%] Built target footprint_to_link
[5.620s] [ 83%] Built target lowstate_to_imu
[8.424s] [100%] [32m[1mLinking CXX executable driver[0m
[8.890s] [100%] Built target driver
[8.898s] Invoked command in '/home/lgq/go2_ws_toolbox/build/go2_driver' returned '0': CMAKE_PREFIX_PATH=${CMAKE_PREFIX_PATH}:/opt/ros/humble /usr/bin/cmake --build /home/lgq/go2_ws_toolbox/build/go2_driver -- -j20 -l20
[8.899s] Invoking command in '/home/lgq/go2_ws_toolbox/build/go2_driver': CMAKE_PREFIX_PATH=${CMAKE_PREFIX_PATH}:/opt/ros/humble /usr/bin/cmake --install /home/lgq/go2_ws_toolbox/build/go2_driver
[8.907s] -- Install configuration: ""
[8.908s] -- Installing: /home/lgq/go2_ws_toolbox/install/go2_driver/lib/go2_driver/driver
[8.916s] -- Set runtime path of "/home/lgq/go2_ws_toolbox/install/go2_driver/lib/go2_driver/driver" to ""
[8.918s] -- Installing: /home/lgq/go2_ws_toolbox/install/go2_driver/lib/go2_driver/footprint_to_link
[8.920s] -- Set runtime path of "/home/lgq/go2_ws_toolbox/install/go2_driver/lib/go2_driver/footprint_to_link" to ""
[8.920s] -- Installing: /home/lgq/go2_ws_toolbox/install/go2_driver/lib/go2_driver/lowstate_to_imu
[8.923s] -- Set runtime path of "/home/lgq/go2_ws_toolbox/install/go2_driver/lib/go2_driver/lowstate_to_imu" to ""
[8.923s] -- Up-to-date: /home/lgq/go2_ws_toolbox/install/go2_driver/share/go2_driver/launch
[8.923s] -- Up-to-date: /home/lgq/go2_ws_toolbox/install/go2_driver/share/go2_driver/launch/driver.launch.py
[8.923s] -- Up-to-date: /home/lgq/go2_ws_toolbox/install/go2_driver/share/go2_driver/params
[8.923s] -- Up-to-date: /home/lgq/go2_ws_toolbox/install/go2_driver/share/go2_driver/params/driver.yaml
[8.923s] -- Up-to-date: /home/lgq/go2_ws_toolbox/install/go2_driver/share/go2_driver/rviz
[8.923s] -- Up-to-date: /home/lgq/go2_ws_toolbox/install/go2_driver/share/go2_driver/rviz/display.rviz
[8.923s] -- Up-to-date: /home/lgq/go2_ws_toolbox/install/go2_driver/share/ament_index/resource_index/package_run_dependencies/go2_driver
[8.923s] -- Installing: /home/lgq/go2_ws_toolbox/install/go2_driver/share/ament_index/resource_index/parent_prefix_path/go2_driver
[8.923s] -- Up-to-date: /home/lgq/go2_ws_toolbox/install/go2_driver/share/go2_driver/environment/ament_prefix_path.sh
[8.923s] -- Installing: /home/lgq/go2_ws_toolbox/install/go2_driver/share/go2_driver/environment/ament_prefix_path.dsv
[8.923s] -- Up-to-date: /home/lgq/go2_ws_toolbox/install/go2_driver/share/go2_driver/environment/path.sh
[8.923s] -- Installing: /home/lgq/go2_ws_toolbox/install/go2_driver/share/go2_driver/environment/path.dsv
[8.923s] -- Up-to-date: /home/lgq/go2_ws_toolbox/install/go2_driver/share/go2_driver/local_setup.bash
[8.923s] -- Up-to-date: /home/lgq/go2_ws_toolbox/install/go2_driver/share/go2_driver/local_setup.sh
[8.923s] -- Up-to-date: /home/lgq/go2_ws_toolbox/install/go2_driver/share/go2_driver/local_setup.zsh
[8.923s] -- Installing: /home/lgq/go2_ws_toolbox/install/go2_driver/share/go2_driver/local_setup.dsv
[8.923s] -- Installing: /home/lgq/go2_ws_toolbox/install/go2_driver/share/go2_driver/package.dsv
[8.923s] -- Up-to-date: /home/lgq/go2_ws_toolbox/install/go2_driver/share/ament_index/resource_index/packages/go2_driver
[8.923s] -- Up-to-date: /home/lgq/go2_ws_toolbox/install/go2_driver/share/go2_driver/cmake/go2_driverConfig.cmake
[8.923s] -- Up-to-date: /home/lgq/go2_ws_toolbox/install/go2_driver/share/go2_driver/cmake/go2_driverConfig-version.cmake
[8.923s] -- Up-to-date: /home/lgq/go2_ws_toolbox/install/go2_driver/share/go2_driver/package.xml
[8.925s] Invoked command in '/home/lgq/go2_ws_toolbox/build/go2_driver' returned '0': CMAKE_PREFIX_PATH=${CMAKE_PREFIX_PATH}:/opt/ros/humble /usr/bin/cmake --install /home/lgq/go2_ws_toolbox/build/go2_driver
