[0.073s] DEBUG:colcon:Command line arguments: ['/usr/bin/colcon', 'build']
[0.073s] DEBUG:colcon:Parsed command line arguments: Namespace(log_base=None, log_level=None, verb_name='build', build_base='build', install_base='install', merge_install=False, symlink_install=False, test_result_base=None, continue_on_error=False, executor='parallel', parallel_workers=20, event_handlers=None, ignore_user_meta=False, metas=['./colcon.meta'], base_paths=['.'], packages_ignore=None, packages_ignore_regex=None, paths=None, packages_up_to=None, packages_up_to_regex=None, packages_above=None, packages_above_and_dependencies=None, packages_above_depth=None, packages_select_by_dep=None, packages_skip_by_dep=None, packages_skip_up_to=None, packages_select_build_failed=False, packages_skip_build_finished=False, packages_select_test_failures=False, packages_skip_test_passed=False, packages_select=None, packages_skip=None, packages_select_regex=None, packages_skip_regex=None, packages_start=None, packages_end=None, allow_overriding=[], cmake_args=None, cmake_target=None, cmake_target_skip_unavailable=False, cmake_clean_cache=False, cmake_clean_first=False, cmake_force_configure=False, ament_cmake_args=None, catkin_cmake_args=None, catkin_skip_building_tests=False, verb_parser=<colcon_defaults.argument_parser.defaults.DefaultArgumentsDecorator object at 0x793f07f3d840>, verb_extension=<colcon_core.verb.build.BuildVerb object at 0x793f07f3d330>, main=<bound method BuildVerb.main of <colcon_core.verb.build.BuildVerb object at 0x793f07f3d330>>)
[0.197s] Level 1:colcon.colcon_core.package_discovery:discover_packages(colcon_meta) check parameters
[0.197s] Level 1:colcon.colcon_core.package_discovery:discover_packages(recursive) check parameters
[0.197s] Level 1:colcon.colcon_core.package_discovery:discover_packages(ignore) check parameters
[0.197s] Level 1:colcon.colcon_core.package_discovery:discover_packages(path) check parameters
[0.197s] Level 1:colcon.colcon_core.package_discovery:discover_packages(colcon_meta) discover
[0.197s] Level 1:colcon.colcon_core.package_discovery:discover_packages(recursive) discover
[0.197s] INFO:colcon.colcon_core.package_discovery:Crawling recursively for packages in '/home/lgq/go2_ws_toolbox'
[0.198s] Level 1:colcon.colcon_core.package_identification:_identify(.) by extensions ['ignore', 'ignore_ament_install']
[0.198s] Level 1:colcon.colcon_core.package_identification:_identify(.) by extension 'ignore'
[0.198s] Level 1:colcon.colcon_core.package_identification:_identify(.) by extension 'ignore_ament_install'
[0.198s] Level 1:colcon.colcon_core.package_identification:_identify(.) by extensions ['colcon_pkg']
[0.198s] Level 1:colcon.colcon_core.package_identification:_identify(.) by extension 'colcon_pkg'
[0.198s] Level 1:colcon.colcon_core.package_identification:_identify(.) by extensions ['colcon_meta']
[0.198s] Level 1:colcon.colcon_core.package_identification:_identify(.) by extension 'colcon_meta'
[0.198s] Level 1:colcon.colcon_core.package_identification:_identify(.) by extensions ['ros']
[0.198s] Level 1:colcon.colcon_core.package_identification:_identify(.) by extension 'ros'
[0.205s] Level 1:colcon.colcon_core.package_identification:_identify(.) by extensions ['cmake', 'python']
[0.205s] Level 1:colcon.colcon_core.package_identification:_identify(.) by extension 'cmake'
[0.205s] Level 1:colcon.colcon_core.package_identification:_identify(.) by extension 'python'
[0.205s] Level 1:colcon.colcon_core.package_identification:_identify(.) by extensions ['python_setup_py']
[0.205s] Level 1:colcon.colcon_core.package_identification:_identify(.) by extension 'python_setup_py'
[0.205s] Level 1:colcon.colcon_core.package_identification:_identify(build) by extensions ['ignore', 'ignore_ament_install']
[0.206s] Level 1:colcon.colcon_core.package_identification:_identify(build) by extension 'ignore'
[0.206s] Level 1:colcon.colcon_core.package_identification:_identify(build) ignored
[0.206s] Level 1:colcon.colcon_core.package_identification:_identify(install) by extensions ['ignore', 'ignore_ament_install']
[0.206s] Level 1:colcon.colcon_core.package_identification:_identify(install) by extension 'ignore'
[0.206s] Level 1:colcon.colcon_core.package_identification:_identify(install) ignored
[0.206s] Level 1:colcon.colcon_core.package_identification:_identify(log) by extensions ['ignore', 'ignore_ament_install']
[0.206s] Level 1:colcon.colcon_core.package_identification:_identify(log) by extension 'ignore'
[0.206s] Level 1:colcon.colcon_core.package_identification:_identify(log) ignored
[0.206s] Level 1:colcon.colcon_core.package_identification:_identify(src) by extensions ['ignore', 'ignore_ament_install']
[0.206s] Level 1:colcon.colcon_core.package_identification:_identify(src) by extension 'ignore'
[0.206s] Level 1:colcon.colcon_core.package_identification:_identify(src) by extension 'ignore_ament_install'
[0.206s] Level 1:colcon.colcon_core.package_identification:_identify(src) by extensions ['colcon_pkg']
[0.206s] Level 1:colcon.colcon_core.package_identification:_identify(src) by extension 'colcon_pkg'
[0.206s] Level 1:colcon.colcon_core.package_identification:_identify(src) by extensions ['colcon_meta']
[0.206s] Level 1:colcon.colcon_core.package_identification:_identify(src) by extension 'colcon_meta'
[0.206s] Level 1:colcon.colcon_core.package_identification:_identify(src) by extensions ['ros']
[0.206s] Level 1:colcon.colcon_core.package_identification:_identify(src) by extension 'ros'
[0.206s] Level 1:colcon.colcon_core.package_identification:_identify(src) by extensions ['cmake', 'python']
[0.206s] Level 1:colcon.colcon_core.package_identification:_identify(src) by extension 'cmake'
[0.206s] Level 1:colcon.colcon_core.package_identification:_identify(src) by extension 'python'
[0.206s] Level 1:colcon.colcon_core.package_identification:_identify(src) by extensions ['python_setup_py']
[0.206s] Level 1:colcon.colcon_core.package_identification:_identify(src) by extension 'python_setup_py'
[0.206s] Level 1:colcon.colcon_core.package_identification:_identify(src/unitree-go2-slam-toolbox) by extensions ['ignore', 'ignore_ament_install']
[0.206s] Level 1:colcon.colcon_core.package_identification:_identify(src/unitree-go2-slam-toolbox) by extension 'ignore'
[0.206s] Level 1:colcon.colcon_core.package_identification:_identify(src/unitree-go2-slam-toolbox) by extension 'ignore_ament_install'
[0.206s] Level 1:colcon.colcon_core.package_identification:_identify(src/unitree-go2-slam-toolbox) by extensions ['colcon_pkg']
[0.206s] Level 1:colcon.colcon_core.package_identification:_identify(src/unitree-go2-slam-toolbox) by extension 'colcon_pkg'
[0.206s] Level 1:colcon.colcon_core.package_identification:_identify(src/unitree-go2-slam-toolbox) by extensions ['colcon_meta']
[0.206s] Level 1:colcon.colcon_core.package_identification:_identify(src/unitree-go2-slam-toolbox) by extension 'colcon_meta'
[0.206s] Level 1:colcon.colcon_core.package_identification:_identify(src/unitree-go2-slam-toolbox) by extensions ['ros']
[0.206s] Level 1:colcon.colcon_core.package_identification:_identify(src/unitree-go2-slam-toolbox) by extension 'ros'
[0.206s] Level 1:colcon.colcon_core.package_identification:_identify(src/unitree-go2-slam-toolbox) by extensions ['cmake', 'python']
[0.206s] Level 1:colcon.colcon_core.package_identification:_identify(src/unitree-go2-slam-toolbox) by extension 'cmake'
[0.206s] Level 1:colcon.colcon_core.package_identification:_identify(src/unitree-go2-slam-toolbox) by extension 'python'
[0.206s] Level 1:colcon.colcon_core.package_identification:_identify(src/unitree-go2-slam-toolbox) by extensions ['python_setup_py']
[0.206s] Level 1:colcon.colcon_core.package_identification:_identify(src/unitree-go2-slam-toolbox) by extension 'python_setup_py'
[0.206s] Level 1:colcon.colcon_core.package_identification:_identify(src/unitree-go2-slam-toolbox/build) by extensions ['ignore', 'ignore_ament_install']
[0.207s] Level 1:colcon.colcon_core.package_identification:_identify(src/unitree-go2-slam-toolbox/build) by extension 'ignore'
[0.207s] Level 1:colcon.colcon_core.package_identification:_identify(src/unitree-go2-slam-toolbox/build) ignored
[0.207s] Level 1:colcon.colcon_core.package_identification:_identify(src/unitree-go2-slam-toolbox/install) by extensions ['ignore', 'ignore_ament_install']
[0.207s] Level 1:colcon.colcon_core.package_identification:_identify(src/unitree-go2-slam-toolbox/install) by extension 'ignore'
[0.207s] Level 1:colcon.colcon_core.package_identification:_identify(src/unitree-go2-slam-toolbox/install) ignored
[0.207s] Level 1:colcon.colcon_core.package_identification:_identify(src/unitree-go2-slam-toolbox/log) by extensions ['ignore', 'ignore_ament_install']
[0.207s] Level 1:colcon.colcon_core.package_identification:_identify(src/unitree-go2-slam-toolbox/log) by extension 'ignore'
[0.207s] Level 1:colcon.colcon_core.package_identification:_identify(src/unitree-go2-slam-toolbox/log) ignored
[0.207s] Level 1:colcon.colcon_core.package_identification:_identify(src/unitree-go2-slam-toolbox/src) by extensions ['ignore', 'ignore_ament_install']
[0.207s] Level 1:colcon.colcon_core.package_identification:_identify(src/unitree-go2-slam-toolbox/src) by extension 'ignore'
[0.207s] Level 1:colcon.colcon_core.package_identification:_identify(src/unitree-go2-slam-toolbox/src) by extension 'ignore_ament_install'
[0.207s] Level 1:colcon.colcon_core.package_identification:_identify(src/unitree-go2-slam-toolbox/src) by extensions ['colcon_pkg']
[0.207s] Level 1:colcon.colcon_core.package_identification:_identify(src/unitree-go2-slam-toolbox/src) by extension 'colcon_pkg'
[0.207s] Level 1:colcon.colcon_core.package_identification:_identify(src/unitree-go2-slam-toolbox/src) by extensions ['colcon_meta']
[0.207s] Level 1:colcon.colcon_core.package_identification:_identify(src/unitree-go2-slam-toolbox/src) by extension 'colcon_meta'
[0.207s] Level 1:colcon.colcon_core.package_identification:_identify(src/unitree-go2-slam-toolbox/src) by extensions ['ros']
[0.207s] Level 1:colcon.colcon_core.package_identification:_identify(src/unitree-go2-slam-toolbox/src) by extension 'ros'
[0.207s] Level 1:colcon.colcon_core.package_identification:_identify(src/unitree-go2-slam-toolbox/src) by extensions ['cmake', 'python']
[0.207s] Level 1:colcon.colcon_core.package_identification:_identify(src/unitree-go2-slam-toolbox/src) by extension 'cmake'
[0.207s] Level 1:colcon.colcon_core.package_identification:_identify(src/unitree-go2-slam-toolbox/src) by extension 'python'
[0.207s] Level 1:colcon.colcon_core.package_identification:_identify(src/unitree-go2-slam-toolbox/src) by extensions ['python_setup_py']
[0.207s] Level 1:colcon.colcon_core.package_identification:_identify(src/unitree-go2-slam-toolbox/src) by extension 'python_setup_py'
[0.207s] Level 1:colcon.colcon_core.package_identification:_identify(src/unitree-go2-slam-toolbox/src/base) by extensions ['ignore', 'ignore_ament_install']
[0.207s] Level 1:colcon.colcon_core.package_identification:_identify(src/unitree-go2-slam-toolbox/src/base) by extension 'ignore'
[0.207s] Level 1:colcon.colcon_core.package_identification:_identify(src/unitree-go2-slam-toolbox/src/base) by extension 'ignore_ament_install'
[0.207s] Level 1:colcon.colcon_core.package_identification:_identify(src/unitree-go2-slam-toolbox/src/base) by extensions ['colcon_pkg']
[0.207s] Level 1:colcon.colcon_core.package_identification:_identify(src/unitree-go2-slam-toolbox/src/base) by extension 'colcon_pkg'
[0.207s] Level 1:colcon.colcon_core.package_identification:_identify(src/unitree-go2-slam-toolbox/src/base) by extensions ['colcon_meta']
[0.207s] Level 1:colcon.colcon_core.package_identification:_identify(src/unitree-go2-slam-toolbox/src/base) by extension 'colcon_meta'
[0.207s] Level 1:colcon.colcon_core.package_identification:_identify(src/unitree-go2-slam-toolbox/src/base) by extensions ['ros']
[0.207s] Level 1:colcon.colcon_core.package_identification:_identify(src/unitree-go2-slam-toolbox/src/base) by extension 'ros'
[0.208s] Level 1:colcon.colcon_core.package_identification:_identify(src/unitree-go2-slam-toolbox/src/base) by extensions ['cmake', 'python']
[0.208s] Level 1:colcon.colcon_core.package_identification:_identify(src/unitree-go2-slam-toolbox/src/base) by extension 'cmake'
[0.208s] Level 1:colcon.colcon_core.package_identification:_identify(src/unitree-go2-slam-toolbox/src/base) by extension 'python'
[0.208s] Level 1:colcon.colcon_core.package_identification:_identify(src/unitree-go2-slam-toolbox/src/base) by extensions ['python_setup_py']
[0.208s] Level 1:colcon.colcon_core.package_identification:_identify(src/unitree-go2-slam-toolbox/src/base) by extension 'python_setup_py'
[0.208s] Level 1:colcon.colcon_core.package_identification:_identify(src/unitree-go2-slam-toolbox/src/base/go2_core) by extensions ['ignore', 'ignore_ament_install']
[0.208s] Level 1:colcon.colcon_core.package_identification:_identify(src/unitree-go2-slam-toolbox/src/base/go2_core) by extension 'ignore'
[0.208s] Level 1:colcon.colcon_core.package_identification:_identify(src/unitree-go2-slam-toolbox/src/base/go2_core) by extension 'ignore_ament_install'
[0.208s] Level 1:colcon.colcon_core.package_identification:_identify(src/unitree-go2-slam-toolbox/src/base/go2_core) by extensions ['colcon_pkg']
[0.208s] Level 1:colcon.colcon_core.package_identification:_identify(src/unitree-go2-slam-toolbox/src/base/go2_core) by extension 'colcon_pkg'
[0.208s] Level 1:colcon.colcon_core.package_identification:_identify(src/unitree-go2-slam-toolbox/src/base/go2_core) by extensions ['colcon_meta']
[0.208s] Level 1:colcon.colcon_core.package_identification:_identify(src/unitree-go2-slam-toolbox/src/base/go2_core) by extension 'colcon_meta'
[0.208s] Level 1:colcon.colcon_core.package_identification:_identify(src/unitree-go2-slam-toolbox/src/base/go2_core) by extensions ['ros']
[0.208s] Level 1:colcon.colcon_core.package_identification:_identify(src/unitree-go2-slam-toolbox/src/base/go2_core) by extension 'ros'
[0.210s] DEBUG:colcon.colcon_core.package_identification:Package 'src/unitree-go2-slam-toolbox/src/base/go2_core' with type 'ros.ament_cmake' and name 'go2_core'
[0.210s] Level 1:colcon.colcon_core.package_identification:_identify(src/unitree-go2-slam-toolbox/src/base/go2_driver) by extensions ['ignore', 'ignore_ament_install']
[0.210s] Level 1:colcon.colcon_core.package_identification:_identify(src/unitree-go2-slam-toolbox/src/base/go2_driver) by extension 'ignore'
[0.210s] Level 1:colcon.colcon_core.package_identification:_identify(src/unitree-go2-slam-toolbox/src/base/go2_driver) by extension 'ignore_ament_install'
[0.210s] Level 1:colcon.colcon_core.package_identification:_identify(src/unitree-go2-slam-toolbox/src/base/go2_driver) by extensions ['colcon_pkg']
[0.210s] Level 1:colcon.colcon_core.package_identification:_identify(src/unitree-go2-slam-toolbox/src/base/go2_driver) by extension 'colcon_pkg'
[0.210s] Level 1:colcon.colcon_core.package_identification:_identify(src/unitree-go2-slam-toolbox/src/base/go2_driver) by extensions ['colcon_meta']
[0.210s] Level 1:colcon.colcon_core.package_identification:_identify(src/unitree-go2-slam-toolbox/src/base/go2_driver) by extension 'colcon_meta'
[0.210s] Level 1:colcon.colcon_core.package_identification:_identify(src/unitree-go2-slam-toolbox/src/base/go2_driver) by extensions ['ros']
[0.210s] Level 1:colcon.colcon_core.package_identification:_identify(src/unitree-go2-slam-toolbox/src/base/go2_driver) by extension 'ros'
[0.210s] DEBUG:colcon.colcon_core.package_identification:Package 'src/unitree-go2-slam-toolbox/src/base/go2_driver' with type 'ros.ament_cmake' and name 'go2_driver'
[0.211s] Level 1:colcon.colcon_core.package_identification:_identify(src/unitree-go2-slam-toolbox/src/base/go2_twist_bridge) by extensions ['ignore', 'ignore_ament_install']
[0.211s] Level 1:colcon.colcon_core.package_identification:_identify(src/unitree-go2-slam-toolbox/src/base/go2_twist_bridge) by extension 'ignore'
[0.211s] Level 1:colcon.colcon_core.package_identification:_identify(src/unitree-go2-slam-toolbox/src/base/go2_twist_bridge) by extension 'ignore_ament_install'
[0.211s] Level 1:colcon.colcon_core.package_identification:_identify(src/unitree-go2-slam-toolbox/src/base/go2_twist_bridge) by extensions ['colcon_pkg']
[0.211s] Level 1:colcon.colcon_core.package_identification:_identify(src/unitree-go2-slam-toolbox/src/base/go2_twist_bridge) by extension 'colcon_pkg'
[0.211s] Level 1:colcon.colcon_core.package_identification:_identify(src/unitree-go2-slam-toolbox/src/base/go2_twist_bridge) by extensions ['colcon_meta']
[0.211s] Level 1:colcon.colcon_core.package_identification:_identify(src/unitree-go2-slam-toolbox/src/base/go2_twist_bridge) by extension 'colcon_meta'
[0.211s] Level 1:colcon.colcon_core.package_identification:_identify(src/unitree-go2-slam-toolbox/src/base/go2_twist_bridge) by extensions ['ros']
[0.211s] Level 1:colcon.colcon_core.package_identification:_identify(src/unitree-go2-slam-toolbox/src/base/go2_twist_bridge) by extension 'ros'
[0.211s] DEBUG:colcon.colcon_core.package_identification:Package 'src/unitree-go2-slam-toolbox/src/base/go2_twist_bridge' with type 'ros.ament_cmake' and name 'go2_twist_bridge'
[0.211s] Level 1:colcon.colcon_core.package_identification:_identify(src/unitree-go2-slam-toolbox/src/go2_description) by extensions ['ignore', 'ignore_ament_install']
[0.211s] Level 1:colcon.colcon_core.package_identification:_identify(src/unitree-go2-slam-toolbox/src/go2_description) by extension 'ignore'
[0.211s] Level 1:colcon.colcon_core.package_identification:_identify(src/unitree-go2-slam-toolbox/src/go2_description) by extension 'ignore_ament_install'
[0.211s] Level 1:colcon.colcon_core.package_identification:_identify(src/unitree-go2-slam-toolbox/src/go2_description) by extensions ['colcon_pkg']
[0.211s] Level 1:colcon.colcon_core.package_identification:_identify(src/unitree-go2-slam-toolbox/src/go2_description) by extension 'colcon_pkg'
[0.211s] Level 1:colcon.colcon_core.package_identification:_identify(src/unitree-go2-slam-toolbox/src/go2_description) by extensions ['colcon_meta']
[0.211s] Level 1:colcon.colcon_core.package_identification:_identify(src/unitree-go2-slam-toolbox/src/go2_description) by extension 'colcon_meta'
[0.211s] Level 1:colcon.colcon_core.package_identification:_identify(src/unitree-go2-slam-toolbox/src/go2_description) by extensions ['ros']
[0.211s] Level 1:colcon.colcon_core.package_identification:_identify(src/unitree-go2-slam-toolbox/src/go2_description) by extension 'ros'
[0.212s] DEBUG:colcon.colcon_core.package_identification:Package 'src/unitree-go2-slam-toolbox/src/go2_description' with type 'ros.ament_cmake' and name 'go2_description'
[0.212s] Level 1:colcon.colcon_core.package_identification:_identify(src/unitree-go2-slam-toolbox/src/go2_navigation2) by extensions ['ignore', 'ignore_ament_install']
[0.212s] Level 1:colcon.colcon_core.package_identification:_identify(src/unitree-go2-slam-toolbox/src/go2_navigation2) by extension 'ignore'
[0.212s] Level 1:colcon.colcon_core.package_identification:_identify(src/unitree-go2-slam-toolbox/src/go2_navigation2) by extension 'ignore_ament_install'
[0.212s] Level 1:colcon.colcon_core.package_identification:_identify(src/unitree-go2-slam-toolbox/src/go2_navigation2) by extensions ['colcon_pkg']
[0.212s] Level 1:colcon.colcon_core.package_identification:_identify(src/unitree-go2-slam-toolbox/src/go2_navigation2) by extension 'colcon_pkg'
[0.212s] Level 1:colcon.colcon_core.package_identification:_identify(src/unitree-go2-slam-toolbox/src/go2_navigation2) by extensions ['colcon_meta']
[0.212s] Level 1:colcon.colcon_core.package_identification:_identify(src/unitree-go2-slam-toolbox/src/go2_navigation2) by extension 'colcon_meta'
[0.212s] Level 1:colcon.colcon_core.package_identification:_identify(src/unitree-go2-slam-toolbox/src/go2_navigation2) by extensions ['ros']
[0.212s] Level 1:colcon.colcon_core.package_identification:_identify(src/unitree-go2-slam-toolbox/src/go2_navigation2) by extension 'ros'
[0.212s] DEBUG:colcon.colcon_core.package_identification:Package 'src/unitree-go2-slam-toolbox/src/go2_navigation2' with type 'ros.ament_cmake' and name 'go2_navigation2'
[0.212s] Level 1:colcon.colcon_core.package_identification:_identify(src/unitree-go2-slam-toolbox/src/go2_perception) by extensions ['ignore', 'ignore_ament_install']
[0.212s] Level 1:colcon.colcon_core.package_identification:_identify(src/unitree-go2-slam-toolbox/src/go2_perception) by extension 'ignore'
[0.213s] Level 1:colcon.colcon_core.package_identification:_identify(src/unitree-go2-slam-toolbox/src/go2_perception) by extension 'ignore_ament_install'
[0.213s] Level 1:colcon.colcon_core.package_identification:_identify(src/unitree-go2-slam-toolbox/src/go2_perception) by extensions ['colcon_pkg']
[0.213s] Level 1:colcon.colcon_core.package_identification:_identify(src/unitree-go2-slam-toolbox/src/go2_perception) by extension 'colcon_pkg'
[0.213s] Level 1:colcon.colcon_core.package_identification:_identify(src/unitree-go2-slam-toolbox/src/go2_perception) by extensions ['colcon_meta']
[0.213s] Level 1:colcon.colcon_core.package_identification:_identify(src/unitree-go2-slam-toolbox/src/go2_perception) by extension 'colcon_meta'
[0.213s] Level 1:colcon.colcon_core.package_identification:_identify(src/unitree-go2-slam-toolbox/src/go2_perception) by extensions ['ros']
[0.213s] Level 1:colcon.colcon_core.package_identification:_identify(src/unitree-go2-slam-toolbox/src/go2_perception) by extension 'ros'
[0.213s] DEBUG:colcon.colcon_core.package_identification:Package 'src/unitree-go2-slam-toolbox/src/go2_perception' with type 'ros.ament_cmake' and name 'go2_perception'
[0.213s] Level 1:colcon.colcon_core.package_identification:_identify(src/unitree-go2-slam-toolbox/src/go2_slam) by extensions ['ignore', 'ignore_ament_install']
[0.213s] Level 1:colcon.colcon_core.package_identification:_identify(src/unitree-go2-slam-toolbox/src/go2_slam) by extension 'ignore'
[0.213s] Level 1:colcon.colcon_core.package_identification:_identify(src/unitree-go2-slam-toolbox/src/go2_slam) by extension 'ignore_ament_install'
[0.213s] Level 1:colcon.colcon_core.package_identification:_identify(src/unitree-go2-slam-toolbox/src/go2_slam) by extensions ['colcon_pkg']
[0.213s] Level 1:colcon.colcon_core.package_identification:_identify(src/unitree-go2-slam-toolbox/src/go2_slam) by extension 'colcon_pkg'
[0.213s] Level 1:colcon.colcon_core.package_identification:_identify(src/unitree-go2-slam-toolbox/src/go2_slam) by extensions ['colcon_meta']
[0.213s] Level 1:colcon.colcon_core.package_identification:_identify(src/unitree-go2-slam-toolbox/src/go2_slam) by extension 'colcon_meta'
[0.213s] Level 1:colcon.colcon_core.package_identification:_identify(src/unitree-go2-slam-toolbox/src/go2_slam) by extensions ['ros']
[0.213s] Level 1:colcon.colcon_core.package_identification:_identify(src/unitree-go2-slam-toolbox/src/go2_slam) by extension 'ros'
[0.213s] DEBUG:colcon.colcon_core.package_identification:Package 'src/unitree-go2-slam-toolbox/src/go2_slam' with type 'ros.ament_cmake' and name 'go2_slam'
[0.214s] Level 1:colcon.colcon_core.package_discovery:discover_packages(recursive) using defaults
[0.214s] Level 1:colcon.colcon_core.package_discovery:discover_packages(ignore) discover
[0.214s] Level 1:colcon.colcon_core.package_discovery:discover_packages(ignore) using defaults
[0.214s] Level 1:colcon.colcon_core.package_discovery:discover_packages(path) discover
[0.214s] Level 1:colcon.colcon_core.package_discovery:discover_packages(path) using defaults
[0.233s] Level 1:colcon.colcon_core.package_discovery:discover_packages(prefix_path) check parameters
[0.233s] Level 1:colcon.colcon_core.package_discovery:discover_packages(prefix_path) discover
[0.235s] DEBUG:colcon.colcon_installed_package_information.package_discovery:Found 5 installed packages in /home/lgq/unitree_ros2/cyclonedds_ws/install
[0.236s] DEBUG:colcon.colcon_installed_package_information.package_discovery:Found 446 installed packages in /opt/ros/humble
[0.237s] Level 1:colcon.colcon_core.package_discovery:discover_packages(prefix_path) using defaults
[0.265s] Level 5:colcon.colcon_core.verb:set package 'go2_core' build argument 'cmake_args' from command line to 'None'
[0.265s] Level 5:colcon.colcon_core.verb:set package 'go2_core' build argument 'cmake_target' from command line to 'None'
[0.265s] Level 5:colcon.colcon_core.verb:set package 'go2_core' build argument 'cmake_target_skip_unavailable' from command line to 'False'
[0.265s] Level 5:colcon.colcon_core.verb:set package 'go2_core' build argument 'cmake_clean_cache' from command line to 'False'
[0.265s] Level 5:colcon.colcon_core.verb:set package 'go2_core' build argument 'cmake_clean_first' from command line to 'False'
[0.266s] Level 5:colcon.colcon_core.verb:set package 'go2_core' build argument 'cmake_force_configure' from command line to 'False'
[0.266s] Level 5:colcon.colcon_core.verb:set package 'go2_core' build argument 'ament_cmake_args' from command line to 'None'
[0.266s] Level 5:colcon.colcon_core.verb:set package 'go2_core' build argument 'catkin_cmake_args' from command line to 'None'
[0.266s] Level 5:colcon.colcon_core.verb:set package 'go2_core' build argument 'catkin_skip_building_tests' from command line to 'False'
[0.266s] DEBUG:colcon.colcon_core.verb:Building package 'go2_core' with the following arguments: {'ament_cmake_args': None, 'build_base': '/home/lgq/go2_ws_toolbox/build/go2_core', 'catkin_cmake_args': None, 'catkin_skip_building_tests': False, 'cmake_args': None, 'cmake_clean_cache': False, 'cmake_clean_first': False, 'cmake_force_configure': False, 'cmake_target': None, 'cmake_target_skip_unavailable': False, 'install_base': '/home/lgq/go2_ws_toolbox/install/go2_core', 'merge_install': False, 'path': '/home/lgq/go2_ws_toolbox/src/unitree-go2-slam-toolbox/src/base/go2_core', 'symlink_install': False, 'test_result_base': None}
[0.266s] Level 5:colcon.colcon_core.verb:set package 'go2_description' build argument 'cmake_args' from command line to 'None'
[0.266s] Level 5:colcon.colcon_core.verb:set package 'go2_description' build argument 'cmake_target' from command line to 'None'
[0.266s] Level 5:colcon.colcon_core.verb:set package 'go2_description' build argument 'cmake_target_skip_unavailable' from command line to 'False'
[0.266s] Level 5:colcon.colcon_core.verb:set package 'go2_description' build argument 'cmake_clean_cache' from command line to 'False'
[0.266s] Level 5:colcon.colcon_core.verb:set package 'go2_description' build argument 'cmake_clean_first' from command line to 'False'
[0.266s] Level 5:colcon.colcon_core.verb:set package 'go2_description' build argument 'cmake_force_configure' from command line to 'False'
[0.266s] Level 5:colcon.colcon_core.verb:set package 'go2_description' build argument 'ament_cmake_args' from command line to 'None'
[0.266s] Level 5:colcon.colcon_core.verb:set package 'go2_description' build argument 'catkin_cmake_args' from command line to 'None'
[0.266s] Level 5:colcon.colcon_core.verb:set package 'go2_description' build argument 'catkin_skip_building_tests' from command line to 'False'
[0.266s] DEBUG:colcon.colcon_core.verb:Building package 'go2_description' with the following arguments: {'ament_cmake_args': None, 'build_base': '/home/lgq/go2_ws_toolbox/build/go2_description', 'catkin_cmake_args': None, 'catkin_skip_building_tests': False, 'cmake_args': None, 'cmake_clean_cache': False, 'cmake_clean_first': False, 'cmake_force_configure': False, 'cmake_target': None, 'cmake_target_skip_unavailable': False, 'install_base': '/home/lgq/go2_ws_toolbox/install/go2_description', 'merge_install': False, 'path': '/home/lgq/go2_ws_toolbox/src/unitree-go2-slam-toolbox/src/go2_description', 'symlink_install': False, 'test_result_base': None}
[0.266s] Level 5:colcon.colcon_core.verb:set package 'go2_driver' build argument 'cmake_args' from command line to 'None'
[0.266s] Level 5:colcon.colcon_core.verb:set package 'go2_driver' build argument 'cmake_target' from command line to 'None'
[0.266s] Level 5:colcon.colcon_core.verb:set package 'go2_driver' build argument 'cmake_target_skip_unavailable' from command line to 'False'
[0.266s] Level 5:colcon.colcon_core.verb:set package 'go2_driver' build argument 'cmake_clean_cache' from command line to 'False'
[0.266s] Level 5:colcon.colcon_core.verb:set package 'go2_driver' build argument 'cmake_clean_first' from command line to 'False'
[0.266s] Level 5:colcon.colcon_core.verb:set package 'go2_driver' build argument 'cmake_force_configure' from command line to 'False'
[0.266s] Level 5:colcon.colcon_core.verb:set package 'go2_driver' build argument 'ament_cmake_args' from command line to 'None'
[0.266s] Level 5:colcon.colcon_core.verb:set package 'go2_driver' build argument 'catkin_cmake_args' from command line to 'None'
[0.266s] Level 5:colcon.colcon_core.verb:set package 'go2_driver' build argument 'catkin_skip_building_tests' from command line to 'False'
[0.266s] DEBUG:colcon.colcon_core.verb:Building package 'go2_driver' with the following arguments: {'ament_cmake_args': None, 'build_base': '/home/lgq/go2_ws_toolbox/build/go2_driver', 'catkin_cmake_args': None, 'catkin_skip_building_tests': False, 'cmake_args': None, 'cmake_clean_cache': False, 'cmake_clean_first': False, 'cmake_force_configure': False, 'cmake_target': None, 'cmake_target_skip_unavailable': False, 'install_base': '/home/lgq/go2_ws_toolbox/install/go2_driver', 'merge_install': False, 'path': '/home/lgq/go2_ws_toolbox/src/unitree-go2-slam-toolbox/src/base/go2_driver', 'symlink_install': False, 'test_result_base': None}
[0.266s] Level 5:colcon.colcon_core.verb:set package 'go2_navigation2' build argument 'cmake_args' from command line to 'None'
[0.266s] Level 5:colcon.colcon_core.verb:set package 'go2_navigation2' build argument 'cmake_target' from command line to 'None'
[0.266s] Level 5:colcon.colcon_core.verb:set package 'go2_navigation2' build argument 'cmake_target_skip_unavailable' from command line to 'False'
[0.266s] Level 5:colcon.colcon_core.verb:set package 'go2_navigation2' build argument 'cmake_clean_cache' from command line to 'False'
[0.266s] Level 5:colcon.colcon_core.verb:set package 'go2_navigation2' build argument 'cmake_clean_first' from command line to 'False'
[0.266s] Level 5:colcon.colcon_core.verb:set package 'go2_navigation2' build argument 'cmake_force_configure' from command line to 'False'
[0.266s] Level 5:colcon.colcon_core.verb:set package 'go2_navigation2' build argument 'ament_cmake_args' from command line to 'None'
[0.266s] Level 5:colcon.colcon_core.verb:set package 'go2_navigation2' build argument 'catkin_cmake_args' from command line to 'None'
[0.266s] Level 5:colcon.colcon_core.verb:set package 'go2_navigation2' build argument 'catkin_skip_building_tests' from command line to 'False'
[0.266s] DEBUG:colcon.colcon_core.verb:Building package 'go2_navigation2' with the following arguments: {'ament_cmake_args': None, 'build_base': '/home/lgq/go2_ws_toolbox/build/go2_navigation2', 'catkin_cmake_args': None, 'catkin_skip_building_tests': False, 'cmake_args': None, 'cmake_clean_cache': False, 'cmake_clean_first': False, 'cmake_force_configure': False, 'cmake_target': None, 'cmake_target_skip_unavailable': False, 'install_base': '/home/lgq/go2_ws_toolbox/install/go2_navigation2', 'merge_install': False, 'path': '/home/lgq/go2_ws_toolbox/src/unitree-go2-slam-toolbox/src/go2_navigation2', 'symlink_install': False, 'test_result_base': None}
[0.267s] Level 5:colcon.colcon_core.verb:set package 'go2_perception' build argument 'cmake_args' from command line to 'None'
[0.267s] Level 5:colcon.colcon_core.verb:set package 'go2_perception' build argument 'cmake_target' from command line to 'None'
[0.267s] Level 5:colcon.colcon_core.verb:set package 'go2_perception' build argument 'cmake_target_skip_unavailable' from command line to 'False'
[0.267s] Level 5:colcon.colcon_core.verb:set package 'go2_perception' build argument 'cmake_clean_cache' from command line to 'False'
[0.267s] Level 5:colcon.colcon_core.verb:set package 'go2_perception' build argument 'cmake_clean_first' from command line to 'False'
[0.267s] Level 5:colcon.colcon_core.verb:set package 'go2_perception' build argument 'cmake_force_configure' from command line to 'False'
[0.267s] Level 5:colcon.colcon_core.verb:set package 'go2_perception' build argument 'ament_cmake_args' from command line to 'None'
[0.267s] Level 5:colcon.colcon_core.verb:set package 'go2_perception' build argument 'catkin_cmake_args' from command line to 'None'
[0.267s] Level 5:colcon.colcon_core.verb:set package 'go2_perception' build argument 'catkin_skip_building_tests' from command line to 'False'
[0.267s] DEBUG:colcon.colcon_core.verb:Building package 'go2_perception' with the following arguments: {'ament_cmake_args': None, 'build_base': '/home/lgq/go2_ws_toolbox/build/go2_perception', 'catkin_cmake_args': None, 'catkin_skip_building_tests': False, 'cmake_args': None, 'cmake_clean_cache': False, 'cmake_clean_first': False, 'cmake_force_configure': False, 'cmake_target': None, 'cmake_target_skip_unavailable': False, 'install_base': '/home/lgq/go2_ws_toolbox/install/go2_perception', 'merge_install': False, 'path': '/home/lgq/go2_ws_toolbox/src/unitree-go2-slam-toolbox/src/go2_perception', 'symlink_install': False, 'test_result_base': None}
[0.267s] Level 5:colcon.colcon_core.verb:set package 'go2_slam' build argument 'cmake_args' from command line to 'None'
[0.267s] Level 5:colcon.colcon_core.verb:set package 'go2_slam' build argument 'cmake_target' from command line to 'None'
[0.267s] Level 5:colcon.colcon_core.verb:set package 'go2_slam' build argument 'cmake_target_skip_unavailable' from command line to 'False'
[0.267s] Level 5:colcon.colcon_core.verb:set package 'go2_slam' build argument 'cmake_clean_cache' from command line to 'False'
[0.267s] Level 5:colcon.colcon_core.verb:set package 'go2_slam' build argument 'cmake_clean_first' from command line to 'False'
[0.267s] Level 5:colcon.colcon_core.verb:set package 'go2_slam' build argument 'cmake_force_configure' from command line to 'False'
[0.267s] Level 5:colcon.colcon_core.verb:set package 'go2_slam' build argument 'ament_cmake_args' from command line to 'None'
[0.267s] Level 5:colcon.colcon_core.verb:set package 'go2_slam' build argument 'catkin_cmake_args' from command line to 'None'
[0.267s] Level 5:colcon.colcon_core.verb:set package 'go2_slam' build argument 'catkin_skip_building_tests' from command line to 'False'
[0.267s] DEBUG:colcon.colcon_core.verb:Building package 'go2_slam' with the following arguments: {'ament_cmake_args': None, 'build_base': '/home/lgq/go2_ws_toolbox/build/go2_slam', 'catkin_cmake_args': None, 'catkin_skip_building_tests': False, 'cmake_args': None, 'cmake_clean_cache': False, 'cmake_clean_first': False, 'cmake_force_configure': False, 'cmake_target': None, 'cmake_target_skip_unavailable': False, 'install_base': '/home/lgq/go2_ws_toolbox/install/go2_slam', 'merge_install': False, 'path': '/home/lgq/go2_ws_toolbox/src/unitree-go2-slam-toolbox/src/go2_slam', 'symlink_install': False, 'test_result_base': None}
[0.267s] Level 5:colcon.colcon_core.verb:set package 'go2_twist_bridge' build argument 'cmake_args' from command line to 'None'
[0.267s] Level 5:colcon.colcon_core.verb:set package 'go2_twist_bridge' build argument 'cmake_target' from command line to 'None'
[0.267s] Level 5:colcon.colcon_core.verb:set package 'go2_twist_bridge' build argument 'cmake_target_skip_unavailable' from command line to 'False'
[0.267s] Level 5:colcon.colcon_core.verb:set package 'go2_twist_bridge' build argument 'cmake_clean_cache' from command line to 'False'
[0.267s] Level 5:colcon.colcon_core.verb:set package 'go2_twist_bridge' build argument 'cmake_clean_first' from command line to 'False'
[0.267s] Level 5:colcon.colcon_core.verb:set package 'go2_twist_bridge' build argument 'cmake_force_configure' from command line to 'False'
[0.267s] Level 5:colcon.colcon_core.verb:set package 'go2_twist_bridge' build argument 'ament_cmake_args' from command line to 'None'
[0.267s] Level 5:colcon.colcon_core.verb:set package 'go2_twist_bridge' build argument 'catkin_cmake_args' from command line to 'None'
[0.267s] Level 5:colcon.colcon_core.verb:set package 'go2_twist_bridge' build argument 'catkin_skip_building_tests' from command line to 'False'
[0.267s] DEBUG:colcon.colcon_core.verb:Building package 'go2_twist_bridge' with the following arguments: {'ament_cmake_args': None, 'build_base': '/home/lgq/go2_ws_toolbox/build/go2_twist_bridge', 'catkin_cmake_args': None, 'catkin_skip_building_tests': False, 'cmake_args': None, 'cmake_clean_cache': False, 'cmake_clean_first': False, 'cmake_force_configure': False, 'cmake_target': None, 'cmake_target_skip_unavailable': False, 'install_base': '/home/lgq/go2_ws_toolbox/install/go2_twist_bridge', 'merge_install': False, 'path': '/home/lgq/go2_ws_toolbox/src/unitree-go2-slam-toolbox/src/base/go2_twist_bridge', 'symlink_install': False, 'test_result_base': None}
[0.267s] INFO:colcon.colcon_core.executor:Executing jobs using 'parallel' executor
[0.268s] DEBUG:colcon.colcon_parallel_executor.executor.parallel:run_until_complete
[0.268s] INFO:colcon.colcon_ros.task.ament_cmake.build:Building ROS package in '/home/lgq/go2_ws_toolbox/src/unitree-go2-slam-toolbox/src/base/go2_core' with build type 'ament_cmake'
[0.268s] INFO:colcon.colcon_cmake.task.cmake.build:Building CMake package in '/home/lgq/go2_ws_toolbox/src/unitree-go2-slam-toolbox/src/base/go2_core'
[0.272s] INFO:colcon.colcon_core.plugin_system:Skipping extension 'colcon_core.shell.bat': Not used on non-Windows systems
[0.272s] INFO:colcon.colcon_core.shell:Skip shell extension 'powershell' for command environment: Not usable outside of PowerShell
[0.272s] DEBUG:colcon.colcon_core.shell:Skip shell extension 'dsv' for command environment
[0.274s] INFO:colcon.colcon_ros.task.ament_cmake.build:Building ROS package in '/home/lgq/go2_ws_toolbox/src/unitree-go2-slam-toolbox/src/go2_description' with build type 'ament_cmake'
[0.274s] INFO:colcon.colcon_cmake.task.cmake.build:Building CMake package in '/home/lgq/go2_ws_toolbox/src/unitree-go2-slam-toolbox/src/go2_description'
[0.274s] INFO:colcon.colcon_core.shell:Skip shell extension 'powershell' for command environment: Not usable outside of PowerShell
[0.274s] DEBUG:colcon.colcon_core.shell:Skip shell extension 'dsv' for command environment
[0.277s] INFO:colcon.colcon_ros.task.ament_cmake.build:Building ROS package in '/home/lgq/go2_ws_toolbox/src/unitree-go2-slam-toolbox/src/base/go2_driver' with build type 'ament_cmake'
[0.277s] INFO:colcon.colcon_cmake.task.cmake.build:Building CMake package in '/home/lgq/go2_ws_toolbox/src/unitree-go2-slam-toolbox/src/base/go2_driver'
[0.277s] INFO:colcon.colcon_core.shell:Skip shell extension 'powershell' for command environment: Not usable outside of PowerShell
[0.277s] DEBUG:colcon.colcon_core.shell:Skip shell extension 'dsv' for command environment
[0.279s] INFO:colcon.colcon_ros.task.ament_cmake.build:Building ROS package in '/home/lgq/go2_ws_toolbox/src/unitree-go2-slam-toolbox/src/go2_navigation2' with build type 'ament_cmake'
[0.279s] INFO:colcon.colcon_cmake.task.cmake.build:Building CMake package in '/home/lgq/go2_ws_toolbox/src/unitree-go2-slam-toolbox/src/go2_navigation2'
[0.279s] INFO:colcon.colcon_core.shell:Skip shell extension 'powershell' for command environment: Not usable outside of PowerShell
[0.279s] DEBUG:colcon.colcon_core.shell:Skip shell extension 'dsv' for command environment
[0.282s] INFO:colcon.colcon_ros.task.ament_cmake.build:Building ROS package in '/home/lgq/go2_ws_toolbox/src/unitree-go2-slam-toolbox/src/go2_perception' with build type 'ament_cmake'
[0.282s] INFO:colcon.colcon_cmake.task.cmake.build:Building CMake package in '/home/lgq/go2_ws_toolbox/src/unitree-go2-slam-toolbox/src/go2_perception'
[0.282s] INFO:colcon.colcon_core.shell:Skip shell extension 'powershell' for command environment: Not usable outside of PowerShell
[0.282s] DEBUG:colcon.colcon_core.shell:Skip shell extension 'dsv' for command environment
[0.284s] INFO:colcon.colcon_ros.task.ament_cmake.build:Building ROS package in '/home/lgq/go2_ws_toolbox/src/unitree-go2-slam-toolbox/src/go2_slam' with build type 'ament_cmake'
[0.284s] INFO:colcon.colcon_cmake.task.cmake.build:Building CMake package in '/home/lgq/go2_ws_toolbox/src/unitree-go2-slam-toolbox/src/go2_slam'
[0.284s] INFO:colcon.colcon_core.shell:Skip shell extension 'powershell' for command environment: Not usable outside of PowerShell
[0.284s] DEBUG:colcon.colcon_core.shell:Skip shell extension 'dsv' for command environment
[0.286s] INFO:colcon.colcon_ros.task.ament_cmake.build:Building ROS package in '/home/lgq/go2_ws_toolbox/src/unitree-go2-slam-toolbox/src/base/go2_twist_bridge' with build type 'ament_cmake'
[0.287s] INFO:colcon.colcon_cmake.task.cmake.build:Building CMake package in '/home/lgq/go2_ws_toolbox/src/unitree-go2-slam-toolbox/src/base/go2_twist_bridge'
[0.287s] INFO:colcon.colcon_core.shell:Skip shell extension 'powershell' for command environment: Not usable outside of PowerShell
[0.287s] DEBUG:colcon.colcon_core.shell:Skip shell extension 'dsv' for command environment
[0.291s] DEBUG:colcon.colcon_core.event_handler.log_command:Invoking command in '/home/lgq/go2_ws_toolbox/build/go2_core': CMAKE_PREFIX_PATH=${CMAKE_PREFIX_PATH}:/opt/ros/humble /usr/bin/cmake --build /home/lgq/go2_ws_toolbox/build/go2_core -- -j20 -l20
[0.294s] DEBUG:colcon.colcon_core.event_handler.log_command:Invoking command in '/home/lgq/go2_ws_toolbox/build/go2_description': CMAKE_PREFIX_PATH=${CMAKE_PREFIX_PATH}:/opt/ros/humble /usr/bin/cmake --build /home/lgq/go2_ws_toolbox/build/go2_description -- -j20 -l20
[0.295s] DEBUG:colcon.colcon_core.event_handler.log_command:Invoking command in '/home/lgq/go2_ws_toolbox/build/go2_driver': CMAKE_PREFIX_PATH=${CMAKE_PREFIX_PATH}:/opt/ros/humble /usr/bin/cmake --build /home/lgq/go2_ws_toolbox/build/go2_driver -- -j20 -l20
[0.296s] DEBUG:colcon.colcon_core.event_handler.log_command:Invoking command in '/home/lgq/go2_ws_toolbox/build/go2_navigation2': CMAKE_PREFIX_PATH=${CMAKE_PREFIX_PATH}:/opt/ros/humble /usr/bin/cmake --build /home/lgq/go2_ws_toolbox/build/go2_navigation2 -- -j20 -l20
[0.297s] DEBUG:colcon.colcon_core.event_handler.log_command:Invoking command in '/home/lgq/go2_ws_toolbox/build/go2_perception': CMAKE_PREFIX_PATH=${CMAKE_PREFIX_PATH}:/opt/ros/humble /usr/bin/cmake --build /home/lgq/go2_ws_toolbox/build/go2_perception -- -j20 -l20
[0.300s] DEBUG:colcon.colcon_core.event_handler.log_command:Invoking command in '/home/lgq/go2_ws_toolbox/build/go2_slam': CMAKE_PREFIX_PATH=${CMAKE_PREFIX_PATH}:/opt/ros/humble /usr/bin/cmake --build /home/lgq/go2_ws_toolbox/build/go2_slam -- -j20 -l20
[0.304s] DEBUG:colcon.colcon_core.event_handler.log_command:Invoking command in '/home/lgq/go2_ws_toolbox/build/go2_twist_bridge': CMAKE_PREFIX_PATH=${CMAKE_PREFIX_PATH}:/opt/ros/humble /usr/bin/cmake --build /home/lgq/go2_ws_toolbox/build/go2_twist_bridge -- -j20 -l20
[0.342s] DEBUG:colcon.colcon_core.event_handler.log_command:Invoked command in '/home/lgq/go2_ws_toolbox/build/go2_core' returned '0': CMAKE_PREFIX_PATH=${CMAKE_PREFIX_PATH}:/opt/ros/humble /usr/bin/cmake --build /home/lgq/go2_ws_toolbox/build/go2_core -- -j20 -l20
[0.352s] DEBUG:colcon.colcon_core.event_handler.log_command:Invoking command in '/home/lgq/go2_ws_toolbox/build/go2_core': CMAKE_PREFIX_PATH=${CMAKE_PREFIX_PATH}:/opt/ros/humble /usr/bin/cmake --install /home/lgq/go2_ws_toolbox/build/go2_core
[0.353s] DEBUG:colcon.colcon_core.event_handler.log_command:Invoked command in '/home/lgq/go2_ws_toolbox/build/go2_slam' returned '0': CMAKE_PREFIX_PATH=${CMAKE_PREFIX_PATH}:/opt/ros/humble /usr/bin/cmake --build /home/lgq/go2_ws_toolbox/build/go2_slam -- -j20 -l20
[0.355s] DEBUG:colcon.colcon_core.event_handler.log_command:Invoking command in '/home/lgq/go2_ws_toolbox/build/go2_slam': CMAKE_PREFIX_PATH=${CMAKE_PREFIX_PATH}:/opt/ros/humble /usr/bin/cmake --install /home/lgq/go2_ws_toolbox/build/go2_slam
[0.355s] DEBUG:colcon.colcon_core.event_handler.log_command:Invoked command in '/home/lgq/go2_ws_toolbox/build/go2_description' returned '0': CMAKE_PREFIX_PATH=${CMAKE_PREFIX_PATH}:/opt/ros/humble /usr/bin/cmake --build /home/lgq/go2_ws_toolbox/build/go2_description -- -j20 -l20
[0.356s] DEBUG:colcon.colcon_core.event_handler.log_command:Invoking command in '/home/lgq/go2_ws_toolbox/build/go2_description': CMAKE_PREFIX_PATH=${CMAKE_PREFIX_PATH}:/opt/ros/humble /usr/bin/cmake --install /home/lgq/go2_ws_toolbox/build/go2_description
[0.359s] Level 1:colcon.colcon_core.environment:create_environment_scripts_only(go2_core)
[0.364s] DEBUG:colcon.colcon_core.event_handler.log_command:Invoked command in '/home/lgq/go2_ws_toolbox/build/go2_core' returned '0': CMAKE_PREFIX_PATH=${CMAKE_PREFIX_PATH}:/opt/ros/humble /usr/bin/cmake --install /home/lgq/go2_ws_toolbox/build/go2_core
[0.372s] Level 1:colcon.colcon_core.environment:checking '/home/lgq/go2_ws_toolbox/install/go2_core' for CMake module files
[0.373s] Level 1:colcon.colcon_core.environment:checking '/home/lgq/go2_ws_toolbox/install/go2_core' for CMake config files
[0.374s] Level 1:colcon.colcon_core.shell:create_environment_hook('go2_core', 'cmake_prefix_path')
[0.374s] INFO:colcon.colcon_core.shell:Creating environment hook '/home/lgq/go2_ws_toolbox/install/go2_core/share/go2_core/hook/cmake_prefix_path.ps1'
[0.376s] INFO:colcon.colcon_core.shell:Creating environment descriptor '/home/lgq/go2_ws_toolbox/install/go2_core/share/go2_core/hook/cmake_prefix_path.dsv'
[0.377s] INFO:colcon.colcon_core.shell:Creating environment hook '/home/lgq/go2_ws_toolbox/install/go2_core/share/go2_core/hook/cmake_prefix_path.sh'
[0.379s] Level 1:colcon.colcon_core.environment:checking '/home/lgq/go2_ws_toolbox/install/go2_core/bin'
[0.379s] Level 1:colcon.colcon_core.environment:checking '/home/lgq/go2_ws_toolbox/install/go2_core/lib/pkgconfig/go2_core.pc'
[0.379s] Level 1:colcon.colcon_core.environment:checking '/home/lgq/go2_ws_toolbox/install/go2_core/lib/python3.10/site-packages'
[0.380s] Level 1:colcon.colcon_core.environment:checking '/home/lgq/go2_ws_toolbox/install/go2_core/bin'
[0.380s] INFO:colcon.colcon_core.shell:Creating package script '/home/lgq/go2_ws_toolbox/install/go2_core/share/go2_core/package.ps1'
[0.381s] INFO:colcon.colcon_core.shell:Creating package descriptor '/home/lgq/go2_ws_toolbox/install/go2_core/share/go2_core/package.dsv'
[0.382s] INFO:colcon.colcon_core.shell:Creating package script '/home/lgq/go2_ws_toolbox/install/go2_core/share/go2_core/package.sh'
[0.382s] INFO:colcon.colcon_core.shell:Creating package script '/home/lgq/go2_ws_toolbox/install/go2_core/share/go2_core/package.bash'
[0.383s] INFO:colcon.colcon_core.shell:Creating package script '/home/lgq/go2_ws_toolbox/install/go2_core/share/go2_core/package.zsh'
[0.383s] Level 1:colcon.colcon_core.environment:create_file_with_runtime_dependencies(/home/lgq/go2_ws_toolbox/install/go2_core/share/colcon-core/packages/go2_core)
[0.384s] Level 1:colcon.colcon_core.environment:create_environment_scripts_only(go2_core)
[0.384s] Level 1:colcon.colcon_core.environment:checking '/home/lgq/go2_ws_toolbox/install/go2_core' for CMake module files
[0.384s] Level 1:colcon.colcon_core.environment:checking '/home/lgq/go2_ws_toolbox/install/go2_core' for CMake config files
[0.384s] Level 1:colcon.colcon_core.shell:create_environment_hook('go2_core', 'cmake_prefix_path')
[0.384s] INFO:colcon.colcon_core.shell:Creating environment hook '/home/lgq/go2_ws_toolbox/install/go2_core/share/go2_core/hook/cmake_prefix_path.ps1'
[0.384s] INFO:colcon.colcon_core.shell:Creating environment descriptor '/home/lgq/go2_ws_toolbox/install/go2_core/share/go2_core/hook/cmake_prefix_path.dsv'
[0.384s] INFO:colcon.colcon_core.shell:Creating environment hook '/home/lgq/go2_ws_toolbox/install/go2_core/share/go2_core/hook/cmake_prefix_path.sh'
[0.385s] Level 1:colcon.colcon_core.environment:checking '/home/lgq/go2_ws_toolbox/install/go2_core/bin'
[0.385s] Level 1:colcon.colcon_core.environment:checking '/home/lgq/go2_ws_toolbox/install/go2_core/lib/pkgconfig/go2_core.pc'
[0.385s] Level 1:colcon.colcon_core.environment:checking '/home/lgq/go2_ws_toolbox/install/go2_core/lib/python3.10/site-packages'
[0.385s] Level 1:colcon.colcon_core.environment:checking '/home/lgq/go2_ws_toolbox/install/go2_core/bin'
[0.385s] INFO:colcon.colcon_core.shell:Creating package script '/home/lgq/go2_ws_toolbox/install/go2_core/share/go2_core/package.ps1'
[0.385s] INFO:colcon.colcon_core.shell:Creating package descriptor '/home/lgq/go2_ws_toolbox/install/go2_core/share/go2_core/package.dsv'
[0.386s] INFO:colcon.colcon_core.shell:Creating package script '/home/lgq/go2_ws_toolbox/install/go2_core/share/go2_core/package.sh'
[0.386s] INFO:colcon.colcon_core.shell:Creating package script '/home/lgq/go2_ws_toolbox/install/go2_core/share/go2_core/package.bash'
[0.386s] INFO:colcon.colcon_core.shell:Creating package script '/home/lgq/go2_ws_toolbox/install/go2_core/share/go2_core/package.zsh'
[0.386s] Level 1:colcon.colcon_core.environment:create_file_with_runtime_dependencies(/home/lgq/go2_ws_toolbox/install/go2_core/share/colcon-core/packages/go2_core)
[0.387s] Level 1:colcon.colcon_core.environment:create_environment_scripts_only(go2_description)
[0.387s] Level 1:colcon.colcon_core.environment:checking '/home/lgq/go2_ws_toolbox/install/go2_description' for CMake module files
[0.388s] DEBUG:colcon.colcon_core.event_handler.log_command:Invoked command in '/home/lgq/go2_ws_toolbox/build/go2_description' returned '0': CMAKE_PREFIX_PATH=${CMAKE_PREFIX_PATH}:/opt/ros/humble /usr/bin/cmake --install /home/lgq/go2_ws_toolbox/build/go2_description
[0.388s] Level 1:colcon.colcon_core.environment:checking '/home/lgq/go2_ws_toolbox/install/go2_description' for CMake config files
[0.388s] Level 1:colcon.colcon_core.shell:create_environment_hook('go2_description', 'cmake_prefix_path')
[0.388s] INFO:colcon.colcon_core.shell:Creating environment hook '/home/lgq/go2_ws_toolbox/install/go2_description/share/go2_description/hook/cmake_prefix_path.ps1'
[0.388s] INFO:colcon.colcon_core.shell:Creating environment descriptor '/home/lgq/go2_ws_toolbox/install/go2_description/share/go2_description/hook/cmake_prefix_path.dsv'
[0.389s] INFO:colcon.colcon_core.shell:Creating environment hook '/home/lgq/go2_ws_toolbox/install/go2_description/share/go2_description/hook/cmake_prefix_path.sh'
[0.389s] Level 1:colcon.colcon_core.environment:checking '/home/lgq/go2_ws_toolbox/install/go2_description/bin'
[0.389s] Level 1:colcon.colcon_core.environment:checking '/home/lgq/go2_ws_toolbox/install/go2_description/lib/pkgconfig/go2_description.pc'
[0.389s] Level 1:colcon.colcon_core.environment:checking '/home/lgq/go2_ws_toolbox/install/go2_description/lib/python3.10/site-packages'
[0.389s] Level 1:colcon.colcon_core.environment:checking '/home/lgq/go2_ws_toolbox/install/go2_description/bin'
[0.389s] INFO:colcon.colcon_core.shell:Creating package script '/home/lgq/go2_ws_toolbox/install/go2_description/share/go2_description/package.ps1'
[0.389s] INFO:colcon.colcon_core.shell:Creating package descriptor '/home/lgq/go2_ws_toolbox/install/go2_description/share/go2_description/package.dsv'
[0.390s] INFO:colcon.colcon_core.shell:Creating package script '/home/lgq/go2_ws_toolbox/install/go2_description/share/go2_description/package.sh'
[0.390s] INFO:colcon.colcon_core.shell:Creating package script '/home/lgq/go2_ws_toolbox/install/go2_description/share/go2_description/package.bash'
[0.390s] INFO:colcon.colcon_core.shell:Creating package script '/home/lgq/go2_ws_toolbox/install/go2_description/share/go2_description/package.zsh'
[0.390s] Level 1:colcon.colcon_core.environment:create_file_with_runtime_dependencies(/home/lgq/go2_ws_toolbox/install/go2_description/share/colcon-core/packages/go2_description)
[0.390s] Level 1:colcon.colcon_core.environment:create_environment_scripts_only(go2_description)
[0.390s] Level 1:colcon.colcon_core.environment:checking '/home/lgq/go2_ws_toolbox/install/go2_description' for CMake module files
[0.391s] Level 1:colcon.colcon_core.environment:checking '/home/lgq/go2_ws_toolbox/install/go2_description' for CMake config files
[0.391s] Level 1:colcon.colcon_core.shell:create_environment_hook('go2_description', 'cmake_prefix_path')
[0.391s] INFO:colcon.colcon_core.shell:Creating environment hook '/home/lgq/go2_ws_toolbox/install/go2_description/share/go2_description/hook/cmake_prefix_path.ps1'
[0.391s] INFO:colcon.colcon_core.shell:Creating environment descriptor '/home/lgq/go2_ws_toolbox/install/go2_description/share/go2_description/hook/cmake_prefix_path.dsv'
[0.391s] INFO:colcon.colcon_core.shell:Creating environment hook '/home/lgq/go2_ws_toolbox/install/go2_description/share/go2_description/hook/cmake_prefix_path.sh'
[0.391s] Level 1:colcon.colcon_core.environment:checking '/home/lgq/go2_ws_toolbox/install/go2_description/bin'
[0.392s] Level 1:colcon.colcon_core.environment:checking '/home/lgq/go2_ws_toolbox/install/go2_description/lib/pkgconfig/go2_description.pc'
[0.392s] Level 1:colcon.colcon_core.environment:checking '/home/lgq/go2_ws_toolbox/install/go2_description/lib/python3.10/site-packages'
[0.392s] Level 1:colcon.colcon_core.environment:checking '/home/lgq/go2_ws_toolbox/install/go2_description/bin'
[0.392s] INFO:colcon.colcon_core.shell:Creating package script '/home/lgq/go2_ws_toolbox/install/go2_description/share/go2_description/package.ps1'
[0.392s] INFO:colcon.colcon_core.shell:Creating package descriptor '/home/lgq/go2_ws_toolbox/install/go2_description/share/go2_description/package.dsv'
[0.392s] INFO:colcon.colcon_core.shell:Creating package script '/home/lgq/go2_ws_toolbox/install/go2_description/share/go2_description/package.sh'
[0.393s] INFO:colcon.colcon_core.shell:Creating package script '/home/lgq/go2_ws_toolbox/install/go2_description/share/go2_description/package.bash'
[0.393s] INFO:colcon.colcon_core.shell:Creating package script '/home/lgq/go2_ws_toolbox/install/go2_description/share/go2_description/package.zsh'
[0.393s] Level 1:colcon.colcon_core.environment:create_file_with_runtime_dependencies(/home/lgq/go2_ws_toolbox/install/go2_description/share/colcon-core/packages/go2_description)
[0.393s] Level 1:colcon.colcon_core.environment:create_environment_scripts_only(go2_slam)
[0.393s] Level 1:colcon.colcon_core.environment:checking '/home/lgq/go2_ws_toolbox/install/go2_slam' for CMake module files
[0.394s] Level 1:colcon.colcon_core.environment:checking '/home/lgq/go2_ws_toolbox/install/go2_slam' for CMake config files
[0.394s] DEBUG:colcon.colcon_core.event_handler.log_command:Invoked command in '/home/lgq/go2_ws_toolbox/build/go2_slam' returned '0': CMAKE_PREFIX_PATH=${CMAKE_PREFIX_PATH}:/opt/ros/humble /usr/bin/cmake --install /home/lgq/go2_ws_toolbox/build/go2_slam
[0.394s] Level 1:colcon.colcon_core.shell:create_environment_hook('go2_slam', 'cmake_prefix_path')
[0.394s] INFO:colcon.colcon_core.shell:Creating environment hook '/home/lgq/go2_ws_toolbox/install/go2_slam/share/go2_slam/hook/cmake_prefix_path.ps1'
[0.394s] INFO:colcon.colcon_core.shell:Creating environment descriptor '/home/lgq/go2_ws_toolbox/install/go2_slam/share/go2_slam/hook/cmake_prefix_path.dsv'
[0.394s] INFO:colcon.colcon_core.shell:Creating environment hook '/home/lgq/go2_ws_toolbox/install/go2_slam/share/go2_slam/hook/cmake_prefix_path.sh'
[0.395s] Level 1:colcon.colcon_core.environment:checking '/home/lgq/go2_ws_toolbox/install/go2_slam/bin'
[0.395s] Level 1:colcon.colcon_core.environment:checking '/home/lgq/go2_ws_toolbox/install/go2_slam/lib/pkgconfig/go2_slam.pc'
[0.395s] Level 1:colcon.colcon_core.environment:checking '/home/lgq/go2_ws_toolbox/install/go2_slam/lib/python3.10/site-packages'
[0.395s] Level 1:colcon.colcon_core.environment:checking '/home/lgq/go2_ws_toolbox/install/go2_slam/bin'
[0.395s] INFO:colcon.colcon_core.shell:Creating package script '/home/lgq/go2_ws_toolbox/install/go2_slam/share/go2_slam/package.ps1'
[0.395s] INFO:colcon.colcon_core.shell:Creating package descriptor '/home/lgq/go2_ws_toolbox/install/go2_slam/share/go2_slam/package.dsv'
[0.396s] INFO:colcon.colcon_core.shell:Creating package script '/home/lgq/go2_ws_toolbox/install/go2_slam/share/go2_slam/package.sh'
[0.396s] INFO:colcon.colcon_core.shell:Creating package script '/home/lgq/go2_ws_toolbox/install/go2_slam/share/go2_slam/package.bash'
[0.396s] INFO:colcon.colcon_core.shell:Creating package script '/home/lgq/go2_ws_toolbox/install/go2_slam/share/go2_slam/package.zsh'
[0.396s] Level 1:colcon.colcon_core.environment:create_file_with_runtime_dependencies(/home/lgq/go2_ws_toolbox/install/go2_slam/share/colcon-core/packages/go2_slam)
[0.396s] Level 1:colcon.colcon_core.environment:create_environment_scripts_only(go2_slam)
[0.396s] Level 1:colcon.colcon_core.environment:checking '/home/lgq/go2_ws_toolbox/install/go2_slam' for CMake module files
[0.397s] Level 1:colcon.colcon_core.environment:checking '/home/lgq/go2_ws_toolbox/install/go2_slam' for CMake config files
[0.397s] Level 1:colcon.colcon_core.shell:create_environment_hook('go2_slam', 'cmake_prefix_path')
[0.397s] INFO:colcon.colcon_core.shell:Creating environment hook '/home/lgq/go2_ws_toolbox/install/go2_slam/share/go2_slam/hook/cmake_prefix_path.ps1'
[0.397s] INFO:colcon.colcon_core.shell:Creating environment descriptor '/home/lgq/go2_ws_toolbox/install/go2_slam/share/go2_slam/hook/cmake_prefix_path.dsv'
[0.397s] INFO:colcon.colcon_core.shell:Creating environment hook '/home/lgq/go2_ws_toolbox/install/go2_slam/share/go2_slam/hook/cmake_prefix_path.sh'
[0.398s] Level 1:colcon.colcon_core.environment:checking '/home/lgq/go2_ws_toolbox/install/go2_slam/bin'
[0.398s] Level 1:colcon.colcon_core.environment:checking '/home/lgq/go2_ws_toolbox/install/go2_slam/lib/pkgconfig/go2_slam.pc'
[0.398s] Level 1:colcon.colcon_core.environment:checking '/home/lgq/go2_ws_toolbox/install/go2_slam/lib/python3.10/site-packages'
[0.398s] Level 1:colcon.colcon_core.environment:checking '/home/lgq/go2_ws_toolbox/install/go2_slam/bin'
[0.398s] INFO:colcon.colcon_core.shell:Creating package script '/home/lgq/go2_ws_toolbox/install/go2_slam/share/go2_slam/package.ps1'
[0.398s] INFO:colcon.colcon_core.shell:Creating package descriptor '/home/lgq/go2_ws_toolbox/install/go2_slam/share/go2_slam/package.dsv'
[0.399s] INFO:colcon.colcon_core.shell:Creating package script '/home/lgq/go2_ws_toolbox/install/go2_slam/share/go2_slam/package.sh'
[0.399s] INFO:colcon.colcon_core.shell:Creating package script '/home/lgq/go2_ws_toolbox/install/go2_slam/share/go2_slam/package.bash'
[0.399s] INFO:colcon.colcon_core.shell:Creating package script '/home/lgq/go2_ws_toolbox/install/go2_slam/share/go2_slam/package.zsh'
[0.399s] Level 1:colcon.colcon_core.environment:create_file_with_runtime_dependencies(/home/lgq/go2_ws_toolbox/install/go2_slam/share/colcon-core/packages/go2_slam)
[0.400s] DEBUG:colcon.colcon_core.event_handler.log_command:Invoked command in '/home/lgq/go2_ws_toolbox/build/go2_navigation2' returned '0': CMAKE_PREFIX_PATH=${CMAKE_PREFIX_PATH}:/opt/ros/humble /usr/bin/cmake --build /home/lgq/go2_ws_toolbox/build/go2_navigation2 -- -j20 -l20
[0.401s] DEBUG:colcon.colcon_core.event_handler.log_command:Invoking command in '/home/lgq/go2_ws_toolbox/build/go2_navigation2': CMAKE_PREFIX_PATH=${CMAKE_PREFIX_PATH}:/opt/ros/humble /usr/bin/cmake --install /home/lgq/go2_ws_toolbox/build/go2_navigation2
[0.401s] DEBUG:colcon.colcon_core.event_handler.log_command:Invoked command in '/home/lgq/go2_ws_toolbox/build/go2_twist_bridge' returned '0': CMAKE_PREFIX_PATH=${CMAKE_PREFIX_PATH}:/opt/ros/humble /usr/bin/cmake --build /home/lgq/go2_ws_toolbox/build/go2_twist_bridge -- -j20 -l20
[0.402s] DEBUG:colcon.colcon_core.event_handler.log_command:Invoking command in '/home/lgq/go2_ws_toolbox/build/go2_twist_bridge': CMAKE_PREFIX_PATH=${CMAKE_PREFIX_PATH}:/opt/ros/humble /usr/bin/cmake --install /home/lgq/go2_ws_toolbox/build/go2_twist_bridge
[0.403s] DEBUG:colcon.colcon_core.event_handler.log_command:Invoked command in '/home/lgq/go2_ws_toolbox/build/go2_driver' returned '0': CMAKE_PREFIX_PATH=${CMAKE_PREFIX_PATH}:/opt/ros/humble /usr/bin/cmake --build /home/lgq/go2_ws_toolbox/build/go2_driver -- -j20 -l20
[0.404s] DEBUG:colcon.colcon_core.event_handler.log_command:Invoking command in '/home/lgq/go2_ws_toolbox/build/go2_driver': CMAKE_PREFIX_PATH=${CMAKE_PREFIX_PATH}:/opt/ros/humble /usr/bin/cmake --install /home/lgq/go2_ws_toolbox/build/go2_driver
[0.404s] DEBUG:colcon.colcon_core.event_handler.log_command:Invoked command in '/home/lgq/go2_ws_toolbox/build/go2_perception' returned '0': CMAKE_PREFIX_PATH=${CMAKE_PREFIX_PATH}:/opt/ros/humble /usr/bin/cmake --build /home/lgq/go2_ws_toolbox/build/go2_perception -- -j20 -l20
[0.405s] DEBUG:colcon.colcon_core.event_handler.log_command:Invoking command in '/home/lgq/go2_ws_toolbox/build/go2_perception': CMAKE_PREFIX_PATH=${CMAKE_PREFIX_PATH}:/opt/ros/humble /usr/bin/cmake --install /home/lgq/go2_ws_toolbox/build/go2_perception
[0.409s] Level 1:colcon.colcon_core.environment:create_environment_scripts_only(go2_twist_bridge)
[0.410s] Level 1:colcon.colcon_core.environment:checking '/home/lgq/go2_ws_toolbox/install/go2_twist_bridge' for CMake module files
[0.412s] DEBUG:colcon.colcon_core.event_handler.log_command:Invoked command in '/home/lgq/go2_ws_toolbox/build/go2_twist_bridge' returned '0': CMAKE_PREFIX_PATH=${CMAKE_PREFIX_PATH}:/opt/ros/humble /usr/bin/cmake --install /home/lgq/go2_ws_toolbox/build/go2_twist_bridge
[0.412s] Level 1:colcon.colcon_core.environment:checking '/home/lgq/go2_ws_toolbox/install/go2_twist_bridge' for CMake config files
[0.413s] Level 1:colcon.colcon_core.shell:create_environment_hook('go2_twist_bridge', 'cmake_prefix_path')
[0.413s] INFO:colcon.colcon_core.shell:Creating environment hook '/home/lgq/go2_ws_toolbox/install/go2_twist_bridge/share/go2_twist_bridge/hook/cmake_prefix_path.ps1'
[0.414s] INFO:colcon.colcon_core.shell:Creating environment descriptor '/home/lgq/go2_ws_toolbox/install/go2_twist_bridge/share/go2_twist_bridge/hook/cmake_prefix_path.dsv'
[0.415s] INFO:colcon.colcon_core.shell:Creating environment hook '/home/lgq/go2_ws_toolbox/install/go2_twist_bridge/share/go2_twist_bridge/hook/cmake_prefix_path.sh'
[0.416s] Level 1:colcon.colcon_core.environment:checking '/home/lgq/go2_ws_toolbox/install/go2_twist_bridge/lib'
[0.416s] Level 1:colcon.colcon_core.environment:checking '/home/lgq/go2_ws_toolbox/install/go2_twist_bridge/bin'
[0.416s] Level 1:colcon.colcon_core.environment:checking '/home/lgq/go2_ws_toolbox/install/go2_twist_bridge/lib/pkgconfig/go2_twist_bridge.pc'
[0.417s] Level 1:colcon.colcon_core.environment:checking '/home/lgq/go2_ws_toolbox/install/go2_twist_bridge/lib/python3.10/site-packages'
[0.417s] Level 1:colcon.colcon_core.environment:checking '/home/lgq/go2_ws_toolbox/install/go2_twist_bridge/bin'
[0.417s] INFO:colcon.colcon_core.shell:Creating package script '/home/lgq/go2_ws_toolbox/install/go2_twist_bridge/share/go2_twist_bridge/package.ps1'
[0.418s] INFO:colcon.colcon_core.shell:Creating package descriptor '/home/lgq/go2_ws_toolbox/install/go2_twist_bridge/share/go2_twist_bridge/package.dsv'
[0.418s] INFO:colcon.colcon_core.shell:Creating package script '/home/lgq/go2_ws_toolbox/install/go2_twist_bridge/share/go2_twist_bridge/package.sh'
[0.419s] INFO:colcon.colcon_core.shell:Creating package script '/home/lgq/go2_ws_toolbox/install/go2_twist_bridge/share/go2_twist_bridge/package.bash'
[0.419s] INFO:colcon.colcon_core.shell:Creating package script '/home/lgq/go2_ws_toolbox/install/go2_twist_bridge/share/go2_twist_bridge/package.zsh'
[0.419s] Level 1:colcon.colcon_core.environment:create_file_with_runtime_dependencies(/home/lgq/go2_ws_toolbox/install/go2_twist_bridge/share/colcon-core/packages/go2_twist_bridge)
[0.420s] Level 1:colcon.colcon_core.environment:create_environment_scripts_only(go2_twist_bridge)
[0.420s] Level 1:colcon.colcon_core.environment:checking '/home/lgq/go2_ws_toolbox/install/go2_twist_bridge' for CMake module files
[0.420s] Level 1:colcon.colcon_core.environment:checking '/home/lgq/go2_ws_toolbox/install/go2_twist_bridge' for CMake config files
[0.420s] Level 1:colcon.colcon_core.shell:create_environment_hook('go2_twist_bridge', 'cmake_prefix_path')
[0.420s] INFO:colcon.colcon_core.shell:Creating environment hook '/home/lgq/go2_ws_toolbox/install/go2_twist_bridge/share/go2_twist_bridge/hook/cmake_prefix_path.ps1'
[0.420s] INFO:colcon.colcon_core.shell:Creating environment descriptor '/home/lgq/go2_ws_toolbox/install/go2_twist_bridge/share/go2_twist_bridge/hook/cmake_prefix_path.dsv'
[0.421s] INFO:colcon.colcon_core.shell:Creating environment hook '/home/lgq/go2_ws_toolbox/install/go2_twist_bridge/share/go2_twist_bridge/hook/cmake_prefix_path.sh'
[0.421s] Level 1:colcon.colcon_core.environment:checking '/home/lgq/go2_ws_toolbox/install/go2_twist_bridge/lib'
[0.421s] Level 1:colcon.colcon_core.environment:checking '/home/lgq/go2_ws_toolbox/install/go2_twist_bridge/bin'
[0.421s] Level 1:colcon.colcon_core.environment:checking '/home/lgq/go2_ws_toolbox/install/go2_twist_bridge/lib/pkgconfig/go2_twist_bridge.pc'
[0.421s] Level 1:colcon.colcon_core.environment:checking '/home/lgq/go2_ws_toolbox/install/go2_twist_bridge/lib/python3.10/site-packages'
[0.421s] Level 1:colcon.colcon_core.environment:checking '/home/lgq/go2_ws_toolbox/install/go2_twist_bridge/bin'
[0.422s] INFO:colcon.colcon_core.shell:Creating package script '/home/lgq/go2_ws_toolbox/install/go2_twist_bridge/share/go2_twist_bridge/package.ps1'
[0.422s] INFO:colcon.colcon_core.shell:Creating package descriptor '/home/lgq/go2_ws_toolbox/install/go2_twist_bridge/share/go2_twist_bridge/package.dsv'
[0.422s] INFO:colcon.colcon_core.shell:Creating package script '/home/lgq/go2_ws_toolbox/install/go2_twist_bridge/share/go2_twist_bridge/package.sh'
[0.422s] INFO:colcon.colcon_core.shell:Creating package script '/home/lgq/go2_ws_toolbox/install/go2_twist_bridge/share/go2_twist_bridge/package.bash'
[0.422s] INFO:colcon.colcon_core.shell:Creating package script '/home/lgq/go2_ws_toolbox/install/go2_twist_bridge/share/go2_twist_bridge/package.zsh'
[0.423s] Level 1:colcon.colcon_core.environment:create_file_with_runtime_dependencies(/home/lgq/go2_ws_toolbox/install/go2_twist_bridge/share/colcon-core/packages/go2_twist_bridge)
[0.423s] Level 1:colcon.colcon_core.environment:create_environment_scripts_only(go2_navigation2)
[0.424s] Level 1:colcon.colcon_core.environment:checking '/home/lgq/go2_ws_toolbox/install/go2_navigation2' for CMake module files
[0.424s] DEBUG:colcon.colcon_core.event_handler.log_command:Invoked command in '/home/lgq/go2_ws_toolbox/build/go2_navigation2' returned '0': CMAKE_PREFIX_PATH=${CMAKE_PREFIX_PATH}:/opt/ros/humble /usr/bin/cmake --install /home/lgq/go2_ws_toolbox/build/go2_navigation2
[0.424s] Level 1:colcon.colcon_core.environment:checking '/home/lgq/go2_ws_toolbox/install/go2_navigation2' for CMake config files
[0.424s] Level 1:colcon.colcon_core.shell:create_environment_hook('go2_navigation2', 'cmake_prefix_path')
[0.424s] INFO:colcon.colcon_core.shell:Creating environment hook '/home/lgq/go2_ws_toolbox/install/go2_navigation2/share/go2_navigation2/hook/cmake_prefix_path.ps1'
[0.424s] INFO:colcon.colcon_core.shell:Creating environment descriptor '/home/lgq/go2_ws_toolbox/install/go2_navigation2/share/go2_navigation2/hook/cmake_prefix_path.dsv'
[0.425s] INFO:colcon.colcon_core.shell:Creating environment hook '/home/lgq/go2_ws_toolbox/install/go2_navigation2/share/go2_navigation2/hook/cmake_prefix_path.sh'
[0.425s] Level 1:colcon.colcon_core.environment:checking '/home/lgq/go2_ws_toolbox/install/go2_navigation2/lib'
[0.425s] Level 1:colcon.colcon_core.environment:checking '/home/lgq/go2_ws_toolbox/install/go2_navigation2/bin'
[0.425s] Level 1:colcon.colcon_core.environment:checking '/home/lgq/go2_ws_toolbox/install/go2_navigation2/lib/pkgconfig/go2_navigation2.pc'
[0.425s] Level 1:colcon.colcon_core.environment:checking '/home/lgq/go2_ws_toolbox/install/go2_navigation2/lib/python3.10/site-packages'
[0.425s] Level 1:colcon.colcon_core.environment:checking '/home/lgq/go2_ws_toolbox/install/go2_navigation2/bin'
[0.425s] INFO:colcon.colcon_core.shell:Creating package script '/home/lgq/go2_ws_toolbox/install/go2_navigation2/share/go2_navigation2/package.ps1'
[0.426s] INFO:colcon.colcon_core.shell:Creating package descriptor '/home/lgq/go2_ws_toolbox/install/go2_navigation2/share/go2_navigation2/package.dsv'
[0.426s] INFO:colcon.colcon_core.shell:Creating package script '/home/lgq/go2_ws_toolbox/install/go2_navigation2/share/go2_navigation2/package.sh'
[0.426s] INFO:colcon.colcon_core.shell:Creating package script '/home/lgq/go2_ws_toolbox/install/go2_navigation2/share/go2_navigation2/package.bash'
[0.426s] INFO:colcon.colcon_core.shell:Creating package script '/home/lgq/go2_ws_toolbox/install/go2_navigation2/share/go2_navigation2/package.zsh'
[0.426s] Level 1:colcon.colcon_core.environment:create_file_with_runtime_dependencies(/home/lgq/go2_ws_toolbox/install/go2_navigation2/share/colcon-core/packages/go2_navigation2)
[0.427s] Level 1:colcon.colcon_core.environment:create_environment_scripts_only(go2_navigation2)
[0.427s] Level 1:colcon.colcon_core.environment:checking '/home/lgq/go2_ws_toolbox/install/go2_navigation2' for CMake module files
[0.427s] Level 1:colcon.colcon_core.environment:checking '/home/lgq/go2_ws_toolbox/install/go2_navigation2' for CMake config files
[0.427s] Level 1:colcon.colcon_core.shell:create_environment_hook('go2_navigation2', 'cmake_prefix_path')
[0.427s] INFO:colcon.colcon_core.shell:Creating environment hook '/home/lgq/go2_ws_toolbox/install/go2_navigation2/share/go2_navigation2/hook/cmake_prefix_path.ps1'
[0.427s] INFO:colcon.colcon_core.shell:Creating environment descriptor '/home/lgq/go2_ws_toolbox/install/go2_navigation2/share/go2_navigation2/hook/cmake_prefix_path.dsv'
[0.428s] INFO:colcon.colcon_core.shell:Creating environment hook '/home/lgq/go2_ws_toolbox/install/go2_navigation2/share/go2_navigation2/hook/cmake_prefix_path.sh'
[0.428s] Level 1:colcon.colcon_core.environment:checking '/home/lgq/go2_ws_toolbox/install/go2_navigation2/lib'
[0.428s] Level 1:colcon.colcon_core.environment:checking '/home/lgq/go2_ws_toolbox/install/go2_navigation2/bin'
[0.428s] Level 1:colcon.colcon_core.environment:checking '/home/lgq/go2_ws_toolbox/install/go2_navigation2/lib/pkgconfig/go2_navigation2.pc'
[0.428s] Level 1:colcon.colcon_core.environment:checking '/home/lgq/go2_ws_toolbox/install/go2_navigation2/lib/python3.10/site-packages'
[0.428s] Level 1:colcon.colcon_core.environment:checking '/home/lgq/go2_ws_toolbox/install/go2_navigation2/bin'
[0.428s] INFO:colcon.colcon_core.shell:Creating package script '/home/lgq/go2_ws_toolbox/install/go2_navigation2/share/go2_navigation2/package.ps1'
[0.429s] INFO:colcon.colcon_core.shell:Creating package descriptor '/home/lgq/go2_ws_toolbox/install/go2_navigation2/share/go2_navigation2/package.dsv'
[0.429s] INFO:colcon.colcon_core.shell:Creating package script '/home/lgq/go2_ws_toolbox/install/go2_navigation2/share/go2_navigation2/package.sh'
[0.429s] INFO:colcon.colcon_core.shell:Creating package script '/home/lgq/go2_ws_toolbox/install/go2_navigation2/share/go2_navigation2/package.bash'
[0.429s] INFO:colcon.colcon_core.shell:Creating package script '/home/lgq/go2_ws_toolbox/install/go2_navigation2/share/go2_navigation2/package.zsh'
[0.429s] Level 1:colcon.colcon_core.environment:create_file_with_runtime_dependencies(/home/lgq/go2_ws_toolbox/install/go2_navigation2/share/colcon-core/packages/go2_navigation2)
[0.430s] Level 1:colcon.colcon_core.environment:create_environment_scripts_only(go2_perception)
[0.430s] Level 1:colcon.colcon_core.environment:checking '/home/lgq/go2_ws_toolbox/install/go2_perception' for CMake module files
[0.430s] DEBUG:colcon.colcon_core.event_handler.log_command:Invoked command in '/home/lgq/go2_ws_toolbox/build/go2_perception' returned '0': CMAKE_PREFIX_PATH=${CMAKE_PREFIX_PATH}:/opt/ros/humble /usr/bin/cmake --install /home/lgq/go2_ws_toolbox/build/go2_perception
[0.430s] Level 1:colcon.colcon_core.environment:checking '/home/lgq/go2_ws_toolbox/install/go2_perception' for CMake config files
[0.430s] Level 1:colcon.colcon_core.shell:create_environment_hook('go2_perception', 'cmake_prefix_path')
[0.431s] INFO:colcon.colcon_core.shell:Creating environment hook '/home/lgq/go2_ws_toolbox/install/go2_perception/share/go2_perception/hook/cmake_prefix_path.ps1'
[0.431s] INFO:colcon.colcon_core.shell:Creating environment descriptor '/home/lgq/go2_ws_toolbox/install/go2_perception/share/go2_perception/hook/cmake_prefix_path.dsv'
[0.431s] INFO:colcon.colcon_core.shell:Creating environment hook '/home/lgq/go2_ws_toolbox/install/go2_perception/share/go2_perception/hook/cmake_prefix_path.sh'
[0.431s] Level 1:colcon.colcon_core.environment:checking '/home/lgq/go2_ws_toolbox/install/go2_perception/lib'
[0.431s] Level 1:colcon.colcon_core.shell:create_environment_hook('go2_perception', 'ld_library_path_lib')
[0.431s] INFO:colcon.colcon_core.shell:Creating environment hook '/home/lgq/go2_ws_toolbox/install/go2_perception/share/go2_perception/hook/ld_library_path_lib.ps1'
[0.432s] INFO:colcon.colcon_core.shell:Creating environment descriptor '/home/lgq/go2_ws_toolbox/install/go2_perception/share/go2_perception/hook/ld_library_path_lib.dsv'
[0.432s] INFO:colcon.colcon_core.shell:Creating environment hook '/home/lgq/go2_ws_toolbox/install/go2_perception/share/go2_perception/hook/ld_library_path_lib.sh'
[0.432s] Level 1:colcon.colcon_core.environment:checking '/home/lgq/go2_ws_toolbox/install/go2_perception/bin'
[0.432s] Level 1:colcon.colcon_core.environment:checking '/home/lgq/go2_ws_toolbox/install/go2_perception/lib/pkgconfig/go2_perception.pc'
[0.432s] Level 1:colcon.colcon_core.environment:checking '/home/lgq/go2_ws_toolbox/install/go2_perception/lib/python3.10/site-packages'
[0.432s] Level 1:colcon.colcon_core.environment:checking '/home/lgq/go2_ws_toolbox/install/go2_perception/bin'
[0.432s] INFO:colcon.colcon_core.shell:Creating package script '/home/lgq/go2_ws_toolbox/install/go2_perception/share/go2_perception/package.ps1'
[0.433s] INFO:colcon.colcon_core.shell:Creating package descriptor '/home/lgq/go2_ws_toolbox/install/go2_perception/share/go2_perception/package.dsv'
[0.433s] INFO:colcon.colcon_core.shell:Creating package script '/home/lgq/go2_ws_toolbox/install/go2_perception/share/go2_perception/package.sh'
[0.433s] INFO:colcon.colcon_core.shell:Creating package script '/home/lgq/go2_ws_toolbox/install/go2_perception/share/go2_perception/package.bash'
[0.433s] INFO:colcon.colcon_core.shell:Creating package script '/home/lgq/go2_ws_toolbox/install/go2_perception/share/go2_perception/package.zsh'
[0.433s] Level 1:colcon.colcon_core.environment:create_file_with_runtime_dependencies(/home/lgq/go2_ws_toolbox/install/go2_perception/share/colcon-core/packages/go2_perception)
[0.434s] Level 1:colcon.colcon_core.environment:create_environment_scripts_only(go2_perception)
[0.434s] Level 1:colcon.colcon_core.environment:checking '/home/lgq/go2_ws_toolbox/install/go2_perception' for CMake module files
[0.434s] Level 1:colcon.colcon_core.environment:checking '/home/lgq/go2_ws_toolbox/install/go2_perception' for CMake config files
[0.434s] Level 1:colcon.colcon_core.shell:create_environment_hook('go2_perception', 'cmake_prefix_path')
[0.434s] INFO:colcon.colcon_core.shell:Creating environment hook '/home/lgq/go2_ws_toolbox/install/go2_perception/share/go2_perception/hook/cmake_prefix_path.ps1'
[0.435s] INFO:colcon.colcon_core.shell:Creating environment descriptor '/home/lgq/go2_ws_toolbox/install/go2_perception/share/go2_perception/hook/cmake_prefix_path.dsv'
[0.435s] INFO:colcon.colcon_core.shell:Creating environment hook '/home/lgq/go2_ws_toolbox/install/go2_perception/share/go2_perception/hook/cmake_prefix_path.sh'
[0.435s] Level 1:colcon.colcon_core.environment:checking '/home/lgq/go2_ws_toolbox/install/go2_perception/lib'
[0.435s] Level 1:colcon.colcon_core.shell:create_environment_hook('go2_perception', 'ld_library_path_lib')
[0.435s] INFO:colcon.colcon_core.shell:Creating environment hook '/home/lgq/go2_ws_toolbox/install/go2_perception/share/go2_perception/hook/ld_library_path_lib.ps1'
[0.435s] INFO:colcon.colcon_core.shell:Creating environment descriptor '/home/lgq/go2_ws_toolbox/install/go2_perception/share/go2_perception/hook/ld_library_path_lib.dsv'
[0.436s] INFO:colcon.colcon_core.shell:Creating environment hook '/home/lgq/go2_ws_toolbox/install/go2_perception/share/go2_perception/hook/ld_library_path_lib.sh'
[0.436s] Level 1:colcon.colcon_core.environment:checking '/home/lgq/go2_ws_toolbox/install/go2_perception/bin'
[0.436s] Level 1:colcon.colcon_core.environment:checking '/home/lgq/go2_ws_toolbox/install/go2_perception/lib/pkgconfig/go2_perception.pc'
[0.436s] Level 1:colcon.colcon_core.environment:checking '/home/lgq/go2_ws_toolbox/install/go2_perception/lib/python3.10/site-packages'
[0.436s] Level 1:colcon.colcon_core.environment:checking '/home/lgq/go2_ws_toolbox/install/go2_perception/bin'
[0.436s] INFO:colcon.colcon_core.shell:Creating package script '/home/lgq/go2_ws_toolbox/install/go2_perception/share/go2_perception/package.ps1'
[0.436s] INFO:colcon.colcon_core.shell:Creating package descriptor '/home/lgq/go2_ws_toolbox/install/go2_perception/share/go2_perception/package.dsv'
[0.437s] INFO:colcon.colcon_core.shell:Creating package script '/home/lgq/go2_ws_toolbox/install/go2_perception/share/go2_perception/package.sh'
[0.437s] INFO:colcon.colcon_core.shell:Creating package script '/home/lgq/go2_ws_toolbox/install/go2_perception/share/go2_perception/package.bash'
[0.437s] INFO:colcon.colcon_core.shell:Creating package script '/home/lgq/go2_ws_toolbox/install/go2_perception/share/go2_perception/package.zsh'
[0.437s] Level 1:colcon.colcon_core.environment:create_file_with_runtime_dependencies(/home/lgq/go2_ws_toolbox/install/go2_perception/share/colcon-core/packages/go2_perception)
[0.438s] Level 1:colcon.colcon_core.environment:create_environment_scripts_only(go2_driver)
[0.438s] Level 1:colcon.colcon_core.environment:checking '/home/lgq/go2_ws_toolbox/install/go2_driver' for CMake module files
[0.438s] DEBUG:colcon.colcon_core.event_handler.log_command:Invoked command in '/home/lgq/go2_ws_toolbox/build/go2_driver' returned '0': CMAKE_PREFIX_PATH=${CMAKE_PREFIX_PATH}:/opt/ros/humble /usr/bin/cmake --install /home/lgq/go2_ws_toolbox/build/go2_driver
[0.438s] Level 1:colcon.colcon_core.environment:checking '/home/lgq/go2_ws_toolbox/install/go2_driver' for CMake config files
[0.438s] Level 1:colcon.colcon_core.shell:create_environment_hook('go2_driver', 'cmake_prefix_path')
[0.439s] INFO:colcon.colcon_core.shell:Creating environment hook '/home/lgq/go2_ws_toolbox/install/go2_driver/share/go2_driver/hook/cmake_prefix_path.ps1'
[0.439s] INFO:colcon.colcon_core.shell:Creating environment descriptor '/home/lgq/go2_ws_toolbox/install/go2_driver/share/go2_driver/hook/cmake_prefix_path.dsv'
[0.439s] INFO:colcon.colcon_core.shell:Creating environment hook '/home/lgq/go2_ws_toolbox/install/go2_driver/share/go2_driver/hook/cmake_prefix_path.sh'
[0.439s] Level 1:colcon.colcon_core.environment:checking '/home/lgq/go2_ws_toolbox/install/go2_driver/lib'
[0.439s] Level 1:colcon.colcon_core.environment:checking '/home/lgq/go2_ws_toolbox/install/go2_driver/bin'
[0.439s] Level 1:colcon.colcon_core.environment:checking '/home/lgq/go2_ws_toolbox/install/go2_driver/lib/pkgconfig/go2_driver.pc'
[0.439s] Level 1:colcon.colcon_core.environment:checking '/home/lgq/go2_ws_toolbox/install/go2_driver/lib/python3.10/site-packages'
[0.439s] Level 1:colcon.colcon_core.environment:checking '/home/lgq/go2_ws_toolbox/install/go2_driver/bin'
[0.440s] INFO:colcon.colcon_core.shell:Creating package script '/home/lgq/go2_ws_toolbox/install/go2_driver/share/go2_driver/package.ps1'
[0.440s] INFO:colcon.colcon_core.shell:Creating package descriptor '/home/lgq/go2_ws_toolbox/install/go2_driver/share/go2_driver/package.dsv'
[0.440s] INFO:colcon.colcon_core.shell:Creating package script '/home/lgq/go2_ws_toolbox/install/go2_driver/share/go2_driver/package.sh'
[0.440s] INFO:colcon.colcon_core.shell:Creating package script '/home/lgq/go2_ws_toolbox/install/go2_driver/share/go2_driver/package.bash'
[0.440s] INFO:colcon.colcon_core.shell:Creating package script '/home/lgq/go2_ws_toolbox/install/go2_driver/share/go2_driver/package.zsh'
[0.440s] Level 1:colcon.colcon_core.environment:create_file_with_runtime_dependencies(/home/lgq/go2_ws_toolbox/install/go2_driver/share/colcon-core/packages/go2_driver)
[0.441s] Level 1:colcon.colcon_core.environment:create_environment_scripts_only(go2_driver)
[0.441s] Level 1:colcon.colcon_core.environment:checking '/home/lgq/go2_ws_toolbox/install/go2_driver' for CMake module files
[0.441s] Level 1:colcon.colcon_core.environment:checking '/home/lgq/go2_ws_toolbox/install/go2_driver' for CMake config files
[0.441s] Level 1:colcon.colcon_core.shell:create_environment_hook('go2_driver', 'cmake_prefix_path')
[0.441s] INFO:colcon.colcon_core.shell:Creating environment hook '/home/lgq/go2_ws_toolbox/install/go2_driver/share/go2_driver/hook/cmake_prefix_path.ps1'
[0.441s] INFO:colcon.colcon_core.shell:Creating environment descriptor '/home/lgq/go2_ws_toolbox/install/go2_driver/share/go2_driver/hook/cmake_prefix_path.dsv'
[0.442s] INFO:colcon.colcon_core.shell:Creating environment hook '/home/lgq/go2_ws_toolbox/install/go2_driver/share/go2_driver/hook/cmake_prefix_path.sh'
[0.442s] Level 1:colcon.colcon_core.environment:checking '/home/lgq/go2_ws_toolbox/install/go2_driver/lib'
[0.442s] Level 1:colcon.colcon_core.environment:checking '/home/lgq/go2_ws_toolbox/install/go2_driver/bin'
[0.442s] Level 1:colcon.colcon_core.environment:checking '/home/lgq/go2_ws_toolbox/install/go2_driver/lib/pkgconfig/go2_driver.pc'
[0.442s] Level 1:colcon.colcon_core.environment:checking '/home/lgq/go2_ws_toolbox/install/go2_driver/lib/python3.10/site-packages'
[0.442s] Level 1:colcon.colcon_core.environment:checking '/home/lgq/go2_ws_toolbox/install/go2_driver/bin'
[0.443s] INFO:colcon.colcon_core.shell:Creating package script '/home/lgq/go2_ws_toolbox/install/go2_driver/share/go2_driver/package.ps1'
[0.443s] INFO:colcon.colcon_core.shell:Creating package descriptor '/home/lgq/go2_ws_toolbox/install/go2_driver/share/go2_driver/package.dsv'
[0.443s] INFO:colcon.colcon_core.shell:Creating package script '/home/lgq/go2_ws_toolbox/install/go2_driver/share/go2_driver/package.sh'
[0.443s] INFO:colcon.colcon_core.shell:Creating package script '/home/lgq/go2_ws_toolbox/install/go2_driver/share/go2_driver/package.bash'
[0.443s] INFO:colcon.colcon_core.shell:Creating package script '/home/lgq/go2_ws_toolbox/install/go2_driver/share/go2_driver/package.zsh'
[0.444s] Level 1:colcon.colcon_core.environment:create_file_with_runtime_dependencies(/home/lgq/go2_ws_toolbox/install/go2_driver/share/colcon-core/packages/go2_driver)
[0.444s] DEBUG:colcon.colcon_parallel_executor.executor.parallel:closing loop
[0.444s] DEBUG:colcon.colcon_parallel_executor.executor.parallel:loop closed
[0.444s] DEBUG:colcon.colcon_parallel_executor.executor.parallel:run_until_complete finished with '0'
[0.444s] DEBUG:colcon.colcon_core.event_reactor:joining thread
[0.448s] INFO:colcon.colcon_core.plugin_system:Skipping extension 'colcon_notification.desktop_notification.terminal_notifier': Not used on non-Darwin systems
[0.448s] INFO:colcon.colcon_core.plugin_system:Skipping extension 'colcon_notification.desktop_notification.win32': Not used on non-Windows systems
[0.448s] INFO:colcon.colcon_notification.desktop_notification:Sending desktop notification using 'notify2'
[0.455s] DEBUG:colcon.colcon_core.event_reactor:joined thread
[0.456s] INFO:colcon.colcon_core.shell:Creating prefix script '/home/lgq/go2_ws_toolbox/install/local_setup.ps1'
[0.456s] INFO:colcon.colcon_core.shell:Creating prefix util module '/home/lgq/go2_ws_toolbox/install/_local_setup_util_ps1.py'
[0.457s] INFO:colcon.colcon_core.shell:Creating prefix chain script '/home/lgq/go2_ws_toolbox/install/setup.ps1'
[0.458s] INFO:colcon.colcon_core.shell:Creating prefix script '/home/lgq/go2_ws_toolbox/install/local_setup.sh'
[0.458s] INFO:colcon.colcon_core.shell:Creating prefix util module '/home/lgq/go2_ws_toolbox/install/_local_setup_util_sh.py'
[0.458s] INFO:colcon.colcon_core.shell:Creating prefix chain script '/home/lgq/go2_ws_toolbox/install/setup.sh'
[0.459s] INFO:colcon.colcon_core.shell:Creating prefix script '/home/lgq/go2_ws_toolbox/install/local_setup.bash'
[0.459s] INFO:colcon.colcon_core.shell:Creating prefix chain script '/home/lgq/go2_ws_toolbox/install/setup.bash'
[0.460s] INFO:colcon.colcon_core.shell:Creating prefix script '/home/lgq/go2_ws_toolbox/install/local_setup.zsh'
[0.460s] INFO:colcon.colcon_core.shell:Creating prefix chain script '/home/lgq/go2_ws_toolbox/install/setup.zsh'
