[0.032s] Invoking command in '/home/lgq/go2_ws_toolbox/build/go2_twist_bridge': CMAKE_PREFIX_PATH=${CMAKE_PREFIX_PATH}:/opt/ros/humble /usr/bin/cmake /home/lgq/go2_ws_toolbox/src/unitree-go2-slam-toolbox/src/base/go2_twist_bridge -DAMENT_CMAKE_SYMLINK_INSTALL=1 -DCMAKE_INSTALL_PREFIX=/home/lgq/go2_ws_toolbox/install/go2_twist_bridge
[0.046s] -- Found ament_cmake: 1.3.12 (/opt/ros/humble/share/ament_cmake/cmake)
[0.158s] -- Override CMake install command with custom implementation using symlinks instead of copying resources
[0.164s] -- Found rclcpp: 16.0.16 (/opt/ros/humble/share/rclcpp/cmake)
[0.185s] -- Found rosidl_generator_c: 3.1.7 (/opt/ros/humble/share/rosidl_generator_c/cmake)
[0.187s] -- Found rosidl_adapter: 3.1.7 (/opt/ros/humble/share/rosidl_adapter/cmake)
[0.191s] -- Found rosidl_generator_cpp: 3.1.7 (/opt/ros/humble/share/rosidl_generator_cpp/cmake)
[0.196s] -- Using all available rosidl_typesupport_c: rosidl_typesupport_fastrtps_c;rosidl_typesupport_introspection_c
[0.204s] -- Using all available rosidl_typesupport_cpp: rosidl_typesupport_fastrtps_cpp;rosidl_typesupport_introspection_cpp
[0.224s] -- Found rmw_implementation_cmake: 6.1.2 (/opt/ros/humble/share/rmw_implementation_cmake/cmake)
[0.225s] -- Found rmw_cyclonedds_cpp: 1.3.4 (/home/lgq/unitree_ros2/cyclonedds_ws/install/rmw_cyclonedds_cpp/share/rmw_cyclonedds_cpp/cmake)
[0.233s] -- Using RMW implementation 'rmw_cyclonedds_cpp' as default
[0.263s] -- Found geometry_msgs: 4.9.0 (/opt/ros/humble/share/geometry_msgs/cmake)
[0.272s] -- Found unitree_api: 0.0.0 (/home/lgq/unitree_ros2/cyclonedds_ws/install/unitree_api/share/unitree_api/cmake)
[0.287s] -- Found ament_lint_auto: 0.12.14 (/opt/ros/humble/share/ament_lint_auto/cmake)
[0.339s] -- Added test 'cppcheck' to perform static code analysis on C / C++ code
[0.339s] -- Configured cppcheck include dirs: $<BUILD_INTERFACE:/home/lgq/go2_ws_toolbox/src/unitree-go2-slam-toolbox/src/base/go2_twist_bridge/include>
[0.339s] -- Configured cppcheck exclude dirs and/or files: 
[0.339s] -- Added test 'lint_cmake' to check CMake code style
[0.340s] -- Added test 'uncrustify' to check C / C++ code style
[0.340s] -- Configured uncrustify additional arguments: 
[0.340s] -- Added test 'xmllint' to check XML markup files
[0.341s] -- Configuring done
[0.352s] -- Generating done
[0.355s] -- Build files have been written to: /home/lgq/go2_ws_toolbox/build/go2_twist_bridge
[0.360s] Invoked command in '/home/lgq/go2_ws_toolbox/build/go2_twist_bridge' returned '0': CMAKE_PREFIX_PATH=${CMAKE_PREFIX_PATH}:/opt/ros/humble /usr/bin/cmake /home/lgq/go2_ws_toolbox/src/unitree-go2-slam-toolbox/src/base/go2_twist_bridge -DAMENT_CMAKE_SYMLINK_INSTALL=1 -DCMAKE_INSTALL_PREFIX=/home/lgq/go2_ws_toolbox/install/go2_twist_bridge
[0.361s] Invoking command in '/home/lgq/go2_ws_toolbox/build/go2_twist_bridge': CMAKE_PREFIX_PATH=${CMAKE_PREFIX_PATH}:/opt/ros/humble /usr/bin/cmake --build /home/lgq/go2_ws_toolbox/build/go2_twist_bridge -- -j20 -l20
[0.386s] [35m[1mConsolidate compiler generated dependencies of target twist_bridge[0m
[0.401s] [ 50%] [32m[1mLinking CXX executable twist_bridge[0m
[1.066s] [100%] Built target twist_bridge
[1.076s] Invoked command in '/home/lgq/go2_ws_toolbox/build/go2_twist_bridge' returned '0': CMAKE_PREFIX_PATH=${CMAKE_PREFIX_PATH}:/opt/ros/humble /usr/bin/cmake --build /home/lgq/go2_ws_toolbox/build/go2_twist_bridge -- -j20 -l20
[1.077s] Invoking command in '/home/lgq/go2_ws_toolbox/build/go2_twist_bridge': CMAKE_PREFIX_PATH=${CMAKE_PREFIX_PATH}:/opt/ros/humble /usr/bin/cmake --install /home/lgq/go2_ws_toolbox/build/go2_twist_bridge
[1.084s] -- Install configuration: ""
[1.084s] -- Execute custom install script
[1.084s] -- Symlinking: /home/lgq/go2_ws_toolbox/install/go2_twist_bridge/lib/go2_twist_bridge/twist_bridge
[1.094s] -- Symlinking: /home/lgq/go2_ws_toolbox/install/go2_twist_bridge/share/ament_index/resource_index/package_run_dependencies/go2_twist_bridge
[1.100s] -- Symlinking: /home/lgq/go2_ws_toolbox/install/go2_twist_bridge/share/ament_index/resource_index/parent_prefix_path/go2_twist_bridge
[1.108s] -- Symlinking: /home/lgq/go2_ws_toolbox/install/go2_twist_bridge/share/go2_twist_bridge/environment/ament_prefix_path.sh
[1.115s] -- Symlinking: /home/lgq/go2_ws_toolbox/install/go2_twist_bridge/share/go2_twist_bridge/environment/ament_prefix_path.dsv
[1.121s] -- Symlinking: /home/lgq/go2_ws_toolbox/install/go2_twist_bridge/share/go2_twist_bridge/environment/path.sh
[1.128s] -- Symlinking: /home/lgq/go2_ws_toolbox/install/go2_twist_bridge/share/go2_twist_bridge/environment/path.dsv
[1.136s] -- Symlinking: /home/lgq/go2_ws_toolbox/install/go2_twist_bridge/share/go2_twist_bridge/local_setup.bash
[1.143s] -- Symlinking: /home/lgq/go2_ws_toolbox/install/go2_twist_bridge/share/go2_twist_bridge/local_setup.sh
[1.150s] -- Symlinking: /home/lgq/go2_ws_toolbox/install/go2_twist_bridge/share/go2_twist_bridge/local_setup.zsh
[1.157s] -- Symlinking: /home/lgq/go2_ws_toolbox/install/go2_twist_bridge/share/go2_twist_bridge/local_setup.dsv
[1.164s] -- Symlinking: /home/lgq/go2_ws_toolbox/install/go2_twist_bridge/share/go2_twist_bridge/package.dsv
[1.169s] -- Symlinking: /home/lgq/go2_ws_toolbox/install/go2_twist_bridge/share/ament_index/resource_index/packages/go2_twist_bridge
[1.174s] -- Symlinking: /home/lgq/go2_ws_toolbox/install/go2_twist_bridge/share/go2_twist_bridge/cmake/go2_twist_bridgeConfig.cmake
[1.179s] -- Symlinking: /home/lgq/go2_ws_toolbox/install/go2_twist_bridge/share/go2_twist_bridge/cmake/go2_twist_bridgeConfig-version.cmake
[1.186s] -- Symlinking: /home/lgq/go2_ws_toolbox/install/go2_twist_bridge/share/go2_twist_bridge/package.xml
[1.194s] Invoked command in '/home/lgq/go2_ws_toolbox/build/go2_twist_bridge' returned '0': CMAKE_PREFIX_PATH=${CMAKE_PREFIX_PATH}:/opt/ros/humble /usr/bin/cmake --install /home/lgq/go2_ws_toolbox/build/go2_twist_bridge
